-- Found ament_cmake: 2.5.4 (/opt/ros/jazzy/share/ament_cmake/cmake)
-- Found rclcpp: 28.1.9 (/opt/ros/jazzy/share/rclcpp/cmake)
-- Found rosidl_generator_c: 4.6.5 (/opt/ros/jazzy/share/rosidl_generator_c/cmake)
-- Found rosidl_generator_cpp: 4.6.5 (/opt/ros/jazzy/share/rosidl_generator_cpp/cmake)
-- Using all available rosidl_typesupport_c: rosidl_typesupport_fastrtps_c;rosidl_typesupport_introspection_c
-- Using all available rosidl_typesupport_cpp: rosidl_typesupport_fastrtps_cpp;rosidl_typesupport_introspection_cpp
-- Found rmw_implementation_cmake: 7.3.2 (/opt/ros/jazzy/share/rmw_implementation_cmake/cmake)
-- Found rmw_fastrtps_cpp: 8.4.2 (/opt/ros/jazzy/share/rmw_fastrtps_cpp/cmake)
-- Using RMW implementation 'rmw_fastrtps_cpp' as default
-- Found moveit_ros_planning_interface: 2.12.3 (/opt/ros/jazzy/share/moveit_ros_planning_interface/cmake)
-- Found Boost: /usr/lib/x86_64-linux-gnu/cmake/Boost-1.83.0/BoostConfig.cmake (found version "1.83.0") found components: date_time filesystem program_options system thread 
-- Found Boost: /usr/lib/x86_64-linux-gnu/cmake/Boost-1.83.0/BoostConfig.cmake (found version "1.83.0") found components: chrono date_time filesystem iostreams program_options regex serialization system thread 
-- Found parameter_traits: 0.4.0 (/opt/ros/jazzy/share/parameter_traits/cmake)
-- Found rclcpp_lifecycle: 28.1.9 (/opt/ros/jazzy/share/rclcpp_lifecycle/cmake)
-- Found Boost: /usr/lib/x86_64-linux-gnu/cmake/Boost-1.83.0/BoostConfig.cmake (found version "1.83.0") found components: filesystem 
-- Ensuring Eigen3 include directory is part of orocos-kdl CMake target
-- Found Boost: /usr/lib/x86_64-linux-gnu/cmake/Boost-1.83.0/BoostConfig.cmake (found version "1.83.0") found components: system filesystem date_time program_options thread chrono 
-- Found Boost: /usr/lib/x86_64-linux-gnu/cmake/Boost-1.83.0/BoostConfig.cmake (found version "1.83.0") found components: thread system filesystem regex date_time program_options 
-- Found Boost: /usr/lib/x86_64-linux-gnu/cmake/Boost-1.83.0/BoostConfig.cmake (found version "1.83.0") found components: system filesystem date_time program_options thread 
-- Found interactive_markers: 2.5.4 (/opt/ros/jazzy/share/interactive_markers/cmake)
-- Configuring done (1.3s)
-- Generating done (0.0s)
-- Build files have been written to: /home/nicola/Desktop/Progetto_Sapore/build/iiwa_config_moveit_config
[ 50%] [32mBuilding CXX object CMakeFiles/interactive_marker.dir/src/interactive_marker.cpp.o[0m
[100%] [32m[1mLinking CXX executable interactive_marker[0m
[100%] Built target interactive_marker
-- Install configuration: ""
-- Installing: /home/nicola/Desktop/Progetto_Sapore/install/iiwa_config_moveit_config/lib/iiwa_config_moveit_config/interactive_marker
-- Set non-toolchain portion of runtime path of "/home/nicola/Desktop/Progetto_Sapore/install/iiwa_config_moveit_config/lib/iiwa_config_moveit_config/interactive_marker" to ""
-- Up-to-date: /home/nicola/Desktop/Progetto_Sapore/install/iiwa_config_moveit_config/share/ament_index/resource_index/package_run_dependencies/iiwa_config_moveit_config
-- Installing: /home/nicola/Desktop/Progetto_Sapore/install/iiwa_config_moveit_config/share/ament_index/resource_index/parent_prefix_path/iiwa_config_moveit_config
-- Up-to-date: /home/nicola/Desktop/Progetto_Sapore/install/iiwa_config_moveit_config/share/iiwa_config_moveit_config/environment/ament_prefix_path.sh
-- Up-to-date: /home/nicola/Desktop/Progetto_Sapore/install/iiwa_config_moveit_config/share/iiwa_config_moveit_config/environment/ament_prefix_path.dsv
-- Up-to-date: /home/nicola/Desktop/Progetto_Sapore/install/iiwa_config_moveit_config/share/iiwa_config_moveit_config/environment/path.sh
-- Up-to-date: /home/nicola/Desktop/Progetto_Sapore/install/iiwa_config_moveit_config/share/iiwa_config_moveit_config/environment/path.dsv
-- Up-to-date: /home/nicola/Desktop/Progetto_Sapore/install/iiwa_config_moveit_config/share/iiwa_config_moveit_config/local_setup.bash
-- Up-to-date: /home/nicola/Desktop/Progetto_Sapore/install/iiwa_config_moveit_config/share/iiwa_config_moveit_config/local_setup.sh
-- Up-to-date: /home/nicola/Desktop/Progetto_Sapore/install/iiwa_config_moveit_config/share/iiwa_config_moveit_config/local_setup.zsh
-- Up-to-date: /home/nicola/Desktop/Progetto_Sapore/install/iiwa_config_moveit_config/share/iiwa_config_moveit_config/local_setup.dsv
-- Installing: /home/nicola/Desktop/Progetto_Sapore/install/iiwa_config_moveit_config/share/iiwa_config_moveit_config/package.dsv
-- Up-to-date: /home/nicola/Desktop/Progetto_Sapore/install/iiwa_config_moveit_config/share/ament_index/resource_index/packages/iiwa_config_moveit_config
-- Up-to-date: /home/nicola/Desktop/Progetto_Sapore/install/iiwa_config_moveit_config/share/iiwa_config_moveit_config/cmake/iiwa_config_moveit_configConfig.cmake
-- Up-to-date: /home/nicola/Desktop/Progetto_Sapore/install/iiwa_config_moveit_config/share/iiwa_config_moveit_config/cmake/iiwa_config_moveit_configConfig-version.cmake
-- Up-to-date: /home/nicola/Desktop/Progetto_Sapore/install/iiwa_config_moveit_config/share/iiwa_config_moveit_config/package.xml
-- Up-to-date: /home/nicola/Desktop/Progetto_Sapore/install/iiwa_config_moveit_config/share/iiwa_config_moveit_config/launch
-- Up-to-date: /home/nicola/Desktop/Progetto_Sapore/install/iiwa_config_moveit_config/share/iiwa_config_moveit_config/launch/spawn_controllers.launch.py
-- Up-to-date: /home/nicola/Desktop/Progetto_Sapore/install/iiwa_config_moveit_config/share/iiwa_config_moveit_config/launch/moveit_rviz.launch.py
-- Up-to-date: /home/nicola/Desktop/Progetto_Sapore/install/iiwa_config_moveit_config/share/iiwa_config_moveit_config/launch/rsp.launch.py
-- Up-to-date: /home/nicola/Desktop/Progetto_Sapore/install/iiwa_config_moveit_config/share/iiwa_config_moveit_config/launch/dual_iiwa.rviz
-- Up-to-date: /home/nicola/Desktop/Progetto_Sapore/install/iiwa_config_moveit_config/share/iiwa_config_moveit_config/launch/dual_iiwa_control.launch.py
-- Up-to-date: /home/nicola/Desktop/Progetto_Sapore/install/iiwa_config_moveit_config/share/iiwa_config_moveit_config/launch/warehouse_db.launch.py
-- Up-to-date: /home/nicola/Desktop/Progetto_Sapore/install/iiwa_config_moveit_config/share/iiwa_config_moveit_config/launch/static_virtual_joint_tfs.launch.py
-- Up-to-date: /home/nicola/Desktop/Progetto_Sapore/install/iiwa_config_moveit_config/share/iiwa_config_moveit_config/launch/setup_assistant.launch.py
-- Up-to-date: /home/nicola/Desktop/Progetto_Sapore/install/iiwa_config_moveit_config/share/iiwa_config_moveit_config/launch/moveit.rviz
-- Installing: /home/nicola/Desktop/Progetto_Sapore/install/iiwa_config_moveit_config/share/iiwa_config_moveit_config/launch/demo.launch.py
-- Up-to-date: /home/nicola/Desktop/Progetto_Sapore/install/iiwa_config_moveit_config/share/iiwa_config_moveit_config/launch/move_group.launch.py
-- Up-to-date: /home/nicola/Desktop/Progetto_Sapore/install/iiwa_config_moveit_config/share/iiwa_config_moveit_config/config
-- Up-to-date: /home/nicola/Desktop/Progetto_Sapore/install/iiwa_config_moveit_config/share/iiwa_config_moveit_config/config/urdf
-- Up-to-date: /home/nicola/Desktop/Progetto_Sapore/install/iiwa_config_moveit_config/share/iiwa_config_moveit_config/config/urdf/dual_iiwa_robot.ros2_control.xacro
-- Up-to-date: /home/nicola/Desktop/Progetto_Sapore/install/iiwa_config_moveit_config/share/iiwa_config_moveit_config/config/urdf/dual_iiwa_robot.urdf.xacro
-- Up-to-date: /home/nicola/Desktop/Progetto_Sapore/install/iiwa_config_moveit_config/share/iiwa_config_moveit_config/config/urdf/dual_iiwa_robot_hand.ros2_control.xacro
-- Up-to-date: /home/nicola/Desktop/Progetto_Sapore/install/iiwa_config_moveit_config/share/iiwa_config_moveit_config/config/gripper_moveit_controllers.yaml
-- Up-to-date: /home/nicola/Desktop/Progetto_Sapore/install/iiwa_config_moveit_config/share/iiwa_config_moveit_config/config/pilz_cartesian_limits copy.yaml
-- Up-to-date: /home/nicola/Desktop/Progetto_Sapore/install/iiwa_config_moveit_config/share/iiwa_config_moveit_config/config/kinematics.yaml
-- Up-to-date: /home/nicola/Desktop/Progetto_Sapore/install/iiwa_config_moveit_config/share/iiwa_config_moveit_config/config/pilz_cartesian_limits.yaml
-- Up-to-date: /home/nicola/Desktop/Progetto_Sapore/install/iiwa_config_moveit_config/share/iiwa_config_moveit_config/config/ompl_planning.yaml
-- Up-to-date: /home/nicola/Desktop/Progetto_Sapore/install/iiwa_config_moveit_config/share/iiwa_config_moveit_config/config/ros2_controllers.yaml
-- Up-to-date: /home/nicola/Desktop/Progetto_Sapore/install/iiwa_config_moveit_config/share/iiwa_config_moveit_config/config/dual_iiwa_robot.srdf
-- Up-to-date: /home/nicola/Desktop/Progetto_Sapore/install/iiwa_config_moveit_config/share/iiwa_config_moveit_config/config/joint_limits.yaml
-- Up-to-date: /home/nicola/Desktop/Progetto_Sapore/install/iiwa_config_moveit_config/share/iiwa_config_moveit_config/config/sensors_kinect_depthmap.yaml
-- Up-to-date: /home/nicola/Desktop/Progetto_Sapore/install/iiwa_config_moveit_config/share/iiwa_config_moveit_config/config/chop_planning.yaml
-- Up-to-date: /home/nicola/Desktop/Progetto_Sapore/install/iiwa_config_moveit_config/share/iiwa_config_moveit_config/config/pilz_industrial_motion_planner_planning.yaml
-- Up-to-date: /home/nicola/Desktop/Progetto_Sapore/install/iiwa_config_moveit_config/share/iiwa_config_moveit_config/config/controller_moveit.yaml
-- Up-to-date: /home/nicola/Desktop/Progetto_Sapore/install/iiwa_config_moveit_config/share/iiwa_config_moveit_config/config/trac_ik_kinematics.yaml
-- Up-to-date: /home/nicola/Desktop/Progetto_Sapore/install/iiwa_config_moveit_config/share/iiwa_config_moveit_config/config/moveit_controllers.yaml
-- Up-to-date: /home/nicola/Desktop/Progetto_Sapore/install/iiwa_config_moveit_config/share/iiwa_config_moveit_config/config/trajopt_planning.yaml
-- Up-to-date: /home/nicola/Desktop/Progetto_Sapore/install/iiwa_config_moveit_config/share/iiwa_config_moveit_config/config/sensors_kinect_pointcloud.yaml
-- Up-to-date: /home/nicola/Desktop/Progetto_Sapore/install/iiwa_config_moveit_config/share/iiwa_config_moveit_config/config/stomp_planning.yaml
-- Up-to-date: /home/nicola/Desktop/Progetto_Sapore/install/iiwa_config_moveit_config/share/iiwa_config_moveit_config/.setup_assistant
