[0.010s] Invoking command in '/home/nicola/Desktop/Progetto_Sapore/build/nodes': CMAKE_PREFIX_PATH=/home/nicola/Desktop/Progetto_Sapore/install/interfaces:/home/nicola/Desktop/Progetto_Sapore/install/nodes:/home/nicola/Desktop/Progetto_Sapore/install/iiwa_config_moveit_config:/home/nicola/Desktop/Progetto_Sapore/install/iiwa_description:/home/nicola/Desktop/Progetto_Sapore/install/build_scene_package:/opt/ros/jazzy/opt/sdformat_vendor:/opt/ros/jazzy/opt/gz_math_vendor:/opt/ros/jazzy/opt/gz_utils_vendor:/opt/ros/jazzy/opt/gz_tools_vendor:/opt/ros/jazzy/opt/gz_cmake_vendor:/opt/ros/jazzy DEBUGINFOD_URLS=https://debuginfod.ubuntu.com /usr/bin/cmake --build /home/nicola/Desktop/Progetto_Sapore/build/nodes -- -j8 -l8
[0.074s] [ 33%] Built target Raggiungibilita
[0.079s] [ 50%] [32mBuilding CXX object CMakeFiles/test_reach.dir/src/test_Reachability.cpp.o[0m
[0.083s] [ 83%] Built target Reach
[2.735s] In file included from [01m[K/home/nicola/Desktop/Progetto_Sapore/src/nodes/src/test_Reachability.cpp:5[m[K:
[2.735s] [01m[K/opt/ros/jazzy/include/moveit_ros_planning/moveit/robot_model_loader/robot_model_loader.h:50:77:[m[K [01;36m[Knote: [m[K‘[01m[K#pragma message: .h header is obsolete. Please use the .hpp header instead.[m[K’
[2.735s]    50 | #pragma message(".h header is obsolete. Please use the .hpp header instead."[01;36m[K)[m[K
[2.735s]       |                                                                             [01;36m[K^[m[K
[3.991s] In file included from [01m[K/home/nicola/Desktop/Progetto_Sapore/src/nodes/src/test_Reachability.cpp:6[m[K:
[3.991s] [01m[K/opt/ros/jazzy/include/moveit_core/moveit/robot_state/robot_state.h:51:77:[m[K [01;36m[Knote: [m[K‘[01m[K#pragma message: .h header is obsolete. Please use the .hpp header instead.[m[K’
[3.991s]    51 | #pragma message(".h header is obsolete. Please use the .hpp header instead."[01;36m[K)[m[K
[3.991s]       |                                                                             [01;36m[K^[m[K
[4.126s] In file included from [01m[K/home/nicola/Desktop/Progetto_Sapore/src/nodes/src/test_Reachability.cpp:7[m[K:
[4.126s] [01m[K/opt/ros/jazzy/include/moveit_core/moveit/planning_scene/planning_scene.h:50:77:[m[K [01;36m[Knote: [m[K‘[01m[K#pragma message: .h header is obsolete. Please use the .hpp header instead.[m[K’
[4.126s]    50 | #pragma message(".h header is obsolete. Please use the .hpp header instead."[01;36m[K)[m[K
[4.126s]       |                                                                             [01;36m[K^[m[K
[4.472s] In file included from [01m[K/home/nicola/Desktop/Progetto_Sapore/src/nodes/src/test_Reachability.cpp:8[m[K:
[4.472s] [01m[K/opt/ros/jazzy/include/moveit_core/moveit/collision_detection/collision_common.h:50:77:[m[K [01;36m[Knote: [m[K‘[01m[K#pragma message: .h header is obsolete. Please use the .hpp header instead.[m[K’
[4.472s]    50 | #pragma message(".h header is obsolete. Please use the .hpp header instead."[01;36m[K)[m[K
[4.472s]       |                                                                             [01;36m[K^[m[K
[4.473s] In file included from [01m[K/home/nicola/Desktop/Progetto_Sapore/src/nodes/src/test_Reachability.cpp:9[m[K:
[4.473s] [01m[K/opt/ros/jazzy/include/moveit_core/moveit/kinematics_base/kinematics_base.h:50:77:[m[K [01;36m[Knote: [m[K‘[01m[K#pragma message: .h header is obsolete. Please use the .hpp header instead.[m[K’
[4.473s]    50 | #pragma message(".h header is obsolete. Please use the .hpp header instead."[01;36m[K)[m[K
[4.473s]       |                                                                             [01;36m[K^[m[K
[6.651s] [100%] [32m[1mLinking CXX executable test_reach[0m
[6.976s] [100%] Built target test_reach
[6.984s] Invoked command in '/home/nicola/Desktop/Progetto_Sapore/build/nodes' returned '0': CMAKE_PREFIX_PATH=/home/nicola/Desktop/Progetto_Sapore/install/interfaces:/home/nicola/Desktop/Progetto_Sapore/install/nodes:/home/nicola/Desktop/Progetto_Sapore/install/iiwa_config_moveit_config:/home/nicola/Desktop/Progetto_Sapore/install/iiwa_description:/home/nicola/Desktop/Progetto_Sapore/install/build_scene_package:/opt/ros/jazzy/opt/sdformat_vendor:/opt/ros/jazzy/opt/gz_math_vendor:/opt/ros/jazzy/opt/gz_utils_vendor:/opt/ros/jazzy/opt/gz_tools_vendor:/opt/ros/jazzy/opt/gz_cmake_vendor:/opt/ros/jazzy DEBUGINFOD_URLS=https://debuginfod.ubuntu.com /usr/bin/cmake --build /home/nicola/Desktop/Progetto_Sapore/build/nodes -- -j8 -l8
[6.985s] Invoking command in '/home/nicola/Desktop/Progetto_Sapore/build/nodes': CMAKE_PREFIX_PATH=/home/nicola/Desktop/Progetto_Sapore/install/interfaces:/home/nicola/Desktop/Progetto_Sapore/install/nodes:/home/nicola/Desktop/Progetto_Sapore/install/iiwa_config_moveit_config:/home/nicola/Desktop/Progetto_Sapore/install/iiwa_description:/home/nicola/Desktop/Progetto_Sapore/install/build_scene_package:/opt/ros/jazzy/opt/sdformat_vendor:/opt/ros/jazzy/opt/gz_math_vendor:/opt/ros/jazzy/opt/gz_utils_vendor:/opt/ros/jazzy/opt/gz_tools_vendor:/opt/ros/jazzy/opt/gz_cmake_vendor:/opt/ros/jazzy DEBUGINFOD_URLS=https://debuginfod.ubuntu.com /usr/bin/cmake --install /home/nicola/Desktop/Progetto_Sapore/build/nodes
[6.991s] -- Install configuration: ""
[6.991s] -- Installing: /home/nicola/Desktop/Progetto_Sapore/install/nodes/lib/nodes/test_reach
[6.992s] -- Set non-toolchain portion of runtime path of "/home/nicola/Desktop/Progetto_Sapore/install/nodes/lib/nodes/test_reach" to ""
[6.992s] -- Up-to-date: /home/nicola/Desktop/Progetto_Sapore/install/nodes/lib/nodes/test_reach
[6.992s] -- Up-to-date: /home/nicola/Desktop/Progetto_Sapore/install/nodes/lib/nodes/Reach
[6.992s] -- Up-to-date: /home/nicola/Desktop/Progetto_Sapore/install/nodes/lib/nodes/Raggiungibilita
[6.992s] -- Up-to-date: /home/nicola/Desktop/Progetto_Sapore/install/nodes/share/nodes/launch
[6.992s] -- Up-to-date: /home/nicola/Desktop/Progetto_Sapore/install/nodes/share/nodes/launch/launch.py
[6.992s] -- Up-to-date: /home/nicola/Desktop/Progetto_Sapore/install/nodes/share/ament_index/resource_index/package_run_dependencies/nodes
[6.993s] -- Up-to-date: /home/nicola/Desktop/Progetto_Sapore/install/nodes/share/ament_index/resource_index/parent_prefix_path/nodes
[6.993s] -- Up-to-date: /home/nicola/Desktop/Progetto_Sapore/install/nodes/share/nodes/environment/ament_prefix_path.sh
[6.993s] -- Up-to-date: /home/nicola/Desktop/Progetto_Sapore/install/nodes/share/nodes/environment/ament_prefix_path.dsv
[6.993s] -- Up-to-date: /home/nicola/Desktop/Progetto_Sapore/install/nodes/share/nodes/environment/path.sh
[6.993s] -- Up-to-date: /home/nicola/Desktop/Progetto_Sapore/install/nodes/share/nodes/environment/path.dsv
[6.993s] -- Up-to-date: /home/nicola/Desktop/Progetto_Sapore/install/nodes/share/nodes/local_setup.bash
[6.993s] -- Up-to-date: /home/nicola/Desktop/Progetto_Sapore/install/nodes/share/nodes/local_setup.sh
[6.993s] -- Up-to-date: /home/nicola/Desktop/Progetto_Sapore/install/nodes/share/nodes/local_setup.zsh
[6.993s] -- Up-to-date: /home/nicola/Desktop/Progetto_Sapore/install/nodes/share/nodes/local_setup.dsv
[6.993s] -- Installing: /home/nicola/Desktop/Progetto_Sapore/install/nodes/share/nodes/package.dsv
[6.993s] -- Up-to-date: /home/nicola/Desktop/Progetto_Sapore/install/nodes/share/ament_index/resource_index/packages/nodes
[6.993s] -- Up-to-date: /home/nicola/Desktop/Progetto_Sapore/install/nodes/share/nodes/cmake/nodesConfig.cmake
[6.993s] -- Up-to-date: /home/nicola/Desktop/Progetto_Sapore/install/nodes/share/nodes/cmake/nodesConfig-version.cmake
[6.993s] -- Up-to-date: /home/nicola/Desktop/Progetto_Sapore/install/nodes/share/nodes/package.xml
[6.995s] Invoked command in '/home/nicola/Desktop/Progetto_Sapore/build/nodes' returned '0': CMAKE_PREFIX_PATH=/home/nicola/Desktop/Progetto_Sapore/install/interfaces:/home/nicola/Desktop/Progetto_Sapore/install/nodes:/home/nicola/Desktop/Progetto_Sapore/install/iiwa_config_moveit_config:/home/nicola/Desktop/Progetto_Sapore/install/iiwa_description:/home/nicola/Desktop/Progetto_Sapore/install/build_scene_package:/opt/ros/jazzy/opt/sdformat_vendor:/opt/ros/jazzy/opt/gz_math_vendor:/opt/ros/jazzy/opt/gz_utils_vendor:/opt/ros/jazzy/opt/gz_tools_vendor:/opt/ros/jazzy/opt/gz_cmake_vendor:/opt/ros/jazzy DEBUGINFOD_URLS=https://debuginfod.ubuntu.com /usr/bin/cmake --install /home/nicola/Desktop/Progetto_Sapore/build/nodes
