[0.011s] Invoking command in '/home/nicola/Desktop/Progetto_Sapore/build/nodes': CMAKE_PREFIX_PATH=/home/nicola/Desktop/Progetto_Sapore/install/interfaces:/home/nicola/Desktop/Progetto_Sapore/install/nodes:/home/nicola/Desktop/Progetto_Sapore/install/iiwa_config_moveit_config:/home/nicola/Desktop/Progetto_Sapore/install/iiwa_description:/home/nicola/Desktop/Progetto_Sapore/install/build_scene_package:/opt/ros/jazzy/opt/sdformat_vendor:/opt/ros/jazzy/opt/gz_math_vendor:/opt/ros/jazzy/opt/gz_utils_vendor:/opt/ros/jazzy/opt/gz_tools_vendor:/opt/ros/jazzy/opt/gz_cmake_vendor:/opt/ros/jazzy DEBUGINFOD_URLS=https://debuginfod.ubuntu.com /usr/bin/cmake --build /home/nicola/Desktop/Progetto_Sapore/build/nodes -- -j8 -l8
[0.072s] [ 20%] Built target interactive_reach
[0.082s] [ 40%] Built target Raggiungibilita
[0.091s] [ 60%] Built target test_reach
[0.092s] [ 80%] Built target Reac_marker
[0.102s] [ 90%] [32mBuilding CXX object CMakeFiles/Reach.dir/src/test_reach.cpp.o[0m
[3.089s] In file included from [01m[K/home/nicola/Desktop/Progetto_Sapore/src/nodes/src/test_reach.cpp:9[m[K:
[3.090s] [01m[K/opt/ros/jazzy/include/moveit_ros_planning/moveit/planning_scene_monitor/planning_scene_monitor.h:50:77:[m[K [01;36m[Knote: [m[K‘[01m[K#pragma message: .h header is obsolete. Please use the .hpp header instead.[m[K’
[3.090s]    50 | a message(".h header is obsolete. Please use the .hpp header instead."[01;36m[K)[m[K
[3.090s]       |                                                                       [01;36m[K^[m[K
[3.090s] 
[5.370s] In file included from [01m[K/home/nicola/Desktop/Progetto_Sapore/src/nodes/src/test_reach.cpp:10[m[K:
[5.370s] [01m[K/opt/ros/jazzy/include/moveit_core/moveit/planning_scene/planning_scene.h:50:77:[m[K [01;36m[Knote: [m[K‘[01m[K#pragma message: .h header is obsolete. Please use the .hpp header instead.[m[K’
[5.370s]    50 | a message(".h header is obsolete. Please use the .hpp header instead."[01;36m[K)[m[K
[5.371s]       |                                                                       [01;36m[K^[m[K
[5.371s] 
[5.371s] In file included from [01m[K/home/nicola/Desktop/Progetto_Sapore/src/nodes/src/test_reach.cpp:11[m[K:
[5.371s] [01m[K/opt/ros/jazzy/include/moveit_ros_planning/moveit/robot_model_loader/robot_model_loader.h:50:77:[m[K [01;36m[Knote: [m[K‘[01m[K#pragma message: .h header is obsolete. Please use the .hpp header instead.[m[K’
[5.371s]    50 | a message(".h header is obsolete. Please use the .hpp header instead."[01;36m[K)[m[K
[5.371s]       |                                                                       [01;36m[K^[m[K
[5.371s] 
[5.371s] In file included from [01m[K/home/nicola/Desktop/Progetto_Sapore/src/nodes/src/test_reach.cpp:12[m[K:
[5.371s] [01m[K/opt/ros/jazzy/include/moveit_core/moveit/robot_state/robot_state.h:51:77:[m[K [01;36m[Knote: [m[K‘[01m[K#pragma message: .h header is obsolete. Please use the .hpp header instead.[m[K’
[5.371s]    51 | a message(".h header is obsolete. Please use the .hpp header instead."[01;36m[K)[m[K
[5.371s]       |                                                                       [01;36m[K^[m[K
[5.372s] 
[5.372s] In file included from [01m[K/home/nicola/Desktop/Progetto_Sapore/src/nodes/src/test_reach.cpp:13[m[K:
[5.372s] [01m[K/opt/ros/jazzy/include/moveit_core/moveit/collision_detection/collision_common.h:50:77:[m[K [01;36m[Knote: [m[K‘[01m[K#pragma message: .h header is obsolete. Please use the .hpp header instead.[m[K’
[5.372s]    50 | a message(".h header is obsolete. Please use the .hpp header instead."[01;36m[K)[m[K
[5.372s]       |                                                                       [01;36m[K^[m[K
[5.372s] 
[5.432s] [01m[K/home/nicola/Desktop/Progetto_Sapore/src/nodes/src/test_reach.cpp:[m[K In member function ‘[01m[Kint ReachabilityIKNode::[01;32m[KtestReachability[m[K(const geometry_msgs::msg::PoseStamped&, const std::string&)[m[K’:
[5.432s] [01m[K/home/nicola/Desktop/Progetto_Sapore/src/nodes/src/test_reach.cpp:302:14:[m[K [01;35m[Kwarning: [m[Kunused variable ‘[01m[Kall_orientations_reachable[m[K’ [[01;35m[K]8;;https://gcc.gnu.org/onlinedocs/gcc/Warning-Options.html#index-Wunused-variable-Wunused-variable]8;;[m[K]
[5.432s]   302 |         bool [01;35m[Kall_orientations_reachable[m[K = true;
[5.432s]       |              [01;35m[K^~~~~~~~~~~~~~~~~~~~~~~~~~[m[K
[11.005s] [100%] [32m[1mLinking CXX executable Reach[0m
[11.466s] [100%] Built target Reach
[11.474s] Invoked command in '/home/nicola/Desktop/Progetto_Sapore/build/nodes' returned '0': CMAKE_PREFIX_PATH=/home/nicola/Desktop/Progetto_Sapore/install/interfaces:/home/nicola/Desktop/Progetto_Sapore/install/nodes:/home/nicola/Desktop/Progetto_Sapore/install/iiwa_config_moveit_config:/home/nicola/Desktop/Progetto_Sapore/install/iiwa_description:/home/nicola/Desktop/Progetto_Sapore/install/build_scene_package:/opt/ros/jazzy/opt/sdformat_vendor:/opt/ros/jazzy/opt/gz_math_vendor:/opt/ros/jazzy/opt/gz_utils_vendor:/opt/ros/jazzy/opt/gz_tools_vendor:/opt/ros/jazzy/opt/gz_cmake_vendor:/opt/ros/jazzy DEBUGINFOD_URLS=https://debuginfod.ubuntu.com /usr/bin/cmake --build /home/nicola/Desktop/Progetto_Sapore/build/nodes -- -j8 -l8
[11.482s] Invoking command in '/home/nicola/Desktop/Progetto_Sapore/build/nodes': CMAKE_PREFIX_PATH=/home/nicola/Desktop/Progetto_Sapore/install/interfaces:/home/nicola/Desktop/Progetto_Sapore/install/nodes:/home/nicola/Desktop/Progetto_Sapore/install/iiwa_config_moveit_config:/home/nicola/Desktop/Progetto_Sapore/install/iiwa_description:/home/nicola/Desktop/Progetto_Sapore/install/build_scene_package:/opt/ros/jazzy/opt/sdformat_vendor:/opt/ros/jazzy/opt/gz_math_vendor:/opt/ros/jazzy/opt/gz_utils_vendor:/opt/ros/jazzy/opt/gz_tools_vendor:/opt/ros/jazzy/opt/gz_cmake_vendor:/opt/ros/jazzy DEBUGINFOD_URLS=https://debuginfod.ubuntu.com /usr/bin/cmake --install /home/nicola/Desktop/Progetto_Sapore/build/nodes
[11.487s] -- Install configuration: ""
[11.487s] -- Up-to-date: /home/nicola/Desktop/Progetto_Sapore/install/nodes/lib/nodes/test_reach
[11.487s] -- Up-to-date: /home/nicola/Desktop/Progetto_Sapore/install/nodes/lib/nodes/test_reach
[11.488s] -- Installing: /home/nicola/Desktop/Progetto_Sapore/install/nodes/lib/nodes/Reach
[11.490s] -- Set non-toolchain portion of runtime path of "/home/nicola/Desktop/Progetto_Sapore/install/nodes/lib/nodes/Reach" to ""
[11.490s] -- Up-to-date: /home/nicola/Desktop/Progetto_Sapore/install/nodes/lib/nodes/Raggiungibilita
[11.490s] -- Up-to-date: /home/nicola/Desktop/Progetto_Sapore/install/nodes/lib/nodes/interactive_reach
[11.491s] -- Up-to-date: /home/nicola/Desktop/Progetto_Sapore/install/nodes/lib/nodes/Reac_marker
[11.491s] -- Up-to-date: /home/nicola/Desktop/Progetto_Sapore/install/nodes/share/nodes/launch
[11.491s] -- Up-to-date: /home/nicola/Desktop/Progetto_Sapore/install/nodes/share/nodes/launch/grid_points.launch.py
[11.492s] -- Up-to-date: /home/nicola/Desktop/Progetto_Sapore/install/nodes/share/nodes/launch/grid_points_second.launch.py
[11.492s] -- Up-to-date: /home/nicola/Desktop/Progetto_Sapore/install/nodes/share/nodes/launch/launch.py
[11.492s] -- Up-to-date: /home/nicola/Desktop/Progetto_Sapore/install/nodes/share/ament_index/resource_index/package_run_dependencies/nodes
[11.492s] -- Up-to-date: /home/nicola/Desktop/Progetto_Sapore/install/nodes/share/ament_index/resource_index/parent_prefix_path/nodes
[11.492s] -- Up-to-date: /home/nicola/Desktop/Progetto_Sapore/install/nodes/share/nodes/environment/ament_prefix_path.sh
[11.492s] -- Up-to-date: /home/nicola/Desktop/Progetto_Sapore/install/nodes/share/nodes/environment/ament_prefix_path.dsv
[11.493s] -- Up-to-date: /home/nicola/Desktop/Progetto_Sapore/install/nodes/share/nodes/environment/path.sh
[11.493s] -- Up-to-date: /home/nicola/Desktop/Progetto_Sapore/install/nodes/share/nodes/environment/path.dsv
[11.493s] -- Up-to-date: /home/nicola/Desktop/Progetto_Sapore/install/nodes/share/nodes/local_setup.bash
[11.493s] -- Up-to-date: /home/nicola/Desktop/Progetto_Sapore/install/nodes/share/nodes/local_setup.sh
[11.493s] -- Up-to-date: /home/nicola/Desktop/Progetto_Sapore/install/nodes/share/nodes/local_setup.zsh
[11.494s] -- Up-to-date: /home/nicola/Desktop/Progetto_Sapore/install/nodes/share/nodes/local_setup.dsv
[11.494s] -- Installing: /home/nicola/Desktop/Progetto_Sapore/install/nodes/share/nodes/package.dsv
[11.494s] -- Up-to-date: /home/nicola/Desktop/Progetto_Sapore/install/nodes/share/ament_index/resource_index/packages/nodes
[11.494s] -- Up-to-date: /home/nicola/Desktop/Progetto_Sapore/install/nodes/share/nodes/cmake/nodesConfig.cmake
[11.494s] -- Up-to-date: /home/nicola/Desktop/Progetto_Sapore/install/nodes/share/nodes/cmake/nodesConfig-version.cmake
[11.494s] -- Up-to-date: /home/nicola/Desktop/Progetto_Sapore/install/nodes/share/nodes/package.xml
[11.494s] Invoked command in '/home/nicola/Desktop/Progetto_Sapore/build/nodes' returned '0': CMAKE_PREFIX_PATH=/home/nicola/Desktop/Progetto_Sapore/install/interfaces:/home/nicola/Desktop/Progetto_Sapore/install/nodes:/home/nicola/Desktop/Progetto_Sapore/install/iiwa_config_moveit_config:/home/nicola/Desktop/Progetto_Sapore/install/iiwa_description:/home/nicola/Desktop/Progetto_Sapore/install/build_scene_package:/opt/ros/jazzy/opt/sdformat_vendor:/opt/ros/jazzy/opt/gz_math_vendor:/opt/ros/jazzy/opt/gz_utils_vendor:/opt/ros/jazzy/opt/gz_tools_vendor:/opt/ros/jazzy/opt/gz_cmake_vendor:/opt/ros/jazzy DEBUGINFOD_URLS=https://debuginfod.ubuntu.com /usr/bin/cmake --install /home/nicola/Desktop/Progetto_Sapore/build/nodes
