[0.321s] DEBUG:colcon:Command line arguments: ['/usr/bin/colcon', 'build']
[0.322s] DEBUG:colcon:Parsed command line arguments: Namespace(log_base=None, log_level=None, verb_name='build', build_base='build', install_base='install', merge_install=False, symlink_install=False, test_result_base=None, continue_on_error=False, executor='parallel', parallel_workers=8, event_handlers=None, ignore_user_meta=False, metas=['./colcon.meta'], base_paths=['.'], packages_ignore=None, packages_ignore_regex=None, paths=None, packages_up_to=None, packages_up_to_regex=None, packages_above=None, packages_above_and_dependencies=None, packages_above_depth=None, packages_select_by_dep=None, packages_skip_by_dep=None, packages_skip_up_to=None, packages_select_build_failed=False, packages_skip_build_finished=False, packages_select_test_failures=False, packages_skip_test_passed=False, packages_select=None, packages_skip=None, packages_select_regex=None, packages_skip_regex=None, packages_start=None, packages_end=None, allow_overriding=[], cmake_args=None, cmake_target=None, cmake_target_skip_unavailable=False, cmake_clean_cache=False, cmake_clean_first=False, cmake_force_configure=False, ament_cmake_args=None, catkin_cmake_args=None, catkin_skip_building_tests=False, mixin_files=None, mixin=None, verb_parser=<colcon_mixin.mixin.mixin_argument.MixinArgumentDecorator object at 0x79353b6a98b0>, verb_extension=<colcon_core.verb.build.BuildVerb object at 0x79353b6a95e0>, main=<bound method BuildVerb.main of <colcon_core.verb.build.BuildVerb object at 0x79353b6a95e0>>, mixin_verb=('build',))
[0.424s] Level 1:colcon.colcon_core.package_discovery:discover_packages(colcon_meta) check parameters
[0.425s] Level 1:colcon.colcon_core.package_discovery:discover_packages(recursive) check parameters
[0.425s] Level 1:colcon.colcon_core.package_discovery:discover_packages(ignore) check parameters
[0.425s] Level 1:colcon.colcon_core.package_discovery:discover_packages(path) check parameters
[0.425s] Level 1:colcon.colcon_core.package_discovery:discover_packages(colcon_meta) discover
[0.425s] Level 1:colcon.colcon_core.package_discovery:discover_packages(recursive) discover
[0.425s] INFO:colcon.colcon_core.package_discovery:Crawling recursively for packages in '/home/nicola/OneDrive/Magistrale/AIRP/AIPR/ProgrammazionedeiRobot/EsercitazioneairpMio/ros_esercitazione/IIWA'
[0.425s] Level 1:colcon.colcon_core.package_identification:_identify(.) by extensions ['ignore', 'ignore_ament_install']
[0.425s] Level 1:colcon.colcon_core.package_identification:_identify(.) by extension 'ignore'
[0.426s] Level 1:colcon.colcon_core.package_identification:_identify(.) by extension 'ignore_ament_install'
[0.426s] Level 1:colcon.colcon_core.package_identification:_identify(.) by extensions ['colcon_pkg']
[0.426s] Level 1:colcon.colcon_core.package_identification:_identify(.) by extension 'colcon_pkg'
[0.426s] Level 1:colcon.colcon_core.package_identification:_identify(.) by extensions ['colcon_meta']
[0.426s] Level 1:colcon.colcon_core.package_identification:_identify(.) by extension 'colcon_meta'
[0.426s] Level 1:colcon.colcon_core.package_identification:_identify(.) by extensions ['ros']
[0.426s] Level 1:colcon.colcon_core.package_identification:_identify(.) by extension 'ros'
[0.489s] Level 1:colcon.colcon_core.package_identification:_identify(.) by extensions ['cmake', 'python']
[0.489s] Level 1:colcon.colcon_core.package_identification:_identify(.) by extension 'cmake'
[0.489s] Level 1:colcon.colcon_core.package_identification:_identify(.) by extension 'python'
[0.489s] Level 1:colcon.colcon_core.package_identification:_identify(.) by extensions ['python_setup_py']
[0.489s] Level 1:colcon.colcon_core.package_identification:_identify(.) by extension 'python_setup_py'
[0.489s] Level 1:colcon.colcon_core.package_identification:_identify(build) by extensions ['ignore', 'ignore_ament_install']
[0.490s] Level 1:colcon.colcon_core.package_identification:_identify(build) by extension 'ignore'
[0.490s] Level 1:colcon.colcon_core.package_identification:_identify(build) ignored
[0.490s] Level 1:colcon.colcon_core.package_identification:_identify(install) by extensions ['ignore', 'ignore_ament_install']
[0.490s] Level 1:colcon.colcon_core.package_identification:_identify(install) by extension 'ignore'
[0.490s] Level 1:colcon.colcon_core.package_identification:_identify(install) ignored
[0.491s] Level 1:colcon.colcon_core.package_identification:_identify(log) by extensions ['ignore', 'ignore_ament_install']
[0.491s] Level 1:colcon.colcon_core.package_identification:_identify(log) by extension 'ignore'
[0.491s] Level 1:colcon.colcon_core.package_identification:_identify(log) ignored
[0.491s] Level 1:colcon.colcon_core.package_identification:_identify(src) by extensions ['ignore', 'ignore_ament_install']
[0.491s] Level 1:colcon.colcon_core.package_identification:_identify(src) by extension 'ignore'
[0.491s] Level 1:colcon.colcon_core.package_identification:_identify(src) by extension 'ignore_ament_install'
[0.492s] Level 1:colcon.colcon_core.package_identification:_identify(src) by extensions ['colcon_pkg']
[0.492s] Level 1:colcon.colcon_core.package_identification:_identify(src) by extension 'colcon_pkg'
[0.492s] Level 1:colcon.colcon_core.package_identification:_identify(src) by extensions ['colcon_meta']
[0.492s] Level 1:colcon.colcon_core.package_identification:_identify(src) by extension 'colcon_meta'
[0.492s] Level 1:colcon.colcon_core.package_identification:_identify(src) by extensions ['ros']
[0.492s] Level 1:colcon.colcon_core.package_identification:_identify(src) by extension 'ros'
[0.492s] Level 1:colcon.colcon_core.package_identification:_identify(src) by extensions ['cmake', 'python']
[0.492s] Level 1:colcon.colcon_core.package_identification:_identify(src) by extension 'cmake'
[0.492s] Level 1:colcon.colcon_core.package_identification:_identify(src) by extension 'python'
[0.493s] Level 1:colcon.colcon_core.package_identification:_identify(src) by extensions ['python_setup_py']
[0.493s] Level 1:colcon.colcon_core.package_identification:_identify(src) by extension 'python_setup_py'
[0.493s] Level 1:colcon.colcon_core.package_identification:_identify(src/build_scene_package) by extensions ['ignore', 'ignore_ament_install']
[0.493s] Level 1:colcon.colcon_core.package_identification:_identify(src/build_scene_package) by extension 'ignore'
[0.493s] Level 1:colcon.colcon_core.package_identification:_identify(src/build_scene_package) by extension 'ignore_ament_install'
[0.494s] Level 1:colcon.colcon_core.package_identification:_identify(src/build_scene_package) by extensions ['colcon_pkg']
[0.494s] Level 1:colcon.colcon_core.package_identification:_identify(src/build_scene_package) by extension 'colcon_pkg'
[0.494s] Level 1:colcon.colcon_core.package_identification:_identify(src/build_scene_package) by extensions ['colcon_meta']
[0.494s] Level 1:colcon.colcon_core.package_identification:_identify(src/build_scene_package) by extension 'colcon_meta'
[0.494s] Level 1:colcon.colcon_core.package_identification:_identify(src/build_scene_package) by extensions ['ros']
[0.494s] Level 1:colcon.colcon_core.package_identification:_identify(src/build_scene_package) by extension 'ros'
[0.502s] DEBUG:colcon.colcon_core.package_identification:Package 'src/build_scene_package' with type 'ros.ament_cmake' and name 'build_scene_package'
[0.502s] Level 1:colcon.colcon_core.package_identification:_identify(src/iiwa_config_moveit_config) by extensions ['ignore', 'ignore_ament_install']
[0.502s] Level 1:colcon.colcon_core.package_identification:_identify(src/iiwa_config_moveit_config) by extension 'ignore'
[0.503s] Level 1:colcon.colcon_core.package_identification:_identify(src/iiwa_config_moveit_config) by extension 'ignore_ament_install'
[0.503s] Level 1:colcon.colcon_core.package_identification:_identify(src/iiwa_config_moveit_config) by extensions ['colcon_pkg']
[0.503s] Level 1:colcon.colcon_core.package_identification:_identify(src/iiwa_config_moveit_config) by extension 'colcon_pkg'
[0.503s] Level 1:colcon.colcon_core.package_identification:_identify(src/iiwa_config_moveit_config) by extensions ['colcon_meta']
[0.503s] Level 1:colcon.colcon_core.package_identification:_identify(src/iiwa_config_moveit_config) by extension 'colcon_meta'
[0.503s] Level 1:colcon.colcon_core.package_identification:_identify(src/iiwa_config_moveit_config) by extensions ['ros']
[0.503s] Level 1:colcon.colcon_core.package_identification:_identify(src/iiwa_config_moveit_config) by extension 'ros'
[0.505s] DEBUG:colcon.colcon_core.package_identification:Package 'src/iiwa_config_moveit_config' with type 'ros.ament_cmake' and name 'iiwa_config_moveit_config'
[0.505s] Level 1:colcon.colcon_core.package_identification:_identify(src/iiwa_description) by extensions ['ignore', 'ignore_ament_install']
[0.505s] Level 1:colcon.colcon_core.package_identification:_identify(src/iiwa_description) by extension 'ignore'
[0.505s] Level 1:colcon.colcon_core.package_identification:_identify(src/iiwa_description) by extension 'ignore_ament_install'
[0.505s] Level 1:colcon.colcon_core.package_identification:_identify(src/iiwa_description) by extensions ['colcon_pkg']
[0.506s] Level 1:colcon.colcon_core.package_identification:_identify(src/iiwa_description) by extension 'colcon_pkg'
[0.506s] Level 1:colcon.colcon_core.package_identification:_identify(src/iiwa_description) by extensions ['colcon_meta']
[0.506s] Level 1:colcon.colcon_core.package_identification:_identify(src/iiwa_description) by extension 'colcon_meta'
[0.506s] Level 1:colcon.colcon_core.package_identification:_identify(src/iiwa_description) by extensions ['ros']
[0.506s] Level 1:colcon.colcon_core.package_identification:_identify(src/iiwa_description) by extension 'ros'
[0.507s] DEBUG:colcon.colcon_core.package_identification:Package 'src/iiwa_description' with type 'ros.ament_cmake' and name 'iiwa_description'
[0.507s] Level 1:colcon.colcon_core.package_identification:_identify(src/interfaces) by extensions ['ignore', 'ignore_ament_install']
[0.507s] Level 1:colcon.colcon_core.package_identification:_identify(src/interfaces) by extension 'ignore'
[0.508s] Level 1:colcon.colcon_core.package_identification:_identify(src/interfaces) by extension 'ignore_ament_install'
[0.508s] Level 1:colcon.colcon_core.package_identification:_identify(src/interfaces) by extensions ['colcon_pkg']
[0.508s] Level 1:colcon.colcon_core.package_identification:_identify(src/interfaces) by extension 'colcon_pkg'
[0.508s] Level 1:colcon.colcon_core.package_identification:_identify(src/interfaces) by extensions ['colcon_meta']
[0.508s] Level 1:colcon.colcon_core.package_identification:_identify(src/interfaces) by extension 'colcon_meta'
[0.508s] Level 1:colcon.colcon_core.package_identification:_identify(src/interfaces) by extensions ['ros']
[0.508s] Level 1:colcon.colcon_core.package_identification:_identify(src/interfaces) by extension 'ros'
[0.509s] DEBUG:colcon.colcon_core.package_identification:Package 'src/interfaces' with type 'ros.ament_cmake' and name 'interfaces'
[0.509s] Level 1:colcon.colcon_core.package_identification:_identify(src/nodes) by extensions ['ignore', 'ignore_ament_install']
[0.510s] Level 1:colcon.colcon_core.package_identification:_identify(src/nodes) by extension 'ignore'
[0.510s] Level 1:colcon.colcon_core.package_identification:_identify(src/nodes) by extension 'ignore_ament_install'
[0.510s] Level 1:colcon.colcon_core.package_identification:_identify(src/nodes) by extensions ['colcon_pkg']
[0.510s] Level 1:colcon.colcon_core.package_identification:_identify(src/nodes) by extension 'colcon_pkg'
[0.510s] Level 1:colcon.colcon_core.package_identification:_identify(src/nodes) by extensions ['colcon_meta']
[0.510s] Level 1:colcon.colcon_core.package_identification:_identify(src/nodes) by extension 'colcon_meta'
[0.510s] Level 1:colcon.colcon_core.package_identification:_identify(src/nodes) by extensions ['ros']
[0.510s] Level 1:colcon.colcon_core.package_identification:_identify(src/nodes) by extension 'ros'
[0.512s] DEBUG:colcon.colcon_core.package_identification:Package 'src/nodes' with type 'ros.ament_cmake' and name 'nodes'
[0.512s] Level 1:colcon.colcon_core.package_discovery:discover_packages(recursive) using defaults
[0.512s] Level 1:colcon.colcon_core.package_discovery:discover_packages(ignore) discover
[0.512s] Level 1:colcon.colcon_core.package_discovery:discover_packages(ignore) using defaults
[0.512s] Level 1:colcon.colcon_core.package_discovery:discover_packages(path) discover
[0.512s] Level 1:colcon.colcon_core.package_discovery:discover_packages(path) using defaults
[0.563s] Level 1:colcon.colcon_core.package_discovery:discover_packages(prefix_path) check parameters
[0.563s] Level 1:colcon.colcon_core.package_discovery:discover_packages(prefix_path) discover
[0.568s] DEBUG:colcon.colcon_installed_package_information.package_discovery:Found 6 installed packages in /home/nicola/OneDrive/Magistrale/AIRP/AIPR/ProgrammazionedeiRobot/EsercitazioneairpMio/ros_esercitazione/IIWA/install
[0.570s] DEBUG:colcon.colcon_installed_package_information.package_discovery:Found 6 installed packages in /home/nicola/Desktop/Esercitazione_airp/IIWA/install
[0.575s] DEBUG:colcon.colcon_installed_package_information.package_discovery:Found 388 installed packages in /opt/ros/jazzy
[0.577s] Level 1:colcon.colcon_core.package_discovery:discover_packages(prefix_path) using defaults
[0.746s] WARNING:colcon.colcon_core.package_selection:Some selected packages are already built in one or more underlay workspaces:
	'iiwa_description' is in: /home/nicola/OneDrive/Magistrale/AIRP/AIPR/ProgrammazionedeiRobot/EsercitazioneairpMio/ros_esercitazione/IIWA/install/iiwa_description
If a package in a merged underlay workspace is overridden and it installs headers, then all packages in the overlay must sort their include directories by workspace order. Failure to do so may result in build failures or undefined behavior at run time.
If the overridden package is used by another package in any underlay, then the overriding package in the overlay must be API and ABI compatible or undefined behavior at run time may occur.

If you understand the risks and want to override a package anyways, add the following to the command line:
	--allow-overriding iiwa_description

This may be promoted to an error in a future release of colcon-override-check.
[0.749s] Level 5:colcon.colcon_core.verb:set package 'build_scene_package' build argument 'cmake_args' from command line to 'None'
[0.749s] Level 5:colcon.colcon_core.verb:set package 'build_scene_package' build argument 'cmake_target' from command line to 'None'
[0.749s] Level 5:colcon.colcon_core.verb:set package 'build_scene_package' build argument 'cmake_target_skip_unavailable' from command line to 'False'
[0.749s] Level 5:colcon.colcon_core.verb:set package 'build_scene_package' build argument 'cmake_clean_cache' from command line to 'False'
[0.749s] Level 5:colcon.colcon_core.verb:set package 'build_scene_package' build argument 'cmake_clean_first' from command line to 'False'
[0.749s] Level 5:colcon.colcon_core.verb:set package 'build_scene_package' build argument 'cmake_force_configure' from command line to 'False'
[0.749s] Level 5:colcon.colcon_core.verb:set package 'build_scene_package' build argument 'ament_cmake_args' from command line to 'None'
[0.749s] Level 5:colcon.colcon_core.verb:set package 'build_scene_package' build argument 'catkin_cmake_args' from command line to 'None'
[0.749s] Level 5:colcon.colcon_core.verb:set package 'build_scene_package' build argument 'catkin_skip_building_tests' from command line to 'False'
[0.749s] DEBUG:colcon.colcon_core.verb:Building package 'build_scene_package' with the following arguments: {'ament_cmake_args': None, 'build_base': '/home/nicola/OneDrive/Magistrale/AIRP/AIPR/ProgrammazionedeiRobot/EsercitazioneairpMio/ros_esercitazione/IIWA/build/build_scene_package', 'catkin_cmake_args': None, 'catkin_skip_building_tests': False, 'cmake_args': None, 'cmake_clean_cache': False, 'cmake_clean_first': False, 'cmake_force_configure': False, 'cmake_target': None, 'cmake_target_skip_unavailable': False, 'install_base': '/home/nicola/OneDrive/Magistrale/AIRP/AIPR/ProgrammazionedeiRobot/EsercitazioneairpMio/ros_esercitazione/IIWA/install/build_scene_package', 'merge_install': False, 'path': '/home/nicola/OneDrive/Magistrale/AIRP/AIPR/ProgrammazionedeiRobot/EsercitazioneairpMio/ros_esercitazione/IIWA/src/build_scene_package', 'symlink_install': False, 'test_result_base': None}
[0.750s] Level 5:colcon.colcon_core.verb:set package 'iiwa_description' build argument 'cmake_args' from command line to 'None'
[0.751s] Level 5:colcon.colcon_core.verb:set package 'iiwa_description' build argument 'cmake_target' from command line to 'None'
[0.751s] Level 5:colcon.colcon_core.verb:set package 'iiwa_description' build argument 'cmake_target_skip_unavailable' from command line to 'False'
[0.751s] Level 5:colcon.colcon_core.verb:set package 'iiwa_description' build argument 'cmake_clean_cache' from command line to 'False'
[0.751s] Level 5:colcon.colcon_core.verb:set package 'iiwa_description' build argument 'cmake_clean_first' from command line to 'False'
[0.751s] Level 5:colcon.colcon_core.verb:set package 'iiwa_description' build argument 'cmake_force_configure' from command line to 'False'
[0.751s] Level 5:colcon.colcon_core.verb:set package 'iiwa_description' build argument 'ament_cmake_args' from command line to 'None'
[0.751s] Level 5:colcon.colcon_core.verb:set package 'iiwa_description' build argument 'catkin_cmake_args' from command line to 'None'
[0.751s] Level 5:colcon.colcon_core.verb:set package 'iiwa_description' build argument 'catkin_skip_building_tests' from command line to 'False'
[0.751s] DEBUG:colcon.colcon_core.verb:Building package 'iiwa_description' with the following arguments: {'ament_cmake_args': None, 'build_base': '/home/nicola/OneDrive/Magistrale/AIRP/AIPR/ProgrammazionedeiRobot/EsercitazioneairpMio/ros_esercitazione/IIWA/build/iiwa_description', 'catkin_cmake_args': None, 'catkin_skip_building_tests': False, 'cmake_args': None, 'cmake_clean_cache': False, 'cmake_clean_first': False, 'cmake_force_configure': False, 'cmake_target': None, 'cmake_target_skip_unavailable': False, 'install_base': '/home/nicola/OneDrive/Magistrale/AIRP/AIPR/ProgrammazionedeiRobot/EsercitazioneairpMio/ros_esercitazione/IIWA/install/iiwa_description', 'merge_install': False, 'path': '/home/nicola/OneDrive/Magistrale/AIRP/AIPR/ProgrammazionedeiRobot/EsercitazioneairpMio/ros_esercitazione/IIWA/src/iiwa_description', 'symlink_install': False, 'test_result_base': None}
[0.752s] Level 5:colcon.colcon_core.verb:set package 'interfaces' build argument 'cmake_args' from command line to 'None'
[0.752s] Level 5:colcon.colcon_core.verb:set package 'interfaces' build argument 'cmake_target' from command line to 'None'
[0.752s] Level 5:colcon.colcon_core.verb:set package 'interfaces' build argument 'cmake_target_skip_unavailable' from command line to 'False'
[0.752s] Level 5:colcon.colcon_core.verb:set package 'interfaces' build argument 'cmake_clean_cache' from command line to 'False'
[0.752s] Level 5:colcon.colcon_core.verb:set package 'interfaces' build argument 'cmake_clean_first' from command line to 'False'
[0.753s] Level 5:colcon.colcon_core.verb:set package 'interfaces' build argument 'cmake_force_configure' from command line to 'False'
[0.753s] Level 5:colcon.colcon_core.verb:set package 'interfaces' build argument 'ament_cmake_args' from command line to 'None'
[0.753s] Level 5:colcon.colcon_core.verb:set package 'interfaces' build argument 'catkin_cmake_args' from command line to 'None'
[0.753s] Level 5:colcon.colcon_core.verb:set package 'interfaces' build argument 'catkin_skip_building_tests' from command line to 'False'
[0.753s] DEBUG:colcon.colcon_core.verb:Building package 'interfaces' with the following arguments: {'ament_cmake_args': None, 'build_base': '/home/nicola/OneDrive/Magistrale/AIRP/AIPR/ProgrammazionedeiRobot/EsercitazioneairpMio/ros_esercitazione/IIWA/build/interfaces', 'catkin_cmake_args': None, 'catkin_skip_building_tests': False, 'cmake_args': None, 'cmake_clean_cache': False, 'cmake_clean_first': False, 'cmake_force_configure': False, 'cmake_target': None, 'cmake_target_skip_unavailable': False, 'install_base': '/home/nicola/OneDrive/Magistrale/AIRP/AIPR/ProgrammazionedeiRobot/EsercitazioneairpMio/ros_esercitazione/IIWA/install/interfaces', 'merge_install': False, 'path': '/home/nicola/OneDrive/Magistrale/AIRP/AIPR/ProgrammazionedeiRobot/EsercitazioneairpMio/ros_esercitazione/IIWA/src/interfaces', 'symlink_install': False, 'test_result_base': None}
[0.754s] Level 5:colcon.colcon_core.verb:set package 'iiwa_config_moveit_config' build argument 'cmake_args' from command line to 'None'
[0.754s] Level 5:colcon.colcon_core.verb:set package 'iiwa_config_moveit_config' build argument 'cmake_target' from command line to 'None'
[0.754s] Level 5:colcon.colcon_core.verb:set package 'iiwa_config_moveit_config' build argument 'cmake_target_skip_unavailable' from command line to 'False'
[0.754s] Level 5:colcon.colcon_core.verb:set package 'iiwa_config_moveit_config' build argument 'cmake_clean_cache' from command line to 'False'
[0.754s] Level 5:colcon.colcon_core.verb:set package 'iiwa_config_moveit_config' build argument 'cmake_clean_first' from command line to 'False'
[0.754s] Level 5:colcon.colcon_core.verb:set package 'iiwa_config_moveit_config' build argument 'cmake_force_configure' from command line to 'False'
[0.754s] Level 5:colcon.colcon_core.verb:set package 'iiwa_config_moveit_config' build argument 'ament_cmake_args' from command line to 'None'
[0.754s] Level 5:colcon.colcon_core.verb:set package 'iiwa_config_moveit_config' build argument 'catkin_cmake_args' from command line to 'None'
[0.755s] Level 5:colcon.colcon_core.verb:set package 'iiwa_config_moveit_config' build argument 'catkin_skip_building_tests' from command line to 'False'
[0.755s] DEBUG:colcon.colcon_core.verb:Building package 'iiwa_config_moveit_config' with the following arguments: {'ament_cmake_args': None, 'build_base': '/home/nicola/OneDrive/Magistrale/AIRP/AIPR/ProgrammazionedeiRobot/EsercitazioneairpMio/ros_esercitazione/IIWA/build/iiwa_config_moveit_config', 'catkin_cmake_args': None, 'catkin_skip_building_tests': False, 'cmake_args': None, 'cmake_clean_cache': False, 'cmake_clean_first': False, 'cmake_force_configure': False, 'cmake_target': None, 'cmake_target_skip_unavailable': False, 'install_base': '/home/nicola/OneDrive/Magistrale/AIRP/AIPR/ProgrammazionedeiRobot/EsercitazioneairpMio/ros_esercitazione/IIWA/install/iiwa_config_moveit_config', 'merge_install': False, 'path': '/home/nicola/OneDrive/Magistrale/AIRP/AIPR/ProgrammazionedeiRobot/EsercitazioneairpMio/ros_esercitazione/IIWA/src/iiwa_config_moveit_config', 'symlink_install': False, 'test_result_base': None}
[0.755s] Level 5:colcon.colcon_core.verb:set package 'nodes' build argument 'cmake_args' from command line to 'None'
[0.755s] Level 5:colcon.colcon_core.verb:set package 'nodes' build argument 'cmake_target' from command line to 'None'
[0.755s] Level 5:colcon.colcon_core.verb:set package 'nodes' build argument 'cmake_target_skip_unavailable' from command line to 'False'
[0.755s] Level 5:colcon.colcon_core.verb:set package 'nodes' build argument 'cmake_clean_cache' from command line to 'False'
[0.756s] Level 5:colcon.colcon_core.verb:set package 'nodes' build argument 'cmake_clean_first' from command line to 'False'
[0.756s] Level 5:colcon.colcon_core.verb:set package 'nodes' build argument 'cmake_force_configure' from command line to 'False'
[0.756s] Level 5:colcon.colcon_core.verb:set package 'nodes' build argument 'ament_cmake_args' from command line to 'None'
[0.756s] Level 5:colcon.colcon_core.verb:set package 'nodes' build argument 'catkin_cmake_args' from command line to 'None'
[0.756s] Level 5:colcon.colcon_core.verb:set package 'nodes' build argument 'catkin_skip_building_tests' from command line to 'False'
[0.756s] DEBUG:colcon.colcon_core.verb:Building package 'nodes' with the following arguments: {'ament_cmake_args': None, 'build_base': '/home/nicola/OneDrive/Magistrale/AIRP/AIPR/ProgrammazionedeiRobot/EsercitazioneairpMio/ros_esercitazione/IIWA/build/nodes', 'catkin_cmake_args': None, 'catkin_skip_building_tests': False, 'cmake_args': None, 'cmake_clean_cache': False, 'cmake_clean_first': False, 'cmake_force_configure': False, 'cmake_target': None, 'cmake_target_skip_unavailable': False, 'install_base': '/home/nicola/OneDrive/Magistrale/AIRP/AIPR/ProgrammazionedeiRobot/EsercitazioneairpMio/ros_esercitazione/IIWA/install/nodes', 'merge_install': False, 'path': '/home/nicola/OneDrive/Magistrale/AIRP/AIPR/ProgrammazionedeiRobot/EsercitazioneairpMio/ros_esercitazione/IIWA/src/nodes', 'symlink_install': False, 'test_result_base': None}
[0.756s] INFO:colcon.colcon_core.executor:Executing jobs using 'parallel' executor
[0.758s] DEBUG:colcon.colcon_parallel_executor.executor.parallel:run_until_complete
[0.759s] INFO:colcon.colcon_ros.task.ament_cmake.build:Building ROS package in '/home/nicola/OneDrive/Magistrale/AIRP/AIPR/ProgrammazionedeiRobot/EsercitazioneairpMio/ros_esercitazione/IIWA/src/iiwa_description' with build type 'ament_cmake'
[0.760s] INFO:colcon.colcon_cmake.task.cmake.build:Building CMake package in '/home/nicola/OneDrive/Magistrale/AIRP/AIPR/ProgrammazionedeiRobot/EsercitazioneairpMio/ros_esercitazione/IIWA/src/iiwa_description'
[0.766s] INFO:colcon.colcon_core.plugin_system:Skipping extension 'colcon_core.shell.bat': Not used on non-Windows systems
[0.766s] INFO:colcon.colcon_core.shell:Skip shell extension 'powershell' for command environment: Not usable outside of PowerShell
[0.766s] DEBUG:colcon.colcon_core.shell:Skip shell extension 'dsv' for command environment
[0.776s] INFO:colcon.colcon_ros.task.ament_cmake.build:Building ROS package in '/home/nicola/OneDrive/Magistrale/AIRP/AIPR/ProgrammazionedeiRobot/EsercitazioneairpMio/ros_esercitazione/IIWA/src/interfaces' with build type 'ament_cmake'
[0.777s] INFO:colcon.colcon_cmake.task.cmake.build:Building CMake package in '/home/nicola/OneDrive/Magistrale/AIRP/AIPR/ProgrammazionedeiRobot/EsercitazioneairpMio/ros_esercitazione/IIWA/src/interfaces'
[0.777s] INFO:colcon.colcon_core.shell:Skip shell extension 'powershell' for command environment: Not usable outside of PowerShell
[0.778s] DEBUG:colcon.colcon_core.shell:Skip shell extension 'dsv' for command environment
[0.788s] INFO:colcon.colcon_ros.task.ament_cmake.build:Building ROS package in '/home/nicola/OneDrive/Magistrale/AIRP/AIPR/ProgrammazionedeiRobot/EsercitazioneairpMio/ros_esercitazione/IIWA/src/build_scene_package' with build type 'ament_cmake'
[0.789s] INFO:colcon.colcon_cmake.task.cmake.build:Building CMake package in '/home/nicola/OneDrive/Magistrale/AIRP/AIPR/ProgrammazionedeiRobot/EsercitazioneairpMio/ros_esercitazione/IIWA/src/build_scene_package'
[0.789s] INFO:colcon.colcon_core.shell:Skip shell extension 'powershell' for command environment: Not usable outside of PowerShell
[0.789s] DEBUG:colcon.colcon_core.shell:Skip shell extension 'dsv' for command environment
[0.811s] DEBUG:colcon.colcon_core.event_handler.log_command:Invoking command in '/home/nicola/OneDrive/Magistrale/AIRP/AIPR/ProgrammazionedeiRobot/EsercitazioneairpMio/ros_esercitazione/IIWA/build/iiwa_description': CMAKE_PREFIX_PATH=${CMAKE_PREFIX_PATH}:/opt/ros/jazzy DEBUGINFOD_URLS=https://debuginfod.ubuntu.com /usr/bin/cmake --build /home/nicola/OneDrive/Magistrale/AIRP/AIPR/ProgrammazionedeiRobot/EsercitazioneairpMio/ros_esercitazione/IIWA/build/iiwa_description -- -j8 -l8
[0.820s] DEBUG:colcon.colcon_core.event_handler.log_command:Invoking command in '/home/nicola/OneDrive/Magistrale/AIRP/AIPR/ProgrammazionedeiRobot/EsercitazioneairpMio/ros_esercitazione/IIWA/build/interfaces': CMAKE_PREFIX_PATH=${CMAKE_PREFIX_PATH}:/opt/ros/jazzy DEBUGINFOD_URLS=https://debuginfod.ubuntu.com /usr/bin/cmake --build /home/nicola/OneDrive/Magistrale/AIRP/AIPR/ProgrammazionedeiRobot/EsercitazioneairpMio/ros_esercitazione/IIWA/build/interfaces -- -j8 -l8
[0.831s] DEBUG:colcon.colcon_core.event_handler.log_command:Invoking command in '/home/nicola/OneDrive/Magistrale/AIRP/AIPR/ProgrammazionedeiRobot/EsercitazioneairpMio/ros_esercitazione/IIWA/build/build_scene_package': CMAKE_PREFIX_PATH=${CMAKE_PREFIX_PATH}:/opt/ros/jazzy DEBUGINFOD_URLS=https://debuginfod.ubuntu.com /usr/bin/cmake --build /home/nicola/OneDrive/Magistrale/AIRP/AIPR/ProgrammazionedeiRobot/EsercitazioneairpMio/ros_esercitazione/IIWA/build/build_scene_package -- -j8 -l8
[0.904s] DEBUG:colcon.colcon_core.event_handler.log_command:Invoked command in '/home/nicola/OneDrive/Magistrale/AIRP/AIPR/ProgrammazionedeiRobot/EsercitazioneairpMio/ros_esercitazione/IIWA/build/iiwa_description' returned '0': CMAKE_PREFIX_PATH=${CMAKE_PREFIX_PATH}:/opt/ros/jazzy DEBUGINFOD_URLS=https://debuginfod.ubuntu.com /usr/bin/cmake --build /home/nicola/OneDrive/Magistrale/AIRP/AIPR/ProgrammazionedeiRobot/EsercitazioneairpMio/ros_esercitazione/IIWA/build/iiwa_description -- -j8 -l8
[0.937s] DEBUG:colcon.colcon_core.event_handler.log_command:Invoking command in '/home/nicola/OneDrive/Magistrale/AIRP/AIPR/ProgrammazionedeiRobot/EsercitazioneairpMio/ros_esercitazione/IIWA/build/iiwa_description': CMAKE_PREFIX_PATH=${CMAKE_PREFIX_PATH}:/opt/ros/jazzy DEBUGINFOD_URLS=https://debuginfod.ubuntu.com /usr/bin/cmake --install /home/nicola/OneDrive/Magistrale/AIRP/AIPR/ProgrammazionedeiRobot/EsercitazioneairpMio/ros_esercitazione/IIWA/build/iiwa_description
[0.994s] Level 1:colcon.colcon_core.environment:create_environment_scripts_only(iiwa_description)
[1.004s] Level 1:colcon.colcon_core.environment:checking '/home/nicola/OneDrive/Magistrale/AIRP/AIPR/ProgrammazionedeiRobot/EsercitazioneairpMio/ros_esercitazione/IIWA/install/iiwa_description' for CMake module files
[1.008s] Level 1:colcon.colcon_core.environment:checking '/home/nicola/OneDrive/Magistrale/AIRP/AIPR/ProgrammazionedeiRobot/EsercitazioneairpMio/ros_esercitazione/IIWA/install/iiwa_description' for CMake config files
[1.015s] Level 1:colcon.colcon_core.shell:create_environment_hook('iiwa_description', 'cmake_prefix_path')
[1.016s] INFO:colcon.colcon_core.shell:Creating environment hook '/home/nicola/OneDrive/Magistrale/AIRP/AIPR/ProgrammazionedeiRobot/EsercitazioneairpMio/ros_esercitazione/IIWA/install/iiwa_description/share/iiwa_description/hook/cmake_prefix_path.ps1'
[1.018s] INFO:colcon.colcon_core.shell:Creating environment descriptor '/home/nicola/OneDrive/Magistrale/AIRP/AIPR/ProgrammazionedeiRobot/EsercitazioneairpMio/ros_esercitazione/IIWA/install/iiwa_description/share/iiwa_description/hook/cmake_prefix_path.dsv'
[1.023s] INFO:colcon.colcon_core.shell:Creating environment hook '/home/nicola/OneDrive/Magistrale/AIRP/AIPR/ProgrammazionedeiRobot/EsercitazioneairpMio/ros_esercitazione/IIWA/install/iiwa_description/share/iiwa_description/hook/cmake_prefix_path.sh'
[1.027s] Level 1:colcon.colcon_core.environment:checking '/home/nicola/OneDrive/Magistrale/AIRP/AIPR/ProgrammazionedeiRobot/EsercitazioneairpMio/ros_esercitazione/IIWA/install/iiwa_description/bin'
[1.027s] Level 1:colcon.colcon_core.environment:checking '/home/nicola/OneDrive/Magistrale/AIRP/AIPR/ProgrammazionedeiRobot/EsercitazioneairpMio/ros_esercitazione/IIWA/install/iiwa_description/lib/pkgconfig/iiwa_description.pc'
[1.028s] Level 1:colcon.colcon_core.environment:checking '/home/nicola/OneDrive/Magistrale/AIRP/AIPR/ProgrammazionedeiRobot/EsercitazioneairpMio/ros_esercitazione/IIWA/install/iiwa_description/lib/python3.12/site-packages'
[1.032s] Level 1:colcon.colcon_core.environment:checking '/home/nicola/OneDrive/Magistrale/AIRP/AIPR/ProgrammazionedeiRobot/EsercitazioneairpMio/ros_esercitazione/IIWA/install/iiwa_description/bin'
[1.033s] INFO:colcon.colcon_core.shell:Creating package script '/home/nicola/OneDrive/Magistrale/AIRP/AIPR/ProgrammazionedeiRobot/EsercitazioneairpMio/ros_esercitazione/IIWA/install/iiwa_description/share/iiwa_description/package.ps1'
[1.031s] DEBUG:colcon.colcon_core.event_handler.log_command:Invoked command in '/home/nicola/OneDrive/Magistrale/AIRP/AIPR/ProgrammazionedeiRobot/EsercitazioneairpMio/ros_esercitazione/IIWA/build/iiwa_description' returned '0': CMAKE_PREFIX_PATH=${CMAKE_PREFIX_PATH}:/opt/ros/jazzy DEBUGINFOD_URLS=https://debuginfod.ubuntu.com /usr/bin/cmake --install /home/nicola/OneDrive/Magistrale/AIRP/AIPR/ProgrammazionedeiRobot/EsercitazioneairpMio/ros_esercitazione/IIWA/build/iiwa_description
[1.036s] INFO:colcon.colcon_core.shell:Creating package descriptor '/home/nicola/OneDrive/Magistrale/AIRP/AIPR/ProgrammazionedeiRobot/EsercitazioneairpMio/ros_esercitazione/IIWA/install/iiwa_description/share/iiwa_description/package.dsv'
[1.039s] INFO:colcon.colcon_core.shell:Creating package script '/home/nicola/OneDrive/Magistrale/AIRP/AIPR/ProgrammazionedeiRobot/EsercitazioneairpMio/ros_esercitazione/IIWA/install/iiwa_description/share/iiwa_description/package.sh'
[1.041s] INFO:colcon.colcon_core.shell:Creating package script '/home/nicola/OneDrive/Magistrale/AIRP/AIPR/ProgrammazionedeiRobot/EsercitazioneairpMio/ros_esercitazione/IIWA/install/iiwa_description/share/iiwa_description/package.bash'
[1.043s] INFO:colcon.colcon_core.shell:Creating package script '/home/nicola/OneDrive/Magistrale/AIRP/AIPR/ProgrammazionedeiRobot/EsercitazioneairpMio/ros_esercitazione/IIWA/install/iiwa_description/share/iiwa_description/package.zsh'
[1.045s] Level 1:colcon.colcon_core.environment:create_file_with_runtime_dependencies(/home/nicola/OneDrive/Magistrale/AIRP/AIPR/ProgrammazionedeiRobot/EsercitazioneairpMio/ros_esercitazione/IIWA/install/iiwa_description/share/colcon-core/packages/iiwa_description)
[1.047s] Level 1:colcon.colcon_core.environment:create_environment_scripts_only(iiwa_description)
[1.048s] Level 1:colcon.colcon_core.environment:checking '/home/nicola/OneDrive/Magistrale/AIRP/AIPR/ProgrammazionedeiRobot/EsercitazioneairpMio/ros_esercitazione/IIWA/install/iiwa_description' for CMake module files
[1.050s] Level 1:colcon.colcon_core.environment:checking '/home/nicola/OneDrive/Magistrale/AIRP/AIPR/ProgrammazionedeiRobot/EsercitazioneairpMio/ros_esercitazione/IIWA/install/iiwa_description' for CMake config files
[1.051s] Level 1:colcon.colcon_core.shell:create_environment_hook('iiwa_description', 'cmake_prefix_path')
[1.052s] INFO:colcon.colcon_core.shell:Creating environment hook '/home/nicola/OneDrive/Magistrale/AIRP/AIPR/ProgrammazionedeiRobot/EsercitazioneairpMio/ros_esercitazione/IIWA/install/iiwa_description/share/iiwa_description/hook/cmake_prefix_path.ps1'
[1.053s] INFO:colcon.colcon_core.shell:Creating environment descriptor '/home/nicola/OneDrive/Magistrale/AIRP/AIPR/ProgrammazionedeiRobot/EsercitazioneairpMio/ros_esercitazione/IIWA/install/iiwa_description/share/iiwa_description/hook/cmake_prefix_path.dsv'
[1.054s] INFO:colcon.colcon_core.shell:Creating environment hook '/home/nicola/OneDrive/Magistrale/AIRP/AIPR/ProgrammazionedeiRobot/EsercitazioneairpMio/ros_esercitazione/IIWA/install/iiwa_description/share/iiwa_description/hook/cmake_prefix_path.sh'
[1.056s] Level 1:colcon.colcon_core.environment:checking '/home/nicola/OneDrive/Magistrale/AIRP/AIPR/ProgrammazionedeiRobot/EsercitazioneairpMio/ros_esercitazione/IIWA/install/iiwa_description/bin'
[1.056s] Level 1:colcon.colcon_core.environment:checking '/home/nicola/OneDrive/Magistrale/AIRP/AIPR/ProgrammazionedeiRobot/EsercitazioneairpMio/ros_esercitazione/IIWA/install/iiwa_description/lib/pkgconfig/iiwa_description.pc'
[1.057s] Level 1:colcon.colcon_core.environment:checking '/home/nicola/OneDrive/Magistrale/AIRP/AIPR/ProgrammazionedeiRobot/EsercitazioneairpMio/ros_esercitazione/IIWA/install/iiwa_description/lib/python3.12/site-packages'
[1.057s] Level 1:colcon.colcon_core.environment:checking '/home/nicola/OneDrive/Magistrale/AIRP/AIPR/ProgrammazionedeiRobot/EsercitazioneairpMio/ros_esercitazione/IIWA/install/iiwa_description/bin'
[1.058s] INFO:colcon.colcon_core.shell:Creating package script '/home/nicola/OneDrive/Magistrale/AIRP/AIPR/ProgrammazionedeiRobot/EsercitazioneairpMio/ros_esercitazione/IIWA/install/iiwa_description/share/iiwa_description/package.ps1'
[1.060s] INFO:colcon.colcon_core.shell:Creating package descriptor '/home/nicola/OneDrive/Magistrale/AIRP/AIPR/ProgrammazionedeiRobot/EsercitazioneairpMio/ros_esercitazione/IIWA/install/iiwa_description/share/iiwa_description/package.dsv'
[1.064s] INFO:colcon.colcon_core.shell:Creating package script '/home/nicola/OneDrive/Magistrale/AIRP/AIPR/ProgrammazionedeiRobot/EsercitazioneairpMio/ros_esercitazione/IIWA/install/iiwa_description/share/iiwa_description/package.sh'
[1.068s] INFO:colcon.colcon_core.shell:Creating package script '/home/nicola/OneDrive/Magistrale/AIRP/AIPR/ProgrammazionedeiRobot/EsercitazioneairpMio/ros_esercitazione/IIWA/install/iiwa_description/share/iiwa_description/package.bash'
[1.070s] INFO:colcon.colcon_core.shell:Creating package script '/home/nicola/OneDrive/Magistrale/AIRP/AIPR/ProgrammazionedeiRobot/EsercitazioneairpMio/ros_esercitazione/IIWA/install/iiwa_description/share/iiwa_description/package.zsh'
[1.071s] Level 1:colcon.colcon_core.environment:create_file_with_runtime_dependencies(/home/nicola/OneDrive/Magistrale/AIRP/AIPR/ProgrammazionedeiRobot/EsercitazioneairpMio/ros_esercitazione/IIWA/install/iiwa_description/share/colcon-core/packages/iiwa_description)
[1.072s] INFO:colcon.colcon_ros.task.ament_cmake.build:Building ROS package in '/home/nicola/OneDrive/Magistrale/AIRP/AIPR/ProgrammazionedeiRobot/EsercitazioneairpMio/ros_esercitazione/IIWA/src/iiwa_config_moveit_config' with build type 'ament_cmake'
[1.072s] INFO:colcon.colcon_cmake.task.cmake.build:Building CMake package in '/home/nicola/OneDrive/Magistrale/AIRP/AIPR/ProgrammazionedeiRobot/EsercitazioneairpMio/ros_esercitazione/IIWA/src/iiwa_config_moveit_config'
[1.073s] INFO:colcon.colcon_core.shell:Skip shell extension 'powershell' for command environment: Not usable outside of PowerShell
[1.073s] DEBUG:colcon.colcon_core.shell:Skip shell extension 'dsv' for command environment
[1.110s] DEBUG:colcon.colcon_core.event_handler.log_command:Invoked command in '/home/nicola/OneDrive/Magistrale/AIRP/AIPR/ProgrammazionedeiRobot/EsercitazioneairpMio/ros_esercitazione/IIWA/build/build_scene_package' returned '0': CMAKE_PREFIX_PATH=${CMAKE_PREFIX_PATH}:/opt/ros/jazzy DEBUGINFOD_URLS=https://debuginfod.ubuntu.com /usr/bin/cmake --build /home/nicola/OneDrive/Magistrale/AIRP/AIPR/ProgrammazionedeiRobot/EsercitazioneairpMio/ros_esercitazione/IIWA/build/build_scene_package -- -j8 -l8
[1.114s] DEBUG:colcon.colcon_core.event_handler.log_command:Invoking command in '/home/nicola/OneDrive/Magistrale/AIRP/AIPR/ProgrammazionedeiRobot/EsercitazioneairpMio/ros_esercitazione/IIWA/build/build_scene_package': CMAKE_PREFIX_PATH=${CMAKE_PREFIX_PATH}:/opt/ros/jazzy DEBUGINFOD_URLS=https://debuginfod.ubuntu.com /usr/bin/cmake --install /home/nicola/OneDrive/Magistrale/AIRP/AIPR/ProgrammazionedeiRobot/EsercitazioneairpMio/ros_esercitazione/IIWA/build/build_scene_package
[1.132s] DEBUG:colcon.colcon_core.event_handler.log_command:Invoking command in '/home/nicola/OneDrive/Magistrale/AIRP/AIPR/ProgrammazionedeiRobot/EsercitazioneairpMio/ros_esercitazione/IIWA/build/iiwa_config_moveit_config': CMAKE_PREFIX_PATH=/home/nicola/OneDrive/Magistrale/AIRP/AIPR/ProgrammazionedeiRobot/EsercitazioneairpMio/ros_esercitazione/IIWA/install/iiwa_description:/home/nicola/OneDrive/Magistrale/AIRP/AIPR/ProgrammazionedeiRobot/EsercitazioneairpMio/ros_esercitazione/IIWA/install/nodes:/home/nicola/OneDrive/Magistrale/AIRP/AIPR/ProgrammazionedeiRobot/EsercitazioneairpMio/ros_esercitazione/IIWA/install/interfaces:/home/nicola/OneDrive/Magistrale/AIRP/AIPR/ProgrammazionedeiRobot/EsercitazioneairpMio/ros_esercitazione/IIWA/install/iiwa_config_moveit_config:/home/nicola/OneDrive/Magistrale/AIRP/AIPR/ProgrammazionedeiRobot/EsercitazioneairpMio/ros_esercitazione/IIWA/install/iiwa_config:/home/nicola/OneDrive/Magistrale/AIRP/AIPR/ProgrammazionedeiRobot/EsercitazioneairpMio/ros_esercitazione/IIWA/install/build_scene_package:/home/nicola/Desktop/Esercitazione_airp/IIWA/install/nodes:/home/nicola/Desktop/Esercitazione_airp/IIWA/install/interfaces:/home/nicola/Desktop/Esercitazione_airp/IIWA/install/iiwa_config_moveit_config:/home/nicola/Desktop/Esercitazione_airp/IIWA/install/iiwa_config:/home/nicola/Desktop/Esercitazione_airp/IIWA/install/iiwa_description:/home/nicola/Desktop/Esercitazione_airp/IIWA/install/build_scene_package:/opt/ros/jazzy/opt/sdformat_vendor:/opt/ros/jazzy/opt/gz_math_vendor:/opt/ros/jazzy/opt/gz_utils_vendor:/opt/ros/jazzy/opt/gz_tools_vendor:/opt/ros/jazzy/opt/gz_cmake_vendor:/opt/ros/jazzy DEBUGINFOD_URLS=https://debuginfod.ubuntu.com /usr/bin/cmake --build /home/nicola/OneDrive/Magistrale/AIRP/AIPR/ProgrammazionedeiRobot/EsercitazioneairpMio/ros_esercitazione/IIWA/build/iiwa_config_moveit_config -- -j8 -l8
[1.174s] Level 1:colcon.colcon_core.environment:create_environment_scripts_only(build_scene_package)
[1.175s] Level 1:colcon.colcon_core.environment:checking '/home/nicola/OneDrive/Magistrale/AIRP/AIPR/ProgrammazionedeiRobot/EsercitazioneairpMio/ros_esercitazione/IIWA/install/build_scene_package' for CMake module files
[1.180s] Level 1:colcon.colcon_core.environment:checking '/home/nicola/OneDrive/Magistrale/AIRP/AIPR/ProgrammazionedeiRobot/EsercitazioneairpMio/ros_esercitazione/IIWA/install/build_scene_package' for CMake config files
[1.181s] Level 1:colcon.colcon_core.shell:create_environment_hook('build_scene_package', 'cmake_prefix_path')
[1.183s] INFO:colcon.colcon_core.shell:Creating environment hook '/home/nicola/OneDrive/Magistrale/AIRP/AIPR/ProgrammazionedeiRobot/EsercitazioneairpMio/ros_esercitazione/IIWA/install/build_scene_package/share/build_scene_package/hook/cmake_prefix_path.ps1'
[1.190s] INFO:colcon.colcon_core.shell:Creating environment descriptor '/home/nicola/OneDrive/Magistrale/AIRP/AIPR/ProgrammazionedeiRobot/EsercitazioneairpMio/ros_esercitazione/IIWA/install/build_scene_package/share/build_scene_package/hook/cmake_prefix_path.dsv'
[1.195s] INFO:colcon.colcon_core.shell:Creating environment hook '/home/nicola/OneDrive/Magistrale/AIRP/AIPR/ProgrammazionedeiRobot/EsercitazioneairpMio/ros_esercitazione/IIWA/install/build_scene_package/share/build_scene_package/hook/cmake_prefix_path.sh'
[1.200s] DEBUG:colcon.colcon_core.event_handler.log_command:Invoked command in '/home/nicola/OneDrive/Magistrale/AIRP/AIPR/ProgrammazionedeiRobot/EsercitazioneairpMio/ros_esercitazione/IIWA/build/build_scene_package' returned '0': CMAKE_PREFIX_PATH=${CMAKE_PREFIX_PATH}:/opt/ros/jazzy DEBUGINFOD_URLS=https://debuginfod.ubuntu.com /usr/bin/cmake --install /home/nicola/OneDrive/Magistrale/AIRP/AIPR/ProgrammazionedeiRobot/EsercitazioneairpMio/ros_esercitazione/IIWA/build/build_scene_package
[1.202s] Level 1:colcon.colcon_core.environment:checking '/home/nicola/OneDrive/Magistrale/AIRP/AIPR/ProgrammazionedeiRobot/EsercitazioneairpMio/ros_esercitazione/IIWA/install/build_scene_package/lib'
[1.202s] Level 1:colcon.colcon_core.environment:checking '/home/nicola/OneDrive/Magistrale/AIRP/AIPR/ProgrammazionedeiRobot/EsercitazioneairpMio/ros_esercitazione/IIWA/install/build_scene_package/bin'
[1.203s] Level 1:colcon.colcon_core.environment:checking '/home/nicola/OneDrive/Magistrale/AIRP/AIPR/ProgrammazionedeiRobot/EsercitazioneairpMio/ros_esercitazione/IIWA/install/build_scene_package/lib/pkgconfig/build_scene_package.pc'
[1.203s] Level 1:colcon.colcon_core.environment:checking '/home/nicola/OneDrive/Magistrale/AIRP/AIPR/ProgrammazionedeiRobot/EsercitazioneairpMio/ros_esercitazione/IIWA/install/build_scene_package/lib/python3.12/site-packages'
[1.204s] Level 1:colcon.colcon_core.environment:checking '/home/nicola/OneDrive/Magistrale/AIRP/AIPR/ProgrammazionedeiRobot/EsercitazioneairpMio/ros_esercitazione/IIWA/install/build_scene_package/bin'
[1.205s] INFO:colcon.colcon_core.shell:Creating package script '/home/nicola/OneDrive/Magistrale/AIRP/AIPR/ProgrammazionedeiRobot/EsercitazioneairpMio/ros_esercitazione/IIWA/install/build_scene_package/share/build_scene_package/package.ps1'
[1.206s] INFO:colcon.colcon_core.shell:Creating package descriptor '/home/nicola/OneDrive/Magistrale/AIRP/AIPR/ProgrammazionedeiRobot/EsercitazioneairpMio/ros_esercitazione/IIWA/install/build_scene_package/share/build_scene_package/package.dsv'
[1.208s] INFO:colcon.colcon_core.shell:Creating package script '/home/nicola/OneDrive/Magistrale/AIRP/AIPR/ProgrammazionedeiRobot/EsercitazioneairpMio/ros_esercitazione/IIWA/install/build_scene_package/share/build_scene_package/package.sh'
[1.209s] INFO:colcon.colcon_core.shell:Creating package script '/home/nicola/OneDrive/Magistrale/AIRP/AIPR/ProgrammazionedeiRobot/EsercitazioneairpMio/ros_esercitazione/IIWA/install/build_scene_package/share/build_scene_package/package.bash'
[1.210s] INFO:colcon.colcon_core.shell:Creating package script '/home/nicola/OneDrive/Magistrale/AIRP/AIPR/ProgrammazionedeiRobot/EsercitazioneairpMio/ros_esercitazione/IIWA/install/build_scene_package/share/build_scene_package/package.zsh'
[1.211s] Level 1:colcon.colcon_core.environment:create_file_with_runtime_dependencies(/home/nicola/OneDrive/Magistrale/AIRP/AIPR/ProgrammazionedeiRobot/EsercitazioneairpMio/ros_esercitazione/IIWA/install/build_scene_package/share/colcon-core/packages/build_scene_package)
[1.213s] Level 1:colcon.colcon_core.environment:create_environment_scripts_only(build_scene_package)
[1.214s] Level 1:colcon.colcon_core.environment:checking '/home/nicola/OneDrive/Magistrale/AIRP/AIPR/ProgrammazionedeiRobot/EsercitazioneairpMio/ros_esercitazione/IIWA/install/build_scene_package' for CMake module files
[1.216s] Level 1:colcon.colcon_core.environment:checking '/home/nicola/OneDrive/Magistrale/AIRP/AIPR/ProgrammazionedeiRobot/EsercitazioneairpMio/ros_esercitazione/IIWA/install/build_scene_package' for CMake config files
[1.217s] Level 1:colcon.colcon_core.shell:create_environment_hook('build_scene_package', 'cmake_prefix_path')
[1.218s] INFO:colcon.colcon_core.shell:Creating environment hook '/home/nicola/OneDrive/Magistrale/AIRP/AIPR/ProgrammazionedeiRobot/EsercitazioneairpMio/ros_esercitazione/IIWA/install/build_scene_package/share/build_scene_package/hook/cmake_prefix_path.ps1'
[1.219s] INFO:colcon.colcon_core.shell:Creating environment descriptor '/home/nicola/OneDrive/Magistrale/AIRP/AIPR/ProgrammazionedeiRobot/EsercitazioneairpMio/ros_esercitazione/IIWA/install/build_scene_package/share/build_scene_package/hook/cmake_prefix_path.dsv'
[1.220s] INFO:colcon.colcon_core.shell:Creating environment hook '/home/nicola/OneDrive/Magistrale/AIRP/AIPR/ProgrammazionedeiRobot/EsercitazioneairpMio/ros_esercitazione/IIWA/install/build_scene_package/share/build_scene_package/hook/cmake_prefix_path.sh'
[1.221s] Level 1:colcon.colcon_core.environment:checking '/home/nicola/OneDrive/Magistrale/AIRP/AIPR/ProgrammazionedeiRobot/EsercitazioneairpMio/ros_esercitazione/IIWA/install/build_scene_package/lib'
[1.221s] Level 1:colcon.colcon_core.environment:checking '/home/nicola/OneDrive/Magistrale/AIRP/AIPR/ProgrammazionedeiRobot/EsercitazioneairpMio/ros_esercitazione/IIWA/install/build_scene_package/bin'
[1.221s] Level 1:colcon.colcon_core.environment:checking '/home/nicola/OneDrive/Magistrale/AIRP/AIPR/ProgrammazionedeiRobot/EsercitazioneairpMio/ros_esercitazione/IIWA/install/build_scene_package/lib/pkgconfig/build_scene_package.pc'
[1.222s] Level 1:colcon.colcon_core.environment:checking '/home/nicola/OneDrive/Magistrale/AIRP/AIPR/ProgrammazionedeiRobot/EsercitazioneairpMio/ros_esercitazione/IIWA/install/build_scene_package/lib/python3.12/site-packages'
[1.222s] Level 1:colcon.colcon_core.environment:checking '/home/nicola/OneDrive/Magistrale/AIRP/AIPR/ProgrammazionedeiRobot/EsercitazioneairpMio/ros_esercitazione/IIWA/install/build_scene_package/bin'
[1.223s] INFO:colcon.colcon_core.shell:Creating package script '/home/nicola/OneDrive/Magistrale/AIRP/AIPR/ProgrammazionedeiRobot/EsercitazioneairpMio/ros_esercitazione/IIWA/install/build_scene_package/share/build_scene_package/package.ps1'
[1.224s] INFO:colcon.colcon_core.shell:Creating package descriptor '/home/nicola/OneDrive/Magistrale/AIRP/AIPR/ProgrammazionedeiRobot/EsercitazioneairpMio/ros_esercitazione/IIWA/install/build_scene_package/share/build_scene_package/package.dsv'
[1.225s] INFO:colcon.colcon_core.shell:Creating package script '/home/nicola/OneDrive/Magistrale/AIRP/AIPR/ProgrammazionedeiRobot/EsercitazioneairpMio/ros_esercitazione/IIWA/install/build_scene_package/share/build_scene_package/package.sh'
[1.226s] INFO:colcon.colcon_core.shell:Creating package script '/home/nicola/OneDrive/Magistrale/AIRP/AIPR/ProgrammazionedeiRobot/EsercitazioneairpMio/ros_esercitazione/IIWA/install/build_scene_package/share/build_scene_package/package.bash'
[1.227s] INFO:colcon.colcon_core.shell:Creating package script '/home/nicola/OneDrive/Magistrale/AIRP/AIPR/ProgrammazionedeiRobot/EsercitazioneairpMio/ros_esercitazione/IIWA/install/build_scene_package/share/build_scene_package/package.zsh'
[1.228s] Level 1:colcon.colcon_core.environment:create_file_with_runtime_dependencies(/home/nicola/OneDrive/Magistrale/AIRP/AIPR/ProgrammazionedeiRobot/EsercitazioneairpMio/ros_esercitazione/IIWA/install/build_scene_package/share/colcon-core/packages/build_scene_package)
[1.272s] DEBUG:colcon.colcon_core.event_handler.log_command:Invoked command in '/home/nicola/OneDrive/Magistrale/AIRP/AIPR/ProgrammazionedeiRobot/EsercitazioneairpMio/ros_esercitazione/IIWA/build/iiwa_config_moveit_config' returned '0': CMAKE_PREFIX_PATH=/home/nicola/OneDrive/Magistrale/AIRP/AIPR/ProgrammazionedeiRobot/EsercitazioneairpMio/ros_esercitazione/IIWA/install/iiwa_description:/home/nicola/OneDrive/Magistrale/AIRP/AIPR/ProgrammazionedeiRobot/EsercitazioneairpMio/ros_esercitazione/IIWA/install/nodes:/home/nicola/OneDrive/Magistrale/AIRP/AIPR/ProgrammazionedeiRobot/EsercitazioneairpMio/ros_esercitazione/IIWA/install/interfaces:/home/nicola/OneDrive/Magistrale/AIRP/AIPR/ProgrammazionedeiRobot/EsercitazioneairpMio/ros_esercitazione/IIWA/install/iiwa_config_moveit_config:/home/nicola/OneDrive/Magistrale/AIRP/AIPR/ProgrammazionedeiRobot/EsercitazioneairpMio/ros_esercitazione/IIWA/install/iiwa_config:/home/nicola/OneDrive/Magistrale/AIRP/AIPR/ProgrammazionedeiRobot/EsercitazioneairpMio/ros_esercitazione/IIWA/install/build_scene_package:/home/nicola/Desktop/Esercitazione_airp/IIWA/install/nodes:/home/nicola/Desktop/Esercitazione_airp/IIWA/install/interfaces:/home/nicola/Desktop/Esercitazione_airp/IIWA/install/iiwa_config_moveit_config:/home/nicola/Desktop/Esercitazione_airp/IIWA/install/iiwa_config:/home/nicola/Desktop/Esercitazione_airp/IIWA/install/iiwa_description:/home/nicola/Desktop/Esercitazione_airp/IIWA/install/build_scene_package:/opt/ros/jazzy/opt/sdformat_vendor:/opt/ros/jazzy/opt/gz_math_vendor:/opt/ros/jazzy/opt/gz_utils_vendor:/opt/ros/jazzy/opt/gz_tools_vendor:/opt/ros/jazzy/opt/gz_cmake_vendor:/opt/ros/jazzy DEBUGINFOD_URLS=https://debuginfod.ubuntu.com /usr/bin/cmake --build /home/nicola/OneDrive/Magistrale/AIRP/AIPR/ProgrammazionedeiRobot/EsercitazioneairpMio/ros_esercitazione/IIWA/build/iiwa_config_moveit_config -- -j8 -l8
[1.277s] DEBUG:colcon.colcon_core.event_handler.log_command:Invoking command in '/home/nicola/OneDrive/Magistrale/AIRP/AIPR/ProgrammazionedeiRobot/EsercitazioneairpMio/ros_esercitazione/IIWA/build/iiwa_config_moveit_config': CMAKE_PREFIX_PATH=/home/nicola/OneDrive/Magistrale/AIRP/AIPR/ProgrammazionedeiRobot/EsercitazioneairpMio/ros_esercitazione/IIWA/install/iiwa_description:/home/nicola/OneDrive/Magistrale/AIRP/AIPR/ProgrammazionedeiRobot/EsercitazioneairpMio/ros_esercitazione/IIWA/install/nodes:/home/nicola/OneDrive/Magistrale/AIRP/AIPR/ProgrammazionedeiRobot/EsercitazioneairpMio/ros_esercitazione/IIWA/install/interfaces:/home/nicola/OneDrive/Magistrale/AIRP/AIPR/ProgrammazionedeiRobot/EsercitazioneairpMio/ros_esercitazione/IIWA/install/iiwa_config_moveit_config:/home/nicola/OneDrive/Magistrale/AIRP/AIPR/ProgrammazionedeiRobot/EsercitazioneairpMio/ros_esercitazione/IIWA/install/iiwa_config:/home/nicola/OneDrive/Magistrale/AIRP/AIPR/ProgrammazionedeiRobot/EsercitazioneairpMio/ros_esercitazione/IIWA/install/build_scene_package:/home/nicola/Desktop/Esercitazione_airp/IIWA/install/nodes:/home/nicola/Desktop/Esercitazione_airp/IIWA/install/interfaces:/home/nicola/Desktop/Esercitazione_airp/IIWA/install/iiwa_config_moveit_config:/home/nicola/Desktop/Esercitazione_airp/IIWA/install/iiwa_config:/home/nicola/Desktop/Esercitazione_airp/IIWA/install/iiwa_description:/home/nicola/Desktop/Esercitazione_airp/IIWA/install/build_scene_package:/opt/ros/jazzy/opt/sdformat_vendor:/opt/ros/jazzy/opt/gz_math_vendor:/opt/ros/jazzy/opt/gz_utils_vendor:/opt/ros/jazzy/opt/gz_tools_vendor:/opt/ros/jazzy/opt/gz_cmake_vendor:/opt/ros/jazzy DEBUGINFOD_URLS=https://debuginfod.ubuntu.com /usr/bin/cmake --install /home/nicola/OneDrive/Magistrale/AIRP/AIPR/ProgrammazionedeiRobot/EsercitazioneairpMio/ros_esercitazione/IIWA/build/iiwa_config_moveit_config
[1.306s] Level 1:colcon.colcon_core.environment:create_environment_scripts_only(iiwa_config_moveit_config)
[1.307s] Level 1:colcon.colcon_core.environment:checking '/home/nicola/OneDrive/Magistrale/AIRP/AIPR/ProgrammazionedeiRobot/EsercitazioneairpMio/ros_esercitazione/IIWA/install/iiwa_config_moveit_config' for CMake module files
[1.313s] Level 1:colcon.colcon_core.environment:checking '/home/nicola/OneDrive/Magistrale/AIRP/AIPR/ProgrammazionedeiRobot/EsercitazioneairpMio/ros_esercitazione/IIWA/install/iiwa_config_moveit_config' for CMake config files
[1.314s] Level 1:colcon.colcon_core.shell:create_environment_hook('iiwa_config_moveit_config', 'cmake_prefix_path')
[1.314s] INFO:colcon.colcon_core.shell:Creating environment hook '/home/nicola/OneDrive/Magistrale/AIRP/AIPR/ProgrammazionedeiRobot/EsercitazioneairpMio/ros_esercitazione/IIWA/install/iiwa_config_moveit_config/share/iiwa_config_moveit_config/hook/cmake_prefix_path.ps1'
[1.316s] INFO:colcon.colcon_core.shell:Creating environment descriptor '/home/nicola/OneDrive/Magistrale/AIRP/AIPR/ProgrammazionedeiRobot/EsercitazioneairpMio/ros_esercitazione/IIWA/install/iiwa_config_moveit_config/share/iiwa_config_moveit_config/hook/cmake_prefix_path.dsv'
[1.317s] INFO:colcon.colcon_core.shell:Creating environment hook '/home/nicola/OneDrive/Magistrale/AIRP/AIPR/ProgrammazionedeiRobot/EsercitazioneairpMio/ros_esercitazione/IIWA/install/iiwa_config_moveit_config/share/iiwa_config_moveit_config/hook/cmake_prefix_path.sh'
[1.319s] Level 1:colcon.colcon_core.environment:checking '/home/nicola/OneDrive/Magistrale/AIRP/AIPR/ProgrammazionedeiRobot/EsercitazioneairpMio/ros_esercitazione/IIWA/install/iiwa_config_moveit_config/bin'
[1.319s] Level 1:colcon.colcon_core.environment:checking '/home/nicola/OneDrive/Magistrale/AIRP/AIPR/ProgrammazionedeiRobot/EsercitazioneairpMio/ros_esercitazione/IIWA/install/iiwa_config_moveit_config/lib/pkgconfig/iiwa_config_moveit_config.pc'
[1.320s] Level 1:colcon.colcon_core.environment:checking '/home/nicola/OneDrive/Magistrale/AIRP/AIPR/ProgrammazionedeiRobot/EsercitazioneairpMio/ros_esercitazione/IIWA/install/iiwa_config_moveit_config/lib/python3.12/site-packages'
[1.321s] Level 1:colcon.colcon_core.environment:checking '/home/nicola/OneDrive/Magistrale/AIRP/AIPR/ProgrammazionedeiRobot/EsercitazioneairpMio/ros_esercitazione/IIWA/install/iiwa_config_moveit_config/bin'
[1.321s] DEBUG:colcon.colcon_core.event_handler.log_command:Invoked command in '/home/nicola/OneDrive/Magistrale/AIRP/AIPR/ProgrammazionedeiRobot/EsercitazioneairpMio/ros_esercitazione/IIWA/build/iiwa_config_moveit_config' returned '0': CMAKE_PREFIX_PATH=/home/nicola/OneDrive/Magistrale/AIRP/AIPR/ProgrammazionedeiRobot/EsercitazioneairpMio/ros_esercitazione/IIWA/install/iiwa_description:/home/nicola/OneDrive/Magistrale/AIRP/AIPR/ProgrammazionedeiRobot/EsercitazioneairpMio/ros_esercitazione/IIWA/install/nodes:/home/nicola/OneDrive/Magistrale/AIRP/AIPR/ProgrammazionedeiRobot/EsercitazioneairpMio/ros_esercitazione/IIWA/install/interfaces:/home/nicola/OneDrive/Magistrale/AIRP/AIPR/ProgrammazionedeiRobot/EsercitazioneairpMio/ros_esercitazione/IIWA/install/iiwa_config_moveit_config:/home/nicola/OneDrive/Magistrale/AIRP/AIPR/ProgrammazionedeiRobot/EsercitazioneairpMio/ros_esercitazione/IIWA/install/iiwa_config:/home/nicola/OneDrive/Magistrale/AIRP/AIPR/ProgrammazionedeiRobot/EsercitazioneairpMio/ros_esercitazione/IIWA/install/build_scene_package:/home/nicola/Desktop/Esercitazione_airp/IIWA/install/nodes:/home/nicola/Desktop/Esercitazione_airp/IIWA/install/interfaces:/home/nicola/Desktop/Esercitazione_airp/IIWA/install/iiwa_config_moveit_config:/home/nicola/Desktop/Esercitazione_airp/IIWA/install/iiwa_config:/home/nicola/Desktop/Esercitazione_airp/IIWA/install/iiwa_description:/home/nicola/Desktop/Esercitazione_airp/IIWA/install/build_scene_package:/opt/ros/jazzy/opt/sdformat_vendor:/opt/ros/jazzy/opt/gz_math_vendor:/opt/ros/jazzy/opt/gz_utils_vendor:/opt/ros/jazzy/opt/gz_tools_vendor:/opt/ros/jazzy/opt/gz_cmake_vendor:/opt/ros/jazzy DEBUGINFOD_URLS=https://debuginfod.ubuntu.com /usr/bin/cmake --install /home/nicola/OneDrive/Magistrale/AIRP/AIPR/ProgrammazionedeiRobot/EsercitazioneairpMio/ros_esercitazione/IIWA/build/iiwa_config_moveit_config
[1.322s] INFO:colcon.colcon_core.shell:Creating package script '/home/nicola/OneDrive/Magistrale/AIRP/AIPR/ProgrammazionedeiRobot/EsercitazioneairpMio/ros_esercitazione/IIWA/install/iiwa_config_moveit_config/share/iiwa_config_moveit_config/package.ps1'
[1.324s] INFO:colcon.colcon_core.shell:Creating package descriptor '/home/nicola/OneDrive/Magistrale/AIRP/AIPR/ProgrammazionedeiRobot/EsercitazioneairpMio/ros_esercitazione/IIWA/install/iiwa_config_moveit_config/share/iiwa_config_moveit_config/package.dsv'
[1.325s] INFO:colcon.colcon_core.shell:Creating package script '/home/nicola/OneDrive/Magistrale/AIRP/AIPR/ProgrammazionedeiRobot/EsercitazioneairpMio/ros_esercitazione/IIWA/install/iiwa_config_moveit_config/share/iiwa_config_moveit_config/package.sh'
[1.326s] INFO:colcon.colcon_core.shell:Creating package script '/home/nicola/OneDrive/Magistrale/AIRP/AIPR/ProgrammazionedeiRobot/EsercitazioneairpMio/ros_esercitazione/IIWA/install/iiwa_config_moveit_config/share/iiwa_config_moveit_config/package.bash'
[1.327s] INFO:colcon.colcon_core.shell:Creating package script '/home/nicola/OneDrive/Magistrale/AIRP/AIPR/ProgrammazionedeiRobot/EsercitazioneairpMio/ros_esercitazione/IIWA/install/iiwa_config_moveit_config/share/iiwa_config_moveit_config/package.zsh'
[1.328s] Level 1:colcon.colcon_core.environment:create_file_with_runtime_dependencies(/home/nicola/OneDrive/Magistrale/AIRP/AIPR/ProgrammazionedeiRobot/EsercitazioneairpMio/ros_esercitazione/IIWA/install/iiwa_config_moveit_config/share/colcon-core/packages/iiwa_config_moveit_config)
[1.329s] Level 1:colcon.colcon_core.environment:create_environment_scripts_only(iiwa_config_moveit_config)
[1.330s] Level 1:colcon.colcon_core.environment:checking '/home/nicola/OneDrive/Magistrale/AIRP/AIPR/ProgrammazionedeiRobot/EsercitazioneairpMio/ros_esercitazione/IIWA/install/iiwa_config_moveit_config' for CMake module files
[1.332s] Level 1:colcon.colcon_core.environment:checking '/home/nicola/OneDrive/Magistrale/AIRP/AIPR/ProgrammazionedeiRobot/EsercitazioneairpMio/ros_esercitazione/IIWA/install/iiwa_config_moveit_config' for CMake config files
[1.333s] Level 1:colcon.colcon_core.shell:create_environment_hook('iiwa_config_moveit_config', 'cmake_prefix_path')
[1.333s] INFO:colcon.colcon_core.shell:Creating environment hook '/home/nicola/OneDrive/Magistrale/AIRP/AIPR/ProgrammazionedeiRobot/EsercitazioneairpMio/ros_esercitazione/IIWA/install/iiwa_config_moveit_config/share/iiwa_config_moveit_config/hook/cmake_prefix_path.ps1'
[1.335s] INFO:colcon.colcon_core.shell:Creating environment descriptor '/home/nicola/OneDrive/Magistrale/AIRP/AIPR/ProgrammazionedeiRobot/EsercitazioneairpMio/ros_esercitazione/IIWA/install/iiwa_config_moveit_config/share/iiwa_config_moveit_config/hook/cmake_prefix_path.dsv'
[1.336s] INFO:colcon.colcon_core.shell:Creating environment hook '/home/nicola/OneDrive/Magistrale/AIRP/AIPR/ProgrammazionedeiRobot/EsercitazioneairpMio/ros_esercitazione/IIWA/install/iiwa_config_moveit_config/share/iiwa_config_moveit_config/hook/cmake_prefix_path.sh'
[1.338s] Level 1:colcon.colcon_core.environment:checking '/home/nicola/OneDrive/Magistrale/AIRP/AIPR/ProgrammazionedeiRobot/EsercitazioneairpMio/ros_esercitazione/IIWA/install/iiwa_config_moveit_config/bin'
[1.338s] Level 1:colcon.colcon_core.environment:checking '/home/nicola/OneDrive/Magistrale/AIRP/AIPR/ProgrammazionedeiRobot/EsercitazioneairpMio/ros_esercitazione/IIWA/install/iiwa_config_moveit_config/lib/pkgconfig/iiwa_config_moveit_config.pc'
[1.339s] Level 1:colcon.colcon_core.environment:checking '/home/nicola/OneDrive/Magistrale/AIRP/AIPR/ProgrammazionedeiRobot/EsercitazioneairpMio/ros_esercitazione/IIWA/install/iiwa_config_moveit_config/lib/python3.12/site-packages'
[1.339s] Level 1:colcon.colcon_core.environment:checking '/home/nicola/OneDrive/Magistrale/AIRP/AIPR/ProgrammazionedeiRobot/EsercitazioneairpMio/ros_esercitazione/IIWA/install/iiwa_config_moveit_config/bin'
[1.340s] INFO:colcon.colcon_core.shell:Creating package script '/home/nicola/OneDrive/Magistrale/AIRP/AIPR/ProgrammazionedeiRobot/EsercitazioneairpMio/ros_esercitazione/IIWA/install/iiwa_config_moveit_config/share/iiwa_config_moveit_config/package.ps1'
[1.341s] INFO:colcon.colcon_core.shell:Creating package descriptor '/home/nicola/OneDrive/Magistrale/AIRP/AIPR/ProgrammazionedeiRobot/EsercitazioneairpMio/ros_esercitazione/IIWA/install/iiwa_config_moveit_config/share/iiwa_config_moveit_config/package.dsv'
[1.342s] INFO:colcon.colcon_core.shell:Creating package script '/home/nicola/OneDrive/Magistrale/AIRP/AIPR/ProgrammazionedeiRobot/EsercitazioneairpMio/ros_esercitazione/IIWA/install/iiwa_config_moveit_config/share/iiwa_config_moveit_config/package.sh'
[1.343s] INFO:colcon.colcon_core.shell:Creating package script '/home/nicola/OneDrive/Magistrale/AIRP/AIPR/ProgrammazionedeiRobot/EsercitazioneairpMio/ros_esercitazione/IIWA/install/iiwa_config_moveit_config/share/iiwa_config_moveit_config/package.bash'
[1.344s] INFO:colcon.colcon_core.shell:Creating package script '/home/nicola/OneDrive/Magistrale/AIRP/AIPR/ProgrammazionedeiRobot/EsercitazioneairpMio/ros_esercitazione/IIWA/install/iiwa_config_moveit_config/share/iiwa_config_moveit_config/package.zsh'
[1.345s] Level 1:colcon.colcon_core.environment:create_file_with_runtime_dependencies(/home/nicola/OneDrive/Magistrale/AIRP/AIPR/ProgrammazionedeiRobot/EsercitazioneairpMio/ros_esercitazione/IIWA/install/iiwa_config_moveit_config/share/colcon-core/packages/iiwa_config_moveit_config)
[2.121s] DEBUG:colcon.colcon_core.event_handler.log_command:Invoked command in '/home/nicola/OneDrive/Magistrale/AIRP/AIPR/ProgrammazionedeiRobot/EsercitazioneairpMio/ros_esercitazione/IIWA/build/interfaces' returned '0': CMAKE_PREFIX_PATH=${CMAKE_PREFIX_PATH}:/opt/ros/jazzy DEBUGINFOD_URLS=https://debuginfod.ubuntu.com /usr/bin/cmake --build /home/nicola/OneDrive/Magistrale/AIRP/AIPR/ProgrammazionedeiRobot/EsercitazioneairpMio/ros_esercitazione/IIWA/build/interfaces -- -j8 -l8
[2.124s] DEBUG:colcon.colcon_core.event_handler.log_command:Invoking command in '/home/nicola/OneDrive/Magistrale/AIRP/AIPR/ProgrammazionedeiRobot/EsercitazioneairpMio/ros_esercitazione/IIWA/build/interfaces': CMAKE_PREFIX_PATH=${CMAKE_PREFIX_PATH}:/opt/ros/jazzy DEBUGINFOD_URLS=https://debuginfod.ubuntu.com /usr/bin/cmake --install /home/nicola/OneDrive/Magistrale/AIRP/AIPR/ProgrammazionedeiRobot/EsercitazioneairpMio/ros_esercitazione/IIWA/build/interfaces
[2.280s] Level 1:colcon.colcon_core.environment:create_environment_scripts_only(interfaces)
[2.281s] DEBUG:colcon.colcon_core.event_handler.log_command:Invoked command in '/home/nicola/OneDrive/Magistrale/AIRP/AIPR/ProgrammazionedeiRobot/EsercitazioneairpMio/ros_esercitazione/IIWA/build/interfaces' returned '0': CMAKE_PREFIX_PATH=${CMAKE_PREFIX_PATH}:/opt/ros/jazzy DEBUGINFOD_URLS=https://debuginfod.ubuntu.com /usr/bin/cmake --install /home/nicola/OneDrive/Magistrale/AIRP/AIPR/ProgrammazionedeiRobot/EsercitazioneairpMio/ros_esercitazione/IIWA/build/interfaces
[2.282s] Level 1:colcon.colcon_core.environment:checking '/home/nicola/OneDrive/Magistrale/AIRP/AIPR/ProgrammazionedeiRobot/EsercitazioneairpMio/ros_esercitazione/IIWA/install/interfaces' for CMake module files
[2.284s] Level 1:colcon.colcon_core.environment:checking '/home/nicola/OneDrive/Magistrale/AIRP/AIPR/ProgrammazionedeiRobot/EsercitazioneairpMio/ros_esercitazione/IIWA/install/interfaces' for CMake config files
[2.286s] Level 1:colcon.colcon_core.shell:create_environment_hook('interfaces', 'cmake_prefix_path')
[2.287s] INFO:colcon.colcon_core.shell:Creating environment hook '/home/nicola/OneDrive/Magistrale/AIRP/AIPR/ProgrammazionedeiRobot/EsercitazioneairpMio/ros_esercitazione/IIWA/install/interfaces/share/interfaces/hook/cmake_prefix_path.ps1'
[2.289s] INFO:colcon.colcon_core.shell:Creating environment descriptor '/home/nicola/OneDrive/Magistrale/AIRP/AIPR/ProgrammazionedeiRobot/EsercitazioneairpMio/ros_esercitazione/IIWA/install/interfaces/share/interfaces/hook/cmake_prefix_path.dsv'
[2.290s] INFO:colcon.colcon_core.shell:Creating environment hook '/home/nicola/OneDrive/Magistrale/AIRP/AIPR/ProgrammazionedeiRobot/EsercitazioneairpMio/ros_esercitazione/IIWA/install/interfaces/share/interfaces/hook/cmake_prefix_path.sh'
[2.292s] Level 1:colcon.colcon_core.environment:checking '/home/nicola/OneDrive/Magistrale/AIRP/AIPR/ProgrammazionedeiRobot/EsercitazioneairpMio/ros_esercitazione/IIWA/install/interfaces/lib'
[2.293s] Level 1:colcon.colcon_core.shell:create_environment_hook('interfaces', 'ld_library_path_lib')
[2.293s] INFO:colcon.colcon_core.shell:Creating environment hook '/home/nicola/OneDrive/Magistrale/AIRP/AIPR/ProgrammazionedeiRobot/EsercitazioneairpMio/ros_esercitazione/IIWA/install/interfaces/share/interfaces/hook/ld_library_path_lib.ps1'
[2.295s] INFO:colcon.colcon_core.shell:Creating environment descriptor '/home/nicola/OneDrive/Magistrale/AIRP/AIPR/ProgrammazionedeiRobot/EsercitazioneairpMio/ros_esercitazione/IIWA/install/interfaces/share/interfaces/hook/ld_library_path_lib.dsv'
[2.296s] INFO:colcon.colcon_core.shell:Creating environment hook '/home/nicola/OneDrive/Magistrale/AIRP/AIPR/ProgrammazionedeiRobot/EsercitazioneairpMio/ros_esercitazione/IIWA/install/interfaces/share/interfaces/hook/ld_library_path_lib.sh'
[2.297s] Level 1:colcon.colcon_core.environment:checking '/home/nicola/OneDrive/Magistrale/AIRP/AIPR/ProgrammazionedeiRobot/EsercitazioneairpMio/ros_esercitazione/IIWA/install/interfaces/bin'
[2.298s] Level 1:colcon.colcon_core.environment:checking '/home/nicola/OneDrive/Magistrale/AIRP/AIPR/ProgrammazionedeiRobot/EsercitazioneairpMio/ros_esercitazione/IIWA/install/interfaces/lib/pkgconfig/interfaces.pc'
[2.298s] Level 1:colcon.colcon_core.environment:checking '/home/nicola/OneDrive/Magistrale/AIRP/AIPR/ProgrammazionedeiRobot/EsercitazioneairpMio/ros_esercitazione/IIWA/install/interfaces/lib/python3.12/site-packages'
[2.299s] Level 1:colcon.colcon_core.shell:create_environment_hook('interfaces', 'pythonpath')
[2.300s] INFO:colcon.colcon_core.shell:Creating environment hook '/home/nicola/OneDrive/Magistrale/AIRP/AIPR/ProgrammazionedeiRobot/EsercitazioneairpMio/ros_esercitazione/IIWA/install/interfaces/share/interfaces/hook/pythonpath.ps1'
[2.301s] INFO:colcon.colcon_core.shell:Creating environment descriptor '/home/nicola/OneDrive/Magistrale/AIRP/AIPR/ProgrammazionedeiRobot/EsercitazioneairpMio/ros_esercitazione/IIWA/install/interfaces/share/interfaces/hook/pythonpath.dsv'
[2.302s] INFO:colcon.colcon_core.shell:Creating environment hook '/home/nicola/OneDrive/Magistrale/AIRP/AIPR/ProgrammazionedeiRobot/EsercitazioneairpMio/ros_esercitazione/IIWA/install/interfaces/share/interfaces/hook/pythonpath.sh'
[2.304s] Level 1:colcon.colcon_core.environment:checking '/home/nicola/OneDrive/Magistrale/AIRP/AIPR/ProgrammazionedeiRobot/EsercitazioneairpMio/ros_esercitazione/IIWA/install/interfaces/bin'
[2.305s] INFO:colcon.colcon_core.shell:Creating package script '/home/nicola/OneDrive/Magistrale/AIRP/AIPR/ProgrammazionedeiRobot/EsercitazioneairpMio/ros_esercitazione/IIWA/install/interfaces/share/interfaces/package.ps1'
[2.306s] INFO:colcon.colcon_core.shell:Creating package descriptor '/home/nicola/OneDrive/Magistrale/AIRP/AIPR/ProgrammazionedeiRobot/EsercitazioneairpMio/ros_esercitazione/IIWA/install/interfaces/share/interfaces/package.dsv'
[2.308s] INFO:colcon.colcon_core.shell:Creating package script '/home/nicola/OneDrive/Magistrale/AIRP/AIPR/ProgrammazionedeiRobot/EsercitazioneairpMio/ros_esercitazione/IIWA/install/interfaces/share/interfaces/package.sh'
[2.309s] INFO:colcon.colcon_core.shell:Creating package script '/home/nicola/OneDrive/Magistrale/AIRP/AIPR/ProgrammazionedeiRobot/EsercitazioneairpMio/ros_esercitazione/IIWA/install/interfaces/share/interfaces/package.bash'
[2.310s] INFO:colcon.colcon_core.shell:Creating package script '/home/nicola/OneDrive/Magistrale/AIRP/AIPR/ProgrammazionedeiRobot/EsercitazioneairpMio/ros_esercitazione/IIWA/install/interfaces/share/interfaces/package.zsh'
[2.311s] Level 1:colcon.colcon_core.environment:create_file_with_runtime_dependencies(/home/nicola/OneDrive/Magistrale/AIRP/AIPR/ProgrammazionedeiRobot/EsercitazioneairpMio/ros_esercitazione/IIWA/install/interfaces/share/colcon-core/packages/interfaces)
[2.313s] Level 1:colcon.colcon_core.environment:create_environment_scripts_only(interfaces)
[2.313s] Level 1:colcon.colcon_core.environment:checking '/home/nicola/OneDrive/Magistrale/AIRP/AIPR/ProgrammazionedeiRobot/EsercitazioneairpMio/ros_esercitazione/IIWA/install/interfaces' for CMake module files
[2.316s] Level 1:colcon.colcon_core.environment:checking '/home/nicola/OneDrive/Magistrale/AIRP/AIPR/ProgrammazionedeiRobot/EsercitazioneairpMio/ros_esercitazione/IIWA/install/interfaces' for CMake config files
[2.317s] Level 1:colcon.colcon_core.shell:create_environment_hook('interfaces', 'cmake_prefix_path')
[2.318s] INFO:colcon.colcon_core.shell:Creating environment hook '/home/nicola/OneDrive/Magistrale/AIRP/AIPR/ProgrammazionedeiRobot/EsercitazioneairpMio/ros_esercitazione/IIWA/install/interfaces/share/interfaces/hook/cmake_prefix_path.ps1'
[2.319s] INFO:colcon.colcon_core.shell:Creating environment descriptor '/home/nicola/OneDrive/Magistrale/AIRP/AIPR/ProgrammazionedeiRobot/EsercitazioneairpMio/ros_esercitazione/IIWA/install/interfaces/share/interfaces/hook/cmake_prefix_path.dsv'
[2.320s] INFO:colcon.colcon_core.shell:Creating environment hook '/home/nicola/OneDrive/Magistrale/AIRP/AIPR/ProgrammazionedeiRobot/EsercitazioneairpMio/ros_esercitazione/IIWA/install/interfaces/share/interfaces/hook/cmake_prefix_path.sh'
[2.322s] Level 1:colcon.colcon_core.environment:checking '/home/nicola/OneDrive/Magistrale/AIRP/AIPR/ProgrammazionedeiRobot/EsercitazioneairpMio/ros_esercitazione/IIWA/install/interfaces/lib'
[2.322s] Level 1:colcon.colcon_core.shell:create_environment_hook('interfaces', 'ld_library_path_lib')
[2.323s] INFO:colcon.colcon_core.shell:Creating environment hook '/home/nicola/OneDrive/Magistrale/AIRP/AIPR/ProgrammazionedeiRobot/EsercitazioneairpMio/ros_esercitazione/IIWA/install/interfaces/share/interfaces/hook/ld_library_path_lib.ps1'
[2.324s] INFO:colcon.colcon_core.shell:Creating environment descriptor '/home/nicola/OneDrive/Magistrale/AIRP/AIPR/ProgrammazionedeiRobot/EsercitazioneairpMio/ros_esercitazione/IIWA/install/interfaces/share/interfaces/hook/ld_library_path_lib.dsv'
[2.325s] INFO:colcon.colcon_core.shell:Creating environment hook '/home/nicola/OneDrive/Magistrale/AIRP/AIPR/ProgrammazionedeiRobot/EsercitazioneairpMio/ros_esercitazione/IIWA/install/interfaces/share/interfaces/hook/ld_library_path_lib.sh'
[2.326s] Level 1:colcon.colcon_core.environment:checking '/home/nicola/OneDrive/Magistrale/AIRP/AIPR/ProgrammazionedeiRobot/EsercitazioneairpMio/ros_esercitazione/IIWA/install/interfaces/bin'
[2.327s] Level 1:colcon.colcon_core.environment:checking '/home/nicola/OneDrive/Magistrale/AIRP/AIPR/ProgrammazionedeiRobot/EsercitazioneairpMio/ros_esercitazione/IIWA/install/interfaces/lib/pkgconfig/interfaces.pc'
[2.327s] Level 1:colcon.colcon_core.environment:checking '/home/nicola/OneDrive/Magistrale/AIRP/AIPR/ProgrammazionedeiRobot/EsercitazioneairpMio/ros_esercitazione/IIWA/install/interfaces/lib/python3.12/site-packages'
[2.328s] Level 1:colcon.colcon_core.shell:create_environment_hook('interfaces', 'pythonpath')
[2.329s] INFO:colcon.colcon_core.shell:Creating environment hook '/home/nicola/OneDrive/Magistrale/AIRP/AIPR/ProgrammazionedeiRobot/EsercitazioneairpMio/ros_esercitazione/IIWA/install/interfaces/share/interfaces/hook/pythonpath.ps1'
[2.330s] INFO:colcon.colcon_core.shell:Creating environment descriptor '/home/nicola/OneDrive/Magistrale/AIRP/AIPR/ProgrammazionedeiRobot/EsercitazioneairpMio/ros_esercitazione/IIWA/install/interfaces/share/interfaces/hook/pythonpath.dsv'
[2.331s] INFO:colcon.colcon_core.shell:Creating environment hook '/home/nicola/OneDrive/Magistrale/AIRP/AIPR/ProgrammazionedeiRobot/EsercitazioneairpMio/ros_esercitazione/IIWA/install/interfaces/share/interfaces/hook/pythonpath.sh'
[2.333s] Level 1:colcon.colcon_core.environment:checking '/home/nicola/OneDrive/Magistrale/AIRP/AIPR/ProgrammazionedeiRobot/EsercitazioneairpMio/ros_esercitazione/IIWA/install/interfaces/bin'
[2.334s] INFO:colcon.colcon_core.shell:Creating package script '/home/nicola/OneDrive/Magistrale/AIRP/AIPR/ProgrammazionedeiRobot/EsercitazioneairpMio/ros_esercitazione/IIWA/install/interfaces/share/interfaces/package.ps1'
[2.336s] INFO:colcon.colcon_core.shell:Creating package descriptor '/home/nicola/OneDrive/Magistrale/AIRP/AIPR/ProgrammazionedeiRobot/EsercitazioneairpMio/ros_esercitazione/IIWA/install/interfaces/share/interfaces/package.dsv'
[2.337s] INFO:colcon.colcon_core.shell:Creating package script '/home/nicola/OneDrive/Magistrale/AIRP/AIPR/ProgrammazionedeiRobot/EsercitazioneairpMio/ros_esercitazione/IIWA/install/interfaces/share/interfaces/package.sh'
[2.339s] INFO:colcon.colcon_core.shell:Creating package script '/home/nicola/OneDrive/Magistrale/AIRP/AIPR/ProgrammazionedeiRobot/EsercitazioneairpMio/ros_esercitazione/IIWA/install/interfaces/share/interfaces/package.bash'
[2.340s] INFO:colcon.colcon_core.shell:Creating package script '/home/nicola/OneDrive/Magistrale/AIRP/AIPR/ProgrammazionedeiRobot/EsercitazioneairpMio/ros_esercitazione/IIWA/install/interfaces/share/interfaces/package.zsh'
[2.341s] Level 1:colcon.colcon_core.environment:create_file_with_runtime_dependencies(/home/nicola/OneDrive/Magistrale/AIRP/AIPR/ProgrammazionedeiRobot/EsercitazioneairpMio/ros_esercitazione/IIWA/install/interfaces/share/colcon-core/packages/interfaces)
[2.342s] INFO:colcon.colcon_ros.task.ament_cmake.build:Building ROS package in '/home/nicola/OneDrive/Magistrale/AIRP/AIPR/ProgrammazionedeiRobot/EsercitazioneairpMio/ros_esercitazione/IIWA/src/nodes' with build type 'ament_cmake'
[2.342s] INFO:colcon.colcon_cmake.task.cmake.build:Building CMake package in '/home/nicola/OneDrive/Magistrale/AIRP/AIPR/ProgrammazionedeiRobot/EsercitazioneairpMio/ros_esercitazione/IIWA/src/nodes'
[2.343s] INFO:colcon.colcon_core.shell:Skip shell extension 'powershell' for command environment: Not usable outside of PowerShell
[2.343s] DEBUG:colcon.colcon_core.shell:Skip shell extension 'dsv' for command environment
[2.376s] DEBUG:colcon.colcon_core.event_handler.log_command:Invoking command in '/home/nicola/OneDrive/Magistrale/AIRP/AIPR/ProgrammazionedeiRobot/EsercitazioneairpMio/ros_esercitazione/IIWA/build/nodes': CMAKE_PREFIX_PATH=/home/nicola/OneDrive/Magistrale/AIRP/AIPR/ProgrammazionedeiRobot/EsercitazioneairpMio/ros_esercitazione/IIWA/install/interfaces:/home/nicola/OneDrive/Magistrale/AIRP/AIPR/ProgrammazionedeiRobot/EsercitazioneairpMio/ros_esercitazione/IIWA/install/nodes:/home/nicola/OneDrive/Magistrale/AIRP/AIPR/ProgrammazionedeiRobot/EsercitazioneairpMio/ros_esercitazione/IIWA/install/iiwa_config_moveit_config:/home/nicola/OneDrive/Magistrale/AIRP/AIPR/ProgrammazionedeiRobot/EsercitazioneairpMio/ros_esercitazione/IIWA/install/iiwa_config:/home/nicola/OneDrive/Magistrale/AIRP/AIPR/ProgrammazionedeiRobot/EsercitazioneairpMio/ros_esercitazione/IIWA/install/iiwa_description:/home/nicola/OneDrive/Magistrale/AIRP/AIPR/ProgrammazionedeiRobot/EsercitazioneairpMio/ros_esercitazione/IIWA/install/build_scene_package:/home/nicola/Desktop/Esercitazione_airp/IIWA/install/nodes:/home/nicola/Desktop/Esercitazione_airp/IIWA/install/interfaces:/home/nicola/Desktop/Esercitazione_airp/IIWA/install/iiwa_config_moveit_config:/home/nicola/Desktop/Esercitazione_airp/IIWA/install/iiwa_config:/home/nicola/Desktop/Esercitazione_airp/IIWA/install/iiwa_description:/home/nicola/Desktop/Esercitazione_airp/IIWA/install/build_scene_package:/opt/ros/jazzy/opt/sdformat_vendor:/opt/ros/jazzy/opt/gz_math_vendor:/opt/ros/jazzy/opt/gz_utils_vendor:/opt/ros/jazzy/opt/gz_tools_vendor:/opt/ros/jazzy/opt/gz_cmake_vendor:/opt/ros/jazzy DEBUGINFOD_URLS=https://debuginfod.ubuntu.com /usr/bin/cmake --build /home/nicola/OneDrive/Magistrale/AIRP/AIPR/ProgrammazionedeiRobot/EsercitazioneairpMio/ros_esercitazione/IIWA/build/nodes -- -j8 -l8
[19.639s] DEBUG:colcon.colcon_core.event_handler.log_command:Invoked command in '/home/nicola/OneDrive/Magistrale/AIRP/AIPR/ProgrammazionedeiRobot/EsercitazioneairpMio/ros_esercitazione/IIWA/build/nodes' returned '0': CMAKE_PREFIX_PATH=/home/nicola/OneDrive/Magistrale/AIRP/AIPR/ProgrammazionedeiRobot/EsercitazioneairpMio/ros_esercitazione/IIWA/install/interfaces:/home/nicola/OneDrive/Magistrale/AIRP/AIPR/ProgrammazionedeiRobot/EsercitazioneairpMio/ros_esercitazione/IIWA/install/nodes:/home/nicola/OneDrive/Magistrale/AIRP/AIPR/ProgrammazionedeiRobot/EsercitazioneairpMio/ros_esercitazione/IIWA/install/iiwa_config_moveit_config:/home/nicola/OneDrive/Magistrale/AIRP/AIPR/ProgrammazionedeiRobot/EsercitazioneairpMio/ros_esercitazione/IIWA/install/iiwa_config:/home/nicola/OneDrive/Magistrale/AIRP/AIPR/ProgrammazionedeiRobot/EsercitazioneairpMio/ros_esercitazione/IIWA/install/iiwa_description:/home/nicola/OneDrive/Magistrale/AIRP/AIPR/ProgrammazionedeiRobot/EsercitazioneairpMio/ros_esercitazione/IIWA/install/build_scene_package:/home/nicola/Desktop/Esercitazione_airp/IIWA/install/nodes:/home/nicola/Desktop/Esercitazione_airp/IIWA/install/interfaces:/home/nicola/Desktop/Esercitazione_airp/IIWA/install/iiwa_config_moveit_config:/home/nicola/Desktop/Esercitazione_airp/IIWA/install/iiwa_config:/home/nicola/Desktop/Esercitazione_airp/IIWA/install/iiwa_description:/home/nicola/Desktop/Esercitazione_airp/IIWA/install/build_scene_package:/opt/ros/jazzy/opt/sdformat_vendor:/opt/ros/jazzy/opt/gz_math_vendor:/opt/ros/jazzy/opt/gz_utils_vendor:/opt/ros/jazzy/opt/gz_tools_vendor:/opt/ros/jazzy/opt/gz_cmake_vendor:/opt/ros/jazzy DEBUGINFOD_URLS=https://debuginfod.ubuntu.com /usr/bin/cmake --build /home/nicola/OneDrive/Magistrale/AIRP/AIPR/ProgrammazionedeiRobot/EsercitazioneairpMio/ros_esercitazione/IIWA/build/nodes -- -j8 -l8
[19.643s] DEBUG:colcon.colcon_core.event_handler.log_command:Invoking command in '/home/nicola/OneDrive/Magistrale/AIRP/AIPR/ProgrammazionedeiRobot/EsercitazioneairpMio/ros_esercitazione/IIWA/build/nodes': CMAKE_PREFIX_PATH=/home/nicola/OneDrive/Magistrale/AIRP/AIPR/ProgrammazionedeiRobot/EsercitazioneairpMio/ros_esercitazione/IIWA/install/interfaces:/home/nicola/OneDrive/Magistrale/AIRP/AIPR/ProgrammazionedeiRobot/EsercitazioneairpMio/ros_esercitazione/IIWA/install/nodes:/home/nicola/OneDrive/Magistrale/AIRP/AIPR/ProgrammazionedeiRobot/EsercitazioneairpMio/ros_esercitazione/IIWA/install/iiwa_config_moveit_config:/home/nicola/OneDrive/Magistrale/AIRP/AIPR/ProgrammazionedeiRobot/EsercitazioneairpMio/ros_esercitazione/IIWA/install/iiwa_config:/home/nicola/OneDrive/Magistrale/AIRP/AIPR/ProgrammazionedeiRobot/EsercitazioneairpMio/ros_esercitazione/IIWA/install/iiwa_description:/home/nicola/OneDrive/Magistrale/AIRP/AIPR/ProgrammazionedeiRobot/EsercitazioneairpMio/ros_esercitazione/IIWA/install/build_scene_package:/home/nicola/Desktop/Esercitazione_airp/IIWA/install/nodes:/home/nicola/Desktop/Esercitazione_airp/IIWA/install/interfaces:/home/nicola/Desktop/Esercitazione_airp/IIWA/install/iiwa_config_moveit_config:/home/nicola/Desktop/Esercitazione_airp/IIWA/install/iiwa_config:/home/nicola/Desktop/Esercitazione_airp/IIWA/install/iiwa_description:/home/nicola/Desktop/Esercitazione_airp/IIWA/install/build_scene_package:/opt/ros/jazzy/opt/sdformat_vendor:/opt/ros/jazzy/opt/gz_math_vendor:/opt/ros/jazzy/opt/gz_utils_vendor:/opt/ros/jazzy/opt/gz_tools_vendor:/opt/ros/jazzy/opt/gz_cmake_vendor:/opt/ros/jazzy DEBUGINFOD_URLS=https://debuginfod.ubuntu.com /usr/bin/cmake --install /home/nicola/OneDrive/Magistrale/AIRP/AIPR/ProgrammazionedeiRobot/EsercitazioneairpMio/ros_esercitazione/IIWA/build/nodes
[19.690s] Level 1:colcon.colcon_core.environment:create_environment_scripts_only(nodes)
[19.691s] Level 1:colcon.colcon_core.environment:checking '/home/nicola/OneDrive/Magistrale/AIRP/AIPR/ProgrammazionedeiRobot/EsercitazioneairpMio/ros_esercitazione/IIWA/install/nodes' for CMake module files
[19.692s] DEBUG:colcon.colcon_core.event_handler.log_command:Invoked command in '/home/nicola/OneDrive/Magistrale/AIRP/AIPR/ProgrammazionedeiRobot/EsercitazioneairpMio/ros_esercitazione/IIWA/build/nodes' returned '0': CMAKE_PREFIX_PATH=/home/nicola/OneDrive/Magistrale/AIRP/AIPR/ProgrammazionedeiRobot/EsercitazioneairpMio/ros_esercitazione/IIWA/install/interfaces:/home/nicola/OneDrive/Magistrale/AIRP/AIPR/ProgrammazionedeiRobot/EsercitazioneairpMio/ros_esercitazione/IIWA/install/nodes:/home/nicola/OneDrive/Magistrale/AIRP/AIPR/ProgrammazionedeiRobot/EsercitazioneairpMio/ros_esercitazione/IIWA/install/iiwa_config_moveit_config:/home/nicola/OneDrive/Magistrale/AIRP/AIPR/ProgrammazionedeiRobot/EsercitazioneairpMio/ros_esercitazione/IIWA/install/iiwa_config:/home/nicola/OneDrive/Magistrale/AIRP/AIPR/ProgrammazionedeiRobot/EsercitazioneairpMio/ros_esercitazione/IIWA/install/iiwa_description:/home/nicola/OneDrive/Magistrale/AIRP/AIPR/ProgrammazionedeiRobot/EsercitazioneairpMio/ros_esercitazione/IIWA/install/build_scene_package:/home/nicola/Desktop/Esercitazione_airp/IIWA/install/nodes:/home/nicola/Desktop/Esercitazione_airp/IIWA/install/interfaces:/home/nicola/Desktop/Esercitazione_airp/IIWA/install/iiwa_config_moveit_config:/home/nicola/Desktop/Esercitazione_airp/IIWA/install/iiwa_config:/home/nicola/Desktop/Esercitazione_airp/IIWA/install/iiwa_description:/home/nicola/Desktop/Esercitazione_airp/IIWA/install/build_scene_package:/opt/ros/jazzy/opt/sdformat_vendor:/opt/ros/jazzy/opt/gz_math_vendor:/opt/ros/jazzy/opt/gz_utils_vendor:/opt/ros/jazzy/opt/gz_tools_vendor:/opt/ros/jazzy/opt/gz_cmake_vendor:/opt/ros/jazzy DEBUGINFOD_URLS=https://debuginfod.ubuntu.com /usr/bin/cmake --install /home/nicola/OneDrive/Magistrale/AIRP/AIPR/ProgrammazionedeiRobot/EsercitazioneairpMio/ros_esercitazione/IIWA/build/nodes
[19.693s] Level 1:colcon.colcon_core.environment:checking '/home/nicola/OneDrive/Magistrale/AIRP/AIPR/ProgrammazionedeiRobot/EsercitazioneairpMio/ros_esercitazione/IIWA/install/nodes' for CMake config files
[19.694s] Level 1:colcon.colcon_core.shell:create_environment_hook('nodes', 'cmake_prefix_path')
[19.694s] INFO:colcon.colcon_core.shell:Creating environment hook '/home/nicola/OneDrive/Magistrale/AIRP/AIPR/ProgrammazionedeiRobot/EsercitazioneairpMio/ros_esercitazione/IIWA/install/nodes/share/nodes/hook/cmake_prefix_path.ps1'
[19.696s] INFO:colcon.colcon_core.shell:Creating environment descriptor '/home/nicola/OneDrive/Magistrale/AIRP/AIPR/ProgrammazionedeiRobot/EsercitazioneairpMio/ros_esercitazione/IIWA/install/nodes/share/nodes/hook/cmake_prefix_path.dsv'
[19.697s] INFO:colcon.colcon_core.shell:Creating environment hook '/home/nicola/OneDrive/Magistrale/AIRP/AIPR/ProgrammazionedeiRobot/EsercitazioneairpMio/ros_esercitazione/IIWA/install/nodes/share/nodes/hook/cmake_prefix_path.sh'
[19.698s] Level 1:colcon.colcon_core.environment:checking '/home/nicola/OneDrive/Magistrale/AIRP/AIPR/ProgrammazionedeiRobot/EsercitazioneairpMio/ros_esercitazione/IIWA/install/nodes/lib'
[19.699s] Level 1:colcon.colcon_core.environment:checking '/home/nicola/OneDrive/Magistrale/AIRP/AIPR/ProgrammazionedeiRobot/EsercitazioneairpMio/ros_esercitazione/IIWA/install/nodes/bin'
[19.699s] Level 1:colcon.colcon_core.environment:checking '/home/nicola/OneDrive/Magistrale/AIRP/AIPR/ProgrammazionedeiRobot/EsercitazioneairpMio/ros_esercitazione/IIWA/install/nodes/lib/pkgconfig/nodes.pc'
[19.700s] Level 1:colcon.colcon_core.environment:checking '/home/nicola/OneDrive/Magistrale/AIRP/AIPR/ProgrammazionedeiRobot/EsercitazioneairpMio/ros_esercitazione/IIWA/install/nodes/lib/python3.12/site-packages'
[19.700s] Level 1:colcon.colcon_core.environment:checking '/home/nicola/OneDrive/Magistrale/AIRP/AIPR/ProgrammazionedeiRobot/EsercitazioneairpMio/ros_esercitazione/IIWA/install/nodes/bin'
[19.701s] INFO:colcon.colcon_core.shell:Creating package script '/home/nicola/OneDrive/Magistrale/AIRP/AIPR/ProgrammazionedeiRobot/EsercitazioneairpMio/ros_esercitazione/IIWA/install/nodes/share/nodes/package.ps1'
[19.702s] INFO:colcon.colcon_core.shell:Creating package descriptor '/home/nicola/OneDrive/Magistrale/AIRP/AIPR/ProgrammazionedeiRobot/EsercitazioneairpMio/ros_esercitazione/IIWA/install/nodes/share/nodes/package.dsv'
[19.703s] INFO:colcon.colcon_core.shell:Creating package script '/home/nicola/OneDrive/Magistrale/AIRP/AIPR/ProgrammazionedeiRobot/EsercitazioneairpMio/ros_esercitazione/IIWA/install/nodes/share/nodes/package.sh'
[19.703s] INFO:colcon.colcon_core.shell:Creating package script '/home/nicola/OneDrive/Magistrale/AIRP/AIPR/ProgrammazionedeiRobot/EsercitazioneairpMio/ros_esercitazione/IIWA/install/nodes/share/nodes/package.bash'
[19.704s] INFO:colcon.colcon_core.shell:Creating package script '/home/nicola/OneDrive/Magistrale/AIRP/AIPR/ProgrammazionedeiRobot/EsercitazioneairpMio/ros_esercitazione/IIWA/install/nodes/share/nodes/package.zsh'
[19.705s] Level 1:colcon.colcon_core.environment:create_file_with_runtime_dependencies(/home/nicola/OneDrive/Magistrale/AIRP/AIPR/ProgrammazionedeiRobot/EsercitazioneairpMio/ros_esercitazione/IIWA/install/nodes/share/colcon-core/packages/nodes)
[19.706s] Level 1:colcon.colcon_core.environment:create_environment_scripts_only(nodes)
[19.706s] Level 1:colcon.colcon_core.environment:checking '/home/nicola/OneDrive/Magistrale/AIRP/AIPR/ProgrammazionedeiRobot/EsercitazioneairpMio/ros_esercitazione/IIWA/install/nodes' for CMake module files
[19.707s] Level 1:colcon.colcon_core.environment:checking '/home/nicola/OneDrive/Magistrale/AIRP/AIPR/ProgrammazionedeiRobot/EsercitazioneairpMio/ros_esercitazione/IIWA/install/nodes' for CMake config files
[19.708s] Level 1:colcon.colcon_core.shell:create_environment_hook('nodes', 'cmake_prefix_path')
[19.708s] INFO:colcon.colcon_core.shell:Creating environment hook '/home/nicola/OneDrive/Magistrale/AIRP/AIPR/ProgrammazionedeiRobot/EsercitazioneairpMio/ros_esercitazione/IIWA/install/nodes/share/nodes/hook/cmake_prefix_path.ps1'
[19.709s] INFO:colcon.colcon_core.shell:Creating environment descriptor '/home/nicola/OneDrive/Magistrale/AIRP/AIPR/ProgrammazionedeiRobot/EsercitazioneairpMio/ros_esercitazione/IIWA/install/nodes/share/nodes/hook/cmake_prefix_path.dsv'
[19.710s] INFO:colcon.colcon_core.shell:Creating environment hook '/home/nicola/OneDrive/Magistrale/AIRP/AIPR/ProgrammazionedeiRobot/EsercitazioneairpMio/ros_esercitazione/IIWA/install/nodes/share/nodes/hook/cmake_prefix_path.sh'
[19.711s] Level 1:colcon.colcon_core.environment:checking '/home/nicola/OneDrive/Magistrale/AIRP/AIPR/ProgrammazionedeiRobot/EsercitazioneairpMio/ros_esercitazione/IIWA/install/nodes/lib'
[19.711s] Level 1:colcon.colcon_core.environment:checking '/home/nicola/OneDrive/Magistrale/AIRP/AIPR/ProgrammazionedeiRobot/EsercitazioneairpMio/ros_esercitazione/IIWA/install/nodes/bin'
[19.711s] Level 1:colcon.colcon_core.environment:checking '/home/nicola/OneDrive/Magistrale/AIRP/AIPR/ProgrammazionedeiRobot/EsercitazioneairpMio/ros_esercitazione/IIWA/install/nodes/lib/pkgconfig/nodes.pc'
[19.712s] Level 1:colcon.colcon_core.environment:checking '/home/nicola/OneDrive/Magistrale/AIRP/AIPR/ProgrammazionedeiRobot/EsercitazioneairpMio/ros_esercitazione/IIWA/install/nodes/lib/python3.12/site-packages'
[19.712s] Level 1:colcon.colcon_core.environment:checking '/home/nicola/OneDrive/Magistrale/AIRP/AIPR/ProgrammazionedeiRobot/EsercitazioneairpMio/ros_esercitazione/IIWA/install/nodes/bin'
[19.713s] INFO:colcon.colcon_core.shell:Creating package script '/home/nicola/OneDrive/Magistrale/AIRP/AIPR/ProgrammazionedeiRobot/EsercitazioneairpMio/ros_esercitazione/IIWA/install/nodes/share/nodes/package.ps1'
[19.714s] INFO:colcon.colcon_core.shell:Creating package descriptor '/home/nicola/OneDrive/Magistrale/AIRP/AIPR/ProgrammazionedeiRobot/EsercitazioneairpMio/ros_esercitazione/IIWA/install/nodes/share/nodes/package.dsv'
[19.715s] INFO:colcon.colcon_core.shell:Creating package script '/home/nicola/OneDrive/Magistrale/AIRP/AIPR/ProgrammazionedeiRobot/EsercitazioneairpMio/ros_esercitazione/IIWA/install/nodes/share/nodes/package.sh'
[19.715s] INFO:colcon.colcon_core.shell:Creating package script '/home/nicola/OneDrive/Magistrale/AIRP/AIPR/ProgrammazionedeiRobot/EsercitazioneairpMio/ros_esercitazione/IIWA/install/nodes/share/nodes/package.bash'
[19.716s] INFO:colcon.colcon_core.shell:Creating package script '/home/nicola/OneDrive/Magistrale/AIRP/AIPR/ProgrammazionedeiRobot/EsercitazioneairpMio/ros_esercitazione/IIWA/install/nodes/share/nodes/package.zsh'
[19.717s] Level 1:colcon.colcon_core.environment:create_file_with_runtime_dependencies(/home/nicola/OneDrive/Magistrale/AIRP/AIPR/ProgrammazionedeiRobot/EsercitazioneairpMio/ros_esercitazione/IIWA/install/nodes/share/colcon-core/packages/nodes)
[19.718s] DEBUG:colcon.colcon_parallel_executor.executor.parallel:closing loop
[19.718s] DEBUG:colcon.colcon_parallel_executor.executor.parallel:loop closed
[19.718s] DEBUG:colcon.colcon_parallel_executor.executor.parallel:run_until_complete finished with '0'
[19.719s] DEBUG:colcon.colcon_core.event_reactor:joining thread
[19.731s] INFO:colcon.colcon_core.plugin_system:Skipping extension 'colcon_notification.desktop_notification.terminal_notifier': Not used on non-Darwin systems
[19.731s] INFO:colcon.colcon_core.plugin_system:Skipping extension 'colcon_notification.desktop_notification.win32': Not used on non-Windows systems
[19.731s] INFO:colcon.colcon_notification.desktop_notification:Sending desktop notification using 'notify2'
[19.764s] DEBUG:colcon.colcon_core.event_reactor:joined thread
[19.765s] INFO:colcon.colcon_core.shell:Creating prefix script '/home/nicola/OneDrive/Magistrale/AIRP/AIPR/ProgrammazionedeiRobot/EsercitazioneairpMio/ros_esercitazione/IIWA/install/local_setup.ps1'
[19.767s] INFO:colcon.colcon_core.shell:Creating prefix util module '/home/nicola/OneDrive/Magistrale/AIRP/AIPR/ProgrammazionedeiRobot/EsercitazioneairpMio/ros_esercitazione/IIWA/install/_local_setup_util_ps1.py'
[19.770s] INFO:colcon.colcon_core.shell:Creating prefix chain script '/home/nicola/OneDrive/Magistrale/AIRP/AIPR/ProgrammazionedeiRobot/EsercitazioneairpMio/ros_esercitazione/IIWA/install/setup.ps1'
[19.773s] INFO:colcon.colcon_core.shell:Creating prefix script '/home/nicola/OneDrive/Magistrale/AIRP/AIPR/ProgrammazionedeiRobot/EsercitazioneairpMio/ros_esercitazione/IIWA/install/local_setup.sh'
[19.775s] INFO:colcon.colcon_core.shell:Creating prefix util module '/home/nicola/OneDrive/Magistrale/AIRP/AIPR/ProgrammazionedeiRobot/EsercitazioneairpMio/ros_esercitazione/IIWA/install/_local_setup_util_sh.py'
[19.776s] INFO:colcon.colcon_core.shell:Creating prefix chain script '/home/nicola/OneDrive/Magistrale/AIRP/AIPR/ProgrammazionedeiRobot/EsercitazioneairpMio/ros_esercitazione/IIWA/install/setup.sh'
[19.778s] INFO:colcon.colcon_core.shell:Creating prefix script '/home/nicola/OneDrive/Magistrale/AIRP/AIPR/ProgrammazionedeiRobot/EsercitazioneairpMio/ros_esercitazione/IIWA/install/local_setup.bash'
[19.779s] INFO:colcon.colcon_core.shell:Creating prefix chain script '/home/nicola/OneDrive/Magistrale/AIRP/AIPR/ProgrammazionedeiRobot/EsercitazioneairpMio/ros_esercitazione/IIWA/install/setup.bash'
[19.782s] INFO:colcon.colcon_core.shell:Creating prefix script '/home/nicola/OneDrive/Magistrale/AIRP/AIPR/ProgrammazionedeiRobot/EsercitazioneairpMio/ros_esercitazione/IIWA/install/local_setup.zsh'
[19.783s] INFO:colcon.colcon_core.shell:Creating prefix chain script '/home/nicola/OneDrive/Magistrale/AIRP/AIPR/ProgrammazionedeiRobot/EsercitazioneairpMio/ros_esercitazione/IIWA/install/setup.zsh'
