[0.060s] Invoking command in '/home/nicola/Desktop/Progetto_Sapore/build/robot_skill': CMAKE_PREFIX_PATH=${CMAKE_PREFIX_PATH}:/opt/ros/jazzy DEBUGINFOD_URLS=https://debuginfod.ubuntu.com /usr/bin/cmake --build /home/nicola/Desktop/Progetto_Sapore/build/robot_skill -- -j8 -l8
[0.191s] Invoked command in '/home/nicola/Desktop/Progetto_Sapore/build/robot_skill' returned '0': CMAKE_PREFIX_PATH=${CMAKE_PREFIX_PATH}:/opt/ros/jazzy DEBUGINFOD_URLS=https://debuginfod.ubuntu.com /usr/bin/cmake --build /home/nicola/Desktop/Progetto_Sapore/build/robot_skill -- -j8 -l8
[0.198s] Invoking command in '/home/nicola/Desktop/Progetto_Sapore/build/robot_skill': CMAKE_PREFIX_PATH=${CMAKE_PREFIX_PATH}:/opt/ros/jazzy DEBUGINFOD_URLS=https://debuginfod.ubuntu.com /usr/bin/cmake --install /home/nicola/Desktop/Progetto_Sapore/build/robot_skill
[0.310s] -- Install configuration: ""
[0.310s] -- Up-to-date: /home/nicola/Desktop/Progetto_Sapore/install/robot_skill/share/ament_index/resource_index/package_run_dependencies/robot_skill
[0.310s] -- Up-to-date: /home/nicola/Desktop/Progetto_Sapore/install/robot_skill/share/ament_index/resource_index/parent_prefix_path/robot_skill
[0.316s] -- Up-to-date: /home/nicola/Desktop/Progetto_Sapore/install/robot_skill/share/robot_skill/environment/ament_prefix_path.sh
[0.316s] -- Up-to-date: /home/nicola/Desktop/Progetto_Sapore/install/robot_skill/share/robot_skill/environment/ament_prefix_path.dsv
[0.317s] -- Up-to-date: /home/nicola/Desktop/Progetto_Sapore/install/robot_skill/share/robot_skill/environment/path.sh
[0.329s] -- Up-to-date: /home/nicola/Desktop/Progetto_Sapore/install/robot_skill/share/robot_skill/environment/path.dsv
[0.330s] -- Up-to-date: /home/nicola/Desktop/Progetto_Sapore/install/robot_skill/share/robot_skill/local_setup.bash
[0.330s] -- Up-to-date: /home/nicola/Desktop/Progetto_Sapore/install/robot_skill/share/robot_skill/local_setup.sh
[0.330s] -- Up-to-date: /home/nicola/Desktop/Progetto_Sapore/install/robot_skill/share/robot_skill/local_setup.zsh
[0.334s] -- Up-to-date: /home/nicola/Desktop/Progetto_Sapore/install/robot_skill/share/robot_skill/local_setup.dsv
[0.334s] -- Installing: /home/nicola/Desktop/Progetto_Sapore/install/robot_skill/share/robot_skill/package.dsv
[0.334s] -- Up-to-date: /home/nicola/Desktop/Progetto_Sapore/install/robot_skill/share/ament_index/resource_index/packages/robot_skill
[0.335s] -- Up-to-date: /home/nicola/Desktop/Progetto_Sapore/install/robot_skill/share/robot_skill/cmake/robot_skillConfig.cmake
[0.335s] -- Up-to-date: /home/nicola/Desktop/Progetto_Sapore/install/robot_skill/share/robot_skill/cmake/robot_skillConfig-version.cmake
[0.335s] -- Up-to-date: /home/nicola/Desktop/Progetto_Sapore/install/robot_skill/share/robot_skill/package.xml
[0.387s] Invoked command in '/home/nicola/Desktop/Progetto_Sapore/build/robot_skill' returned '0': CMAKE_PREFIX_PATH=${CMAKE_PREFIX_PATH}:/opt/ros/jazzy DEBUGINFOD_URLS=https://debuginfod.ubuntu.com /usr/bin/cmake --install /home/nicola/Desktop/Progetto_Sapore/build/robot_skill
