[0.084s] DEBUG:colcon:Command line arguments: ['/usr/bin/colcon', 'build']
[0.084s] DEBUG:colcon:Parsed command line arguments: Namespace(log_base=None, log_level=None, verb_name='build', build_base='build', install_base='install', merge_install=False, symlink_install=False, test_result_base=None, continue_on_error=False, executor='parallel', parallel_workers=8, event_handlers=None, ignore_user_meta=False, metas=['./colcon.meta'], base_paths=['.'], packages_ignore=None, packages_ignore_regex=None, paths=None, packages_up_to=None, packages_up_to_regex=None, packages_above=None, packages_above_and_dependencies=None, packages_above_depth=None, packages_select_by_dep=None, packages_skip_by_dep=None, packages_skip_up_to=None, packages_select_build_failed=False, packages_skip_build_finished=False, packages_select_test_failures=False, packages_skip_test_passed=False, packages_select=None, packages_skip=None, packages_select_regex=None, packages_skip_regex=None, packages_start=None, packages_end=None, allow_overriding=[], cmake_args=None, cmake_target=None, cmake_target_skip_unavailable=False, cmake_clean_cache=False, cmake_clean_first=False, cmake_force_configure=False, ament_cmake_args=None, catkin_cmake_args=None, catkin_skip_building_tests=False, mixin_files=None, mixin=None, verb_parser=<colcon_mixin.mixin.mixin_argument.MixinArgumentDecorator object at 0x7b1e85490860>, verb_extension=<colcon_core.verb.build.BuildVerb object at 0x7b1e84998f80>, main=<bound method BuildVerb.main of <colcon_core.verb.build.BuildVerb object at 0x7b1e84998f80>>, mixin_verb=('build',))
[0.113s] Level 1:colcon.colcon_core.package_discovery:discover_packages(colcon_meta) check parameters
[0.113s] Level 1:colcon.colcon_core.package_discovery:discover_packages(recursive) check parameters
[0.113s] Level 1:colcon.colcon_core.package_discovery:discover_packages(ignore) check parameters
[0.113s] Level 1:colcon.colcon_core.package_discovery:discover_packages(path) check parameters
[0.113s] Level 1:colcon.colcon_core.package_discovery:discover_packages(colcon_meta) discover
[0.113s] Level 1:colcon.colcon_core.package_discovery:discover_packages(recursive) discover
[0.113s] INFO:colcon.colcon_core.package_discovery:Crawling recursively for packages in '/home/nicola/Desktop/Progetto_Sapore'
[0.113s] Level 1:colcon.colcon_core.package_identification:_identify(.) by extensions ['ignore', 'ignore_ament_install']
[0.113s] Level 1:colcon.colcon_core.package_identification:_identify(.) by extension 'ignore'
[0.113s] Level 1:colcon.colcon_core.package_identification:_identify(.) by extension 'ignore_ament_install'
[0.113s] Level 1:colcon.colcon_core.package_identification:_identify(.) by extensions ['colcon_pkg']
[0.113s] Level 1:colcon.colcon_core.package_identification:_identify(.) by extension 'colcon_pkg'
[0.113s] Level 1:colcon.colcon_core.package_identification:_identify(.) by extensions ['colcon_meta']
[0.113s] Level 1:colcon.colcon_core.package_identification:_identify(.) by extension 'colcon_meta'
[0.113s] Level 1:colcon.colcon_core.package_identification:_identify(.) by extensions ['ros']
[0.113s] Level 1:colcon.colcon_core.package_identification:_identify(.) by extension 'ros'
[0.131s] Level 1:colcon.colcon_core.package_identification:_identify(.) by extensions ['cmake', 'python']
[0.132s] Level 1:colcon.colcon_core.package_identification:_identify(.) by extension 'cmake'
[0.132s] Level 1:colcon.colcon_core.package_identification:_identify(.) by extension 'python'
[0.132s] Level 1:colcon.colcon_core.package_identification:_identify(.) by extensions ['python_setup_py']
[0.132s] Level 1:colcon.colcon_core.package_identification:_identify(.) by extension 'python_setup_py'
[0.132s] Level 1:colcon.colcon_core.package_identification:_identify(build) by extensions ['ignore', 'ignore_ament_install']
[0.132s] Level 1:colcon.colcon_core.package_identification:_identify(build) by extension 'ignore'
[0.132s] Level 1:colcon.colcon_core.package_identification:_identify(build) ignored
[0.132s] Level 1:colcon.colcon_core.package_identification:_identify(install) by extensions ['ignore', 'ignore_ament_install']
[0.132s] Level 1:colcon.colcon_core.package_identification:_identify(install) by extension 'ignore'
[0.132s] Level 1:colcon.colcon_core.package_identification:_identify(install) ignored
[0.133s] Level 1:colcon.colcon_core.package_identification:_identify(log) by extensions ['ignore', 'ignore_ament_install']
[0.133s] Level 1:colcon.colcon_core.package_identification:_identify(log) by extension 'ignore'
[0.133s] Level 1:colcon.colcon_core.package_identification:_identify(log) ignored
[0.133s] Level 1:colcon.colcon_core.package_identification:_identify(src) by extensions ['ignore', 'ignore_ament_install']
[0.133s] Level 1:colcon.colcon_core.package_identification:_identify(src) by extension 'ignore'
[0.133s] Level 1:colcon.colcon_core.package_identification:_identify(src) by extension 'ignore_ament_install'
[0.133s] Level 1:colcon.colcon_core.package_identification:_identify(src) by extensions ['colcon_pkg']
[0.133s] Level 1:colcon.colcon_core.package_identification:_identify(src) by extension 'colcon_pkg'
[0.133s] Level 1:colcon.colcon_core.package_identification:_identify(src) by extensions ['colcon_meta']
[0.133s] Level 1:colcon.colcon_core.package_identification:_identify(src) by extension 'colcon_meta'
[0.133s] Level 1:colcon.colcon_core.package_identification:_identify(src) by extensions ['ros']
[0.133s] Level 1:colcon.colcon_core.package_identification:_identify(src) by extension 'ros'
[0.133s] Level 1:colcon.colcon_core.package_identification:_identify(src) by extensions ['cmake', 'python']
[0.133s] Level 1:colcon.colcon_core.package_identification:_identify(src) by extension 'cmake'
[0.133s] Level 1:colcon.colcon_core.package_identification:_identify(src) by extension 'python'
[0.133s] Level 1:colcon.colcon_core.package_identification:_identify(src) by extensions ['python_setup_py']
[0.133s] Level 1:colcon.colcon_core.package_identification:_identify(src) by extension 'python_setup_py'
[0.134s] Level 1:colcon.colcon_core.package_identification:_identify(src/build_scene_package) by extensions ['ignore', 'ignore_ament_install']
[0.134s] Level 1:colcon.colcon_core.package_identification:_identify(src/build_scene_package) by extension 'ignore'
[0.134s] Level 1:colcon.colcon_core.package_identification:_identify(src/build_scene_package) by extension 'ignore_ament_install'
[0.134s] Level 1:colcon.colcon_core.package_identification:_identify(src/build_scene_package) by extensions ['colcon_pkg']
[0.134s] Level 1:colcon.colcon_core.package_identification:_identify(src/build_scene_package) by extension 'colcon_pkg'
[0.134s] Level 1:colcon.colcon_core.package_identification:_identify(src/build_scene_package) by extensions ['colcon_meta']
[0.134s] Level 1:colcon.colcon_core.package_identification:_identify(src/build_scene_package) by extension 'colcon_meta'
[0.134s] Level 1:colcon.colcon_core.package_identification:_identify(src/build_scene_package) by extensions ['ros']
[0.134s] Level 1:colcon.colcon_core.package_identification:_identify(src/build_scene_package) by extension 'ros'
[0.136s] DEBUG:colcon.colcon_core.package_identification:Package 'src/build_scene_package' with type 'ros.ament_cmake' and name 'build_scene_package'
[0.136s] Level 1:colcon.colcon_core.package_identification:_identify(src/iiwa_config_moveit_config) by extensions ['ignore', 'ignore_ament_install']
[0.136s] Level 1:colcon.colcon_core.package_identification:_identify(src/iiwa_config_moveit_config) by extension 'ignore'
[0.137s] Level 1:colcon.colcon_core.package_identification:_identify(src/iiwa_config_moveit_config) by extension 'ignore_ament_install'
[0.137s] Level 1:colcon.colcon_core.package_identification:_identify(src/iiwa_config_moveit_config) by extensions ['colcon_pkg']
[0.137s] Level 1:colcon.colcon_core.package_identification:_identify(src/iiwa_config_moveit_config) by extension 'colcon_pkg'
[0.137s] Level 1:colcon.colcon_core.package_identification:_identify(src/iiwa_config_moveit_config) by extensions ['colcon_meta']
[0.137s] Level 1:colcon.colcon_core.package_identification:_identify(src/iiwa_config_moveit_config) by extension 'colcon_meta'
[0.137s] Level 1:colcon.colcon_core.package_identification:_identify(src/iiwa_config_moveit_config) by extensions ['ros']
[0.137s] Level 1:colcon.colcon_core.package_identification:_identify(src/iiwa_config_moveit_config) by extension 'ros'
[0.137s] DEBUG:colcon.colcon_core.package_identification:Package 'src/iiwa_config_moveit_config' with type 'ros.ament_cmake' and name 'iiwa_config_moveit_config'
[0.137s] Level 1:colcon.colcon_core.package_identification:_identify(src/iiwa_description) by extensions ['ignore', 'ignore_ament_install']
[0.137s] Level 1:colcon.colcon_core.package_identification:_identify(src/iiwa_description) by extension 'ignore'
[0.138s] Level 1:colcon.colcon_core.package_identification:_identify(src/iiwa_description) by extension 'ignore_ament_install'
[0.138s] Level 1:colcon.colcon_core.package_identification:_identify(src/iiwa_description) by extensions ['colcon_pkg']
[0.138s] Level 1:colcon.colcon_core.package_identification:_identify(src/iiwa_description) by extension 'colcon_pkg'
[0.138s] Level 1:colcon.colcon_core.package_identification:_identify(src/iiwa_description) by extensions ['colcon_meta']
[0.138s] Level 1:colcon.colcon_core.package_identification:_identify(src/iiwa_description) by extension 'colcon_meta'
[0.138s] Level 1:colcon.colcon_core.package_identification:_identify(src/iiwa_description) by extensions ['ros']
[0.138s] Level 1:colcon.colcon_core.package_identification:_identify(src/iiwa_description) by extension 'ros'
[0.138s] DEBUG:colcon.colcon_core.package_identification:Package 'src/iiwa_description' with type 'ros.ament_cmake' and name 'iiwa_description'
[0.138s] Level 1:colcon.colcon_core.package_identification:_identify(src/interfaces) by extensions ['ignore', 'ignore_ament_install']
[0.138s] Level 1:colcon.colcon_core.package_identification:_identify(src/interfaces) by extension 'ignore'
[0.138s] Level 1:colcon.colcon_core.package_identification:_identify(src/interfaces) by extension 'ignore_ament_install'
[0.138s] Level 1:colcon.colcon_core.package_identification:_identify(src/interfaces) by extensions ['colcon_pkg']
[0.139s] Level 1:colcon.colcon_core.package_identification:_identify(src/interfaces) by extension 'colcon_pkg'
[0.139s] Level 1:colcon.colcon_core.package_identification:_identify(src/interfaces) by extensions ['colcon_meta']
[0.139s] Level 1:colcon.colcon_core.package_identification:_identify(src/interfaces) by extension 'colcon_meta'
[0.139s] Level 1:colcon.colcon_core.package_identification:_identify(src/interfaces) by extensions ['ros']
[0.139s] Level 1:colcon.colcon_core.package_identification:_identify(src/interfaces) by extension 'ros'
[0.139s] DEBUG:colcon.colcon_core.package_identification:Package 'src/interfaces' with type 'ros.ament_cmake' and name 'interfaces'
[0.139s] Level 1:colcon.colcon_core.package_identification:_identify(src/nodes) by extensions ['ignore', 'ignore_ament_install']
[0.139s] Level 1:colcon.colcon_core.package_identification:_identify(src/nodes) by extension 'ignore'
[0.139s] Level 1:colcon.colcon_core.package_identification:_identify(src/nodes) by extension 'ignore_ament_install'
[0.139s] Level 1:colcon.colcon_core.package_identification:_identify(src/nodes) by extensions ['colcon_pkg']
[0.139s] Level 1:colcon.colcon_core.package_identification:_identify(src/nodes) by extension 'colcon_pkg'
[0.139s] Level 1:colcon.colcon_core.package_identification:_identify(src/nodes) by extensions ['colcon_meta']
[0.139s] Level 1:colcon.colcon_core.package_identification:_identify(src/nodes) by extension 'colcon_meta'
[0.139s] Level 1:colcon.colcon_core.package_identification:_identify(src/nodes) by extensions ['ros']
[0.140s] Level 1:colcon.colcon_core.package_identification:_identify(src/nodes) by extension 'ros'
[0.140s] DEBUG:colcon.colcon_core.package_identification:Package 'src/nodes' with type 'ros.ament_cmake' and name 'nodes'
[0.140s] Level 1:colcon.colcon_core.package_identification:_identify(src/validate_trajectory) by extensions ['ignore', 'ignore_ament_install']
[0.140s] Level 1:colcon.colcon_core.package_identification:_identify(src/validate_trajectory) by extension 'ignore'
[0.140s] Level 1:colcon.colcon_core.package_identification:_identify(src/validate_trajectory) by extension 'ignore_ament_install'
[0.140s] Level 1:colcon.colcon_core.package_identification:_identify(src/validate_trajectory) by extensions ['colcon_pkg']
[0.141s] Level 1:colcon.colcon_core.package_identification:_identify(src/validate_trajectory) by extension 'colcon_pkg'
[0.141s] Level 1:colcon.colcon_core.package_identification:_identify(src/validate_trajectory) by extensions ['colcon_meta']
[0.141s] Level 1:colcon.colcon_core.package_identification:_identify(src/validate_trajectory) by extension 'colcon_meta'
[0.141s] Level 1:colcon.colcon_core.package_identification:_identify(src/validate_trajectory) by extensions ['ros']
[0.141s] Level 1:colcon.colcon_core.package_identification:_identify(src/validate_trajectory) by extension 'ros'
[0.141s] DEBUG:colcon.colcon_core.package_identification:Package 'src/validate_trajectory' with type 'ros.ament_cmake' and name 'validate_trajectory'
[0.141s] Level 1:colcon.colcon_core.package_discovery:discover_packages(recursive) using defaults
[0.141s] Level 1:colcon.colcon_core.package_discovery:discover_packages(ignore) discover
[0.141s] Level 1:colcon.colcon_core.package_discovery:discover_packages(ignore) using defaults
[0.141s] Level 1:colcon.colcon_core.package_discovery:discover_packages(path) discover
[0.141s] Level 1:colcon.colcon_core.package_discovery:discover_packages(path) using defaults
[0.153s] Level 1:colcon.colcon_core.package_discovery:discover_packages(prefix_path) check parameters
[0.153s] Level 1:colcon.colcon_core.package_discovery:discover_packages(prefix_path) discover
[0.155s] DEBUG:colcon.colcon_installed_package_information.package_discovery:Found 6 installed packages in /home/nicola/Desktop/Progetto_Sapore/install
[0.156s] DEBUG:colcon.colcon_installed_package_information.package_discovery:Found 388 installed packages in /opt/ros/jazzy
[0.157s] Level 1:colcon.colcon_core.package_discovery:discover_packages(prefix_path) using defaults
[0.195s] Level 5:colcon.colcon_core.verb:set package 'build_scene_package' build argument 'cmake_args' from command line to 'None'
[0.195s] Level 5:colcon.colcon_core.verb:set package 'build_scene_package' build argument 'cmake_target' from command line to 'None'
[0.195s] Level 5:colcon.colcon_core.verb:set package 'build_scene_package' build argument 'cmake_target_skip_unavailable' from command line to 'False'
[0.195s] Level 5:colcon.colcon_core.verb:set package 'build_scene_package' build argument 'cmake_clean_cache' from command line to 'False'
[0.195s] Level 5:colcon.colcon_core.verb:set package 'build_scene_package' build argument 'cmake_clean_first' from command line to 'False'
[0.195s] Level 5:colcon.colcon_core.verb:set package 'build_scene_package' build argument 'cmake_force_configure' from command line to 'False'
[0.195s] Level 5:colcon.colcon_core.verb:set package 'build_scene_package' build argument 'ament_cmake_args' from command line to 'None'
[0.195s] Level 5:colcon.colcon_core.verb:set package 'build_scene_package' build argument 'catkin_cmake_args' from command line to 'None'
[0.195s] Level 5:colcon.colcon_core.verb:set package 'build_scene_package' build argument 'catkin_skip_building_tests' from command line to 'False'
[0.195s] DEBUG:colcon.colcon_core.verb:Building package 'build_scene_package' with the following arguments: {'ament_cmake_args': None, 'build_base': '/home/nicola/Desktop/Progetto_Sapore/build/build_scene_package', 'catkin_cmake_args': None, 'catkin_skip_building_tests': False, 'cmake_args': None, 'cmake_clean_cache': False, 'cmake_clean_first': False, 'cmake_force_configure': False, 'cmake_target': None, 'cmake_target_skip_unavailable': False, 'install_base': '/home/nicola/Desktop/Progetto_Sapore/install/build_scene_package', 'merge_install': False, 'path': '/home/nicola/Desktop/Progetto_Sapore/src/build_scene_package', 'symlink_install': False, 'test_result_base': None}
[0.196s] Level 5:colcon.colcon_core.verb:set package 'iiwa_description' build argument 'cmake_args' from command line to 'None'
[0.196s] Level 5:colcon.colcon_core.verb:set package 'iiwa_description' build argument 'cmake_target' from command line to 'None'
[0.196s] Level 5:colcon.colcon_core.verb:set package 'iiwa_description' build argument 'cmake_target_skip_unavailable' from command line to 'False'
[0.196s] Level 5:colcon.colcon_core.verb:set package 'iiwa_description' build argument 'cmake_clean_cache' from command line to 'False'
[0.196s] Level 5:colcon.colcon_core.verb:set package 'iiwa_description' build argument 'cmake_clean_first' from command line to 'False'
[0.196s] Level 5:colcon.colcon_core.verb:set package 'iiwa_description' build argument 'cmake_force_configure' from command line to 'False'
[0.196s] Level 5:colcon.colcon_core.verb:set package 'iiwa_description' build argument 'ament_cmake_args' from command line to 'None'
[0.196s] Level 5:colcon.colcon_core.verb:set package 'iiwa_description' build argument 'catkin_cmake_args' from command line to 'None'
[0.196s] Level 5:colcon.colcon_core.verb:set package 'iiwa_description' build argument 'catkin_skip_building_tests' from command line to 'False'
[0.196s] DEBUG:colcon.colcon_core.verb:Building package 'iiwa_description' with the following arguments: {'ament_cmake_args': None, 'build_base': '/home/nicola/Desktop/Progetto_Sapore/build/iiwa_description', 'catkin_cmake_args': None, 'catkin_skip_building_tests': False, 'cmake_args': None, 'cmake_clean_cache': False, 'cmake_clean_first': False, 'cmake_force_configure': False, 'cmake_target': None, 'cmake_target_skip_unavailable': False, 'install_base': '/home/nicola/Desktop/Progetto_Sapore/install/iiwa_description', 'merge_install': False, 'path': '/home/nicola/Desktop/Progetto_Sapore/src/iiwa_description', 'symlink_install': False, 'test_result_base': None}
[0.196s] Level 5:colcon.colcon_core.verb:set package 'interfaces' build argument 'cmake_args' from command line to 'None'
[0.196s] Level 5:colcon.colcon_core.verb:set package 'interfaces' build argument 'cmake_target' from command line to 'None'
[0.196s] Level 5:colcon.colcon_core.verb:set package 'interfaces' build argument 'cmake_target_skip_unavailable' from command line to 'False'
[0.196s] Level 5:colcon.colcon_core.verb:set package 'interfaces' build argument 'cmake_clean_cache' from command line to 'False'
[0.196s] Level 5:colcon.colcon_core.verb:set package 'interfaces' build argument 'cmake_clean_first' from command line to 'False'
[0.196s] Level 5:colcon.colcon_core.verb:set package 'interfaces' build argument 'cmake_force_configure' from command line to 'False'
[0.196s] Level 5:colcon.colcon_core.verb:set package 'interfaces' build argument 'ament_cmake_args' from command line to 'None'
[0.196s] Level 5:colcon.colcon_core.verb:set package 'interfaces' build argument 'catkin_cmake_args' from command line to 'None'
[0.196s] Level 5:colcon.colcon_core.verb:set package 'interfaces' build argument 'catkin_skip_building_tests' from command line to 'False'
[0.196s] DEBUG:colcon.colcon_core.verb:Building package 'interfaces' with the following arguments: {'ament_cmake_args': None, 'build_base': '/home/nicola/Desktop/Progetto_Sapore/build/interfaces', 'catkin_cmake_args': None, 'catkin_skip_building_tests': False, 'cmake_args': None, 'cmake_clean_cache': False, 'cmake_clean_first': False, 'cmake_force_configure': False, 'cmake_target': None, 'cmake_target_skip_unavailable': False, 'install_base': '/home/nicola/Desktop/Progetto_Sapore/install/interfaces', 'merge_install': False, 'path': '/home/nicola/Desktop/Progetto_Sapore/src/interfaces', 'symlink_install': False, 'test_result_base': None}
[0.196s] Level 5:colcon.colcon_core.verb:set package 'validate_trajectory' build argument 'cmake_args' from command line to 'None'
[0.196s] Level 5:colcon.colcon_core.verb:set package 'validate_trajectory' build argument 'cmake_target' from command line to 'None'
[0.196s] Level 5:colcon.colcon_core.verb:set package 'validate_trajectory' build argument 'cmake_target_skip_unavailable' from command line to 'False'
[0.196s] Level 5:colcon.colcon_core.verb:set package 'validate_trajectory' build argument 'cmake_clean_cache' from command line to 'False'
[0.196s] Level 5:colcon.colcon_core.verb:set package 'validate_trajectory' build argument 'cmake_clean_first' from command line to 'False'
[0.196s] Level 5:colcon.colcon_core.verb:set package 'validate_trajectory' build argument 'cmake_force_configure' from command line to 'False'
[0.196s] Level 5:colcon.colcon_core.verb:set package 'validate_trajectory' build argument 'ament_cmake_args' from command line to 'None'
[0.196s] Level 5:colcon.colcon_core.verb:set package 'validate_trajectory' build argument 'catkin_cmake_args' from command line to 'None'
[0.196s] Level 5:colcon.colcon_core.verb:set package 'validate_trajectory' build argument 'catkin_skip_building_tests' from command line to 'False'
[0.196s] DEBUG:colcon.colcon_core.verb:Building package 'validate_trajectory' with the following arguments: {'ament_cmake_args': None, 'build_base': '/home/nicola/Desktop/Progetto_Sapore/build/validate_trajectory', 'catkin_cmake_args': None, 'catkin_skip_building_tests': False, 'cmake_args': None, 'cmake_clean_cache': False, 'cmake_clean_first': False, 'cmake_force_configure': False, 'cmake_target': None, 'cmake_target_skip_unavailable': False, 'install_base': '/home/nicola/Desktop/Progetto_Sapore/install/validate_trajectory', 'merge_install': False, 'path': '/home/nicola/Desktop/Progetto_Sapore/src/validate_trajectory', 'symlink_install': False, 'test_result_base': None}
[0.197s] Level 5:colcon.colcon_core.verb:set package 'iiwa_config_moveit_config' build argument 'cmake_args' from command line to 'None'
[0.197s] Level 5:colcon.colcon_core.verb:set package 'iiwa_config_moveit_config' build argument 'cmake_target' from command line to 'None'
[0.197s] Level 5:colcon.colcon_core.verb:set package 'iiwa_config_moveit_config' build argument 'cmake_target_skip_unavailable' from command line to 'False'
[0.197s] Level 5:colcon.colcon_core.verb:set package 'iiwa_config_moveit_config' build argument 'cmake_clean_cache' from command line to 'False'
[0.197s] Level 5:colcon.colcon_core.verb:set package 'iiwa_config_moveit_config' build argument 'cmake_clean_first' from command line to 'False'
[0.197s] Level 5:colcon.colcon_core.verb:set package 'iiwa_config_moveit_config' build argument 'cmake_force_configure' from command line to 'False'
[0.197s] Level 5:colcon.colcon_core.verb:set package 'iiwa_config_moveit_config' build argument 'ament_cmake_args' from command line to 'None'
[0.197s] Level 5:colcon.colcon_core.verb:set package 'iiwa_config_moveit_config' build argument 'catkin_cmake_args' from command line to 'None'
[0.197s] Level 5:colcon.colcon_core.verb:set package 'iiwa_config_moveit_config' build argument 'catkin_skip_building_tests' from command line to 'False'
[0.197s] DEBUG:colcon.colcon_core.verb:Building package 'iiwa_config_moveit_config' with the following arguments: {'ament_cmake_args': None, 'build_base': '/home/nicola/Desktop/Progetto_Sapore/build/iiwa_config_moveit_config', 'catkin_cmake_args': None, 'catkin_skip_building_tests': False, 'cmake_args': None, 'cmake_clean_cache': False, 'cmake_clean_first': False, 'cmake_force_configure': False, 'cmake_target': None, 'cmake_target_skip_unavailable': False, 'install_base': '/home/nicola/Desktop/Progetto_Sapore/install/iiwa_config_moveit_config', 'merge_install': False, 'path': '/home/nicola/Desktop/Progetto_Sapore/src/iiwa_config_moveit_config', 'symlink_install': False, 'test_result_base': None}
[0.197s] Level 5:colcon.colcon_core.verb:set package 'nodes' build argument 'cmake_args' from command line to 'None'
[0.197s] Level 5:colcon.colcon_core.verb:set package 'nodes' build argument 'cmake_target' from command line to 'None'
[0.197s] Level 5:colcon.colcon_core.verb:set package 'nodes' build argument 'cmake_target_skip_unavailable' from command line to 'False'
[0.197s] Level 5:colcon.colcon_core.verb:set package 'nodes' build argument 'cmake_clean_cache' from command line to 'False'
[0.197s] Level 5:colcon.colcon_core.verb:set package 'nodes' build argument 'cmake_clean_first' from command line to 'False'
[0.197s] Level 5:colcon.colcon_core.verb:set package 'nodes' build argument 'cmake_force_configure' from command line to 'False'
[0.197s] Level 5:colcon.colcon_core.verb:set package 'nodes' build argument 'ament_cmake_args' from command line to 'None'
[0.197s] Level 5:colcon.colcon_core.verb:set package 'nodes' build argument 'catkin_cmake_args' from command line to 'None'
[0.197s] Level 5:colcon.colcon_core.verb:set package 'nodes' build argument 'catkin_skip_building_tests' from command line to 'False'
[0.197s] DEBUG:colcon.colcon_core.verb:Building package 'nodes' with the following arguments: {'ament_cmake_args': None, 'build_base': '/home/nicola/Desktop/Progetto_Sapore/build/nodes', 'catkin_cmake_args': None, 'catkin_skip_building_tests': False, 'cmake_args': None, 'cmake_clean_cache': False, 'cmake_clean_first': False, 'cmake_force_configure': False, 'cmake_target': None, 'cmake_target_skip_unavailable': False, 'install_base': '/home/nicola/Desktop/Progetto_Sapore/install/nodes', 'merge_install': False, 'path': '/home/nicola/Desktop/Progetto_Sapore/src/nodes', 'symlink_install': False, 'test_result_base': None}
[0.197s] INFO:colcon.colcon_core.executor:Executing jobs using 'parallel' executor
[0.198s] DEBUG:colcon.colcon_parallel_executor.executor.parallel:run_until_complete
[0.198s] INFO:colcon.colcon_ros.task.ament_cmake.build:Building ROS package in '/home/nicola/Desktop/Progetto_Sapore/src/iiwa_description' with build type 'ament_cmake'
[0.198s] INFO:colcon.colcon_cmake.task.cmake.build:Building CMake package in '/home/nicola/Desktop/Progetto_Sapore/src/iiwa_description'
[0.200s] INFO:colcon.colcon_core.plugin_system:Skipping extension 'colcon_core.shell.bat': Not used on non-Windows systems
[0.200s] INFO:colcon.colcon_core.shell:Skip shell extension 'powershell' for command environment: Not usable outside of PowerShell
[0.200s] DEBUG:colcon.colcon_core.shell:Skip shell extension 'dsv' for command environment
[0.203s] INFO:colcon.colcon_ros.task.ament_cmake.build:Building ROS package in '/home/nicola/Desktop/Progetto_Sapore/src/interfaces' with build type 'ament_cmake'
[0.203s] INFO:colcon.colcon_cmake.task.cmake.build:Building CMake package in '/home/nicola/Desktop/Progetto_Sapore/src/interfaces'
[0.204s] INFO:colcon.colcon_core.shell:Skip shell extension 'powershell' for command environment: Not usable outside of PowerShell
[0.204s] DEBUG:colcon.colcon_core.shell:Skip shell extension 'dsv' for command environment
[0.208s] INFO:colcon.colcon_ros.task.ament_cmake.build:Building ROS package in '/home/nicola/Desktop/Progetto_Sapore/src/build_scene_package' with build type 'ament_cmake'
[0.208s] INFO:colcon.colcon_cmake.task.cmake.build:Building CMake package in '/home/nicola/Desktop/Progetto_Sapore/src/build_scene_package'
[0.209s] INFO:colcon.colcon_core.shell:Skip shell extension 'powershell' for command environment: Not usable outside of PowerShell
[0.209s] DEBUG:colcon.colcon_core.shell:Skip shell extension 'dsv' for command environment
[0.213s] INFO:colcon.colcon_ros.task.ament_cmake.build:Building ROS package in '/home/nicola/Desktop/Progetto_Sapore/src/validate_trajectory' with build type 'ament_cmake'
[0.213s] INFO:colcon.colcon_cmake.task.cmake.build:Building CMake package in '/home/nicola/Desktop/Progetto_Sapore/src/validate_trajectory'
[0.213s] INFO:colcon.colcon_core.shell:Skip shell extension 'powershell' for command environment: Not usable outside of PowerShell
[0.213s] DEBUG:colcon.colcon_core.shell:Skip shell extension 'dsv' for command environment
[0.224s] DEBUG:colcon.colcon_core.event_handler.log_command:Invoking command in '/home/nicola/Desktop/Progetto_Sapore/build/iiwa_description': CMAKE_PREFIX_PATH=${CMAKE_PREFIX_PATH}:/opt/ros/jazzy DEBUGINFOD_URLS=https://debuginfod.ubuntu.com /usr/bin/cmake --build /home/nicola/Desktop/Progetto_Sapore/build/iiwa_description -- -j8 -l8
[0.226s] DEBUG:colcon.colcon_core.event_handler.log_command:Invoking command in '/home/nicola/Desktop/Progetto_Sapore/build/interfaces': CMAKE_PREFIX_PATH=${CMAKE_PREFIX_PATH}:/opt/ros/jazzy DEBUGINFOD_URLS=https://debuginfod.ubuntu.com /usr/bin/cmake --build /home/nicola/Desktop/Progetto_Sapore/build/interfaces -- -j8 -l8
[0.229s] DEBUG:colcon.colcon_core.event_handler.log_command:Invoking command in '/home/nicola/Desktop/Progetto_Sapore/build/build_scene_package': CMAKE_PREFIX_PATH=${CMAKE_PREFIX_PATH}:/opt/ros/jazzy DEBUGINFOD_URLS=https://debuginfod.ubuntu.com /usr/bin/cmake --build /home/nicola/Desktop/Progetto_Sapore/build/build_scene_package -- -j8 -l8
[0.234s] DEBUG:colcon.colcon_core.event_handler.log_command:Invoking command in '/home/nicola/Desktop/Progetto_Sapore/build/validate_trajectory': CMAKE_PREFIX_PATH=${CMAKE_PREFIX_PATH}:/opt/ros/jazzy DEBUGINFOD_URLS=https://debuginfod.ubuntu.com /usr/bin/cmake --build /home/nicola/Desktop/Progetto_Sapore/build/validate_trajectory -- -j8 -l8
[0.266s] DEBUG:colcon.colcon_core.event_handler.log_command:Invoked command in '/home/nicola/Desktop/Progetto_Sapore/build/iiwa_description' returned '0': CMAKE_PREFIX_PATH=${CMAKE_PREFIX_PATH}:/opt/ros/jazzy DEBUGINFOD_URLS=https://debuginfod.ubuntu.com /usr/bin/cmake --build /home/nicola/Desktop/Progetto_Sapore/build/iiwa_description -- -j8 -l8
[0.281s] DEBUG:colcon.colcon_core.event_handler.log_command:Invoking command in '/home/nicola/Desktop/Progetto_Sapore/build/iiwa_description': CMAKE_PREFIX_PATH=${CMAKE_PREFIX_PATH}:/opt/ros/jazzy DEBUGINFOD_URLS=https://debuginfod.ubuntu.com /usr/bin/cmake --install /home/nicola/Desktop/Progetto_Sapore/build/iiwa_description
[0.316s] Level 1:colcon.colcon_core.environment:create_environment_scripts_only(iiwa_description)
[0.318s] Level 1:colcon.colcon_core.environment:checking '/home/nicola/Desktop/Progetto_Sapore/install/iiwa_description' for CMake module files
[0.319s] Level 1:colcon.colcon_core.environment:checking '/home/nicola/Desktop/Progetto_Sapore/install/iiwa_description' for CMake config files
[0.319s] Level 1:colcon.colcon_core.shell:create_environment_hook('iiwa_description', 'cmake_prefix_path')
[0.322s] INFO:colcon.colcon_core.shell:Creating environment hook '/home/nicola/Desktop/Progetto_Sapore/install/iiwa_description/share/iiwa_description/hook/cmake_prefix_path.ps1'
[0.323s] DEBUG:colcon.colcon_core.event_handler.log_command:Invoked command in '/home/nicola/Desktop/Progetto_Sapore/build/iiwa_description' returned '0': CMAKE_PREFIX_PATH=${CMAKE_PREFIX_PATH}:/opt/ros/jazzy DEBUGINFOD_URLS=https://debuginfod.ubuntu.com /usr/bin/cmake --install /home/nicola/Desktop/Progetto_Sapore/build/iiwa_description
[0.325s] INFO:colcon.colcon_core.shell:Creating environment descriptor '/home/nicola/Desktop/Progetto_Sapore/install/iiwa_description/share/iiwa_description/hook/cmake_prefix_path.dsv'
[0.327s] INFO:colcon.colcon_core.shell:Creating environment hook '/home/nicola/Desktop/Progetto_Sapore/install/iiwa_description/share/iiwa_description/hook/cmake_prefix_path.sh'
[0.331s] Level 1:colcon.colcon_core.environment:checking '/home/nicola/Desktop/Progetto_Sapore/install/iiwa_description/bin'
[0.332s] Level 1:colcon.colcon_core.environment:checking '/home/nicola/Desktop/Progetto_Sapore/install/iiwa_description/lib/pkgconfig/iiwa_description.pc'
[0.332s] Level 1:colcon.colcon_core.environment:checking '/home/nicola/Desktop/Progetto_Sapore/install/iiwa_description/lib/python3.12/site-packages'
[0.332s] Level 1:colcon.colcon_core.environment:checking '/home/nicola/Desktop/Progetto_Sapore/install/iiwa_description/bin'
[0.332s] INFO:colcon.colcon_core.shell:Creating package script '/home/nicola/Desktop/Progetto_Sapore/install/iiwa_description/share/iiwa_description/package.ps1'
[0.336s] INFO:colcon.colcon_core.shell:Creating package descriptor '/home/nicola/Desktop/Progetto_Sapore/install/iiwa_description/share/iiwa_description/package.dsv'
[0.337s] INFO:colcon.colcon_core.shell:Creating package script '/home/nicola/Desktop/Progetto_Sapore/install/iiwa_description/share/iiwa_description/package.sh'
[0.338s] INFO:colcon.colcon_core.shell:Creating package script '/home/nicola/Desktop/Progetto_Sapore/install/iiwa_description/share/iiwa_description/package.bash'
[0.339s] INFO:colcon.colcon_core.shell:Creating package script '/home/nicola/Desktop/Progetto_Sapore/install/iiwa_description/share/iiwa_description/package.zsh'
[0.340s] Level 1:colcon.colcon_core.environment:create_file_with_runtime_dependencies(/home/nicola/Desktop/Progetto_Sapore/install/iiwa_description/share/colcon-core/packages/iiwa_description)
[0.340s] Level 1:colcon.colcon_core.environment:create_environment_scripts_only(iiwa_description)
[0.341s] Level 1:colcon.colcon_core.environment:checking '/home/nicola/Desktop/Progetto_Sapore/install/iiwa_description' for CMake module files
[0.341s] Level 1:colcon.colcon_core.environment:checking '/home/nicola/Desktop/Progetto_Sapore/install/iiwa_description' for CMake config files
[0.342s] Level 1:colcon.colcon_core.shell:create_environment_hook('iiwa_description', 'cmake_prefix_path')
[0.342s] INFO:colcon.colcon_core.shell:Creating environment hook '/home/nicola/Desktop/Progetto_Sapore/install/iiwa_description/share/iiwa_description/hook/cmake_prefix_path.ps1'
[0.343s] INFO:colcon.colcon_core.shell:Creating environment descriptor '/home/nicola/Desktop/Progetto_Sapore/install/iiwa_description/share/iiwa_description/hook/cmake_prefix_path.dsv'
[0.343s] INFO:colcon.colcon_core.shell:Creating environment hook '/home/nicola/Desktop/Progetto_Sapore/install/iiwa_description/share/iiwa_description/hook/cmake_prefix_path.sh'
[0.344s] Level 1:colcon.colcon_core.environment:checking '/home/nicola/Desktop/Progetto_Sapore/install/iiwa_description/bin'
[0.344s] Level 1:colcon.colcon_core.environment:checking '/home/nicola/Desktop/Progetto_Sapore/install/iiwa_description/lib/pkgconfig/iiwa_description.pc'
[0.345s] Level 1:colcon.colcon_core.environment:checking '/home/nicola/Desktop/Progetto_Sapore/install/iiwa_description/lib/python3.12/site-packages'
[0.345s] Level 1:colcon.colcon_core.environment:checking '/home/nicola/Desktop/Progetto_Sapore/install/iiwa_description/bin'
[0.345s] INFO:colcon.colcon_core.shell:Creating package script '/home/nicola/Desktop/Progetto_Sapore/install/iiwa_description/share/iiwa_description/package.ps1'
[0.346s] INFO:colcon.colcon_core.shell:Creating package descriptor '/home/nicola/Desktop/Progetto_Sapore/install/iiwa_description/share/iiwa_description/package.dsv'
[0.346s] INFO:colcon.colcon_core.shell:Creating package script '/home/nicola/Desktop/Progetto_Sapore/install/iiwa_description/share/iiwa_description/package.sh'
[0.347s] INFO:colcon.colcon_core.shell:Creating package script '/home/nicola/Desktop/Progetto_Sapore/install/iiwa_description/share/iiwa_description/package.bash'
[0.347s] INFO:colcon.colcon_core.shell:Creating package script '/home/nicola/Desktop/Progetto_Sapore/install/iiwa_description/share/iiwa_description/package.zsh'
[0.347s] Level 1:colcon.colcon_core.environment:create_file_with_runtime_dependencies(/home/nicola/Desktop/Progetto_Sapore/install/iiwa_description/share/colcon-core/packages/iiwa_description)
[0.348s] INFO:colcon.colcon_ros.task.ament_cmake.build:Building ROS package in '/home/nicola/Desktop/Progetto_Sapore/src/iiwa_config_moveit_config' with build type 'ament_cmake'
[0.348s] INFO:colcon.colcon_cmake.task.cmake.build:Building CMake package in '/home/nicola/Desktop/Progetto_Sapore/src/iiwa_config_moveit_config'
[0.348s] INFO:colcon.colcon_core.shell:Skip shell extension 'powershell' for command environment: Not usable outside of PowerShell
[0.348s] DEBUG:colcon.colcon_core.shell:Skip shell extension 'dsv' for command environment
[0.366s] DEBUG:colcon.colcon_core.event_handler.log_command:Invoked command in '/home/nicola/Desktop/Progetto_Sapore/build/build_scene_package' returned '0': CMAKE_PREFIX_PATH=${CMAKE_PREFIX_PATH}:/opt/ros/jazzy DEBUGINFOD_URLS=https://debuginfod.ubuntu.com /usr/bin/cmake --build /home/nicola/Desktop/Progetto_Sapore/build/build_scene_package -- -j8 -l8
[0.367s] DEBUG:colcon.colcon_core.event_handler.log_command:Invoking command in '/home/nicola/Desktop/Progetto_Sapore/build/build_scene_package': CMAKE_PREFIX_PATH=${CMAKE_PREFIX_PATH}:/opt/ros/jazzy DEBUGINFOD_URLS=https://debuginfod.ubuntu.com /usr/bin/cmake --install /home/nicola/Desktop/Progetto_Sapore/build/build_scene_package
[0.373s] DEBUG:colcon.colcon_core.event_handler.log_command:Invoking command in '/home/nicola/Desktop/Progetto_Sapore/build/iiwa_config_moveit_config': CMAKE_PREFIX_PATH=/home/nicola/Desktop/Progetto_Sapore/install/iiwa_description:/home/nicola/Desktop/Progetto_Sapore/install/validate_trajectory:/home/nicola/Desktop/Progetto_Sapore/install/nodes:/home/nicola/Desktop/Progetto_Sapore/install/interfaces:/home/nicola/Desktop/Progetto_Sapore/install/iiwa_config_moveit_config:/home/nicola/Desktop/Progetto_Sapore/install/build_scene_package:/opt/ros/jazzy/opt/sdformat_vendor:/opt/ros/jazzy/opt/gz_math_vendor:/opt/ros/jazzy/opt/gz_utils_vendor:/opt/ros/jazzy/opt/gz_tools_vendor:/opt/ros/jazzy/opt/gz_cmake_vendor:/opt/ros/jazzy DEBUGINFOD_URLS=https://debuginfod.ubuntu.com /usr/bin/cmake --build /home/nicola/Desktop/Progetto_Sapore/build/iiwa_config_moveit_config -- -j8 -l8
[0.392s] DEBUG:colcon.colcon_core.event_handler.log_command:Invoked command in '/home/nicola/Desktop/Progetto_Sapore/build/validate_trajectory' returned '0': CMAKE_PREFIX_PATH=${CMAKE_PREFIX_PATH}:/opt/ros/jazzy DEBUGINFOD_URLS=https://debuginfod.ubuntu.com /usr/bin/cmake --build /home/nicola/Desktop/Progetto_Sapore/build/validate_trajectory -- -j8 -l8
[0.393s] DEBUG:colcon.colcon_core.event_handler.log_command:Invoking command in '/home/nicola/Desktop/Progetto_Sapore/build/validate_trajectory': CMAKE_PREFIX_PATH=${CMAKE_PREFIX_PATH}:/opt/ros/jazzy DEBUGINFOD_URLS=https://debuginfod.ubuntu.com /usr/bin/cmake --install /home/nicola/Desktop/Progetto_Sapore/build/validate_trajectory
[0.393s] Level 1:colcon.colcon_core.environment:create_environment_scripts_only(build_scene_package)
[0.394s] Level 1:colcon.colcon_core.environment:checking '/home/nicola/Desktop/Progetto_Sapore/install/build_scene_package' for CMake module files
[0.395s] Level 1:colcon.colcon_core.environment:checking '/home/nicola/Desktop/Progetto_Sapore/install/build_scene_package' for CMake config files
[0.395s] Level 1:colcon.colcon_core.shell:create_environment_hook('build_scene_package', 'cmake_prefix_path')
[0.395s] INFO:colcon.colcon_core.shell:Creating environment hook '/home/nicola/Desktop/Progetto_Sapore/install/build_scene_package/share/build_scene_package/hook/cmake_prefix_path.ps1'
[0.395s] DEBUG:colcon.colcon_core.event_handler.log_command:Invoked command in '/home/nicola/Desktop/Progetto_Sapore/build/build_scene_package' returned '0': CMAKE_PREFIX_PATH=${CMAKE_PREFIX_PATH}:/opt/ros/jazzy DEBUGINFOD_URLS=https://debuginfod.ubuntu.com /usr/bin/cmake --install /home/nicola/Desktop/Progetto_Sapore/build/build_scene_package
[0.397s] INFO:colcon.colcon_core.shell:Creating environment descriptor '/home/nicola/Desktop/Progetto_Sapore/install/build_scene_package/share/build_scene_package/hook/cmake_prefix_path.dsv'
[0.398s] INFO:colcon.colcon_core.shell:Creating environment hook '/home/nicola/Desktop/Progetto_Sapore/install/build_scene_package/share/build_scene_package/hook/cmake_prefix_path.sh'
[0.399s] Level 1:colcon.colcon_core.environment:checking '/home/nicola/Desktop/Progetto_Sapore/install/build_scene_package/lib'
[0.399s] Level 1:colcon.colcon_core.environment:checking '/home/nicola/Desktop/Progetto_Sapore/install/build_scene_package/bin'
[0.399s] Level 1:colcon.colcon_core.environment:checking '/home/nicola/Desktop/Progetto_Sapore/install/build_scene_package/lib/pkgconfig/build_scene_package.pc'
[0.399s] Level 1:colcon.colcon_core.environment:checking '/home/nicola/Desktop/Progetto_Sapore/install/build_scene_package/lib/python3.12/site-packages'
[0.400s] Level 1:colcon.colcon_core.environment:checking '/home/nicola/Desktop/Progetto_Sapore/install/build_scene_package/bin'
[0.400s] INFO:colcon.colcon_core.shell:Creating package script '/home/nicola/Desktop/Progetto_Sapore/install/build_scene_package/share/build_scene_package/package.ps1'
[0.400s] INFO:colcon.colcon_core.shell:Creating package descriptor '/home/nicola/Desktop/Progetto_Sapore/install/build_scene_package/share/build_scene_package/package.dsv'
[0.401s] INFO:colcon.colcon_core.shell:Creating package script '/home/nicola/Desktop/Progetto_Sapore/install/build_scene_package/share/build_scene_package/package.sh'
[0.402s] INFO:colcon.colcon_core.shell:Creating package script '/home/nicola/Desktop/Progetto_Sapore/install/build_scene_package/share/build_scene_package/package.bash'
[0.403s] INFO:colcon.colcon_core.shell:Creating package script '/home/nicola/Desktop/Progetto_Sapore/install/build_scene_package/share/build_scene_package/package.zsh'
[0.403s] Level 1:colcon.colcon_core.environment:create_file_with_runtime_dependencies(/home/nicola/Desktop/Progetto_Sapore/install/build_scene_package/share/colcon-core/packages/build_scene_package)
[0.406s] Level 1:colcon.colcon_core.environment:create_environment_scripts_only(build_scene_package)
[0.406s] Level 1:colcon.colcon_core.environment:checking '/home/nicola/Desktop/Progetto_Sapore/install/build_scene_package' for CMake module files
[0.408s] Level 1:colcon.colcon_core.environment:checking '/home/nicola/Desktop/Progetto_Sapore/install/build_scene_package' for CMake config files
[0.409s] Level 1:colcon.colcon_core.shell:create_environment_hook('build_scene_package', 'cmake_prefix_path')
[0.409s] INFO:colcon.colcon_core.shell:Creating environment hook '/home/nicola/Desktop/Progetto_Sapore/install/build_scene_package/share/build_scene_package/hook/cmake_prefix_path.ps1'
[0.409s] INFO:colcon.colcon_core.shell:Creating environment descriptor '/home/nicola/Desktop/Progetto_Sapore/install/build_scene_package/share/build_scene_package/hook/cmake_prefix_path.dsv'
[0.410s] INFO:colcon.colcon_core.shell:Creating environment hook '/home/nicola/Desktop/Progetto_Sapore/install/build_scene_package/share/build_scene_package/hook/cmake_prefix_path.sh'
[0.410s] Level 1:colcon.colcon_core.environment:checking '/home/nicola/Desktop/Progetto_Sapore/install/build_scene_package/lib'
[0.410s] Level 1:colcon.colcon_core.environment:checking '/home/nicola/Desktop/Progetto_Sapore/install/build_scene_package/bin'
[0.410s] Level 1:colcon.colcon_core.environment:checking '/home/nicola/Desktop/Progetto_Sapore/install/build_scene_package/lib/pkgconfig/build_scene_package.pc'
[0.411s] Level 1:colcon.colcon_core.environment:checking '/home/nicola/Desktop/Progetto_Sapore/install/build_scene_package/lib/python3.12/site-packages'
[0.411s] Level 1:colcon.colcon_core.environment:checking '/home/nicola/Desktop/Progetto_Sapore/install/build_scene_package/bin'
[0.411s] INFO:colcon.colcon_core.shell:Creating package script '/home/nicola/Desktop/Progetto_Sapore/install/build_scene_package/share/build_scene_package/package.ps1'
[0.412s] INFO:colcon.colcon_core.shell:Creating package descriptor '/home/nicola/Desktop/Progetto_Sapore/install/build_scene_package/share/build_scene_package/package.dsv'
[0.412s] INFO:colcon.colcon_core.shell:Creating package script '/home/nicola/Desktop/Progetto_Sapore/install/build_scene_package/share/build_scene_package/package.sh'
[0.412s] INFO:colcon.colcon_core.shell:Creating package script '/home/nicola/Desktop/Progetto_Sapore/install/build_scene_package/share/build_scene_package/package.bash'
[0.413s] INFO:colcon.colcon_core.shell:Creating package script '/home/nicola/Desktop/Progetto_Sapore/install/build_scene_package/share/build_scene_package/package.zsh'
[0.413s] Level 1:colcon.colcon_core.environment:create_file_with_runtime_dependencies(/home/nicola/Desktop/Progetto_Sapore/install/build_scene_package/share/colcon-core/packages/build_scene_package)
[0.416s] Level 1:colcon.colcon_core.environment:create_environment_scripts_only(validate_trajectory)
[0.416s] Level 1:colcon.colcon_core.environment:checking '/home/nicola/Desktop/Progetto_Sapore/install/validate_trajectory' for CMake module files
[0.417s] Level 1:colcon.colcon_core.environment:checking '/home/nicola/Desktop/Progetto_Sapore/install/validate_trajectory' for CMake config files
[0.417s] Level 1:colcon.colcon_core.shell:create_environment_hook('validate_trajectory', 'cmake_prefix_path')
[0.417s] INFO:colcon.colcon_core.shell:Creating environment hook '/home/nicola/Desktop/Progetto_Sapore/install/validate_trajectory/share/validate_trajectory/hook/cmake_prefix_path.ps1'
[0.418s] INFO:colcon.colcon_core.shell:Creating environment descriptor '/home/nicola/Desktop/Progetto_Sapore/install/validate_trajectory/share/validate_trajectory/hook/cmake_prefix_path.dsv'
[0.418s] INFO:colcon.colcon_core.shell:Creating environment hook '/home/nicola/Desktop/Progetto_Sapore/install/validate_trajectory/share/validate_trajectory/hook/cmake_prefix_path.sh'
[0.419s] Level 1:colcon.colcon_core.environment:checking '/home/nicola/Desktop/Progetto_Sapore/install/validate_trajectory/lib'
[0.419s] Level 1:colcon.colcon_core.environment:checking '/home/nicola/Desktop/Progetto_Sapore/install/validate_trajectory/bin'
[0.419s] Level 1:colcon.colcon_core.environment:checking '/home/nicola/Desktop/Progetto_Sapore/install/validate_trajectory/lib/pkgconfig/validate_trajectory.pc'
[0.419s] Level 1:colcon.colcon_core.environment:checking '/home/nicola/Desktop/Progetto_Sapore/install/validate_trajectory/lib/python3.12/site-packages'
[0.419s] Level 1:colcon.colcon_core.environment:checking '/home/nicola/Desktop/Progetto_Sapore/install/validate_trajectory/bin'
[0.420s] DEBUG:colcon.colcon_core.event_handler.log_command:Invoked command in '/home/nicola/Desktop/Progetto_Sapore/build/validate_trajectory' returned '0': CMAKE_PREFIX_PATH=${CMAKE_PREFIX_PATH}:/opt/ros/jazzy DEBUGINFOD_URLS=https://debuginfod.ubuntu.com /usr/bin/cmake --install /home/nicola/Desktop/Progetto_Sapore/build/validate_trajectory
[0.420s] INFO:colcon.colcon_core.shell:Creating package script '/home/nicola/Desktop/Progetto_Sapore/install/validate_trajectory/share/validate_trajectory/package.ps1'
[0.421s] INFO:colcon.colcon_core.shell:Creating package descriptor '/home/nicola/Desktop/Progetto_Sapore/install/validate_trajectory/share/validate_trajectory/package.dsv'
[0.422s] INFO:colcon.colcon_core.shell:Creating package script '/home/nicola/Desktop/Progetto_Sapore/install/validate_trajectory/share/validate_trajectory/package.sh'
[0.422s] INFO:colcon.colcon_core.shell:Creating package script '/home/nicola/Desktop/Progetto_Sapore/install/validate_trajectory/share/validate_trajectory/package.bash'
[0.423s] INFO:colcon.colcon_core.shell:Creating package script '/home/nicola/Desktop/Progetto_Sapore/install/validate_trajectory/share/validate_trajectory/package.zsh'
[0.423s] Level 1:colcon.colcon_core.environment:create_file_with_runtime_dependencies(/home/nicola/Desktop/Progetto_Sapore/install/validate_trajectory/share/colcon-core/packages/validate_trajectory)
[0.424s] Level 1:colcon.colcon_core.environment:create_environment_scripts_only(validate_trajectory)
[0.424s] Level 1:colcon.colcon_core.environment:checking '/home/nicola/Desktop/Progetto_Sapore/install/validate_trajectory' for CMake module files
[0.425s] Level 1:colcon.colcon_core.environment:checking '/home/nicola/Desktop/Progetto_Sapore/install/validate_trajectory' for CMake config files
[0.425s] Level 1:colcon.colcon_core.shell:create_environment_hook('validate_trajectory', 'cmake_prefix_path')
[0.425s] INFO:colcon.colcon_core.shell:Creating environment hook '/home/nicola/Desktop/Progetto_Sapore/install/validate_trajectory/share/validate_trajectory/hook/cmake_prefix_path.ps1'
[0.426s] INFO:colcon.colcon_core.shell:Creating environment descriptor '/home/nicola/Desktop/Progetto_Sapore/install/validate_trajectory/share/validate_trajectory/hook/cmake_prefix_path.dsv'
[0.426s] INFO:colcon.colcon_core.shell:Creating environment hook '/home/nicola/Desktop/Progetto_Sapore/install/validate_trajectory/share/validate_trajectory/hook/cmake_prefix_path.sh'
[0.427s] Level 1:colcon.colcon_core.environment:checking '/home/nicola/Desktop/Progetto_Sapore/install/validate_trajectory/lib'
[0.427s] Level 1:colcon.colcon_core.environment:checking '/home/nicola/Desktop/Progetto_Sapore/install/validate_trajectory/bin'
[0.427s] Level 1:colcon.colcon_core.environment:checking '/home/nicola/Desktop/Progetto_Sapore/install/validate_trajectory/lib/pkgconfig/validate_trajectory.pc'
[0.428s] Level 1:colcon.colcon_core.environment:checking '/home/nicola/Desktop/Progetto_Sapore/install/validate_trajectory/lib/python3.12/site-packages'
[0.428s] Level 1:colcon.colcon_core.environment:checking '/home/nicola/Desktop/Progetto_Sapore/install/validate_trajectory/bin'
[0.428s] INFO:colcon.colcon_core.shell:Creating package script '/home/nicola/Desktop/Progetto_Sapore/install/validate_trajectory/share/validate_trajectory/package.ps1'
[0.429s] INFO:colcon.colcon_core.shell:Creating package descriptor '/home/nicola/Desktop/Progetto_Sapore/install/validate_trajectory/share/validate_trajectory/package.dsv'
[0.430s] INFO:colcon.colcon_core.shell:Creating package script '/home/nicola/Desktop/Progetto_Sapore/install/validate_trajectory/share/validate_trajectory/package.sh'
[0.430s] INFO:colcon.colcon_core.shell:Creating package script '/home/nicola/Desktop/Progetto_Sapore/install/validate_trajectory/share/validate_trajectory/package.bash'
[0.430s] INFO:colcon.colcon_core.shell:Creating package script '/home/nicola/Desktop/Progetto_Sapore/install/validate_trajectory/share/validate_trajectory/package.zsh'
[0.431s] Level 1:colcon.colcon_core.environment:create_file_with_runtime_dependencies(/home/nicola/Desktop/Progetto_Sapore/install/validate_trajectory/share/colcon-core/packages/validate_trajectory)
[0.432s] DEBUG:colcon.colcon_core.event_handler.log_command:Invoked command in '/home/nicola/Desktop/Progetto_Sapore/build/iiwa_config_moveit_config' returned '0': CMAKE_PREFIX_PATH=/home/nicola/Desktop/Progetto_Sapore/install/iiwa_description:/home/nicola/Desktop/Progetto_Sapore/install/validate_trajectory:/home/nicola/Desktop/Progetto_Sapore/install/nodes:/home/nicola/Desktop/Progetto_Sapore/install/interfaces:/home/nicola/Desktop/Progetto_Sapore/install/iiwa_config_moveit_config:/home/nicola/Desktop/Progetto_Sapore/install/build_scene_package:/opt/ros/jazzy/opt/sdformat_vendor:/opt/ros/jazzy/opt/gz_math_vendor:/opt/ros/jazzy/opt/gz_utils_vendor:/opt/ros/jazzy/opt/gz_tools_vendor:/opt/ros/jazzy/opt/gz_cmake_vendor:/opt/ros/jazzy DEBUGINFOD_URLS=https://debuginfod.ubuntu.com /usr/bin/cmake --build /home/nicola/Desktop/Progetto_Sapore/build/iiwa_config_moveit_config -- -j8 -l8
[0.434s] DEBUG:colcon.colcon_core.event_handler.log_command:Invoking command in '/home/nicola/Desktop/Progetto_Sapore/build/iiwa_config_moveit_config': CMAKE_PREFIX_PATH=/home/nicola/Desktop/Progetto_Sapore/install/iiwa_description:/home/nicola/Desktop/Progetto_Sapore/install/validate_trajectory:/home/nicola/Desktop/Progetto_Sapore/install/nodes:/home/nicola/Desktop/Progetto_Sapore/install/interfaces:/home/nicola/Desktop/Progetto_Sapore/install/iiwa_config_moveit_config:/home/nicola/Desktop/Progetto_Sapore/install/build_scene_package:/opt/ros/jazzy/opt/sdformat_vendor:/opt/ros/jazzy/opt/gz_math_vendor:/opt/ros/jazzy/opt/gz_utils_vendor:/opt/ros/jazzy/opt/gz_tools_vendor:/opt/ros/jazzy/opt/gz_cmake_vendor:/opt/ros/jazzy DEBUGINFOD_URLS=https://debuginfod.ubuntu.com /usr/bin/cmake --install /home/nicola/Desktop/Progetto_Sapore/build/iiwa_config_moveit_config
[0.451s] Level 1:colcon.colcon_core.environment:create_environment_scripts_only(iiwa_config_moveit_config)
[0.452s] Level 1:colcon.colcon_core.environment:checking '/home/nicola/Desktop/Progetto_Sapore/install/iiwa_config_moveit_config' for CMake module files
[0.452s] Level 1:colcon.colcon_core.environment:checking '/home/nicola/Desktop/Progetto_Sapore/install/iiwa_config_moveit_config' for CMake config files
[0.453s] Level 1:colcon.colcon_core.shell:create_environment_hook('iiwa_config_moveit_config', 'cmake_prefix_path')
[0.453s] INFO:colcon.colcon_core.shell:Creating environment hook '/home/nicola/Desktop/Progetto_Sapore/install/iiwa_config_moveit_config/share/iiwa_config_moveit_config/hook/cmake_prefix_path.ps1'
[0.453s] INFO:colcon.colcon_core.shell:Creating environment descriptor '/home/nicola/Desktop/Progetto_Sapore/install/iiwa_config_moveit_config/share/iiwa_config_moveit_config/hook/cmake_prefix_path.dsv'
[0.454s] INFO:colcon.colcon_core.shell:Creating environment hook '/home/nicola/Desktop/Progetto_Sapore/install/iiwa_config_moveit_config/share/iiwa_config_moveit_config/hook/cmake_prefix_path.sh'
[0.455s] Level 1:colcon.colcon_core.environment:checking '/home/nicola/Desktop/Progetto_Sapore/install/iiwa_config_moveit_config/lib'
[0.455s] Level 1:colcon.colcon_core.environment:checking '/home/nicola/Desktop/Progetto_Sapore/install/iiwa_config_moveit_config/bin'
[0.455s] Level 1:colcon.colcon_core.environment:checking '/home/nicola/Desktop/Progetto_Sapore/install/iiwa_config_moveit_config/lib/pkgconfig/iiwa_config_moveit_config.pc'
[0.455s] Level 1:colcon.colcon_core.environment:checking '/home/nicola/Desktop/Progetto_Sapore/install/iiwa_config_moveit_config/lib/python3.12/site-packages'
[0.456s] Level 1:colcon.colcon_core.environment:checking '/home/nicola/Desktop/Progetto_Sapore/install/iiwa_config_moveit_config/bin'
[0.456s] INFO:colcon.colcon_core.shell:Creating package script '/home/nicola/Desktop/Progetto_Sapore/install/iiwa_config_moveit_config/share/iiwa_config_moveit_config/package.ps1'
[0.457s] INFO:colcon.colcon_core.shell:Creating package descriptor '/home/nicola/Desktop/Progetto_Sapore/install/iiwa_config_moveit_config/share/iiwa_config_moveit_config/package.dsv'
[0.457s] INFO:colcon.colcon_core.shell:Creating package script '/home/nicola/Desktop/Progetto_Sapore/install/iiwa_config_moveit_config/share/iiwa_config_moveit_config/package.sh'
[0.457s] INFO:colcon.colcon_core.shell:Creating package script '/home/nicola/Desktop/Progetto_Sapore/install/iiwa_config_moveit_config/share/iiwa_config_moveit_config/package.bash'
[0.458s] INFO:colcon.colcon_core.shell:Creating package script '/home/nicola/Desktop/Progetto_Sapore/install/iiwa_config_moveit_config/share/iiwa_config_moveit_config/package.zsh'
[0.458s] Level 1:colcon.colcon_core.environment:create_file_with_runtime_dependencies(/home/nicola/Desktop/Progetto_Sapore/install/iiwa_config_moveit_config/share/colcon-core/packages/iiwa_config_moveit_config)
[0.459s] Level 1:colcon.colcon_core.environment:create_environment_scripts_only(iiwa_config_moveit_config)
[0.459s] Level 1:colcon.colcon_core.environment:checking '/home/nicola/Desktop/Progetto_Sapore/install/iiwa_config_moveit_config' for CMake module files
[0.460s] Level 1:colcon.colcon_core.environment:checking '/home/nicola/Desktop/Progetto_Sapore/install/iiwa_config_moveit_config' for CMake config files
[0.460s] Level 1:colcon.colcon_core.shell:create_environment_hook('iiwa_config_moveit_config', 'cmake_prefix_path')
[0.460s] INFO:colcon.colcon_core.shell:Creating environment hook '/home/nicola/Desktop/Progetto_Sapore/install/iiwa_config_moveit_config/share/iiwa_config_moveit_config/hook/cmake_prefix_path.ps1'
[0.461s] INFO:colcon.colcon_core.shell:Creating environment descriptor '/home/nicola/Desktop/Progetto_Sapore/install/iiwa_config_moveit_config/share/iiwa_config_moveit_config/hook/cmake_prefix_path.dsv'
[0.462s] INFO:colcon.colcon_core.shell:Creating environment hook '/home/nicola/Desktop/Progetto_Sapore/install/iiwa_config_moveit_config/share/iiwa_config_moveit_config/hook/cmake_prefix_path.sh'
[0.462s] Level 1:colcon.colcon_core.environment:checking '/home/nicola/Desktop/Progetto_Sapore/install/iiwa_config_moveit_config/lib'
[0.462s] Level 1:colcon.colcon_core.environment:checking '/home/nicola/Desktop/Progetto_Sapore/install/iiwa_config_moveit_config/bin'
[0.462s] Level 1:colcon.colcon_core.environment:checking '/home/nicola/Desktop/Progetto_Sapore/install/iiwa_config_moveit_config/lib/pkgconfig/iiwa_config_moveit_config.pc'
[0.463s] Level 1:colcon.colcon_core.environment:checking '/home/nicola/Desktop/Progetto_Sapore/install/iiwa_config_moveit_config/lib/python3.12/site-packages'
[0.463s] Level 1:colcon.colcon_core.environment:checking '/home/nicola/Desktop/Progetto_Sapore/install/iiwa_config_moveit_config/bin'
[0.463s] INFO:colcon.colcon_core.shell:Creating package script '/home/nicola/Desktop/Progetto_Sapore/install/iiwa_config_moveit_config/share/iiwa_config_moveit_config/package.ps1'
[0.463s] INFO:colcon.colcon_core.shell:Creating package descriptor '/home/nicola/Desktop/Progetto_Sapore/install/iiwa_config_moveit_config/share/iiwa_config_moveit_config/package.dsv'
[0.464s] INFO:colcon.colcon_core.shell:Creating package script '/home/nicola/Desktop/Progetto_Sapore/install/iiwa_config_moveit_config/share/iiwa_config_moveit_config/package.sh'
[0.465s] DEBUG:colcon.colcon_core.event_handler.log_command:Invoked command in '/home/nicola/Desktop/Progetto_Sapore/build/iiwa_config_moveit_config' returned '0': CMAKE_PREFIX_PATH=/home/nicola/Desktop/Progetto_Sapore/install/iiwa_description:/home/nicola/Desktop/Progetto_Sapore/install/validate_trajectory:/home/nicola/Desktop/Progetto_Sapore/install/nodes:/home/nicola/Desktop/Progetto_Sapore/install/interfaces:/home/nicola/Desktop/Progetto_Sapore/install/iiwa_config_moveit_config:/home/nicola/Desktop/Progetto_Sapore/install/build_scene_package:/opt/ros/jazzy/opt/sdformat_vendor:/opt/ros/jazzy/opt/gz_math_vendor:/opt/ros/jazzy/opt/gz_utils_vendor:/opt/ros/jazzy/opt/gz_tools_vendor:/opt/ros/jazzy/opt/gz_cmake_vendor:/opt/ros/jazzy DEBUGINFOD_URLS=https://debuginfod.ubuntu.com /usr/bin/cmake --install /home/nicola/Desktop/Progetto_Sapore/build/iiwa_config_moveit_config
[0.465s] INFO:colcon.colcon_core.shell:Creating package script '/home/nicola/Desktop/Progetto_Sapore/install/iiwa_config_moveit_config/share/iiwa_config_moveit_config/package.bash'
[0.466s] INFO:colcon.colcon_core.shell:Creating package script '/home/nicola/Desktop/Progetto_Sapore/install/iiwa_config_moveit_config/share/iiwa_config_moveit_config/package.zsh'
[0.466s] Level 1:colcon.colcon_core.environment:create_file_with_runtime_dependencies(/home/nicola/Desktop/Progetto_Sapore/install/iiwa_config_moveit_config/share/colcon-core/packages/iiwa_config_moveit_config)
[0.759s] DEBUG:colcon.colcon_core.event_handler.log_command:Invoked command in '/home/nicola/Desktop/Progetto_Sapore/build/interfaces' returned '0': CMAKE_PREFIX_PATH=${CMAKE_PREFIX_PATH}:/opt/ros/jazzy DEBUGINFOD_URLS=https://debuginfod.ubuntu.com /usr/bin/cmake --build /home/nicola/Desktop/Progetto_Sapore/build/interfaces -- -j8 -l8
[0.760s] DEBUG:colcon.colcon_core.event_handler.log_command:Invoking command in '/home/nicola/Desktop/Progetto_Sapore/build/interfaces': CMAKE_PREFIX_PATH=${CMAKE_PREFIX_PATH}:/opt/ros/jazzy DEBUGINFOD_URLS=https://debuginfod.ubuntu.com /usr/bin/cmake --install /home/nicola/Desktop/Progetto_Sapore/build/interfaces
[0.826s] Level 1:colcon.colcon_core.environment:create_environment_scripts_only(interfaces)
[0.827s] DEBUG:colcon.colcon_core.event_handler.log_command:Invoked command in '/home/nicola/Desktop/Progetto_Sapore/build/interfaces' returned '0': CMAKE_PREFIX_PATH=${CMAKE_PREFIX_PATH}:/opt/ros/jazzy DEBUGINFOD_URLS=https://debuginfod.ubuntu.com /usr/bin/cmake --install /home/nicola/Desktop/Progetto_Sapore/build/interfaces
[0.827s] Level 1:colcon.colcon_core.environment:checking '/home/nicola/Desktop/Progetto_Sapore/install/interfaces' for CMake module files
[0.828s] Level 1:colcon.colcon_core.environment:checking '/home/nicola/Desktop/Progetto_Sapore/install/interfaces' for CMake config files
[0.828s] Level 1:colcon.colcon_core.shell:create_environment_hook('interfaces', 'cmake_prefix_path')
[0.829s] INFO:colcon.colcon_core.shell:Creating environment hook '/home/nicola/Desktop/Progetto_Sapore/install/interfaces/share/interfaces/hook/cmake_prefix_path.ps1'
[0.829s] INFO:colcon.colcon_core.shell:Creating environment descriptor '/home/nicola/Desktop/Progetto_Sapore/install/interfaces/share/interfaces/hook/cmake_prefix_path.dsv'
[0.829s] INFO:colcon.colcon_core.shell:Creating environment hook '/home/nicola/Desktop/Progetto_Sapore/install/interfaces/share/interfaces/hook/cmake_prefix_path.sh'
[0.830s] Level 1:colcon.colcon_core.environment:checking '/home/nicola/Desktop/Progetto_Sapore/install/interfaces/lib'
[0.830s] Level 1:colcon.colcon_core.shell:create_environment_hook('interfaces', 'ld_library_path_lib')
[0.830s] INFO:colcon.colcon_core.shell:Creating environment hook '/home/nicola/Desktop/Progetto_Sapore/install/interfaces/share/interfaces/hook/ld_library_path_lib.ps1'
[0.831s] INFO:colcon.colcon_core.shell:Creating environment descriptor '/home/nicola/Desktop/Progetto_Sapore/install/interfaces/share/interfaces/hook/ld_library_path_lib.dsv'
[0.831s] INFO:colcon.colcon_core.shell:Creating environment hook '/home/nicola/Desktop/Progetto_Sapore/install/interfaces/share/interfaces/hook/ld_library_path_lib.sh'
[0.831s] Level 1:colcon.colcon_core.environment:checking '/home/nicola/Desktop/Progetto_Sapore/install/interfaces/bin'
[0.831s] Level 1:colcon.colcon_core.environment:checking '/home/nicola/Desktop/Progetto_Sapore/install/interfaces/lib/pkgconfig/interfaces.pc'
[0.832s] Level 1:colcon.colcon_core.environment:checking '/home/nicola/Desktop/Progetto_Sapore/install/interfaces/lib/python3.12/site-packages'
[0.832s] Level 1:colcon.colcon_core.shell:create_environment_hook('interfaces', 'pythonpath')
[0.832s] INFO:colcon.colcon_core.shell:Creating environment hook '/home/nicola/Desktop/Progetto_Sapore/install/interfaces/share/interfaces/hook/pythonpath.ps1'
[0.832s] INFO:colcon.colcon_core.shell:Creating environment descriptor '/home/nicola/Desktop/Progetto_Sapore/install/interfaces/share/interfaces/hook/pythonpath.dsv'
[0.833s] INFO:colcon.colcon_core.shell:Creating environment hook '/home/nicola/Desktop/Progetto_Sapore/install/interfaces/share/interfaces/hook/pythonpath.sh'
[0.833s] Level 1:colcon.colcon_core.environment:checking '/home/nicola/Desktop/Progetto_Sapore/install/interfaces/bin'
[0.834s] INFO:colcon.colcon_core.shell:Creating package script '/home/nicola/Desktop/Progetto_Sapore/install/interfaces/share/interfaces/package.ps1'
[0.834s] INFO:colcon.colcon_core.shell:Creating package descriptor '/home/nicola/Desktop/Progetto_Sapore/install/interfaces/share/interfaces/package.dsv'
[0.835s] INFO:colcon.colcon_core.shell:Creating package script '/home/nicola/Desktop/Progetto_Sapore/install/interfaces/share/interfaces/package.sh'
[0.835s] INFO:colcon.colcon_core.shell:Creating package script '/home/nicola/Desktop/Progetto_Sapore/install/interfaces/share/interfaces/package.bash'
[0.835s] INFO:colcon.colcon_core.shell:Creating package script '/home/nicola/Desktop/Progetto_Sapore/install/interfaces/share/interfaces/package.zsh'
[0.836s] Level 1:colcon.colcon_core.environment:create_file_with_runtime_dependencies(/home/nicola/Desktop/Progetto_Sapore/install/interfaces/share/colcon-core/packages/interfaces)
[0.836s] Level 1:colcon.colcon_core.environment:create_environment_scripts_only(interfaces)
[0.836s] Level 1:colcon.colcon_core.environment:checking '/home/nicola/Desktop/Progetto_Sapore/install/interfaces' for CMake module files
[0.837s] Level 1:colcon.colcon_core.environment:checking '/home/nicola/Desktop/Progetto_Sapore/install/interfaces' for CMake config files
[0.838s] Level 1:colcon.colcon_core.shell:create_environment_hook('interfaces', 'cmake_prefix_path')
[0.838s] INFO:colcon.colcon_core.shell:Creating environment hook '/home/nicola/Desktop/Progetto_Sapore/install/interfaces/share/interfaces/hook/cmake_prefix_path.ps1'
[0.838s] INFO:colcon.colcon_core.shell:Creating environment descriptor '/home/nicola/Desktop/Progetto_Sapore/install/interfaces/share/interfaces/hook/cmake_prefix_path.dsv'
[0.839s] INFO:colcon.colcon_core.shell:Creating environment hook '/home/nicola/Desktop/Progetto_Sapore/install/interfaces/share/interfaces/hook/cmake_prefix_path.sh'
[0.840s] Level 1:colcon.colcon_core.environment:checking '/home/nicola/Desktop/Progetto_Sapore/install/interfaces/lib'
[0.840s] Level 1:colcon.colcon_core.shell:create_environment_hook('interfaces', 'ld_library_path_lib')
[0.840s] INFO:colcon.colcon_core.shell:Creating environment hook '/home/nicola/Desktop/Progetto_Sapore/install/interfaces/share/interfaces/hook/ld_library_path_lib.ps1'
[0.841s] INFO:colcon.colcon_core.shell:Creating environment descriptor '/home/nicola/Desktop/Progetto_Sapore/install/interfaces/share/interfaces/hook/ld_library_path_lib.dsv'
[0.841s] INFO:colcon.colcon_core.shell:Creating environment hook '/home/nicola/Desktop/Progetto_Sapore/install/interfaces/share/interfaces/hook/ld_library_path_lib.sh'
[0.841s] Level 1:colcon.colcon_core.environment:checking '/home/nicola/Desktop/Progetto_Sapore/install/interfaces/bin'
[0.841s] Level 1:colcon.colcon_core.environment:checking '/home/nicola/Desktop/Progetto_Sapore/install/interfaces/lib/pkgconfig/interfaces.pc'
[0.841s] Level 1:colcon.colcon_core.environment:checking '/home/nicola/Desktop/Progetto_Sapore/install/interfaces/lib/python3.12/site-packages'
[0.842s] Level 1:colcon.colcon_core.shell:create_environment_hook('interfaces', 'pythonpath')
[0.842s] INFO:colcon.colcon_core.shell:Creating environment hook '/home/nicola/Desktop/Progetto_Sapore/install/interfaces/share/interfaces/hook/pythonpath.ps1'
[0.842s] INFO:colcon.colcon_core.shell:Creating environment descriptor '/home/nicola/Desktop/Progetto_Sapore/install/interfaces/share/interfaces/hook/pythonpath.dsv'
[0.842s] INFO:colcon.colcon_core.shell:Creating environment hook '/home/nicola/Desktop/Progetto_Sapore/install/interfaces/share/interfaces/hook/pythonpath.sh'
[0.843s] Level 1:colcon.colcon_core.environment:checking '/home/nicola/Desktop/Progetto_Sapore/install/interfaces/bin'
[0.843s] INFO:colcon.colcon_core.shell:Creating package script '/home/nicola/Desktop/Progetto_Sapore/install/interfaces/share/interfaces/package.ps1'
[0.844s] INFO:colcon.colcon_core.shell:Creating package descriptor '/home/nicola/Desktop/Progetto_Sapore/install/interfaces/share/interfaces/package.dsv'
[0.844s] INFO:colcon.colcon_core.shell:Creating package script '/home/nicola/Desktop/Progetto_Sapore/install/interfaces/share/interfaces/package.sh'
[0.844s] INFO:colcon.colcon_core.shell:Creating package script '/home/nicola/Desktop/Progetto_Sapore/install/interfaces/share/interfaces/package.bash'
[0.845s] INFO:colcon.colcon_core.shell:Creating package script '/home/nicola/Desktop/Progetto_Sapore/install/interfaces/share/interfaces/package.zsh'
[0.845s] Level 1:colcon.colcon_core.environment:create_file_with_runtime_dependencies(/home/nicola/Desktop/Progetto_Sapore/install/interfaces/share/colcon-core/packages/interfaces)
[0.845s] INFO:colcon.colcon_ros.task.ament_cmake.build:Building ROS package in '/home/nicola/Desktop/Progetto_Sapore/src/nodes' with build type 'ament_cmake'
[0.845s] INFO:colcon.colcon_cmake.task.cmake.build:Building CMake package in '/home/nicola/Desktop/Progetto_Sapore/src/nodes'
[0.845s] INFO:colcon.colcon_core.shell:Skip shell extension 'powershell' for command environment: Not usable outside of PowerShell
[0.846s] DEBUG:colcon.colcon_core.shell:Skip shell extension 'dsv' for command environment
[0.855s] DEBUG:colcon.colcon_core.event_handler.log_command:Invoking command in '/home/nicola/Desktop/Progetto_Sapore/build/nodes': CMAKE_PREFIX_PATH=/home/nicola/Desktop/Progetto_Sapore/install/interfaces:/home/nicola/Desktop/Progetto_Sapore/install/validate_trajectory:/home/nicola/Desktop/Progetto_Sapore/install/nodes:/home/nicola/Desktop/Progetto_Sapore/install/iiwa_config_moveit_config:/home/nicola/Desktop/Progetto_Sapore/install/iiwa_description:/home/nicola/Desktop/Progetto_Sapore/install/build_scene_package:/opt/ros/jazzy/opt/sdformat_vendor:/opt/ros/jazzy/opt/gz_math_vendor:/opt/ros/jazzy/opt/gz_utils_vendor:/opt/ros/jazzy/opt/gz_tools_vendor:/opt/ros/jazzy/opt/gz_cmake_vendor:/opt/ros/jazzy DEBUGINFOD_URLS=https://debuginfod.ubuntu.com /usr/bin/cmake --build /home/nicola/Desktop/Progetto_Sapore/build/nodes -- -j8 -l8
[0.956s] DEBUG:colcon.colcon_core.event_handler.log_command:Invoked command in '/home/nicola/Desktop/Progetto_Sapore/build/nodes' returned '0': CMAKE_PREFIX_PATH=/home/nicola/Desktop/Progetto_Sapore/install/interfaces:/home/nicola/Desktop/Progetto_Sapore/install/validate_trajectory:/home/nicola/Desktop/Progetto_Sapore/install/nodes:/home/nicola/Desktop/Progetto_Sapore/install/iiwa_config_moveit_config:/home/nicola/Desktop/Progetto_Sapore/install/iiwa_description:/home/nicola/Desktop/Progetto_Sapore/install/build_scene_package:/opt/ros/jazzy/opt/sdformat_vendor:/opt/ros/jazzy/opt/gz_math_vendor:/opt/ros/jazzy/opt/gz_utils_vendor:/opt/ros/jazzy/opt/gz_tools_vendor:/opt/ros/jazzy/opt/gz_cmake_vendor:/opt/ros/jazzy DEBUGINFOD_URLS=https://debuginfod.ubuntu.com /usr/bin/cmake --build /home/nicola/Desktop/Progetto_Sapore/build/nodes -- -j8 -l8
[0.957s] DEBUG:colcon.colcon_core.event_handler.log_command:Invoking command in '/home/nicola/Desktop/Progetto_Sapore/build/nodes': CMAKE_PREFIX_PATH=/home/nicola/Desktop/Progetto_Sapore/install/interfaces:/home/nicola/Desktop/Progetto_Sapore/install/validate_trajectory:/home/nicola/Desktop/Progetto_Sapore/install/nodes:/home/nicola/Desktop/Progetto_Sapore/install/iiwa_config_moveit_config:/home/nicola/Desktop/Progetto_Sapore/install/iiwa_description:/home/nicola/Desktop/Progetto_Sapore/install/build_scene_package:/opt/ros/jazzy/opt/sdformat_vendor:/opt/ros/jazzy/opt/gz_math_vendor:/opt/ros/jazzy/opt/gz_utils_vendor:/opt/ros/jazzy/opt/gz_tools_vendor:/opt/ros/jazzy/opt/gz_cmake_vendor:/opt/ros/jazzy DEBUGINFOD_URLS=https://debuginfod.ubuntu.com /usr/bin/cmake --install /home/nicola/Desktop/Progetto_Sapore/build/nodes
[0.970s] Level 1:colcon.colcon_core.environment:create_environment_scripts_only(nodes)
[0.971s] Level 1:colcon.colcon_core.environment:checking '/home/nicola/Desktop/Progetto_Sapore/install/nodes' for CMake module files
[0.971s] DEBUG:colcon.colcon_core.event_handler.log_command:Invoked command in '/home/nicola/Desktop/Progetto_Sapore/build/nodes' returned '0': CMAKE_PREFIX_PATH=/home/nicola/Desktop/Progetto_Sapore/install/interfaces:/home/nicola/Desktop/Progetto_Sapore/install/validate_trajectory:/home/nicola/Desktop/Progetto_Sapore/install/nodes:/home/nicola/Desktop/Progetto_Sapore/install/iiwa_config_moveit_config:/home/nicola/Desktop/Progetto_Sapore/install/iiwa_description:/home/nicola/Desktop/Progetto_Sapore/install/build_scene_package:/opt/ros/jazzy/opt/sdformat_vendor:/opt/ros/jazzy/opt/gz_math_vendor:/opt/ros/jazzy/opt/gz_utils_vendor:/opt/ros/jazzy/opt/gz_tools_vendor:/opt/ros/jazzy/opt/gz_cmake_vendor:/opt/ros/jazzy DEBUGINFOD_URLS=https://debuginfod.ubuntu.com /usr/bin/cmake --install /home/nicola/Desktop/Progetto_Sapore/build/nodes
[0.972s] Level 1:colcon.colcon_core.environment:checking '/home/nicola/Desktop/Progetto_Sapore/install/nodes' for CMake config files
[0.972s] Level 1:colcon.colcon_core.shell:create_environment_hook('nodes', 'cmake_prefix_path')
[0.972s] INFO:colcon.colcon_core.shell:Creating environment hook '/home/nicola/Desktop/Progetto_Sapore/install/nodes/share/nodes/hook/cmake_prefix_path.ps1'
[0.973s] INFO:colcon.colcon_core.shell:Creating environment descriptor '/home/nicola/Desktop/Progetto_Sapore/install/nodes/share/nodes/hook/cmake_prefix_path.dsv'
[0.973s] INFO:colcon.colcon_core.shell:Creating environment hook '/home/nicola/Desktop/Progetto_Sapore/install/nodes/share/nodes/hook/cmake_prefix_path.sh'
[0.973s] Level 1:colcon.colcon_core.environment:checking '/home/nicola/Desktop/Progetto_Sapore/install/nodes/lib'
[0.974s] Level 1:colcon.colcon_core.environment:checking '/home/nicola/Desktop/Progetto_Sapore/install/nodes/bin'
[0.974s] Level 1:colcon.colcon_core.environment:checking '/home/nicola/Desktop/Progetto_Sapore/install/nodes/lib/pkgconfig/nodes.pc'
[0.974s] Level 1:colcon.colcon_core.environment:checking '/home/nicola/Desktop/Progetto_Sapore/install/nodes/lib/python3.12/site-packages'
[0.974s] Level 1:colcon.colcon_core.environment:checking '/home/nicola/Desktop/Progetto_Sapore/install/nodes/bin'
[0.974s] INFO:colcon.colcon_core.shell:Creating package script '/home/nicola/Desktop/Progetto_Sapore/install/nodes/share/nodes/package.ps1'
[0.975s] INFO:colcon.colcon_core.shell:Creating package descriptor '/home/nicola/Desktop/Progetto_Sapore/install/nodes/share/nodes/package.dsv'
[0.975s] INFO:colcon.colcon_core.shell:Creating package script '/home/nicola/Desktop/Progetto_Sapore/install/nodes/share/nodes/package.sh'
[0.975s] INFO:colcon.colcon_core.shell:Creating package script '/home/nicola/Desktop/Progetto_Sapore/install/nodes/share/nodes/package.bash'
[0.976s] INFO:colcon.colcon_core.shell:Creating package script '/home/nicola/Desktop/Progetto_Sapore/install/nodes/share/nodes/package.zsh'
[0.976s] Level 1:colcon.colcon_core.environment:create_file_with_runtime_dependencies(/home/nicola/Desktop/Progetto_Sapore/install/nodes/share/colcon-core/packages/nodes)
[0.977s] Level 1:colcon.colcon_core.environment:create_environment_scripts_only(nodes)
[0.977s] Level 1:colcon.colcon_core.environment:checking '/home/nicola/Desktop/Progetto_Sapore/install/nodes' for CMake module files
[0.977s] Level 1:colcon.colcon_core.environment:checking '/home/nicola/Desktop/Progetto_Sapore/install/nodes' for CMake config files
[0.977s] Level 1:colcon.colcon_core.shell:create_environment_hook('nodes', 'cmake_prefix_path')
[0.978s] INFO:colcon.colcon_core.shell:Creating environment hook '/home/nicola/Desktop/Progetto_Sapore/install/nodes/share/nodes/hook/cmake_prefix_path.ps1'
[0.978s] INFO:colcon.colcon_core.shell:Creating environment descriptor '/home/nicola/Desktop/Progetto_Sapore/install/nodes/share/nodes/hook/cmake_prefix_path.dsv'
[0.978s] INFO:colcon.colcon_core.shell:Creating environment hook '/home/nicola/Desktop/Progetto_Sapore/install/nodes/share/nodes/hook/cmake_prefix_path.sh'
[0.978s] Level 1:colcon.colcon_core.environment:checking '/home/nicola/Desktop/Progetto_Sapore/install/nodes/lib'
[0.978s] Level 1:colcon.colcon_core.environment:checking '/home/nicola/Desktop/Progetto_Sapore/install/nodes/bin'
[0.978s] Level 1:colcon.colcon_core.environment:checking '/home/nicola/Desktop/Progetto_Sapore/install/nodes/lib/pkgconfig/nodes.pc'
[0.979s] Level 1:colcon.colcon_core.environment:checking '/home/nicola/Desktop/Progetto_Sapore/install/nodes/lib/python3.12/site-packages'
[0.979s] Level 1:colcon.colcon_core.environment:checking '/home/nicola/Desktop/Progetto_Sapore/install/nodes/bin'
[0.979s] INFO:colcon.colcon_core.shell:Creating package script '/home/nicola/Desktop/Progetto_Sapore/install/nodes/share/nodes/package.ps1'
[0.979s] INFO:colcon.colcon_core.shell:Creating package descriptor '/home/nicola/Desktop/Progetto_Sapore/install/nodes/share/nodes/package.dsv'
[0.980s] INFO:colcon.colcon_core.shell:Creating package script '/home/nicola/Desktop/Progetto_Sapore/install/nodes/share/nodes/package.sh'
[0.980s] INFO:colcon.colcon_core.shell:Creating package script '/home/nicola/Desktop/Progetto_Sapore/install/nodes/share/nodes/package.bash'
[0.980s] INFO:colcon.colcon_core.shell:Creating package script '/home/nicola/Desktop/Progetto_Sapore/install/nodes/share/nodes/package.zsh'
[0.980s] Level 1:colcon.colcon_core.environment:create_file_with_runtime_dependencies(/home/nicola/Desktop/Progetto_Sapore/install/nodes/share/colcon-core/packages/nodes)
[0.980s] DEBUG:colcon.colcon_parallel_executor.executor.parallel:closing loop
[0.981s] DEBUG:colcon.colcon_parallel_executor.executor.parallel:loop closed
[0.981s] DEBUG:colcon.colcon_parallel_executor.executor.parallel:run_until_complete finished with '0'
[0.981s] DEBUG:colcon.colcon_core.event_reactor:joining thread
[0.989s] INFO:colcon.colcon_core.plugin_system:Skipping extension 'colcon_notification.desktop_notification.terminal_notifier': Not used on non-Darwin systems
[0.989s] INFO:colcon.colcon_core.plugin_system:Skipping extension 'colcon_notification.desktop_notification.win32': Not used on non-Windows systems
[0.989s] INFO:colcon.colcon_notification.desktop_notification:Sending desktop notification using 'notify2'
[1.008s] DEBUG:colcon.colcon_core.event_reactor:joined thread
[1.009s] INFO:colcon.colcon_core.shell:Creating prefix script '/home/nicola/Desktop/Progetto_Sapore/install/local_setup.ps1'
[1.010s] INFO:colcon.colcon_core.shell:Creating prefix util module '/home/nicola/Desktop/Progetto_Sapore/install/_local_setup_util_ps1.py'
[1.010s] INFO:colcon.colcon_core.shell:Creating prefix chain script '/home/nicola/Desktop/Progetto_Sapore/install/setup.ps1'
[1.011s] INFO:colcon.colcon_core.shell:Creating prefix script '/home/nicola/Desktop/Progetto_Sapore/install/local_setup.sh'
[1.012s] INFO:colcon.colcon_core.shell:Creating prefix util module '/home/nicola/Desktop/Progetto_Sapore/install/_local_setup_util_sh.py'
[1.012s] INFO:colcon.colcon_core.shell:Creating prefix chain script '/home/nicola/Desktop/Progetto_Sapore/install/setup.sh'
[1.013s] INFO:colcon.colcon_core.shell:Creating prefix script '/home/nicola/Desktop/Progetto_Sapore/install/local_setup.bash'
[1.013s] INFO:colcon.colcon_core.shell:Creating prefix chain script '/home/nicola/Desktop/Progetto_Sapore/install/setup.bash'
[1.014s] INFO:colcon.colcon_core.shell:Creating prefix script '/home/nicola/Desktop/Progetto_Sapore/install/local_setup.zsh'
[1.014s] INFO:colcon.colcon_core.shell:Creating prefix chain script '/home/nicola/Desktop/Progetto_Sapore/install/setup.zsh'
