[0.026s] Invoking command in '/home/nicola/Desktop/Progetto_Sapore/build/robot_skills': CMAKE_PREFIX_PATH=${CMAKE_PREFIX_PATH}:/opt/ros/jazzy DEBUGINFOD_URLS=https://debuginfod.ubuntu.com /usr/bin/cmake --build /home/nicola/Desktop/Progetto_Sapore/build/robot_skills -- -j8 -l8
[0.148s] [ 16%] [32mBuilding CXX object CMakeFiles/SaveYaml.dir/src/SaveYaml.cpp.o[0m
[0.152s] [ 50%] Built target MoveitHelper
[1.185s] In file included from [01m[K/home/nicola/Desktop/Progetto_Sapore/src/robot_skills/include/SaveYaml.hpp:3[m[K,
[1.186s]                  from [01m[K/home/nicola/Desktop/Progetto_Sapore/src/robot_skills/src/SaveYaml.cpp:2[m[K:
[1.186s] [01m[K/opt/ros/jazzy/include/moveit_ros_planning_interface/moveit/move_group_interface/move_group_interface.h:51:77:[m[K [01;36m[Knote: [m[K‘[01m[K#pragma message: .h header is obsolete. Please use the .hpp header instead.[m[K’
[1.186s]    51 | #pragma message(".h header is obsolete. Please use the .hpp header instead."[01;36m[K)[m[K
[1.186s]       |                                                                             [01;36m[K^[m[K
[7.711s] [ 66%] [32m[1mLinking CXX static library libSaveYaml.a[0m
[7.746s] [ 66%] Built target SaveYaml
[7.778s] [ 83%] [32mBuilding CXX object CMakeFiles/pick_place_server.dir/src/pick_place_server.cpp.o[0m
[9.932s] In file included from [01m[K/home/nicola/Desktop/Progetto_Sapore/src/robot_skills/include/SaveYaml.hpp:3[m[K,
[9.932s]                  from [01m[K/home/nicola/Desktop/Progetto_Sapore/src/robot_skills/src/pick_place_server.cpp:6[m[K:
[9.932s] [01m[K/opt/ros/jazzy/include/moveit_ros_planning_interface/moveit/move_group_interface/move_group_interface.h:51:77:[m[K [01;36m[Knote: [m[K‘[01m[K#pragma message: .h header is obsolete. Please use the .hpp header instead.[m[K’
[9.932s]    51 | #pragma message(".h header is obsolete. Please use the .hpp header instead."[01;36m[K)[m[K
[9.933s]       |                                                                             [01;36m[K^[m[K
[11.438s] In file included from [01m[K/home/nicola/Desktop/Progetto_Sapore/src/robot_skills/include/MoveitHelper.hpp:8[m[K,
[11.438s]                  from [01m[K/home/nicola/Desktop/Progetto_Sapore/src/robot_skills/src/pick_place_server.cpp:7[m[K:
[11.438s] [01m[K/opt/ros/jazzy/include/moveit_ros_planning_interface/moveit/planning_scene_interface/planning_scene_interface.h:50:77:[m[K [01;36m[Knote: [m[K‘[01m[K#pragma message: .h header is obsolete. Please use the .hpp header instead.[m[K’
[11.438s]    50 | #pragma message(".h header is obsolete. Please use the .hpp header instead."[01;36m[K)[m[K
[11.438s]       |                                                                             [01;36m[K^[m[K
[11.477s] In file included from [01m[K/home/nicola/Desktop/Progetto_Sapore/src/robot_skills/include/MoveitHelper.hpp:11[m[K:
[11.477s] [01m[K/opt/ros/jazzy/include/moveit_core/moveit/utils/moveit_error_code.h:48:77:[m[K [01;36m[Knote: [m[K‘[01m[K#pragma message: .h header is obsolete. Please use the .hpp header instead.[m[K’
[11.477s]    48 | #pragma message(".h header is obsolete. Please use the .hpp header instead."[01;36m[K)[m[K
[11.477s]       |                                                                             [01;36m[K^[m[K
[11.536s] [01m[K/home/nicola/Desktop/Progetto_Sapore/src/robot_skills/src/pick_place_server.cpp:[m[K In member function ‘[01m[Kbool PickPlaceServer::[01;32m[KexecutePickAndPlace[m[K(const std::string&, const geometry_msgs::msg::Pose&)[m[K’:
[11.536s] [01m[K/home/nicola/Desktop/Progetto_Sapore/src/robot_skills/src/pick_place_server.cpp:111:16:[m[K [01;35m[Kwarning: [m[Kunused variable ‘[01m[Kapproach_dist[m[K’ [[01;35m[K]8;;https://gcc.gnu.org/onlinedocs/gcc/Warning-Options.html#index-Wunused-variable-Wunused-variable]8;;[m[K]
[11.536s]   111 |         double [01;35m[Kapproach_dist[m[K = this->get_parameter("approach_distance").as_double();
[11.536s]       |                [01;35m[K^~~~~~~~~~~~~[m[K
[11.536s] [01m[K/home/nicola/Desktop/Progetto_Sapore/src/robot_skills/src/pick_place_server.cpp:112:16:[m[K [01;35m[Kwarning: [m[Kunused variable ‘[01m[Klift_dist[m[K’ [[01;35m[K]8;;https://gcc.gnu.org/onlinedocs/gcc/Warning-Options.html#index-Wunused-variable-Wunused-variable]8;;[m[K]
[11.536s]   112 |         double [01;35m[Klift_dist[m[K = this->get_parameter("lift_distance").as_double();
[11.536s]       |                [01;35m[K^~~~~~~~~[m[K
[18.377s] [100%] [32m[1mLinking CXX executable pick_place_server[0m
[19.018s] [100%] Built target pick_place_server
[19.026s] Invoked command in '/home/nicola/Desktop/Progetto_Sapore/build/robot_skills' returned '0': CMAKE_PREFIX_PATH=${CMAKE_PREFIX_PATH}:/opt/ros/jazzy DEBUGINFOD_URLS=https://debuginfod.ubuntu.com /usr/bin/cmake --build /home/nicola/Desktop/Progetto_Sapore/build/robot_skills -- -j8 -l8
[19.027s] Invoking command in '/home/nicola/Desktop/Progetto_Sapore/build/robot_skills': CMAKE_PREFIX_PATH=${CMAKE_PREFIX_PATH}:/opt/ros/jazzy DEBUGINFOD_URLS=https://debuginfod.ubuntu.com /usr/bin/cmake --install /home/nicola/Desktop/Progetto_Sapore/build/robot_skills
[19.034s] -- Install configuration: ""
[19.034s] -- Installing: /home/nicola/Desktop/Progetto_Sapore/install/robot_skills/lib/robot_skills/pick_place_server
[19.039s] -- Set non-toolchain portion of runtime path of "/home/nicola/Desktop/Progetto_Sapore/install/robot_skills/lib/robot_skills/pick_place_server" to ""
[19.039s] -- Installing: /home/nicola/Desktop/Progetto_Sapore/install/robot_skills/lib/robot_skills/libSaveYaml.a
[19.040s] -- Up-to-date: /home/nicola/Desktop/Progetto_Sapore/install/robot_skills/lib/robot_skills/libMoveitHelper.a
[19.040s] -- Up-to-date: /home/nicola/Desktop/Progetto_Sapore/install/robot_skills/share/robot_skills/launch
[19.040s] -- Up-to-date: /home/nicola/Desktop/Progetto_Sapore/install/robot_skills/share/robot_skills/launch/pick_place_demo.launch.py
[19.040s] -- Up-to-date: /home/nicola/Desktop/Progetto_Sapore/install/robot_skills/share/ament_index/resource_index/package_run_dependencies/robot_skills
[19.040s] -- Up-to-date: /home/nicola/Desktop/Progetto_Sapore/install/robot_skills/share/ament_index/resource_index/parent_prefix_path/robot_skills
[19.040s] -- Up-to-date: /home/nicola/Desktop/Progetto_Sapore/install/robot_skills/share/robot_skills/environment/ament_prefix_path.sh
[19.040s] -- Up-to-date: /home/nicola/Desktop/Progetto_Sapore/install/robot_skills/share/robot_skills/environment/ament_prefix_path.dsv
[19.040s] -- Up-to-date: /home/nicola/Desktop/Progetto_Sapore/install/robot_skills/share/robot_skills/environment/path.sh
[19.040s] -- Up-to-date: /home/nicola/Desktop/Progetto_Sapore/install/robot_skills/share/robot_skills/environment/path.dsv
[19.040s] -- Up-to-date: /home/nicola/Desktop/Progetto_Sapore/install/robot_skills/share/robot_skills/local_setup.bash
[19.040s] -- Up-to-date: /home/nicola/Desktop/Progetto_Sapore/install/robot_skills/share/robot_skills/local_setup.sh
[19.040s] -- Up-to-date: /home/nicola/Desktop/Progetto_Sapore/install/robot_skills/share/robot_skills/local_setup.zsh
[19.040s] -- Up-to-date: /home/nicola/Desktop/Progetto_Sapore/install/robot_skills/share/robot_skills/local_setup.dsv
[19.040s] -- Installing: /home/nicola/Desktop/Progetto_Sapore/install/robot_skills/share/robot_skills/package.dsv
[19.041s] -- Up-to-date: /home/nicola/Desktop/Progetto_Sapore/install/robot_skills/share/ament_index/resource_index/packages/robot_skills
[19.041s] -- Up-to-date: /home/nicola/Desktop/Progetto_Sapore/install/robot_skills/share/robot_skills/cmake/robot_skillsConfig.cmake
[19.041s] -- Up-to-date: /home/nicola/Desktop/Progetto_Sapore/install/robot_skills/share/robot_skills/cmake/robot_skillsConfig-version.cmake
[19.041s] -- Up-to-date: /home/nicola/Desktop/Progetto_Sapore/install/robot_skills/share/robot_skills/package.xml
[19.042s] Invoked command in '/home/nicola/Desktop/Progetto_Sapore/build/robot_skills' returned '0': CMAKE_PREFIX_PATH=${CMAKE_PREFIX_PATH}:/opt/ros/jazzy DEBUGINFOD_URLS=https://debuginfod.ubuntu.com /usr/bin/cmake --install /home/nicola/Desktop/Progetto_Sapore/build/robot_skills
