[0.155s] DEBUG:colcon:Command line arguments: ['/usr/bin/colcon', 'build']
[0.155s] DEBUG:colcon:Parsed command line arguments: Namespace(log_base=None, log_level=None, verb_name='build', build_base='build', install_base='install', merge_install=False, symlink_install=False, test_result_base=None, continue_on_error=False, executor='parallel', parallel_workers=8, event_handlers=None, ignore_user_meta=False, metas=['./colcon.meta'], base_paths=['.'], packages_ignore=None, packages_ignore_regex=None, paths=None, packages_up_to=None, packages_up_to_regex=None, packages_above=None, packages_above_and_dependencies=None, packages_above_depth=None, packages_select_by_dep=None, packages_skip_by_dep=None, packages_skip_up_to=None, packages_select_build_failed=False, packages_skip_build_finished=False, packages_select_test_failures=False, packages_skip_test_passed=False, packages_select=None, packages_skip=None, packages_select_regex=None, packages_skip_regex=None, packages_start=None, packages_end=None, allow_overriding=[], cmake_args=None, cmake_target=None, cmake_target_skip_unavailable=False, cmake_clean_cache=False, cmake_clean_first=False, cmake_force_configure=False, ament_cmake_args=None, catkin_cmake_args=None, catkin_skip_building_tests=False, mixin_files=None, mixin=None, verb_parser=<colcon_mixin.mixin.mixin_argument.MixinArgumentDecorator object at 0x7718ec4ad460>, verb_extension=<colcon_core.verb.build.BuildVerb object at 0x7718ec4ad160>, main=<bound method BuildVerb.main of <colcon_core.verb.build.BuildVerb object at 0x7718ec4ad160>>, mixin_verb=('build',))
[0.218s] Level 1:colcon.colcon_core.package_discovery:discover_packages(colcon_meta) check parameters
[0.218s] Level 1:colcon.colcon_core.package_discovery:discover_packages(recursive) check parameters
[0.218s] Level 1:colcon.colcon_core.package_discovery:discover_packages(ignore) check parameters
[0.219s] Level 1:colcon.colcon_core.package_discovery:discover_packages(path) check parameters
[0.219s] Level 1:colcon.colcon_core.package_discovery:discover_packages(colcon_meta) discover
[0.219s] Level 1:colcon.colcon_core.package_discovery:discover_packages(recursive) discover
[0.219s] INFO:colcon.colcon_core.package_discovery:Crawling recursively for packages in '/home/nicola/Desktop/Progetto_Sapore'
[0.219s] Level 1:colcon.colcon_core.package_identification:_identify(.) by extensions ['ignore', 'ignore_ament_install']
[0.219s] Level 1:colcon.colcon_core.package_identification:_identify(.) by extension 'ignore'
[0.219s] Level 1:colcon.colcon_core.package_identification:_identify(.) by extension 'ignore_ament_install'
[0.219s] Level 1:colcon.colcon_core.package_identification:_identify(.) by extensions ['colcon_pkg']
[0.219s] Level 1:colcon.colcon_core.package_identification:_identify(.) by extension 'colcon_pkg'
[0.219s] Level 1:colcon.colcon_core.package_identification:_identify(.) by extensions ['colcon_meta']
[0.219s] Level 1:colcon.colcon_core.package_identification:_identify(.) by extension 'colcon_meta'
[0.219s] Level 1:colcon.colcon_core.package_identification:_identify(.) by extensions ['ros']
[0.219s] Level 1:colcon.colcon_core.package_identification:_identify(.) by extension 'ros'
[0.251s] Level 1:colcon.colcon_core.package_identification:_identify(.) by extensions ['cmake', 'python']
[0.251s] Level 1:colcon.colcon_core.package_identification:_identify(.) by extension 'cmake'
[0.251s] Level 1:colcon.colcon_core.package_identification:_identify(.) by extension 'python'
[0.251s] Level 1:colcon.colcon_core.package_identification:_identify(.) by extensions ['python_setup_py']
[0.252s] Level 1:colcon.colcon_core.package_identification:_identify(.) by extension 'python_setup_py'
[0.252s] Level 1:colcon.colcon_core.package_identification:_identify(build) by extensions ['ignore', 'ignore_ament_install']
[0.252s] Level 1:colcon.colcon_core.package_identification:_identify(build) by extension 'ignore'
[0.252s] Level 1:colcon.colcon_core.package_identification:_identify(build) ignored
[0.252s] Level 1:colcon.colcon_core.package_identification:_identify(install) by extensions ['ignore', 'ignore_ament_install']
[0.252s] Level 1:colcon.colcon_core.package_identification:_identify(install) by extension 'ignore'
[0.252s] Level 1:colcon.colcon_core.package_identification:_identify(install) ignored
[0.253s] Level 1:colcon.colcon_core.package_identification:_identify(log) by extensions ['ignore', 'ignore_ament_install']
[0.253s] Level 1:colcon.colcon_core.package_identification:_identify(log) by extension 'ignore'
[0.253s] Level 1:colcon.colcon_core.package_identification:_identify(log) ignored
[0.253s] Level 1:colcon.colcon_core.package_identification:_identify(src) by extensions ['ignore', 'ignore_ament_install']
[0.253s] Level 1:colcon.colcon_core.package_identification:_identify(src) by extension 'ignore'
[0.253s] Level 1:colcon.colcon_core.package_identification:_identify(src) by extension 'ignore_ament_install'
[0.253s] Level 1:colcon.colcon_core.package_identification:_identify(src) by extensions ['colcon_pkg']
[0.253s] Level 1:colcon.colcon_core.package_identification:_identify(src) by extension 'colcon_pkg'
[0.253s] Level 1:colcon.colcon_core.package_identification:_identify(src) by extensions ['colcon_meta']
[0.253s] Level 1:colcon.colcon_core.package_identification:_identify(src) by extension 'colcon_meta'
[0.253s] Level 1:colcon.colcon_core.package_identification:_identify(src) by extensions ['ros']
[0.253s] Level 1:colcon.colcon_core.package_identification:_identify(src) by extension 'ros'
[0.253s] Level 1:colcon.colcon_core.package_identification:_identify(src) by extensions ['cmake', 'python']
[0.253s] Level 1:colcon.colcon_core.package_identification:_identify(src) by extension 'cmake'
[0.253s] Level 1:colcon.colcon_core.package_identification:_identify(src) by extension 'python'
[0.253s] Level 1:colcon.colcon_core.package_identification:_identify(src) by extensions ['python_setup_py']
[0.253s] Level 1:colcon.colcon_core.package_identification:_identify(src) by extension 'python_setup_py'
[0.254s] Level 1:colcon.colcon_core.package_identification:_identify(src/build_scene_package) by extensions ['ignore', 'ignore_ament_install']
[0.254s] Level 1:colcon.colcon_core.package_identification:_identify(src/build_scene_package) by extension 'ignore'
[0.254s] Level 1:colcon.colcon_core.package_identification:_identify(src/build_scene_package) by extension 'ignore_ament_install'
[0.254s] Level 1:colcon.colcon_core.package_identification:_identify(src/build_scene_package) by extensions ['colcon_pkg']
[0.254s] Level 1:colcon.colcon_core.package_identification:_identify(src/build_scene_package) by extension 'colcon_pkg'
[0.254s] Level 1:colcon.colcon_core.package_identification:_identify(src/build_scene_package) by extensions ['colcon_meta']
[0.254s] Level 1:colcon.colcon_core.package_identification:_identify(src/build_scene_package) by extension 'colcon_meta'
[0.254s] Level 1:colcon.colcon_core.package_identification:_identify(src/build_scene_package) by extensions ['ros']
[0.254s] Level 1:colcon.colcon_core.package_identification:_identify(src/build_scene_package) by extension 'ros'
[0.257s] DEBUG:colcon.colcon_core.package_identification:Package 'src/build_scene_package' with type 'ros.ament_cmake' and name 'build_scene_package'
[0.257s] Level 1:colcon.colcon_core.package_identification:_identify(src/iiwa_config_moveit_config) by extensions ['ignore', 'ignore_ament_install']
[0.257s] Level 1:colcon.colcon_core.package_identification:_identify(src/iiwa_config_moveit_config) by extension 'ignore'
[0.258s] Level 1:colcon.colcon_core.package_identification:_identify(src/iiwa_config_moveit_config) by extension 'ignore_ament_install'
[0.258s] Level 1:colcon.colcon_core.package_identification:_identify(src/iiwa_config_moveit_config) by extensions ['colcon_pkg']
[0.258s] Level 1:colcon.colcon_core.package_identification:_identify(src/iiwa_config_moveit_config) by extension 'colcon_pkg'
[0.258s] Level 1:colcon.colcon_core.package_identification:_identify(src/iiwa_config_moveit_config) by extensions ['colcon_meta']
[0.258s] Level 1:colcon.colcon_core.package_identification:_identify(src/iiwa_config_moveit_config) by extension 'colcon_meta'
[0.258s] Level 1:colcon.colcon_core.package_identification:_identify(src/iiwa_config_moveit_config) by extensions ['ros']
[0.258s] Level 1:colcon.colcon_core.package_identification:_identify(src/iiwa_config_moveit_config) by extension 'ros'
[0.259s] DEBUG:colcon.colcon_core.package_identification:Package 'src/iiwa_config_moveit_config' with type 'ros.ament_cmake' and name 'iiwa_config_moveit_config'
[0.259s] Level 1:colcon.colcon_core.package_identification:_identify(src/iiwa_description) by extensions ['ignore', 'ignore_ament_install']
[0.259s] Level 1:colcon.colcon_core.package_identification:_identify(src/iiwa_description) by extension 'ignore'
[0.260s] Level 1:colcon.colcon_core.package_identification:_identify(src/iiwa_description) by extension 'ignore_ament_install'
[0.260s] Level 1:colcon.colcon_core.package_identification:_identify(src/iiwa_description) by extensions ['colcon_pkg']
[0.260s] Level 1:colcon.colcon_core.package_identification:_identify(src/iiwa_description) by extension 'colcon_pkg'
[0.260s] Level 1:colcon.colcon_core.package_identification:_identify(src/iiwa_description) by extensions ['colcon_meta']
[0.260s] Level 1:colcon.colcon_core.package_identification:_identify(src/iiwa_description) by extension 'colcon_meta'
[0.260s] Level 1:colcon.colcon_core.package_identification:_identify(src/iiwa_description) by extensions ['ros']
[0.260s] Level 1:colcon.colcon_core.package_identification:_identify(src/iiwa_description) by extension 'ros'
[0.261s] DEBUG:colcon.colcon_core.package_identification:Package 'src/iiwa_description' with type 'ros.ament_cmake' and name 'iiwa_description'
[0.261s] Level 1:colcon.colcon_core.package_identification:_identify(src/interfaces) by extensions ['ignore', 'ignore_ament_install']
[0.261s] Level 1:colcon.colcon_core.package_identification:_identify(src/interfaces) by extension 'ignore'
[0.262s] Level 1:colcon.colcon_core.package_identification:_identify(src/interfaces) by extension 'ignore_ament_install'
[0.262s] Level 1:colcon.colcon_core.package_identification:_identify(src/interfaces) by extensions ['colcon_pkg']
[0.262s] Level 1:colcon.colcon_core.package_identification:_identify(src/interfaces) by extension 'colcon_pkg'
[0.262s] Level 1:colcon.colcon_core.package_identification:_identify(src/interfaces) by extensions ['colcon_meta']
[0.262s] Level 1:colcon.colcon_core.package_identification:_identify(src/interfaces) by extension 'colcon_meta'
[0.262s] Level 1:colcon.colcon_core.package_identification:_identify(src/interfaces) by extensions ['ros']
[0.262s] Level 1:colcon.colcon_core.package_identification:_identify(src/interfaces) by extension 'ros'
[0.263s] DEBUG:colcon.colcon_core.package_identification:Package 'src/interfaces' with type 'ros.ament_cmake' and name 'interfaces'
[0.263s] Level 1:colcon.colcon_core.package_identification:_identify(src/nodes) by extensions ['ignore', 'ignore_ament_install']
[0.263s] Level 1:colcon.colcon_core.package_identification:_identify(src/nodes) by extension 'ignore'
[0.264s] Level 1:colcon.colcon_core.package_identification:_identify(src/nodes) by extension 'ignore_ament_install'
[0.264s] Level 1:colcon.colcon_core.package_identification:_identify(src/nodes) by extensions ['colcon_pkg']
[0.264s] Level 1:colcon.colcon_core.package_identification:_identify(src/nodes) by extension 'colcon_pkg'
[0.264s] Level 1:colcon.colcon_core.package_identification:_identify(src/nodes) by extensions ['colcon_meta']
[0.264s] Level 1:colcon.colcon_core.package_identification:_identify(src/nodes) by extension 'colcon_meta'
[0.264s] Level 1:colcon.colcon_core.package_identification:_identify(src/nodes) by extensions ['ros']
[0.264s] Level 1:colcon.colcon_core.package_identification:_identify(src/nodes) by extension 'ros'
[0.266s] DEBUG:colcon.colcon_core.package_identification:Package 'src/nodes' with type 'ros.ament_cmake' and name 'nodes'
[0.266s] Level 1:colcon.colcon_core.package_identification:_identify(src/validate_trajectory) by extensions ['ignore', 'ignore_ament_install']
[0.266s] Level 1:colcon.colcon_core.package_identification:_identify(src/validate_trajectory) by extension 'ignore'
[0.266s] Level 1:colcon.colcon_core.package_identification:_identify(src/validate_trajectory) by extension 'ignore_ament_install'
[0.266s] Level 1:colcon.colcon_core.package_identification:_identify(src/validate_trajectory) by extensions ['colcon_pkg']
[0.267s] Level 1:colcon.colcon_core.package_identification:_identify(src/validate_trajectory) by extension 'colcon_pkg'
[0.267s] Level 1:colcon.colcon_core.package_identification:_identify(src/validate_trajectory) by extensions ['colcon_meta']
[0.267s] Level 1:colcon.colcon_core.package_identification:_identify(src/validate_trajectory) by extension 'colcon_meta'
[0.267s] Level 1:colcon.colcon_core.package_identification:_identify(src/validate_trajectory) by extensions ['ros']
[0.267s] Level 1:colcon.colcon_core.package_identification:_identify(src/validate_trajectory) by extension 'ros'
[0.268s] DEBUG:colcon.colcon_core.package_identification:Package 'src/validate_trajectory' with type 'ros.ament_cmake' and name 'validate_trajectory'
[0.268s] Level 1:colcon.colcon_core.package_discovery:discover_packages(recursive) using defaults
[0.268s] Level 1:colcon.colcon_core.package_discovery:discover_packages(ignore) discover
[0.268s] Level 1:colcon.colcon_core.package_discovery:discover_packages(ignore) using defaults
[0.268s] Level 1:colcon.colcon_core.package_discovery:discover_packages(path) discover
[0.268s] Level 1:colcon.colcon_core.package_discovery:discover_packages(path) using defaults
[0.295s] Level 1:colcon.colcon_core.package_discovery:discover_packages(prefix_path) check parameters
[0.296s] Level 1:colcon.colcon_core.package_discovery:discover_packages(prefix_path) discover
[0.300s] DEBUG:colcon.colcon_installed_package_information.package_discovery:Found 6 installed packages in /home/nicola/Desktop/Progetto_Sapore/install
[0.303s] DEBUG:colcon.colcon_installed_package_information.package_discovery:Found 388 installed packages in /opt/ros/jazzy
[0.306s] Level 1:colcon.colcon_core.package_discovery:discover_packages(prefix_path) using defaults
[0.372s] Level 5:colcon.colcon_core.verb:set package 'build_scene_package' build argument 'cmake_args' from command line to 'None'
[0.372s] Level 5:colcon.colcon_core.verb:set package 'build_scene_package' build argument 'cmake_target' from command line to 'None'
[0.372s] Level 5:colcon.colcon_core.verb:set package 'build_scene_package' build argument 'cmake_target_skip_unavailable' from command line to 'False'
[0.372s] Level 5:colcon.colcon_core.verb:set package 'build_scene_package' build argument 'cmake_clean_cache' from command line to 'False'
[0.372s] Level 5:colcon.colcon_core.verb:set package 'build_scene_package' build argument 'cmake_clean_first' from command line to 'False'
[0.372s] Level 5:colcon.colcon_core.verb:set package 'build_scene_package' build argument 'cmake_force_configure' from command line to 'False'
[0.372s] Level 5:colcon.colcon_core.verb:set package 'build_scene_package' build argument 'ament_cmake_args' from command line to 'None'
[0.372s] Level 5:colcon.colcon_core.verb:set package 'build_scene_package' build argument 'catkin_cmake_args' from command line to 'None'
[0.372s] Level 5:colcon.colcon_core.verb:set package 'build_scene_package' build argument 'catkin_skip_building_tests' from command line to 'False'
[0.372s] DEBUG:colcon.colcon_core.verb:Building package 'build_scene_package' with the following arguments: {'ament_cmake_args': None, 'build_base': '/home/nicola/Desktop/Progetto_Sapore/build/build_scene_package', 'catkin_cmake_args': None, 'catkin_skip_building_tests': False, 'cmake_args': None, 'cmake_clean_cache': False, 'cmake_clean_first': False, 'cmake_force_configure': False, 'cmake_target': None, 'cmake_target_skip_unavailable': False, 'install_base': '/home/nicola/Desktop/Progetto_Sapore/install/build_scene_package', 'merge_install': False, 'path': '/home/nicola/Desktop/Progetto_Sapore/src/build_scene_package', 'symlink_install': False, 'test_result_base': None}
[0.372s] Level 5:colcon.colcon_core.verb:set package 'iiwa_description' build argument 'cmake_args' from command line to 'None'
[0.372s] Level 5:colcon.colcon_core.verb:set package 'iiwa_description' build argument 'cmake_target' from command line to 'None'
[0.373s] Level 5:colcon.colcon_core.verb:set package 'iiwa_description' build argument 'cmake_target_skip_unavailable' from command line to 'False'
[0.373s] Level 5:colcon.colcon_core.verb:set package 'iiwa_description' build argument 'cmake_clean_cache' from command line to 'False'
[0.373s] Level 5:colcon.colcon_core.verb:set package 'iiwa_description' build argument 'cmake_clean_first' from command line to 'False'
[0.373s] Level 5:colcon.colcon_core.verb:set package 'iiwa_description' build argument 'cmake_force_configure' from command line to 'False'
[0.373s] Level 5:colcon.colcon_core.verb:set package 'iiwa_description' build argument 'ament_cmake_args' from command line to 'None'
[0.373s] Level 5:colcon.colcon_core.verb:set package 'iiwa_description' build argument 'catkin_cmake_args' from command line to 'None'
[0.373s] Level 5:colcon.colcon_core.verb:set package 'iiwa_description' build argument 'catkin_skip_building_tests' from command line to 'False'
[0.373s] DEBUG:colcon.colcon_core.verb:Building package 'iiwa_description' with the following arguments: {'ament_cmake_args': None, 'build_base': '/home/nicola/Desktop/Progetto_Sapore/build/iiwa_description', 'catkin_cmake_args': None, 'catkin_skip_building_tests': False, 'cmake_args': None, 'cmake_clean_cache': False, 'cmake_clean_first': False, 'cmake_force_configure': False, 'cmake_target': None, 'cmake_target_skip_unavailable': False, 'install_base': '/home/nicola/Desktop/Progetto_Sapore/install/iiwa_description', 'merge_install': False, 'path': '/home/nicola/Desktop/Progetto_Sapore/src/iiwa_description', 'symlink_install': False, 'test_result_base': None}
[0.373s] Level 5:colcon.colcon_core.verb:set package 'interfaces' build argument 'cmake_args' from command line to 'None'
[0.373s] Level 5:colcon.colcon_core.verb:set package 'interfaces' build argument 'cmake_target' from command line to 'None'
[0.373s] Level 5:colcon.colcon_core.verb:set package 'interfaces' build argument 'cmake_target_skip_unavailable' from command line to 'False'
[0.373s] Level 5:colcon.colcon_core.verb:set package 'interfaces' build argument 'cmake_clean_cache' from command line to 'False'
[0.373s] Level 5:colcon.colcon_core.verb:set package 'interfaces' build argument 'cmake_clean_first' from command line to 'False'
[0.373s] Level 5:colcon.colcon_core.verb:set package 'interfaces' build argument 'cmake_force_configure' from command line to 'False'
[0.373s] Level 5:colcon.colcon_core.verb:set package 'interfaces' build argument 'ament_cmake_args' from command line to 'None'
[0.373s] Level 5:colcon.colcon_core.verb:set package 'interfaces' build argument 'catkin_cmake_args' from command line to 'None'
[0.373s] Level 5:colcon.colcon_core.verb:set package 'interfaces' build argument 'catkin_skip_building_tests' from command line to 'False'
[0.373s] DEBUG:colcon.colcon_core.verb:Building package 'interfaces' with the following arguments: {'ament_cmake_args': None, 'build_base': '/home/nicola/Desktop/Progetto_Sapore/build/interfaces', 'catkin_cmake_args': None, 'catkin_skip_building_tests': False, 'cmake_args': None, 'cmake_clean_cache': False, 'cmake_clean_first': False, 'cmake_force_configure': False, 'cmake_target': None, 'cmake_target_skip_unavailable': False, 'install_base': '/home/nicola/Desktop/Progetto_Sapore/install/interfaces', 'merge_install': False, 'path': '/home/nicola/Desktop/Progetto_Sapore/src/interfaces', 'symlink_install': False, 'test_result_base': None}
[0.373s] Level 5:colcon.colcon_core.verb:set package 'validate_trajectory' build argument 'cmake_args' from command line to 'None'
[0.373s] Level 5:colcon.colcon_core.verb:set package 'validate_trajectory' build argument 'cmake_target' from command line to 'None'
[0.373s] Level 5:colcon.colcon_core.verb:set package 'validate_trajectory' build argument 'cmake_target_skip_unavailable' from command line to 'False'
[0.373s] Level 5:colcon.colcon_core.verb:set package 'validate_trajectory' build argument 'cmake_clean_cache' from command line to 'False'
[0.373s] Level 5:colcon.colcon_core.verb:set package 'validate_trajectory' build argument 'cmake_clean_first' from command line to 'False'
[0.373s] Level 5:colcon.colcon_core.verb:set package 'validate_trajectory' build argument 'cmake_force_configure' from command line to 'False'
[0.373s] Level 5:colcon.colcon_core.verb:set package 'validate_trajectory' build argument 'ament_cmake_args' from command line to 'None'
[0.373s] Level 5:colcon.colcon_core.verb:set package 'validate_trajectory' build argument 'catkin_cmake_args' from command line to 'None'
[0.373s] Level 5:colcon.colcon_core.verb:set package 'validate_trajectory' build argument 'catkin_skip_building_tests' from command line to 'False'
[0.373s] DEBUG:colcon.colcon_core.verb:Building package 'validate_trajectory' with the following arguments: {'ament_cmake_args': None, 'build_base': '/home/nicola/Desktop/Progetto_Sapore/build/validate_trajectory', 'catkin_cmake_args': None, 'catkin_skip_building_tests': False, 'cmake_args': None, 'cmake_clean_cache': False, 'cmake_clean_first': False, 'cmake_force_configure': False, 'cmake_target': None, 'cmake_target_skip_unavailable': False, 'install_base': '/home/nicola/Desktop/Progetto_Sapore/install/validate_trajectory', 'merge_install': False, 'path': '/home/nicola/Desktop/Progetto_Sapore/src/validate_trajectory', 'symlink_install': False, 'test_result_base': None}
[0.374s] Level 5:colcon.colcon_core.verb:set package 'iiwa_config_moveit_config' build argument 'cmake_args' from command line to 'None'
[0.374s] Level 5:colcon.colcon_core.verb:set package 'iiwa_config_moveit_config' build argument 'cmake_target' from command line to 'None'
[0.374s] Level 5:colcon.colcon_core.verb:set package 'iiwa_config_moveit_config' build argument 'cmake_target_skip_unavailable' from command line to 'False'
[0.374s] Level 5:colcon.colcon_core.verb:set package 'iiwa_config_moveit_config' build argument 'cmake_clean_cache' from command line to 'False'
[0.374s] Level 5:colcon.colcon_core.verb:set package 'iiwa_config_moveit_config' build argument 'cmake_clean_first' from command line to 'False'
[0.374s] Level 5:colcon.colcon_core.verb:set package 'iiwa_config_moveit_config' build argument 'cmake_force_configure' from command line to 'False'
[0.374s] Level 5:colcon.colcon_core.verb:set package 'iiwa_config_moveit_config' build argument 'ament_cmake_args' from command line to 'None'
[0.374s] Level 5:colcon.colcon_core.verb:set package 'iiwa_config_moveit_config' build argument 'catkin_cmake_args' from command line to 'None'
[0.374s] Level 5:colcon.colcon_core.verb:set package 'iiwa_config_moveit_config' build argument 'catkin_skip_building_tests' from command line to 'False'
[0.374s] DEBUG:colcon.colcon_core.verb:Building package 'iiwa_config_moveit_config' with the following arguments: {'ament_cmake_args': None, 'build_base': '/home/nicola/Desktop/Progetto_Sapore/build/iiwa_config_moveit_config', 'catkin_cmake_args': None, 'catkin_skip_building_tests': False, 'cmake_args': None, 'cmake_clean_cache': False, 'cmake_clean_first': False, 'cmake_force_configure': False, 'cmake_target': None, 'cmake_target_skip_unavailable': False, 'install_base': '/home/nicola/Desktop/Progetto_Sapore/install/iiwa_config_moveit_config', 'merge_install': False, 'path': '/home/nicola/Desktop/Progetto_Sapore/src/iiwa_config_moveit_config', 'symlink_install': False, 'test_result_base': None}
[0.374s] Level 5:colcon.colcon_core.verb:set package 'nodes' build argument 'cmake_args' from command line to 'None'
[0.374s] Level 5:colcon.colcon_core.verb:set package 'nodes' build argument 'cmake_target' from command line to 'None'
[0.374s] Level 5:colcon.colcon_core.verb:set package 'nodes' build argument 'cmake_target_skip_unavailable' from command line to 'False'
[0.374s] Level 5:colcon.colcon_core.verb:set package 'nodes' build argument 'cmake_clean_cache' from command line to 'False'
[0.374s] Level 5:colcon.colcon_core.verb:set package 'nodes' build argument 'cmake_clean_first' from command line to 'False'
[0.374s] Level 5:colcon.colcon_core.verb:set package 'nodes' build argument 'cmake_force_configure' from command line to 'False'
[0.374s] Level 5:colcon.colcon_core.verb:set package 'nodes' build argument 'ament_cmake_args' from command line to 'None'
[0.374s] Level 5:colcon.colcon_core.verb:set package 'nodes' build argument 'catkin_cmake_args' from command line to 'None'
[0.374s] Level 5:colcon.colcon_core.verb:set package 'nodes' build argument 'catkin_skip_building_tests' from command line to 'False'
[0.374s] DEBUG:colcon.colcon_core.verb:Building package 'nodes' with the following arguments: {'ament_cmake_args': None, 'build_base': '/home/nicola/Desktop/Progetto_Sapore/build/nodes', 'catkin_cmake_args': None, 'catkin_skip_building_tests': False, 'cmake_args': None, 'cmake_clean_cache': False, 'cmake_clean_first': False, 'cmake_force_configure': False, 'cmake_target': None, 'cmake_target_skip_unavailable': False, 'install_base': '/home/nicola/Desktop/Progetto_Sapore/install/nodes', 'merge_install': False, 'path': '/home/nicola/Desktop/Progetto_Sapore/src/nodes', 'symlink_install': False, 'test_result_base': None}
[0.374s] INFO:colcon.colcon_core.executor:Executing jobs using 'parallel' executor
[0.375s] DEBUG:colcon.colcon_parallel_executor.executor.parallel:run_until_complete
[0.376s] INFO:colcon.colcon_ros.task.ament_cmake.build:Building ROS package in '/home/nicola/Desktop/Progetto_Sapore/src/iiwa_description' with build type 'ament_cmake'
[0.376s] INFO:colcon.colcon_cmake.task.cmake.build:Building CMake package in '/home/nicola/Desktop/Progetto_Sapore/src/iiwa_description'
[0.380s] INFO:colcon.colcon_core.plugin_system:Skipping extension 'colcon_core.shell.bat': Not used on non-Windows systems
[0.381s] INFO:colcon.colcon_core.shell:Skip shell extension 'powershell' for command environment: Not usable outside of PowerShell
[0.381s] DEBUG:colcon.colcon_core.shell:Skip shell extension 'dsv' for command environment
[0.385s] INFO:colcon.colcon_ros.task.ament_cmake.build:Building ROS package in '/home/nicola/Desktop/Progetto_Sapore/src/interfaces' with build type 'ament_cmake'
[0.385s] INFO:colcon.colcon_cmake.task.cmake.build:Building CMake package in '/home/nicola/Desktop/Progetto_Sapore/src/interfaces'
[0.386s] INFO:colcon.colcon_core.shell:Skip shell extension 'powershell' for command environment: Not usable outside of PowerShell
[0.386s] DEBUG:colcon.colcon_core.shell:Skip shell extension 'dsv' for command environment
[0.393s] INFO:colcon.colcon_ros.task.ament_cmake.build:Building ROS package in '/home/nicola/Desktop/Progetto_Sapore/src/build_scene_package' with build type 'ament_cmake'
[0.393s] INFO:colcon.colcon_cmake.task.cmake.build:Building CMake package in '/home/nicola/Desktop/Progetto_Sapore/src/build_scene_package'
[0.393s] INFO:colcon.colcon_core.shell:Skip shell extension 'powershell' for command environment: Not usable outside of PowerShell
[0.393s] DEBUG:colcon.colcon_core.shell:Skip shell extension 'dsv' for command environment
[0.400s] INFO:colcon.colcon_ros.task.ament_cmake.build:Building ROS package in '/home/nicola/Desktop/Progetto_Sapore/src/validate_trajectory' with build type 'ament_cmake'
[0.400s] INFO:colcon.colcon_cmake.task.cmake.build:Building CMake package in '/home/nicola/Desktop/Progetto_Sapore/src/validate_trajectory'
[0.400s] INFO:colcon.colcon_core.shell:Skip shell extension 'powershell' for command environment: Not usable outside of PowerShell
[0.401s] DEBUG:colcon.colcon_core.shell:Skip shell extension 'dsv' for command environment
[0.412s] DEBUG:colcon.colcon_core.event_handler.log_command:Invoking command in '/home/nicola/Desktop/Progetto_Sapore/build/iiwa_description': CMAKE_PREFIX_PATH=${CMAKE_PREFIX_PATH}:/opt/ros/jazzy DEBUGINFOD_URLS=https://debuginfod.ubuntu.com /usr/bin/cmake --build /home/nicola/Desktop/Progetto_Sapore/build/iiwa_description -- -j8 -l8
[0.419s] DEBUG:colcon.colcon_core.event_handler.log_command:Invoking command in '/home/nicola/Desktop/Progetto_Sapore/build/interfaces': CMAKE_PREFIX_PATH=${CMAKE_PREFIX_PATH}:/opt/ros/jazzy DEBUGINFOD_URLS=https://debuginfod.ubuntu.com /usr/bin/cmake --build /home/nicola/Desktop/Progetto_Sapore/build/interfaces -- -j8 -l8
[0.424s] DEBUG:colcon.colcon_core.event_handler.log_command:Invoking command in '/home/nicola/Desktop/Progetto_Sapore/build/build_scene_package': CMAKE_PREFIX_PATH=${CMAKE_PREFIX_PATH}:/opt/ros/jazzy DEBUGINFOD_URLS=https://debuginfod.ubuntu.com /usr/bin/cmake --build /home/nicola/Desktop/Progetto_Sapore/build/build_scene_package -- -j8 -l8
[0.433s] DEBUG:colcon.colcon_core.event_handler.log_command:Invoking command in '/home/nicola/Desktop/Progetto_Sapore/build/validate_trajectory': CMAKE_PREFIX_PATH=${CMAKE_PREFIX_PATH}:/opt/ros/jazzy DEBUGINFOD_URLS=https://debuginfod.ubuntu.com /usr/bin/cmake --build /home/nicola/Desktop/Progetto_Sapore/build/validate_trajectory -- -j8 -l8
[0.470s] DEBUG:colcon.colcon_core.event_handler.log_command:Invoked command in '/home/nicola/Desktop/Progetto_Sapore/build/iiwa_description' returned '0': CMAKE_PREFIX_PATH=${CMAKE_PREFIX_PATH}:/opt/ros/jazzy DEBUGINFOD_URLS=https://debuginfod.ubuntu.com /usr/bin/cmake --build /home/nicola/Desktop/Progetto_Sapore/build/iiwa_description -- -j8 -l8
[0.490s] DEBUG:colcon.colcon_core.event_handler.log_command:Invoking command in '/home/nicola/Desktop/Progetto_Sapore/build/iiwa_description': CMAKE_PREFIX_PATH=${CMAKE_PREFIX_PATH}:/opt/ros/jazzy DEBUGINFOD_URLS=https://debuginfod.ubuntu.com /usr/bin/cmake --install /home/nicola/Desktop/Progetto_Sapore/build/iiwa_description
[0.516s] Level 1:colcon.colcon_core.environment:create_environment_scripts_only(iiwa_description)
[0.533s] Level 1:colcon.colcon_core.environment:checking '/home/nicola/Desktop/Progetto_Sapore/install/iiwa_description' for CMake module files
[0.536s] Level 1:colcon.colcon_core.environment:checking '/home/nicola/Desktop/Progetto_Sapore/install/iiwa_description' for CMake config files
[0.538s] Level 1:colcon.colcon_core.shell:create_environment_hook('iiwa_description', 'cmake_prefix_path')
[0.538s] INFO:colcon.colcon_core.shell:Creating environment hook '/home/nicola/Desktop/Progetto_Sapore/install/iiwa_description/share/iiwa_description/hook/cmake_prefix_path.ps1'
[0.540s] INFO:colcon.colcon_core.shell:Creating environment descriptor '/home/nicola/Desktop/Progetto_Sapore/install/iiwa_description/share/iiwa_description/hook/cmake_prefix_path.dsv'
[0.542s] INFO:colcon.colcon_core.shell:Creating environment hook '/home/nicola/Desktop/Progetto_Sapore/install/iiwa_description/share/iiwa_description/hook/cmake_prefix_path.sh'
[0.544s] Level 1:colcon.colcon_core.environment:checking '/home/nicola/Desktop/Progetto_Sapore/install/iiwa_description/bin'
[0.544s] Level 1:colcon.colcon_core.environment:checking '/home/nicola/Desktop/Progetto_Sapore/install/iiwa_description/lib/pkgconfig/iiwa_description.pc'
[0.546s] Level 1:colcon.colcon_core.environment:checking '/home/nicola/Desktop/Progetto_Sapore/install/iiwa_description/lib/python3.12/site-packages'
[0.546s] Level 1:colcon.colcon_core.environment:checking '/home/nicola/Desktop/Progetto_Sapore/install/iiwa_description/bin'
[0.549s] INFO:colcon.colcon_core.shell:Creating package script '/home/nicola/Desktop/Progetto_Sapore/install/iiwa_description/share/iiwa_description/package.ps1'
[0.550s] DEBUG:colcon.colcon_core.event_handler.log_command:Invoked command in '/home/nicola/Desktop/Progetto_Sapore/build/iiwa_description' returned '0': CMAKE_PREFIX_PATH=${CMAKE_PREFIX_PATH}:/opt/ros/jazzy DEBUGINFOD_URLS=https://debuginfod.ubuntu.com /usr/bin/cmake --install /home/nicola/Desktop/Progetto_Sapore/build/iiwa_description
[0.554s] INFO:colcon.colcon_core.shell:Creating package descriptor '/home/nicola/Desktop/Progetto_Sapore/install/iiwa_description/share/iiwa_description/package.dsv'
[0.556s] INFO:colcon.colcon_core.shell:Creating package script '/home/nicola/Desktop/Progetto_Sapore/install/iiwa_description/share/iiwa_description/package.sh'
[0.557s] INFO:colcon.colcon_core.shell:Creating package script '/home/nicola/Desktop/Progetto_Sapore/install/iiwa_description/share/iiwa_description/package.bash'
[0.558s] INFO:colcon.colcon_core.shell:Creating package script '/home/nicola/Desktop/Progetto_Sapore/install/iiwa_description/share/iiwa_description/package.zsh'
[0.559s] Level 1:colcon.colcon_core.environment:create_file_with_runtime_dependencies(/home/nicola/Desktop/Progetto_Sapore/install/iiwa_description/share/colcon-core/packages/iiwa_description)
[0.560s] Level 1:colcon.colcon_core.environment:create_environment_scripts_only(iiwa_description)
[0.560s] Level 1:colcon.colcon_core.environment:checking '/home/nicola/Desktop/Progetto_Sapore/install/iiwa_description' for CMake module files
[0.561s] Level 1:colcon.colcon_core.environment:checking '/home/nicola/Desktop/Progetto_Sapore/install/iiwa_description' for CMake config files
[0.562s] Level 1:colcon.colcon_core.shell:create_environment_hook('iiwa_description', 'cmake_prefix_path')
[0.563s] INFO:colcon.colcon_core.shell:Creating environment hook '/home/nicola/Desktop/Progetto_Sapore/install/iiwa_description/share/iiwa_description/hook/cmake_prefix_path.ps1'
[0.564s] INFO:colcon.colcon_core.shell:Creating environment descriptor '/home/nicola/Desktop/Progetto_Sapore/install/iiwa_description/share/iiwa_description/hook/cmake_prefix_path.dsv'
[0.565s] INFO:colcon.colcon_core.shell:Creating environment hook '/home/nicola/Desktop/Progetto_Sapore/install/iiwa_description/share/iiwa_description/hook/cmake_prefix_path.sh'
[0.566s] Level 1:colcon.colcon_core.environment:checking '/home/nicola/Desktop/Progetto_Sapore/install/iiwa_description/bin'
[0.566s] Level 1:colcon.colcon_core.environment:checking '/home/nicola/Desktop/Progetto_Sapore/install/iiwa_description/lib/pkgconfig/iiwa_description.pc'
[0.567s] Level 1:colcon.colcon_core.environment:checking '/home/nicola/Desktop/Progetto_Sapore/install/iiwa_description/lib/python3.12/site-packages'
[0.567s] Level 1:colcon.colcon_core.environment:checking '/home/nicola/Desktop/Progetto_Sapore/install/iiwa_description/bin'
[0.569s] INFO:colcon.colcon_core.shell:Creating package script '/home/nicola/Desktop/Progetto_Sapore/install/iiwa_description/share/iiwa_description/package.ps1'
[0.571s] INFO:colcon.colcon_core.shell:Creating package descriptor '/home/nicola/Desktop/Progetto_Sapore/install/iiwa_description/share/iiwa_description/package.dsv'
[0.572s] INFO:colcon.colcon_core.shell:Creating package script '/home/nicola/Desktop/Progetto_Sapore/install/iiwa_description/share/iiwa_description/package.sh'
[0.572s] INFO:colcon.colcon_core.shell:Creating package script '/home/nicola/Desktop/Progetto_Sapore/install/iiwa_description/share/iiwa_description/package.bash'
[0.573s] INFO:colcon.colcon_core.shell:Creating package script '/home/nicola/Desktop/Progetto_Sapore/install/iiwa_description/share/iiwa_description/package.zsh'
[0.573s] Level 1:colcon.colcon_core.environment:create_file_with_runtime_dependencies(/home/nicola/Desktop/Progetto_Sapore/install/iiwa_description/share/colcon-core/packages/iiwa_description)
[0.574s] INFO:colcon.colcon_ros.task.ament_cmake.build:Building ROS package in '/home/nicola/Desktop/Progetto_Sapore/src/iiwa_config_moveit_config' with build type 'ament_cmake'
[0.579s] INFO:colcon.colcon_cmake.task.cmake.build:Building CMake package in '/home/nicola/Desktop/Progetto_Sapore/src/iiwa_config_moveit_config'
[0.580s] INFO:colcon.colcon_core.shell:Skip shell extension 'powershell' for command environment: Not usable outside of PowerShell
[0.580s] DEBUG:colcon.colcon_core.shell:Skip shell extension 'dsv' for command environment
[0.601s] DEBUG:colcon.colcon_core.event_handler.log_command:Invoking command in '/home/nicola/Desktop/Progetto_Sapore/build/iiwa_config_moveit_config': CMAKE_PREFIX_PATH=/home/nicola/Desktop/Progetto_Sapore/install/iiwa_description:/home/nicola/Desktop/Progetto_Sapore/install/validate_trajectory:/home/nicola/Desktop/Progetto_Sapore/install/nodes:/home/nicola/Desktop/Progetto_Sapore/install/interfaces:/home/nicola/Desktop/Progetto_Sapore/install/iiwa_config_moveit_config:/home/nicola/Desktop/Progetto_Sapore/install/build_scene_package:/opt/ros/jazzy/opt/sdformat_vendor:/opt/ros/jazzy/opt/gz_math_vendor:/opt/ros/jazzy/opt/gz_utils_vendor:/opt/ros/jazzy/opt/gz_tools_vendor:/opt/ros/jazzy/opt/gz_cmake_vendor:/opt/ros/jazzy DEBUGINFOD_URLS=https://debuginfod.ubuntu.com /usr/bin/cmake --build /home/nicola/Desktop/Progetto_Sapore/build/iiwa_config_moveit_config -- -j8 -l8
[0.616s] DEBUG:colcon.colcon_core.event_handler.log_command:Invoked command in '/home/nicola/Desktop/Progetto_Sapore/build/validate_trajectory' returned '0': CMAKE_PREFIX_PATH=${CMAKE_PREFIX_PATH}:/opt/ros/jazzy DEBUGINFOD_URLS=https://debuginfod.ubuntu.com /usr/bin/cmake --build /home/nicola/Desktop/Progetto_Sapore/build/validate_trajectory -- -j8 -l8
[0.619s] DEBUG:colcon.colcon_core.event_handler.log_command:Invoking command in '/home/nicola/Desktop/Progetto_Sapore/build/validate_trajectory': CMAKE_PREFIX_PATH=${CMAKE_PREFIX_PATH}:/opt/ros/jazzy DEBUGINFOD_URLS=https://debuginfod.ubuntu.com /usr/bin/cmake --install /home/nicola/Desktop/Progetto_Sapore/build/validate_trajectory
[0.641s] DEBUG:colcon.colcon_core.event_handler.log_command:Invoked command in '/home/nicola/Desktop/Progetto_Sapore/build/build_scene_package' returned '0': CMAKE_PREFIX_PATH=${CMAKE_PREFIX_PATH}:/opt/ros/jazzy DEBUGINFOD_URLS=https://debuginfod.ubuntu.com /usr/bin/cmake --build /home/nicola/Desktop/Progetto_Sapore/build/build_scene_package -- -j8 -l8
[0.644s] DEBUG:colcon.colcon_core.event_handler.log_command:Invoking command in '/home/nicola/Desktop/Progetto_Sapore/build/build_scene_package': CMAKE_PREFIX_PATH=${CMAKE_PREFIX_PATH}:/opt/ros/jazzy DEBUGINFOD_URLS=https://debuginfod.ubuntu.com /usr/bin/cmake --install /home/nicola/Desktop/Progetto_Sapore/build/build_scene_package
[0.645s] Level 1:colcon.colcon_core.environment:create_environment_scripts_only(validate_trajectory)
[0.646s] Level 1:colcon.colcon_core.environment:checking '/home/nicola/Desktop/Progetto_Sapore/install/validate_trajectory' for CMake module files
[0.646s] DEBUG:colcon.colcon_core.event_handler.log_command:Invoked command in '/home/nicola/Desktop/Progetto_Sapore/build/validate_trajectory' returned '0': CMAKE_PREFIX_PATH=${CMAKE_PREFIX_PATH}:/opt/ros/jazzy DEBUGINFOD_URLS=https://debuginfod.ubuntu.com /usr/bin/cmake --install /home/nicola/Desktop/Progetto_Sapore/build/validate_trajectory
[0.650s] Level 1:colcon.colcon_core.environment:checking '/home/nicola/Desktop/Progetto_Sapore/install/validate_trajectory' for CMake config files
[0.651s] Level 1:colcon.colcon_core.shell:create_environment_hook('validate_trajectory', 'cmake_prefix_path')
[0.651s] INFO:colcon.colcon_core.shell:Creating environment hook '/home/nicola/Desktop/Progetto_Sapore/install/validate_trajectory/share/validate_trajectory/hook/cmake_prefix_path.ps1'
[0.652s] INFO:colcon.colcon_core.shell:Creating environment descriptor '/home/nicola/Desktop/Progetto_Sapore/install/validate_trajectory/share/validate_trajectory/hook/cmake_prefix_path.dsv'
[0.652s] INFO:colcon.colcon_core.shell:Creating environment hook '/home/nicola/Desktop/Progetto_Sapore/install/validate_trajectory/share/validate_trajectory/hook/cmake_prefix_path.sh'
[0.653s] Level 1:colcon.colcon_core.environment:checking '/home/nicola/Desktop/Progetto_Sapore/install/validate_trajectory/lib'
[0.654s] Level 1:colcon.colcon_core.environment:checking '/home/nicola/Desktop/Progetto_Sapore/install/validate_trajectory/bin'
[0.654s] Level 1:colcon.colcon_core.environment:checking '/home/nicola/Desktop/Progetto_Sapore/install/validate_trajectory/lib/pkgconfig/validate_trajectory.pc'
[0.654s] Level 1:colcon.colcon_core.environment:checking '/home/nicola/Desktop/Progetto_Sapore/install/validate_trajectory/lib/python3.12/site-packages'
[0.654s] Level 1:colcon.colcon_core.environment:checking '/home/nicola/Desktop/Progetto_Sapore/install/validate_trajectory/bin'
[0.655s] INFO:colcon.colcon_core.shell:Creating package script '/home/nicola/Desktop/Progetto_Sapore/install/validate_trajectory/share/validate_trajectory/package.ps1'
[0.655s] INFO:colcon.colcon_core.shell:Creating package descriptor '/home/nicola/Desktop/Progetto_Sapore/install/validate_trajectory/share/validate_trajectory/package.dsv'
[0.656s] INFO:colcon.colcon_core.shell:Creating package script '/home/nicola/Desktop/Progetto_Sapore/install/validate_trajectory/share/validate_trajectory/package.sh'
[0.656s] INFO:colcon.colcon_core.shell:Creating package script '/home/nicola/Desktop/Progetto_Sapore/install/validate_trajectory/share/validate_trajectory/package.bash'
[0.657s] INFO:colcon.colcon_core.shell:Creating package script '/home/nicola/Desktop/Progetto_Sapore/install/validate_trajectory/share/validate_trajectory/package.zsh'
[0.658s] Level 1:colcon.colcon_core.environment:create_file_with_runtime_dependencies(/home/nicola/Desktop/Progetto_Sapore/install/validate_trajectory/share/colcon-core/packages/validate_trajectory)
[0.658s] Level 1:colcon.colcon_core.environment:create_environment_scripts_only(validate_trajectory)
[0.659s] Level 1:colcon.colcon_core.environment:checking '/home/nicola/Desktop/Progetto_Sapore/install/validate_trajectory' for CMake module files
[0.659s] Level 1:colcon.colcon_core.environment:checking '/home/nicola/Desktop/Progetto_Sapore/install/validate_trajectory' for CMake config files
[0.663s] Level 1:colcon.colcon_core.shell:create_environment_hook('validate_trajectory', 'cmake_prefix_path')
[0.663s] INFO:colcon.colcon_core.shell:Creating environment hook '/home/nicola/Desktop/Progetto_Sapore/install/validate_trajectory/share/validate_trajectory/hook/cmake_prefix_path.ps1'
[0.663s] INFO:colcon.colcon_core.shell:Creating environment descriptor '/home/nicola/Desktop/Progetto_Sapore/install/validate_trajectory/share/validate_trajectory/hook/cmake_prefix_path.dsv'
[0.664s] INFO:colcon.colcon_core.shell:Creating environment hook '/home/nicola/Desktop/Progetto_Sapore/install/validate_trajectory/share/validate_trajectory/hook/cmake_prefix_path.sh'
[0.675s] Level 1:colcon.colcon_core.environment:checking '/home/nicola/Desktop/Progetto_Sapore/install/validate_trajectory/lib'
[0.675s] Level 1:colcon.colcon_core.environment:checking '/home/nicola/Desktop/Progetto_Sapore/install/validate_trajectory/bin'
[0.675s] Level 1:colcon.colcon_core.environment:checking '/home/nicola/Desktop/Progetto_Sapore/install/validate_trajectory/lib/pkgconfig/validate_trajectory.pc'
[0.675s] Level 1:colcon.colcon_core.environment:checking '/home/nicola/Desktop/Progetto_Sapore/install/validate_trajectory/lib/python3.12/site-packages'
[0.676s] Level 1:colcon.colcon_core.environment:checking '/home/nicola/Desktop/Progetto_Sapore/install/validate_trajectory/bin'
[0.676s] INFO:colcon.colcon_core.shell:Creating package script '/home/nicola/Desktop/Progetto_Sapore/install/validate_trajectory/share/validate_trajectory/package.ps1'
[0.677s] INFO:colcon.colcon_core.shell:Creating package descriptor '/home/nicola/Desktop/Progetto_Sapore/install/validate_trajectory/share/validate_trajectory/package.dsv'
[0.678s] INFO:colcon.colcon_core.shell:Creating package script '/home/nicola/Desktop/Progetto_Sapore/install/validate_trajectory/share/validate_trajectory/package.sh'
[0.679s] INFO:colcon.colcon_core.shell:Creating package script '/home/nicola/Desktop/Progetto_Sapore/install/validate_trajectory/share/validate_trajectory/package.bash'
[0.680s] INFO:colcon.colcon_core.shell:Creating package script '/home/nicola/Desktop/Progetto_Sapore/install/validate_trajectory/share/validate_trajectory/package.zsh'
[0.681s] Level 1:colcon.colcon_core.environment:create_file_with_runtime_dependencies(/home/nicola/Desktop/Progetto_Sapore/install/validate_trajectory/share/colcon-core/packages/validate_trajectory)
[0.684s] DEBUG:colcon.colcon_core.event_handler.log_command:Invoked command in '/home/nicola/Desktop/Progetto_Sapore/build/iiwa_config_moveit_config' returned '0': CMAKE_PREFIX_PATH=/home/nicola/Desktop/Progetto_Sapore/install/iiwa_description:/home/nicola/Desktop/Progetto_Sapore/install/validate_trajectory:/home/nicola/Desktop/Progetto_Sapore/install/nodes:/home/nicola/Desktop/Progetto_Sapore/install/interfaces:/home/nicola/Desktop/Progetto_Sapore/install/iiwa_config_moveit_config:/home/nicola/Desktop/Progetto_Sapore/install/build_scene_package:/opt/ros/jazzy/opt/sdformat_vendor:/opt/ros/jazzy/opt/gz_math_vendor:/opt/ros/jazzy/opt/gz_utils_vendor:/opt/ros/jazzy/opt/gz_tools_vendor:/opt/ros/jazzy/opt/gz_cmake_vendor:/opt/ros/jazzy DEBUGINFOD_URLS=https://debuginfod.ubuntu.com /usr/bin/cmake --build /home/nicola/Desktop/Progetto_Sapore/build/iiwa_config_moveit_config -- -j8 -l8
[0.687s] Level 1:colcon.colcon_core.environment:create_environment_scripts_only(build_scene_package)
[0.687s] Level 1:colcon.colcon_core.environment:checking '/home/nicola/Desktop/Progetto_Sapore/install/build_scene_package' for CMake module files
[0.688s] Level 1:colcon.colcon_core.environment:checking '/home/nicola/Desktop/Progetto_Sapore/install/build_scene_package' for CMake config files
[0.688s] Level 1:colcon.colcon_core.shell:create_environment_hook('build_scene_package', 'cmake_prefix_path')
[0.689s] INFO:colcon.colcon_core.shell:Creating environment hook '/home/nicola/Desktop/Progetto_Sapore/install/build_scene_package/share/build_scene_package/hook/cmake_prefix_path.ps1'
[0.689s] INFO:colcon.colcon_core.shell:Creating environment descriptor '/home/nicola/Desktop/Progetto_Sapore/install/build_scene_package/share/build_scene_package/hook/cmake_prefix_path.dsv'
[0.690s] INFO:colcon.colcon_core.shell:Creating environment hook '/home/nicola/Desktop/Progetto_Sapore/install/build_scene_package/share/build_scene_package/hook/cmake_prefix_path.sh'
[0.693s] DEBUG:colcon.colcon_core.event_handler.log_command:Invoking command in '/home/nicola/Desktop/Progetto_Sapore/build/iiwa_config_moveit_config': CMAKE_PREFIX_PATH=/home/nicola/Desktop/Progetto_Sapore/install/iiwa_description:/home/nicola/Desktop/Progetto_Sapore/install/validate_trajectory:/home/nicola/Desktop/Progetto_Sapore/install/nodes:/home/nicola/Desktop/Progetto_Sapore/install/interfaces:/home/nicola/Desktop/Progetto_Sapore/install/iiwa_config_moveit_config:/home/nicola/Desktop/Progetto_Sapore/install/build_scene_package:/opt/ros/jazzy/opt/sdformat_vendor:/opt/ros/jazzy/opt/gz_math_vendor:/opt/ros/jazzy/opt/gz_utils_vendor:/opt/ros/jazzy/opt/gz_tools_vendor:/opt/ros/jazzy/opt/gz_cmake_vendor:/opt/ros/jazzy DEBUGINFOD_URLS=https://debuginfod.ubuntu.com /usr/bin/cmake --install /home/nicola/Desktop/Progetto_Sapore/build/iiwa_config_moveit_config
[0.697s] Level 1:colcon.colcon_core.environment:checking '/home/nicola/Desktop/Progetto_Sapore/install/build_scene_package/lib'
[0.697s] Level 1:colcon.colcon_core.environment:checking '/home/nicola/Desktop/Progetto_Sapore/install/build_scene_package/bin'
[0.698s] Level 1:colcon.colcon_core.environment:checking '/home/nicola/Desktop/Progetto_Sapore/install/build_scene_package/lib/pkgconfig/build_scene_package.pc'
[0.698s] Level 1:colcon.colcon_core.environment:checking '/home/nicola/Desktop/Progetto_Sapore/install/build_scene_package/lib/python3.12/site-packages'
[0.698s] DEBUG:colcon.colcon_core.event_handler.log_command:Invoked command in '/home/nicola/Desktop/Progetto_Sapore/build/build_scene_package' returned '0': CMAKE_PREFIX_PATH=${CMAKE_PREFIX_PATH}:/opt/ros/jazzy DEBUGINFOD_URLS=https://debuginfod.ubuntu.com /usr/bin/cmake --install /home/nicola/Desktop/Progetto_Sapore/build/build_scene_package
[0.698s] Level 1:colcon.colcon_core.environment:checking '/home/nicola/Desktop/Progetto_Sapore/install/build_scene_package/bin'
[0.699s] INFO:colcon.colcon_core.shell:Creating package script '/home/nicola/Desktop/Progetto_Sapore/install/build_scene_package/share/build_scene_package/package.ps1'
[0.701s] INFO:colcon.colcon_core.shell:Creating package descriptor '/home/nicola/Desktop/Progetto_Sapore/install/build_scene_package/share/build_scene_package/package.dsv'
[0.702s] INFO:colcon.colcon_core.shell:Creating package script '/home/nicola/Desktop/Progetto_Sapore/install/build_scene_package/share/build_scene_package/package.sh'
[0.703s] INFO:colcon.colcon_core.shell:Creating package script '/home/nicola/Desktop/Progetto_Sapore/install/build_scene_package/share/build_scene_package/package.bash'
[0.703s] INFO:colcon.colcon_core.shell:Creating package script '/home/nicola/Desktop/Progetto_Sapore/install/build_scene_package/share/build_scene_package/package.zsh'
[0.704s] Level 1:colcon.colcon_core.environment:create_file_with_runtime_dependencies(/home/nicola/Desktop/Progetto_Sapore/install/build_scene_package/share/colcon-core/packages/build_scene_package)
[0.705s] Level 1:colcon.colcon_core.environment:create_environment_scripts_only(build_scene_package)
[0.705s] Level 1:colcon.colcon_core.environment:checking '/home/nicola/Desktop/Progetto_Sapore/install/build_scene_package' for CMake module files
[0.706s] Level 1:colcon.colcon_core.environment:checking '/home/nicola/Desktop/Progetto_Sapore/install/build_scene_package' for CMake config files
[0.707s] Level 1:colcon.colcon_core.shell:create_environment_hook('build_scene_package', 'cmake_prefix_path')
[0.707s] INFO:colcon.colcon_core.shell:Creating environment hook '/home/nicola/Desktop/Progetto_Sapore/install/build_scene_package/share/build_scene_package/hook/cmake_prefix_path.ps1'
[0.713s] INFO:colcon.colcon_core.shell:Creating environment descriptor '/home/nicola/Desktop/Progetto_Sapore/install/build_scene_package/share/build_scene_package/hook/cmake_prefix_path.dsv'
[0.713s] INFO:colcon.colcon_core.shell:Creating environment hook '/home/nicola/Desktop/Progetto_Sapore/install/build_scene_package/share/build_scene_package/hook/cmake_prefix_path.sh'
[0.714s] Level 1:colcon.colcon_core.environment:checking '/home/nicola/Desktop/Progetto_Sapore/install/build_scene_package/lib'
[0.714s] Level 1:colcon.colcon_core.environment:checking '/home/nicola/Desktop/Progetto_Sapore/install/build_scene_package/bin'
[0.714s] Level 1:colcon.colcon_core.environment:checking '/home/nicola/Desktop/Progetto_Sapore/install/build_scene_package/lib/pkgconfig/build_scene_package.pc'
[0.714s] Level 1:colcon.colcon_core.environment:checking '/home/nicola/Desktop/Progetto_Sapore/install/build_scene_package/lib/python3.12/site-packages'
[0.715s] Level 1:colcon.colcon_core.environment:checking '/home/nicola/Desktop/Progetto_Sapore/install/build_scene_package/bin'
[0.715s] INFO:colcon.colcon_core.shell:Creating package script '/home/nicola/Desktop/Progetto_Sapore/install/build_scene_package/share/build_scene_package/package.ps1'
[0.716s] INFO:colcon.colcon_core.shell:Creating package descriptor '/home/nicola/Desktop/Progetto_Sapore/install/build_scene_package/share/build_scene_package/package.dsv'
[0.716s] INFO:colcon.colcon_core.shell:Creating package script '/home/nicola/Desktop/Progetto_Sapore/install/build_scene_package/share/build_scene_package/package.sh'
[0.717s] INFO:colcon.colcon_core.shell:Creating package script '/home/nicola/Desktop/Progetto_Sapore/install/build_scene_package/share/build_scene_package/package.bash'
[0.718s] INFO:colcon.colcon_core.shell:Creating package script '/home/nicola/Desktop/Progetto_Sapore/install/build_scene_package/share/build_scene_package/package.zsh'
[0.718s] Level 1:colcon.colcon_core.environment:create_file_with_runtime_dependencies(/home/nicola/Desktop/Progetto_Sapore/install/build_scene_package/share/colcon-core/packages/build_scene_package)
[0.720s] Level 1:colcon.colcon_core.environment:create_environment_scripts_only(iiwa_config_moveit_config)
[0.720s] Level 1:colcon.colcon_core.environment:checking '/home/nicola/Desktop/Progetto_Sapore/install/iiwa_config_moveit_config' for CMake module files
[0.721s] DEBUG:colcon.colcon_core.event_handler.log_command:Invoked command in '/home/nicola/Desktop/Progetto_Sapore/build/iiwa_config_moveit_config' returned '0': CMAKE_PREFIX_PATH=/home/nicola/Desktop/Progetto_Sapore/install/iiwa_description:/home/nicola/Desktop/Progetto_Sapore/install/validate_trajectory:/home/nicola/Desktop/Progetto_Sapore/install/nodes:/home/nicola/Desktop/Progetto_Sapore/install/interfaces:/home/nicola/Desktop/Progetto_Sapore/install/iiwa_config_moveit_config:/home/nicola/Desktop/Progetto_Sapore/install/build_scene_package:/opt/ros/jazzy/opt/sdformat_vendor:/opt/ros/jazzy/opt/gz_math_vendor:/opt/ros/jazzy/opt/gz_utils_vendor:/opt/ros/jazzy/opt/gz_tools_vendor:/opt/ros/jazzy/opt/gz_cmake_vendor:/opt/ros/jazzy DEBUGINFOD_URLS=https://debuginfod.ubuntu.com /usr/bin/cmake --install /home/nicola/Desktop/Progetto_Sapore/build/iiwa_config_moveit_config
[0.722s] Level 1:colcon.colcon_core.environment:checking '/home/nicola/Desktop/Progetto_Sapore/install/iiwa_config_moveit_config' for CMake config files
[0.722s] Level 1:colcon.colcon_core.shell:create_environment_hook('iiwa_config_moveit_config', 'cmake_prefix_path')
[0.722s] INFO:colcon.colcon_core.shell:Creating environment hook '/home/nicola/Desktop/Progetto_Sapore/install/iiwa_config_moveit_config/share/iiwa_config_moveit_config/hook/cmake_prefix_path.ps1'
[0.723s] INFO:colcon.colcon_core.shell:Creating environment descriptor '/home/nicola/Desktop/Progetto_Sapore/install/iiwa_config_moveit_config/share/iiwa_config_moveit_config/hook/cmake_prefix_path.dsv'
[0.724s] INFO:colcon.colcon_core.shell:Creating environment hook '/home/nicola/Desktop/Progetto_Sapore/install/iiwa_config_moveit_config/share/iiwa_config_moveit_config/hook/cmake_prefix_path.sh'
[0.724s] Level 1:colcon.colcon_core.environment:checking '/home/nicola/Desktop/Progetto_Sapore/install/iiwa_config_moveit_config/lib'
[0.724s] Level 1:colcon.colcon_core.environment:checking '/home/nicola/Desktop/Progetto_Sapore/install/iiwa_config_moveit_config/bin'
[0.725s] Level 1:colcon.colcon_core.environment:checking '/home/nicola/Desktop/Progetto_Sapore/install/iiwa_config_moveit_config/lib/pkgconfig/iiwa_config_moveit_config.pc'
[0.725s] Level 1:colcon.colcon_core.environment:checking '/home/nicola/Desktop/Progetto_Sapore/install/iiwa_config_moveit_config/lib/python3.12/site-packages'
[0.725s] Level 1:colcon.colcon_core.environment:checking '/home/nicola/Desktop/Progetto_Sapore/install/iiwa_config_moveit_config/bin'
[0.726s] INFO:colcon.colcon_core.shell:Creating package script '/home/nicola/Desktop/Progetto_Sapore/install/iiwa_config_moveit_config/share/iiwa_config_moveit_config/package.ps1'
[0.726s] INFO:colcon.colcon_core.shell:Creating package descriptor '/home/nicola/Desktop/Progetto_Sapore/install/iiwa_config_moveit_config/share/iiwa_config_moveit_config/package.dsv'
[0.727s] INFO:colcon.colcon_core.shell:Creating package script '/home/nicola/Desktop/Progetto_Sapore/install/iiwa_config_moveit_config/share/iiwa_config_moveit_config/package.sh'
[0.727s] INFO:colcon.colcon_core.shell:Creating package script '/home/nicola/Desktop/Progetto_Sapore/install/iiwa_config_moveit_config/share/iiwa_config_moveit_config/package.bash'
[0.728s] INFO:colcon.colcon_core.shell:Creating package script '/home/nicola/Desktop/Progetto_Sapore/install/iiwa_config_moveit_config/share/iiwa_config_moveit_config/package.zsh'
[0.728s] Level 1:colcon.colcon_core.environment:create_file_with_runtime_dependencies(/home/nicola/Desktop/Progetto_Sapore/install/iiwa_config_moveit_config/share/colcon-core/packages/iiwa_config_moveit_config)
[0.729s] Level 1:colcon.colcon_core.environment:create_environment_scripts_only(iiwa_config_moveit_config)
[0.729s] Level 1:colcon.colcon_core.environment:checking '/home/nicola/Desktop/Progetto_Sapore/install/iiwa_config_moveit_config' for CMake module files
[0.730s] Level 1:colcon.colcon_core.environment:checking '/home/nicola/Desktop/Progetto_Sapore/install/iiwa_config_moveit_config' for CMake config files
[0.731s] Level 1:colcon.colcon_core.shell:create_environment_hook('iiwa_config_moveit_config', 'cmake_prefix_path')
[0.731s] INFO:colcon.colcon_core.shell:Creating environment hook '/home/nicola/Desktop/Progetto_Sapore/install/iiwa_config_moveit_config/share/iiwa_config_moveit_config/hook/cmake_prefix_path.ps1'
[0.732s] INFO:colcon.colcon_core.shell:Creating environment descriptor '/home/nicola/Desktop/Progetto_Sapore/install/iiwa_config_moveit_config/share/iiwa_config_moveit_config/hook/cmake_prefix_path.dsv'
[0.732s] INFO:colcon.colcon_core.shell:Creating environment hook '/home/nicola/Desktop/Progetto_Sapore/install/iiwa_config_moveit_config/share/iiwa_config_moveit_config/hook/cmake_prefix_path.sh'
[0.733s] Level 1:colcon.colcon_core.environment:checking '/home/nicola/Desktop/Progetto_Sapore/install/iiwa_config_moveit_config/lib'
[0.733s] Level 1:colcon.colcon_core.environment:checking '/home/nicola/Desktop/Progetto_Sapore/install/iiwa_config_moveit_config/bin'
[0.733s] Level 1:colcon.colcon_core.environment:checking '/home/nicola/Desktop/Progetto_Sapore/install/iiwa_config_moveit_config/lib/pkgconfig/iiwa_config_moveit_config.pc'
[0.734s] Level 1:colcon.colcon_core.environment:checking '/home/nicola/Desktop/Progetto_Sapore/install/iiwa_config_moveit_config/lib/python3.12/site-packages'
[0.734s] Level 1:colcon.colcon_core.environment:checking '/home/nicola/Desktop/Progetto_Sapore/install/iiwa_config_moveit_config/bin'
[0.735s] INFO:colcon.colcon_core.shell:Creating package script '/home/nicola/Desktop/Progetto_Sapore/install/iiwa_config_moveit_config/share/iiwa_config_moveit_config/package.ps1'
[0.735s] INFO:colcon.colcon_core.shell:Creating package descriptor '/home/nicola/Desktop/Progetto_Sapore/install/iiwa_config_moveit_config/share/iiwa_config_moveit_config/package.dsv'
[0.736s] INFO:colcon.colcon_core.shell:Creating package script '/home/nicola/Desktop/Progetto_Sapore/install/iiwa_config_moveit_config/share/iiwa_config_moveit_config/package.sh'
[0.737s] INFO:colcon.colcon_core.shell:Creating package script '/home/nicola/Desktop/Progetto_Sapore/install/iiwa_config_moveit_config/share/iiwa_config_moveit_config/package.bash'
[0.737s] INFO:colcon.colcon_core.shell:Creating package script '/home/nicola/Desktop/Progetto_Sapore/install/iiwa_config_moveit_config/share/iiwa_config_moveit_config/package.zsh'
[0.738s] Level 1:colcon.colcon_core.environment:create_file_with_runtime_dependencies(/home/nicola/Desktop/Progetto_Sapore/install/iiwa_config_moveit_config/share/colcon-core/packages/iiwa_config_moveit_config)
[1.171s] DEBUG:colcon.colcon_core.event_handler.log_command:Invoked command in '/home/nicola/Desktop/Progetto_Sapore/build/interfaces' returned '0': CMAKE_PREFIX_PATH=${CMAKE_PREFIX_PATH}:/opt/ros/jazzy DEBUGINFOD_URLS=https://debuginfod.ubuntu.com /usr/bin/cmake --build /home/nicola/Desktop/Progetto_Sapore/build/interfaces -- -j8 -l8
[1.172s] DEBUG:colcon.colcon_core.event_handler.log_command:Invoking command in '/home/nicola/Desktop/Progetto_Sapore/build/interfaces': CMAKE_PREFIX_PATH=${CMAKE_PREFIX_PATH}:/opt/ros/jazzy DEBUGINFOD_URLS=https://debuginfod.ubuntu.com /usr/bin/cmake --install /home/nicola/Desktop/Progetto_Sapore/build/interfaces
[1.279s] Level 1:colcon.colcon_core.environment:create_environment_scripts_only(interfaces)
[1.279s] Level 1:colcon.colcon_core.environment:checking '/home/nicola/Desktop/Progetto_Sapore/install/interfaces' for CMake module files
[1.280s] DEBUG:colcon.colcon_core.event_handler.log_command:Invoked command in '/home/nicola/Desktop/Progetto_Sapore/build/interfaces' returned '0': CMAKE_PREFIX_PATH=${CMAKE_PREFIX_PATH}:/opt/ros/jazzy DEBUGINFOD_URLS=https://debuginfod.ubuntu.com /usr/bin/cmake --install /home/nicola/Desktop/Progetto_Sapore/build/interfaces
[1.281s] Level 1:colcon.colcon_core.environment:checking '/home/nicola/Desktop/Progetto_Sapore/install/interfaces' for CMake config files
[1.282s] Level 1:colcon.colcon_core.shell:create_environment_hook('interfaces', 'cmake_prefix_path')
[1.283s] INFO:colcon.colcon_core.shell:Creating environment hook '/home/nicola/Desktop/Progetto_Sapore/install/interfaces/share/interfaces/hook/cmake_prefix_path.ps1'
[1.284s] INFO:colcon.colcon_core.shell:Creating environment descriptor '/home/nicola/Desktop/Progetto_Sapore/install/interfaces/share/interfaces/hook/cmake_prefix_path.dsv'
[1.285s] INFO:colcon.colcon_core.shell:Creating environment hook '/home/nicola/Desktop/Progetto_Sapore/install/interfaces/share/interfaces/hook/cmake_prefix_path.sh'
[1.286s] Level 1:colcon.colcon_core.environment:checking '/home/nicola/Desktop/Progetto_Sapore/install/interfaces/lib'
[1.287s] Level 1:colcon.colcon_core.shell:create_environment_hook('interfaces', 'ld_library_path_lib')
[1.288s] INFO:colcon.colcon_core.shell:Creating environment hook '/home/nicola/Desktop/Progetto_Sapore/install/interfaces/share/interfaces/hook/ld_library_path_lib.ps1'
[1.288s] INFO:colcon.colcon_core.shell:Creating environment descriptor '/home/nicola/Desktop/Progetto_Sapore/install/interfaces/share/interfaces/hook/ld_library_path_lib.dsv'
[1.289s] INFO:colcon.colcon_core.shell:Creating environment hook '/home/nicola/Desktop/Progetto_Sapore/install/interfaces/share/interfaces/hook/ld_library_path_lib.sh'
[1.290s] Level 1:colcon.colcon_core.environment:checking '/home/nicola/Desktop/Progetto_Sapore/install/interfaces/bin'
[1.290s] Level 1:colcon.colcon_core.environment:checking '/home/nicola/Desktop/Progetto_Sapore/install/interfaces/lib/pkgconfig/interfaces.pc'
[1.290s] Level 1:colcon.colcon_core.environment:checking '/home/nicola/Desktop/Progetto_Sapore/install/interfaces/lib/python3.12/site-packages'
[1.290s] Level 1:colcon.colcon_core.shell:create_environment_hook('interfaces', 'pythonpath')
[1.290s] INFO:colcon.colcon_core.shell:Creating environment hook '/home/nicola/Desktop/Progetto_Sapore/install/interfaces/share/interfaces/hook/pythonpath.ps1'
[1.291s] INFO:colcon.colcon_core.shell:Creating environment descriptor '/home/nicola/Desktop/Progetto_Sapore/install/interfaces/share/interfaces/hook/pythonpath.dsv'
[1.292s] INFO:colcon.colcon_core.shell:Creating environment hook '/home/nicola/Desktop/Progetto_Sapore/install/interfaces/share/interfaces/hook/pythonpath.sh'
[1.293s] Level 1:colcon.colcon_core.environment:checking '/home/nicola/Desktop/Progetto_Sapore/install/interfaces/bin'
[1.294s] INFO:colcon.colcon_core.shell:Creating package script '/home/nicola/Desktop/Progetto_Sapore/install/interfaces/share/interfaces/package.ps1'
[1.295s] INFO:colcon.colcon_core.shell:Creating package descriptor '/home/nicola/Desktop/Progetto_Sapore/install/interfaces/share/interfaces/package.dsv'
[1.295s] INFO:colcon.colcon_core.shell:Creating package script '/home/nicola/Desktop/Progetto_Sapore/install/interfaces/share/interfaces/package.sh'
[1.296s] INFO:colcon.colcon_core.shell:Creating package script '/home/nicola/Desktop/Progetto_Sapore/install/interfaces/share/interfaces/package.bash'
[1.296s] INFO:colcon.colcon_core.shell:Creating package script '/home/nicola/Desktop/Progetto_Sapore/install/interfaces/share/interfaces/package.zsh'
[1.297s] Level 1:colcon.colcon_core.environment:create_file_with_runtime_dependencies(/home/nicola/Desktop/Progetto_Sapore/install/interfaces/share/colcon-core/packages/interfaces)
[1.297s] Level 1:colcon.colcon_core.environment:create_environment_scripts_only(interfaces)
[1.298s] Level 1:colcon.colcon_core.environment:checking '/home/nicola/Desktop/Progetto_Sapore/install/interfaces' for CMake module files
[1.299s] Level 1:colcon.colcon_core.environment:checking '/home/nicola/Desktop/Progetto_Sapore/install/interfaces' for CMake config files
[1.299s] Level 1:colcon.colcon_core.shell:create_environment_hook('interfaces', 'cmake_prefix_path')
[1.300s] INFO:colcon.colcon_core.shell:Creating environment hook '/home/nicola/Desktop/Progetto_Sapore/install/interfaces/share/interfaces/hook/cmake_prefix_path.ps1'
[1.300s] INFO:colcon.colcon_core.shell:Creating environment descriptor '/home/nicola/Desktop/Progetto_Sapore/install/interfaces/share/interfaces/hook/cmake_prefix_path.dsv'
[1.301s] INFO:colcon.colcon_core.shell:Creating environment hook '/home/nicola/Desktop/Progetto_Sapore/install/interfaces/share/interfaces/hook/cmake_prefix_path.sh'
[1.302s] Level 1:colcon.colcon_core.environment:checking '/home/nicola/Desktop/Progetto_Sapore/install/interfaces/lib'
[1.302s] Level 1:colcon.colcon_core.shell:create_environment_hook('interfaces', 'ld_library_path_lib')
[1.302s] INFO:colcon.colcon_core.shell:Creating environment hook '/home/nicola/Desktop/Progetto_Sapore/install/interfaces/share/interfaces/hook/ld_library_path_lib.ps1'
[1.303s] INFO:colcon.colcon_core.shell:Creating environment descriptor '/home/nicola/Desktop/Progetto_Sapore/install/interfaces/share/interfaces/hook/ld_library_path_lib.dsv'
[1.303s] INFO:colcon.colcon_core.shell:Creating environment hook '/home/nicola/Desktop/Progetto_Sapore/install/interfaces/share/interfaces/hook/ld_library_path_lib.sh'
[1.304s] Level 1:colcon.colcon_core.environment:checking '/home/nicola/Desktop/Progetto_Sapore/install/interfaces/bin'
[1.304s] Level 1:colcon.colcon_core.environment:checking '/home/nicola/Desktop/Progetto_Sapore/install/interfaces/lib/pkgconfig/interfaces.pc'
[1.304s] Level 1:colcon.colcon_core.environment:checking '/home/nicola/Desktop/Progetto_Sapore/install/interfaces/lib/python3.12/site-packages'
[1.304s] Level 1:colcon.colcon_core.shell:create_environment_hook('interfaces', 'pythonpath')
[1.304s] INFO:colcon.colcon_core.shell:Creating environment hook '/home/nicola/Desktop/Progetto_Sapore/install/interfaces/share/interfaces/hook/pythonpath.ps1'
[1.305s] INFO:colcon.colcon_core.shell:Creating environment descriptor '/home/nicola/Desktop/Progetto_Sapore/install/interfaces/share/interfaces/hook/pythonpath.dsv'
[1.305s] INFO:colcon.colcon_core.shell:Creating environment hook '/home/nicola/Desktop/Progetto_Sapore/install/interfaces/share/interfaces/hook/pythonpath.sh'
[1.306s] Level 1:colcon.colcon_core.environment:checking '/home/nicola/Desktop/Progetto_Sapore/install/interfaces/bin'
[1.307s] INFO:colcon.colcon_core.shell:Creating package script '/home/nicola/Desktop/Progetto_Sapore/install/interfaces/share/interfaces/package.ps1'
[1.308s] INFO:colcon.colcon_core.shell:Creating package descriptor '/home/nicola/Desktop/Progetto_Sapore/install/interfaces/share/interfaces/package.dsv'
[1.309s] INFO:colcon.colcon_core.shell:Creating package script '/home/nicola/Desktop/Progetto_Sapore/install/interfaces/share/interfaces/package.sh'
[1.310s] INFO:colcon.colcon_core.shell:Creating package script '/home/nicola/Desktop/Progetto_Sapore/install/interfaces/share/interfaces/package.bash'
[1.311s] INFO:colcon.colcon_core.shell:Creating package script '/home/nicola/Desktop/Progetto_Sapore/install/interfaces/share/interfaces/package.zsh'
[1.311s] Level 1:colcon.colcon_core.environment:create_file_with_runtime_dependencies(/home/nicola/Desktop/Progetto_Sapore/install/interfaces/share/colcon-core/packages/interfaces)
[1.312s] INFO:colcon.colcon_ros.task.ament_cmake.build:Building ROS package in '/home/nicola/Desktop/Progetto_Sapore/src/nodes' with build type 'ament_cmake'
[1.312s] INFO:colcon.colcon_cmake.task.cmake.build:Building CMake package in '/home/nicola/Desktop/Progetto_Sapore/src/nodes'
[1.312s] INFO:colcon.colcon_core.shell:Skip shell extension 'powershell' for command environment: Not usable outside of PowerShell
[1.313s] DEBUG:colcon.colcon_core.shell:Skip shell extension 'dsv' for command environment
[1.345s] DEBUG:colcon.colcon_core.event_handler.log_command:Invoking command in '/home/nicola/Desktop/Progetto_Sapore/build/nodes': CMAKE_PREFIX_PATH=/home/nicola/Desktop/Progetto_Sapore/install/interfaces:/home/nicola/Desktop/Progetto_Sapore/install/validate_trajectory:/home/nicola/Desktop/Progetto_Sapore/install/nodes:/home/nicola/Desktop/Progetto_Sapore/install/iiwa_config_moveit_config:/home/nicola/Desktop/Progetto_Sapore/install/iiwa_description:/home/nicola/Desktop/Progetto_Sapore/install/build_scene_package:/opt/ros/jazzy/opt/sdformat_vendor:/opt/ros/jazzy/opt/gz_math_vendor:/opt/ros/jazzy/opt/gz_utils_vendor:/opt/ros/jazzy/opt/gz_tools_vendor:/opt/ros/jazzy/opt/gz_cmake_vendor:/opt/ros/jazzy DEBUGINFOD_URLS=https://debuginfod.ubuntu.com /usr/bin/cmake --build /home/nicola/Desktop/Progetto_Sapore/build/nodes -- -j8 -l8
[20.481s] DEBUG:colcon.colcon_core.event_handler.log_command:Invoked command in '/home/nicola/Desktop/Progetto_Sapore/build/nodes' returned '0': CMAKE_PREFIX_PATH=/home/nicola/Desktop/Progetto_Sapore/install/interfaces:/home/nicola/Desktop/Progetto_Sapore/install/validate_trajectory:/home/nicola/Desktop/Progetto_Sapore/install/nodes:/home/nicola/Desktop/Progetto_Sapore/install/iiwa_config_moveit_config:/home/nicola/Desktop/Progetto_Sapore/install/iiwa_description:/home/nicola/Desktop/Progetto_Sapore/install/build_scene_package:/opt/ros/jazzy/opt/sdformat_vendor:/opt/ros/jazzy/opt/gz_math_vendor:/opt/ros/jazzy/opt/gz_utils_vendor:/opt/ros/jazzy/opt/gz_tools_vendor:/opt/ros/jazzy/opt/gz_cmake_vendor:/opt/ros/jazzy DEBUGINFOD_URLS=https://debuginfod.ubuntu.com /usr/bin/cmake --build /home/nicola/Desktop/Progetto_Sapore/build/nodes -- -j8 -l8
[20.484s] DEBUG:colcon.colcon_core.event_handler.log_command:Invoking command in '/home/nicola/Desktop/Progetto_Sapore/build/nodes': CMAKE_PREFIX_PATH=/home/nicola/Desktop/Progetto_Sapore/install/interfaces:/home/nicola/Desktop/Progetto_Sapore/install/validate_trajectory:/home/nicola/Desktop/Progetto_Sapore/install/nodes:/home/nicola/Desktop/Progetto_Sapore/install/iiwa_config_moveit_config:/home/nicola/Desktop/Progetto_Sapore/install/iiwa_description:/home/nicola/Desktop/Progetto_Sapore/install/build_scene_package:/opt/ros/jazzy/opt/sdformat_vendor:/opt/ros/jazzy/opt/gz_math_vendor:/opt/ros/jazzy/opt/gz_utils_vendor:/opt/ros/jazzy/opt/gz_tools_vendor:/opt/ros/jazzy/opt/gz_cmake_vendor:/opt/ros/jazzy DEBUGINFOD_URLS=https://debuginfod.ubuntu.com /usr/bin/cmake --install /home/nicola/Desktop/Progetto_Sapore/build/nodes
[20.504s] Level 1:colcon.colcon_core.environment:create_environment_scripts_only(nodes)
[20.504s] Level 1:colcon.colcon_core.environment:checking '/home/nicola/Desktop/Progetto_Sapore/install/nodes' for CMake module files
[20.505s] DEBUG:colcon.colcon_core.event_handler.log_command:Invoked command in '/home/nicola/Desktop/Progetto_Sapore/build/nodes' returned '0': CMAKE_PREFIX_PATH=/home/nicola/Desktop/Progetto_Sapore/install/interfaces:/home/nicola/Desktop/Progetto_Sapore/install/validate_trajectory:/home/nicola/Desktop/Progetto_Sapore/install/nodes:/home/nicola/Desktop/Progetto_Sapore/install/iiwa_config_moveit_config:/home/nicola/Desktop/Progetto_Sapore/install/iiwa_description:/home/nicola/Desktop/Progetto_Sapore/install/build_scene_package:/opt/ros/jazzy/opt/sdformat_vendor:/opt/ros/jazzy/opt/gz_math_vendor:/opt/ros/jazzy/opt/gz_utils_vendor:/opt/ros/jazzy/opt/gz_tools_vendor:/opt/ros/jazzy/opt/gz_cmake_vendor:/opt/ros/jazzy DEBUGINFOD_URLS=https://debuginfod.ubuntu.com /usr/bin/cmake --install /home/nicola/Desktop/Progetto_Sapore/build/nodes
[20.505s] Level 1:colcon.colcon_core.environment:checking '/home/nicola/Desktop/Progetto_Sapore/install/nodes' for CMake config files
[20.506s] Level 1:colcon.colcon_core.shell:create_environment_hook('nodes', 'cmake_prefix_path')
[20.506s] INFO:colcon.colcon_core.shell:Creating environment hook '/home/nicola/Desktop/Progetto_Sapore/install/nodes/share/nodes/hook/cmake_prefix_path.ps1'
[20.507s] INFO:colcon.colcon_core.shell:Creating environment descriptor '/home/nicola/Desktop/Progetto_Sapore/install/nodes/share/nodes/hook/cmake_prefix_path.dsv'
[20.507s] INFO:colcon.colcon_core.shell:Creating environment hook '/home/nicola/Desktop/Progetto_Sapore/install/nodes/share/nodes/hook/cmake_prefix_path.sh'
[20.508s] Level 1:colcon.colcon_core.environment:checking '/home/nicola/Desktop/Progetto_Sapore/install/nodes/lib'
[20.508s] Level 1:colcon.colcon_core.environment:checking '/home/nicola/Desktop/Progetto_Sapore/install/nodes/bin'
[20.508s] Level 1:colcon.colcon_core.environment:checking '/home/nicola/Desktop/Progetto_Sapore/install/nodes/lib/pkgconfig/nodes.pc'
[20.508s] Level 1:colcon.colcon_core.environment:checking '/home/nicola/Desktop/Progetto_Sapore/install/nodes/lib/python3.12/site-packages'
[20.509s] Level 1:colcon.colcon_core.environment:checking '/home/nicola/Desktop/Progetto_Sapore/install/nodes/bin'
[20.509s] INFO:colcon.colcon_core.shell:Creating package script '/home/nicola/Desktop/Progetto_Sapore/install/nodes/share/nodes/package.ps1'
[20.509s] INFO:colcon.colcon_core.shell:Creating package descriptor '/home/nicola/Desktop/Progetto_Sapore/install/nodes/share/nodes/package.dsv'
[20.510s] INFO:colcon.colcon_core.shell:Creating package script '/home/nicola/Desktop/Progetto_Sapore/install/nodes/share/nodes/package.sh'
[20.510s] INFO:colcon.colcon_core.shell:Creating package script '/home/nicola/Desktop/Progetto_Sapore/install/nodes/share/nodes/package.bash'
[20.511s] INFO:colcon.colcon_core.shell:Creating package script '/home/nicola/Desktop/Progetto_Sapore/install/nodes/share/nodes/package.zsh'
[20.511s] Level 1:colcon.colcon_core.environment:create_file_with_runtime_dependencies(/home/nicola/Desktop/Progetto_Sapore/install/nodes/share/colcon-core/packages/nodes)
[20.511s] Level 1:colcon.colcon_core.environment:create_environment_scripts_only(nodes)
[20.512s] Level 1:colcon.colcon_core.environment:checking '/home/nicola/Desktop/Progetto_Sapore/install/nodes' for CMake module files
[20.512s] Level 1:colcon.colcon_core.environment:checking '/home/nicola/Desktop/Progetto_Sapore/install/nodes' for CMake config files
[20.512s] Level 1:colcon.colcon_core.shell:create_environment_hook('nodes', 'cmake_prefix_path')
[20.512s] INFO:colcon.colcon_core.shell:Creating environment hook '/home/nicola/Desktop/Progetto_Sapore/install/nodes/share/nodes/hook/cmake_prefix_path.ps1'
[20.513s] INFO:colcon.colcon_core.shell:Creating environment descriptor '/home/nicola/Desktop/Progetto_Sapore/install/nodes/share/nodes/hook/cmake_prefix_path.dsv'
[20.513s] INFO:colcon.colcon_core.shell:Creating environment hook '/home/nicola/Desktop/Progetto_Sapore/install/nodes/share/nodes/hook/cmake_prefix_path.sh'
[20.514s] Level 1:colcon.colcon_core.environment:checking '/home/nicola/Desktop/Progetto_Sapore/install/nodes/lib'
[20.514s] Level 1:colcon.colcon_core.environment:checking '/home/nicola/Desktop/Progetto_Sapore/install/nodes/bin'
[20.514s] Level 1:colcon.colcon_core.environment:checking '/home/nicola/Desktop/Progetto_Sapore/install/nodes/lib/pkgconfig/nodes.pc'
[20.514s] Level 1:colcon.colcon_core.environment:checking '/home/nicola/Desktop/Progetto_Sapore/install/nodes/lib/python3.12/site-packages'
[20.514s] Level 1:colcon.colcon_core.environment:checking '/home/nicola/Desktop/Progetto_Sapore/install/nodes/bin'
[20.514s] INFO:colcon.colcon_core.shell:Creating package script '/home/nicola/Desktop/Progetto_Sapore/install/nodes/share/nodes/package.ps1'
[20.515s] INFO:colcon.colcon_core.shell:Creating package descriptor '/home/nicola/Desktop/Progetto_Sapore/install/nodes/share/nodes/package.dsv'
[20.515s] INFO:colcon.colcon_core.shell:Creating package script '/home/nicola/Desktop/Progetto_Sapore/install/nodes/share/nodes/package.sh'
[20.516s] INFO:colcon.colcon_core.shell:Creating package script '/home/nicola/Desktop/Progetto_Sapore/install/nodes/share/nodes/package.bash'
[20.516s] INFO:colcon.colcon_core.shell:Creating package script '/home/nicola/Desktop/Progetto_Sapore/install/nodes/share/nodes/package.zsh'
[20.516s] Level 1:colcon.colcon_core.environment:create_file_with_runtime_dependencies(/home/nicola/Desktop/Progetto_Sapore/install/nodes/share/colcon-core/packages/nodes)
[20.517s] DEBUG:colcon.colcon_parallel_executor.executor.parallel:closing loop
[20.517s] DEBUG:colcon.colcon_parallel_executor.executor.parallel:loop closed
[20.517s] DEBUG:colcon.colcon_parallel_executor.executor.parallel:run_until_complete finished with '0'
[20.517s] DEBUG:colcon.colcon_core.event_reactor:joining thread
[20.526s] INFO:colcon.colcon_core.plugin_system:Skipping extension 'colcon_notification.desktop_notification.terminal_notifier': Not used on non-Darwin systems
[20.526s] INFO:colcon.colcon_core.plugin_system:Skipping extension 'colcon_notification.desktop_notification.win32': Not used on non-Windows systems
[20.526s] INFO:colcon.colcon_notification.desktop_notification:Sending desktop notification using 'notify2'
[20.544s] DEBUG:colcon.colcon_core.event_reactor:joined thread
[20.545s] INFO:colcon.colcon_core.shell:Creating prefix script '/home/nicola/Desktop/Progetto_Sapore/install/local_setup.ps1'
[20.546s] INFO:colcon.colcon_core.shell:Creating prefix util module '/home/nicola/Desktop/Progetto_Sapore/install/_local_setup_util_ps1.py'
[20.547s] INFO:colcon.colcon_core.shell:Creating prefix chain script '/home/nicola/Desktop/Progetto_Sapore/install/setup.ps1'
[20.548s] INFO:colcon.colcon_core.shell:Creating prefix script '/home/nicola/Desktop/Progetto_Sapore/install/local_setup.sh'
[20.549s] INFO:colcon.colcon_core.shell:Creating prefix util module '/home/nicola/Desktop/Progetto_Sapore/install/_local_setup_util_sh.py'
[20.549s] INFO:colcon.colcon_core.shell:Creating prefix chain script '/home/nicola/Desktop/Progetto_Sapore/install/setup.sh'
[20.551s] INFO:colcon.colcon_core.shell:Creating prefix script '/home/nicola/Desktop/Progetto_Sapore/install/local_setup.bash'
[20.551s] INFO:colcon.colcon_core.shell:Creating prefix chain script '/home/nicola/Desktop/Progetto_Sapore/install/setup.bash'
[20.552s] INFO:colcon.colcon_core.shell:Creating prefix script '/home/nicola/Desktop/Progetto_Sapore/install/local_setup.zsh'
[20.553s] INFO:colcon.colcon_core.shell:Creating prefix chain script '/home/nicola/Desktop/Progetto_Sapore/install/setup.zsh'
