[0.246s] DEBUG:colcon:Command line arguments: ['/usr/bin/colcon', 'build']
[0.246s] DEBUG:colcon:Parsed command line arguments: Namespace(log_base=None, log_level=None, verb_name='build', build_base='build', install_base='install', merge_install=False, symlink_install=False, test_result_base=None, continue_on_error=False, executor='parallel', parallel_workers=8, event_handlers=None, ignore_user_meta=False, metas=['./colcon.meta'], base_paths=['.'], packages_ignore=None, packages_ignore_regex=None, paths=None, packages_up_to=None, packages_up_to_regex=None, packages_above=None, packages_above_and_dependencies=None, packages_above_depth=None, packages_select_by_dep=None, packages_skip_by_dep=None, packages_skip_up_to=None, packages_select_build_failed=False, packages_skip_build_finished=False, packages_select_test_failures=False, packages_skip_test_passed=False, packages_select=None, packages_skip=None, packages_select_regex=None, packages_skip_regex=None, packages_start=None, packages_end=None, allow_overriding=[], cmake_args=None, cmake_target=None, cmake_target_skip_unavailable=False, cmake_clean_cache=False, cmake_clean_first=False, cmake_force_configure=False, ament_cmake_args=None, catkin_cmake_args=None, catkin_skip_building_tests=False, mixin_files=None, mixin=None, verb_parser=<colcon_mixin.mixin.mixin_argument.MixinArgumentDecorator object at 0x7982c619d670>, verb_extension=<colcon_core.verb.build.BuildVerb object at 0x7982c619d400>, main=<bound method BuildVerb.main of <colcon_core.verb.build.BuildVerb object at 0x7982c619d400>>, mixin_verb=('build',))
[0.324s] Level 1:colcon.colcon_core.package_discovery:discover_packages(colcon_meta) check parameters
[0.324s] Level 1:colcon.colcon_core.package_discovery:discover_packages(recursive) check parameters
[0.324s] Level 1:colcon.colcon_core.package_discovery:discover_packages(ignore) check parameters
[0.324s] Level 1:colcon.colcon_core.package_discovery:discover_packages(path) check parameters
[0.324s] Level 1:colcon.colcon_core.package_discovery:discover_packages(colcon_meta) discover
[0.324s] Level 1:colcon.colcon_core.package_discovery:discover_packages(recursive) discover
[0.325s] INFO:colcon.colcon_core.package_discovery:Crawling recursively for packages in '/home/nicola/OneDrive/Magistrale/AIRP/AIPR/ProgrammazionedeiRobot/EsercitazioneairpMio/ros_esercitazione/IIWA'
[0.325s] Level 1:colcon.colcon_core.package_identification:_identify(.) by extensions ['ignore', 'ignore_ament_install']
[0.325s] Level 1:colcon.colcon_core.package_identification:_identify(.) by extension 'ignore'
[0.325s] Level 1:colcon.colcon_core.package_identification:_identify(.) by extension 'ignore_ament_install'
[0.325s] Level 1:colcon.colcon_core.package_identification:_identify(.) by extensions ['colcon_pkg']
[0.325s] Level 1:colcon.colcon_core.package_identification:_identify(.) by extension 'colcon_pkg'
[0.325s] Level 1:colcon.colcon_core.package_identification:_identify(.) by extensions ['colcon_meta']
[0.325s] Level 1:colcon.colcon_core.package_identification:_identify(.) by extension 'colcon_meta'
[0.325s] Level 1:colcon.colcon_core.package_identification:_identify(.) by extensions ['ros']
[0.326s] Level 1:colcon.colcon_core.package_identification:_identify(.) by extension 'ros'
[0.383s] Level 1:colcon.colcon_core.package_identification:_identify(.) by extensions ['cmake', 'python']
[0.383s] Level 1:colcon.colcon_core.package_identification:_identify(.) by extension 'cmake'
[0.383s] Level 1:colcon.colcon_core.package_identification:_identify(.) by extension 'python'
[0.383s] Level 1:colcon.colcon_core.package_identification:_identify(.) by extensions ['python_setup_py']
[0.383s] Level 1:colcon.colcon_core.package_identification:_identify(.) by extension 'python_setup_py'
[0.383s] Level 1:colcon.colcon_core.package_identification:_identify(build) by extensions ['ignore', 'ignore_ament_install']
[0.384s] Level 1:colcon.colcon_core.package_identification:_identify(build) by extension 'ignore'
[0.384s] Level 1:colcon.colcon_core.package_identification:_identify(build) ignored
[0.384s] Level 1:colcon.colcon_core.package_identification:_identify(install) by extensions ['ignore', 'ignore_ament_install']
[0.384s] Level 1:colcon.colcon_core.package_identification:_identify(install) by extension 'ignore'
[0.384s] Level 1:colcon.colcon_core.package_identification:_identify(install) ignored
[0.385s] Level 1:colcon.colcon_core.package_identification:_identify(log) by extensions ['ignore', 'ignore_ament_install']
[0.385s] Level 1:colcon.colcon_core.package_identification:_identify(log) by extension 'ignore'
[0.385s] Level 1:colcon.colcon_core.package_identification:_identify(log) ignored
[0.385s] Level 1:colcon.colcon_core.package_identification:_identify(src) by extensions ['ignore', 'ignore_ament_install']
[0.386s] Level 1:colcon.colcon_core.package_identification:_identify(src) by extension 'ignore'
[0.386s] Level 1:colcon.colcon_core.package_identification:_identify(src) by extension 'ignore_ament_install'
[0.386s] Level 1:colcon.colcon_core.package_identification:_identify(src) by extensions ['colcon_pkg']
[0.386s] Level 1:colcon.colcon_core.package_identification:_identify(src) by extension 'colcon_pkg'
[0.386s] Level 1:colcon.colcon_core.package_identification:_identify(src) by extensions ['colcon_meta']
[0.386s] Level 1:colcon.colcon_core.package_identification:_identify(src) by extension 'colcon_meta'
[0.386s] Level 1:colcon.colcon_core.package_identification:_identify(src) by extensions ['ros']
[0.386s] Level 1:colcon.colcon_core.package_identification:_identify(src) by extension 'ros'
[0.386s] Level 1:colcon.colcon_core.package_identification:_identify(src) by extensions ['cmake', 'python']
[0.386s] Level 1:colcon.colcon_core.package_identification:_identify(src) by extension 'cmake'
[0.386s] Level 1:colcon.colcon_core.package_identification:_identify(src) by extension 'python'
[0.387s] Level 1:colcon.colcon_core.package_identification:_identify(src) by extensions ['python_setup_py']
[0.387s] Level 1:colcon.colcon_core.package_identification:_identify(src) by extension 'python_setup_py'
[0.387s] Level 1:colcon.colcon_core.package_identification:_identify(src/build_scene_package) by extensions ['ignore', 'ignore_ament_install']
[0.387s] Level 1:colcon.colcon_core.package_identification:_identify(src/build_scene_package) by extension 'ignore'
[0.387s] Level 1:colcon.colcon_core.package_identification:_identify(src/build_scene_package) by extension 'ignore_ament_install'
[0.387s] Level 1:colcon.colcon_core.package_identification:_identify(src/build_scene_package) by extensions ['colcon_pkg']
[0.387s] Level 1:colcon.colcon_core.package_identification:_identify(src/build_scene_package) by extension 'colcon_pkg'
[0.387s] Level 1:colcon.colcon_core.package_identification:_identify(src/build_scene_package) by extensions ['colcon_meta']
[0.387s] Level 1:colcon.colcon_core.package_identification:_identify(src/build_scene_package) by extension 'colcon_meta'
[0.387s] Level 1:colcon.colcon_core.package_identification:_identify(src/build_scene_package) by extensions ['ros']
[0.387s] Level 1:colcon.colcon_core.package_identification:_identify(src/build_scene_package) by extension 'ros'
[0.393s] DEBUG:colcon.colcon_core.package_identification:Package 'src/build_scene_package' with type 'ros.ament_cmake' and name 'build_scene_package'
[0.394s] Level 1:colcon.colcon_core.package_identification:_identify(src/iiwa_config_moveit_config) by extensions ['ignore', 'ignore_ament_install']
[0.394s] Level 1:colcon.colcon_core.package_identification:_identify(src/iiwa_config_moveit_config) by extension 'ignore'
[0.394s] Level 1:colcon.colcon_core.package_identification:_identify(src/iiwa_config_moveit_config) by extension 'ignore_ament_install'
[0.394s] Level 1:colcon.colcon_core.package_identification:_identify(src/iiwa_config_moveit_config) by extensions ['colcon_pkg']
[0.394s] Level 1:colcon.colcon_core.package_identification:_identify(src/iiwa_config_moveit_config) by extension 'colcon_pkg'
[0.394s] Level 1:colcon.colcon_core.package_identification:_identify(src/iiwa_config_moveit_config) by extensions ['colcon_meta']
[0.394s] Level 1:colcon.colcon_core.package_identification:_identify(src/iiwa_config_moveit_config) by extension 'colcon_meta'
[0.395s] Level 1:colcon.colcon_core.package_identification:_identify(src/iiwa_config_moveit_config) by extensions ['ros']
[0.395s] Level 1:colcon.colcon_core.package_identification:_identify(src/iiwa_config_moveit_config) by extension 'ros'
[0.396s] DEBUG:colcon.colcon_core.package_identification:Package 'src/iiwa_config_moveit_config' with type 'ros.ament_cmake' and name 'iiwa_config_moveit_config'
[0.396s] Level 1:colcon.colcon_core.package_identification:_identify(src/iiwa_description) by extensions ['ignore', 'ignore_ament_install']
[0.396s] Level 1:colcon.colcon_core.package_identification:_identify(src/iiwa_description) by extension 'ignore'
[0.397s] Level 1:colcon.colcon_core.package_identification:_identify(src/iiwa_description) by extension 'ignore_ament_install'
[0.397s] Level 1:colcon.colcon_core.package_identification:_identify(src/iiwa_description) by extensions ['colcon_pkg']
[0.397s] Level 1:colcon.colcon_core.package_identification:_identify(src/iiwa_description) by extension 'colcon_pkg'
[0.397s] Level 1:colcon.colcon_core.package_identification:_identify(src/iiwa_description) by extensions ['colcon_meta']
[0.397s] Level 1:colcon.colcon_core.package_identification:_identify(src/iiwa_description) by extension 'colcon_meta'
[0.397s] Level 1:colcon.colcon_core.package_identification:_identify(src/iiwa_description) by extensions ['ros']
[0.397s] Level 1:colcon.colcon_core.package_identification:_identify(src/iiwa_description) by extension 'ros'
[0.398s] DEBUG:colcon.colcon_core.package_identification:Package 'src/iiwa_description' with type 'ros.ament_cmake' and name 'iiwa_description'
[0.398s] Level 1:colcon.colcon_core.package_identification:_identify(src/interfaces) by extensions ['ignore', 'ignore_ament_install']
[0.398s] Level 1:colcon.colcon_core.package_identification:_identify(src/interfaces) by extension 'ignore'
[0.399s] Level 1:colcon.colcon_core.package_identification:_identify(src/interfaces) by extension 'ignore_ament_install'
[0.399s] Level 1:colcon.colcon_core.package_identification:_identify(src/interfaces) by extensions ['colcon_pkg']
[0.399s] Level 1:colcon.colcon_core.package_identification:_identify(src/interfaces) by extension 'colcon_pkg'
[0.399s] Level 1:colcon.colcon_core.package_identification:_identify(src/interfaces) by extensions ['colcon_meta']
[0.399s] Level 1:colcon.colcon_core.package_identification:_identify(src/interfaces) by extension 'colcon_meta'
[0.399s] Level 1:colcon.colcon_core.package_identification:_identify(src/interfaces) by extensions ['ros']
[0.399s] Level 1:colcon.colcon_core.package_identification:_identify(src/interfaces) by extension 'ros'
[0.400s] DEBUG:colcon.colcon_core.package_identification:Package 'src/interfaces' with type 'ros.ament_cmake' and name 'interfaces'
[0.400s] Level 1:colcon.colcon_core.package_identification:_identify(src/nodes) by extensions ['ignore', 'ignore_ament_install']
[0.400s] Level 1:colcon.colcon_core.package_identification:_identify(src/nodes) by extension 'ignore'
[0.401s] Level 1:colcon.colcon_core.package_identification:_identify(src/nodes) by extension 'ignore_ament_install'
[0.401s] Level 1:colcon.colcon_core.package_identification:_identify(src/nodes) by extensions ['colcon_pkg']
[0.401s] Level 1:colcon.colcon_core.package_identification:_identify(src/nodes) by extension 'colcon_pkg'
[0.401s] Level 1:colcon.colcon_core.package_identification:_identify(src/nodes) by extensions ['colcon_meta']
[0.401s] Level 1:colcon.colcon_core.package_identification:_identify(src/nodes) by extension 'colcon_meta'
[0.401s] Level 1:colcon.colcon_core.package_identification:_identify(src/nodes) by extensions ['ros']
[0.401s] Level 1:colcon.colcon_core.package_identification:_identify(src/nodes) by extension 'ros'
[0.403s] DEBUG:colcon.colcon_core.package_identification:Package 'src/nodes' with type 'ros.ament_cmake' and name 'nodes'
[0.403s] Level 1:colcon.colcon_core.package_discovery:discover_packages(recursive) using defaults
[0.403s] Level 1:colcon.colcon_core.package_discovery:discover_packages(ignore) discover
[0.403s] Level 1:colcon.colcon_core.package_discovery:discover_packages(ignore) using defaults
[0.403s] Level 1:colcon.colcon_core.package_discovery:discover_packages(path) discover
[0.403s] Level 1:colcon.colcon_core.package_discovery:discover_packages(path) using defaults
[0.441s] Level 1:colcon.colcon_core.package_discovery:discover_packages(prefix_path) check parameters
[0.441s] Level 1:colcon.colcon_core.package_discovery:discover_packages(prefix_path) discover
[0.445s] DEBUG:colcon.colcon_installed_package_information.package_discovery:Found 6 installed packages in /home/nicola/Desktop/Esercitazione_airp/IIWA/install
[0.449s] DEBUG:colcon.colcon_installed_package_information.package_discovery:Found 388 installed packages in /opt/ros/jazzy
[0.451s] Level 1:colcon.colcon_core.package_discovery:discover_packages(prefix_path) using defaults
[0.557s] WARNING:colcon.colcon_core.package_selection:Some selected packages are already built in one or more underlay workspaces:
	'iiwa_description' is in: /home/nicola/Desktop/Esercitazione_airp/IIWA/install/iiwa_description
If a package in a merged underlay workspace is overridden and it installs headers, then all packages in the overlay must sort their include directories by workspace order. Failure to do so may result in build failures or undefined behavior at run time.
If the overridden package is used by another package in any underlay, then the overriding package in the overlay must be API and ABI compatible or undefined behavior at run time may occur.

If you understand the risks and want to override a package anyways, add the following to the command line:
	--allow-overriding iiwa_description

This may be promoted to an error in a future release of colcon-override-check.
[0.558s] Level 5:colcon.colcon_core.verb:set package 'build_scene_package' build argument 'cmake_args' from command line to 'None'
[0.558s] Level 5:colcon.colcon_core.verb:set package 'build_scene_package' build argument 'cmake_target' from command line to 'None'
[0.559s] Level 5:colcon.colcon_core.verb:set package 'build_scene_package' build argument 'cmake_target_skip_unavailable' from command line to 'False'
[0.559s] Level 5:colcon.colcon_core.verb:set package 'build_scene_package' build argument 'cmake_clean_cache' from command line to 'False'
[0.559s] Level 5:colcon.colcon_core.verb:set package 'build_scene_package' build argument 'cmake_clean_first' from command line to 'False'
[0.559s] Level 5:colcon.colcon_core.verb:set package 'build_scene_package' build argument 'cmake_force_configure' from command line to 'False'
[0.559s] Level 5:colcon.colcon_core.verb:set package 'build_scene_package' build argument 'ament_cmake_args' from command line to 'None'
[0.559s] Level 5:colcon.colcon_core.verb:set package 'build_scene_package' build argument 'catkin_cmake_args' from command line to 'None'
[0.559s] Level 5:colcon.colcon_core.verb:set package 'build_scene_package' build argument 'catkin_skip_building_tests' from command line to 'False'
[0.559s] DEBUG:colcon.colcon_core.verb:Building package 'build_scene_package' with the following arguments: {'ament_cmake_args': None, 'build_base': '/home/nicola/OneDrive/Magistrale/AIRP/AIPR/ProgrammazionedeiRobot/EsercitazioneairpMio/ros_esercitazione/IIWA/build/build_scene_package', 'catkin_cmake_args': None, 'catkin_skip_building_tests': False, 'cmake_args': None, 'cmake_clean_cache': False, 'cmake_clean_first': False, 'cmake_force_configure': False, 'cmake_target': None, 'cmake_target_skip_unavailable': False, 'install_base': '/home/nicola/OneDrive/Magistrale/AIRP/AIPR/ProgrammazionedeiRobot/EsercitazioneairpMio/ros_esercitazione/IIWA/install/build_scene_package', 'merge_install': False, 'path': '/home/nicola/OneDrive/Magistrale/AIRP/AIPR/ProgrammazionedeiRobot/EsercitazioneairpMio/ros_esercitazione/IIWA/src/build_scene_package', 'symlink_install': False, 'test_result_base': None}
[0.559s] Level 5:colcon.colcon_core.verb:set package 'iiwa_description' build argument 'cmake_args' from command line to 'None'
[0.560s] Level 5:colcon.colcon_core.verb:set package 'iiwa_description' build argument 'cmake_target' from command line to 'None'
[0.560s] Level 5:colcon.colcon_core.verb:set package 'iiwa_description' build argument 'cmake_target_skip_unavailable' from command line to 'False'
[0.560s] Level 5:colcon.colcon_core.verb:set package 'iiwa_description' build argument 'cmake_clean_cache' from command line to 'False'
[0.560s] Level 5:colcon.colcon_core.verb:set package 'iiwa_description' build argument 'cmake_clean_first' from command line to 'False'
[0.560s] Level 5:colcon.colcon_core.verb:set package 'iiwa_description' build argument 'cmake_force_configure' from command line to 'False'
[0.560s] Level 5:colcon.colcon_core.verb:set package 'iiwa_description' build argument 'ament_cmake_args' from command line to 'None'
[0.560s] Level 5:colcon.colcon_core.verb:set package 'iiwa_description' build argument 'catkin_cmake_args' from command line to 'None'
[0.560s] Level 5:colcon.colcon_core.verb:set package 'iiwa_description' build argument 'catkin_skip_building_tests' from command line to 'False'
[0.560s] DEBUG:colcon.colcon_core.verb:Building package 'iiwa_description' with the following arguments: {'ament_cmake_args': None, 'build_base': '/home/nicola/OneDrive/Magistrale/AIRP/AIPR/ProgrammazionedeiRobot/EsercitazioneairpMio/ros_esercitazione/IIWA/build/iiwa_description', 'catkin_cmake_args': None, 'catkin_skip_building_tests': False, 'cmake_args': None, 'cmake_clean_cache': False, 'cmake_clean_first': False, 'cmake_force_configure': False, 'cmake_target': None, 'cmake_target_skip_unavailable': False, 'install_base': '/home/nicola/OneDrive/Magistrale/AIRP/AIPR/ProgrammazionedeiRobot/EsercitazioneairpMio/ros_esercitazione/IIWA/install/iiwa_description', 'merge_install': False, 'path': '/home/nicola/OneDrive/Magistrale/AIRP/AIPR/ProgrammazionedeiRobot/EsercitazioneairpMio/ros_esercitazione/IIWA/src/iiwa_description', 'symlink_install': False, 'test_result_base': None}
[0.560s] Level 5:colcon.colcon_core.verb:set package 'interfaces' build argument 'cmake_args' from command line to 'None'
[0.560s] Level 5:colcon.colcon_core.verb:set package 'interfaces' build argument 'cmake_target' from command line to 'None'
[0.560s] Level 5:colcon.colcon_core.verb:set package 'interfaces' build argument 'cmake_target_skip_unavailable' from command line to 'False'
[0.561s] Level 5:colcon.colcon_core.verb:set package 'interfaces' build argument 'cmake_clean_cache' from command line to 'False'
[0.561s] Level 5:colcon.colcon_core.verb:set package 'interfaces' build argument 'cmake_clean_first' from command line to 'False'
[0.561s] Level 5:colcon.colcon_core.verb:set package 'interfaces' build argument 'cmake_force_configure' from command line to 'False'
[0.561s] Level 5:colcon.colcon_core.verb:set package 'interfaces' build argument 'ament_cmake_args' from command line to 'None'
[0.561s] Level 5:colcon.colcon_core.verb:set package 'interfaces' build argument 'catkin_cmake_args' from command line to 'None'
[0.561s] Level 5:colcon.colcon_core.verb:set package 'interfaces' build argument 'catkin_skip_building_tests' from command line to 'False'
[0.561s] DEBUG:colcon.colcon_core.verb:Building package 'interfaces' with the following arguments: {'ament_cmake_args': None, 'build_base': '/home/nicola/OneDrive/Magistrale/AIRP/AIPR/ProgrammazionedeiRobot/EsercitazioneairpMio/ros_esercitazione/IIWA/build/interfaces', 'catkin_cmake_args': None, 'catkin_skip_building_tests': False, 'cmake_args': None, 'cmake_clean_cache': False, 'cmake_clean_first': False, 'cmake_force_configure': False, 'cmake_target': None, 'cmake_target_skip_unavailable': False, 'install_base': '/home/nicola/OneDrive/Magistrale/AIRP/AIPR/ProgrammazionedeiRobot/EsercitazioneairpMio/ros_esercitazione/IIWA/install/interfaces', 'merge_install': False, 'path': '/home/nicola/OneDrive/Magistrale/AIRP/AIPR/ProgrammazionedeiRobot/EsercitazioneairpMio/ros_esercitazione/IIWA/src/interfaces', 'symlink_install': False, 'test_result_base': None}
[0.561s] Level 5:colcon.colcon_core.verb:set package 'iiwa_config_moveit_config' build argument 'cmake_args' from command line to 'None'
[0.561s] Level 5:colcon.colcon_core.verb:set package 'iiwa_config_moveit_config' build argument 'cmake_target' from command line to 'None'
[0.561s] Level 5:colcon.colcon_core.verb:set package 'iiwa_config_moveit_config' build argument 'cmake_target_skip_unavailable' from command line to 'False'
[0.561s] Level 5:colcon.colcon_core.verb:set package 'iiwa_config_moveit_config' build argument 'cmake_clean_cache' from command line to 'False'
[0.561s] Level 5:colcon.colcon_core.verb:set package 'iiwa_config_moveit_config' build argument 'cmake_clean_first' from command line to 'False'
[0.561s] Level 5:colcon.colcon_core.verb:set package 'iiwa_config_moveit_config' build argument 'cmake_force_configure' from command line to 'False'
[0.561s] Level 5:colcon.colcon_core.verb:set package 'iiwa_config_moveit_config' build argument 'ament_cmake_args' from command line to 'None'
[0.561s] Level 5:colcon.colcon_core.verb:set package 'iiwa_config_moveit_config' build argument 'catkin_cmake_args' from command line to 'None'
[0.562s] Level 5:colcon.colcon_core.verb:set package 'iiwa_config_moveit_config' build argument 'catkin_skip_building_tests' from command line to 'False'
[0.562s] DEBUG:colcon.colcon_core.verb:Building package 'iiwa_config_moveit_config' with the following arguments: {'ament_cmake_args': None, 'build_base': '/home/nicola/OneDrive/Magistrale/AIRP/AIPR/ProgrammazionedeiRobot/EsercitazioneairpMio/ros_esercitazione/IIWA/build/iiwa_config_moveit_config', 'catkin_cmake_args': None, 'catkin_skip_building_tests': False, 'cmake_args': None, 'cmake_clean_cache': False, 'cmake_clean_first': False, 'cmake_force_configure': False, 'cmake_target': None, 'cmake_target_skip_unavailable': False, 'install_base': '/home/nicola/OneDrive/Magistrale/AIRP/AIPR/ProgrammazionedeiRobot/EsercitazioneairpMio/ros_esercitazione/IIWA/install/iiwa_config_moveit_config', 'merge_install': False, 'path': '/home/nicola/OneDrive/Magistrale/AIRP/AIPR/ProgrammazionedeiRobot/EsercitazioneairpMio/ros_esercitazione/IIWA/src/iiwa_config_moveit_config', 'symlink_install': False, 'test_result_base': None}
[0.562s] Level 5:colcon.colcon_core.verb:set package 'nodes' build argument 'cmake_args' from command line to 'None'
[0.562s] Level 5:colcon.colcon_core.verb:set package 'nodes' build argument 'cmake_target' from command line to 'None'
[0.562s] Level 5:colcon.colcon_core.verb:set package 'nodes' build argument 'cmake_target_skip_unavailable' from command line to 'False'
[0.562s] Level 5:colcon.colcon_core.verb:set package 'nodes' build argument 'cmake_clean_cache' from command line to 'False'
[0.562s] Level 5:colcon.colcon_core.verb:set package 'nodes' build argument 'cmake_clean_first' from command line to 'False'
[0.562s] Level 5:colcon.colcon_core.verb:set package 'nodes' build argument 'cmake_force_configure' from command line to 'False'
[0.562s] Level 5:colcon.colcon_core.verb:set package 'nodes' build argument 'ament_cmake_args' from command line to 'None'
[0.562s] Level 5:colcon.colcon_core.verb:set package 'nodes' build argument 'catkin_cmake_args' from command line to 'None'
[0.562s] Level 5:colcon.colcon_core.verb:set package 'nodes' build argument 'catkin_skip_building_tests' from command line to 'False'
[0.562s] DEBUG:colcon.colcon_core.verb:Building package 'nodes' with the following arguments: {'ament_cmake_args': None, 'build_base': '/home/nicola/OneDrive/Magistrale/AIRP/AIPR/ProgrammazionedeiRobot/EsercitazioneairpMio/ros_esercitazione/IIWA/build/nodes', 'catkin_cmake_args': None, 'catkin_skip_building_tests': False, 'cmake_args': None, 'cmake_clean_cache': False, 'cmake_clean_first': False, 'cmake_force_configure': False, 'cmake_target': None, 'cmake_target_skip_unavailable': False, 'install_base': '/home/nicola/OneDrive/Magistrale/AIRP/AIPR/ProgrammazionedeiRobot/EsercitazioneairpMio/ros_esercitazione/IIWA/install/nodes', 'merge_install': False, 'path': '/home/nicola/OneDrive/Magistrale/AIRP/AIPR/ProgrammazionedeiRobot/EsercitazioneairpMio/ros_esercitazione/IIWA/src/nodes', 'symlink_install': False, 'test_result_base': None}
[0.563s] INFO:colcon.colcon_core.executor:Executing jobs using 'parallel' executor
[0.564s] DEBUG:colcon.colcon_parallel_executor.executor.parallel:run_until_complete
[0.564s] INFO:colcon.colcon_ros.task.ament_cmake.build:Building ROS package in '/home/nicola/OneDrive/Magistrale/AIRP/AIPR/ProgrammazionedeiRobot/EsercitazioneairpMio/ros_esercitazione/IIWA/src/iiwa_description' with build type 'ament_cmake'
[0.565s] INFO:colcon.colcon_cmake.task.cmake.build:Building CMake package in '/home/nicola/OneDrive/Magistrale/AIRP/AIPR/ProgrammazionedeiRobot/EsercitazioneairpMio/ros_esercitazione/IIWA/src/iiwa_description'
[0.568s] INFO:colcon.colcon_core.plugin_system:Skipping extension 'colcon_core.shell.bat': Not used on non-Windows systems
[0.568s] INFO:colcon.colcon_core.shell:Skip shell extension 'powershell' for command environment: Not usable outside of PowerShell
[0.568s] DEBUG:colcon.colcon_core.shell:Skip shell extension 'dsv' for command environment
[0.576s] INFO:colcon.colcon_ros.task.ament_cmake.build:Building ROS package in '/home/nicola/OneDrive/Magistrale/AIRP/AIPR/ProgrammazionedeiRobot/EsercitazioneairpMio/ros_esercitazione/IIWA/src/interfaces' with build type 'ament_cmake'
[0.577s] INFO:colcon.colcon_cmake.task.cmake.build:Building CMake package in '/home/nicola/OneDrive/Magistrale/AIRP/AIPR/ProgrammazionedeiRobot/EsercitazioneairpMio/ros_esercitazione/IIWA/src/interfaces'
[0.577s] INFO:colcon.colcon_core.shell:Skip shell extension 'powershell' for command environment: Not usable outside of PowerShell
[0.577s] DEBUG:colcon.colcon_core.shell:Skip shell extension 'dsv' for command environment
[0.585s] INFO:colcon.colcon_ros.task.ament_cmake.build:Building ROS package in '/home/nicola/OneDrive/Magistrale/AIRP/AIPR/ProgrammazionedeiRobot/EsercitazioneairpMio/ros_esercitazione/IIWA/src/build_scene_package' with build type 'ament_cmake'
[0.585s] INFO:colcon.colcon_cmake.task.cmake.build:Building CMake package in '/home/nicola/OneDrive/Magistrale/AIRP/AIPR/ProgrammazionedeiRobot/EsercitazioneairpMio/ros_esercitazione/IIWA/src/build_scene_package'
[0.585s] INFO:colcon.colcon_core.shell:Skip shell extension 'powershell' for command environment: Not usable outside of PowerShell
[0.585s] DEBUG:colcon.colcon_core.shell:Skip shell extension 'dsv' for command environment
[0.607s] DEBUG:colcon.colcon_core.event_handler.log_command:Invoking command in '/home/nicola/OneDrive/Magistrale/AIRP/AIPR/ProgrammazionedeiRobot/EsercitazioneairpMio/ros_esercitazione/IIWA/build/iiwa_description': CMAKE_PREFIX_PATH=${CMAKE_PREFIX_PATH}:/opt/ros/jazzy DEBUGINFOD_URLS=https://debuginfod.ubuntu.com /usr/bin/cmake --build /home/nicola/OneDrive/Magistrale/AIRP/AIPR/ProgrammazionedeiRobot/EsercitazioneairpMio/ros_esercitazione/IIWA/build/iiwa_description -- -j8 -l8
[0.615s] DEBUG:colcon.colcon_core.event_handler.log_command:Invoking command in '/home/nicola/OneDrive/Magistrale/AIRP/AIPR/ProgrammazionedeiRobot/EsercitazioneairpMio/ros_esercitazione/IIWA/build/interfaces': CMAKE_PREFIX_PATH=${CMAKE_PREFIX_PATH}:/opt/ros/jazzy DEBUGINFOD_URLS=https://debuginfod.ubuntu.com /usr/bin/cmake --build /home/nicola/OneDrive/Magistrale/AIRP/AIPR/ProgrammazionedeiRobot/EsercitazioneairpMio/ros_esercitazione/IIWA/build/interfaces -- -j8 -l8
[0.621s] DEBUG:colcon.colcon_core.event_handler.log_command:Invoking command in '/home/nicola/OneDrive/Magistrale/AIRP/AIPR/ProgrammazionedeiRobot/EsercitazioneairpMio/ros_esercitazione/IIWA/build/build_scene_package': CMAKE_PREFIX_PATH=${CMAKE_PREFIX_PATH}:/opt/ros/jazzy DEBUGINFOD_URLS=https://debuginfod.ubuntu.com /usr/bin/cmake --build /home/nicola/OneDrive/Magistrale/AIRP/AIPR/ProgrammazionedeiRobot/EsercitazioneairpMio/ros_esercitazione/IIWA/build/build_scene_package -- -j8 -l8
[0.680s] DEBUG:colcon.colcon_core.event_handler.log_command:Invoked command in '/home/nicola/OneDrive/Magistrale/AIRP/AIPR/ProgrammazionedeiRobot/EsercitazioneairpMio/ros_esercitazione/IIWA/build/iiwa_description' returned '0': CMAKE_PREFIX_PATH=${CMAKE_PREFIX_PATH}:/opt/ros/jazzy DEBUGINFOD_URLS=https://debuginfod.ubuntu.com /usr/bin/cmake --build /home/nicola/OneDrive/Magistrale/AIRP/AIPR/ProgrammazionedeiRobot/EsercitazioneairpMio/ros_esercitazione/IIWA/build/iiwa_description -- -j8 -l8
[0.705s] DEBUG:colcon.colcon_core.event_handler.log_command:Invoking command in '/home/nicola/OneDrive/Magistrale/AIRP/AIPR/ProgrammazionedeiRobot/EsercitazioneairpMio/ros_esercitazione/IIWA/build/iiwa_description': CMAKE_PREFIX_PATH=${CMAKE_PREFIX_PATH}:/opt/ros/jazzy DEBUGINFOD_URLS=https://debuginfod.ubuntu.com /usr/bin/cmake --install /home/nicola/OneDrive/Magistrale/AIRP/AIPR/ProgrammazionedeiRobot/EsercitazioneairpMio/ros_esercitazione/IIWA/build/iiwa_description
[0.748s] Level 1:colcon.colcon_core.environment:create_environment_scripts_only(iiwa_description)
[0.751s] DEBUG:colcon.colcon_core.event_handler.log_command:Invoked command in '/home/nicola/OneDrive/Magistrale/AIRP/AIPR/ProgrammazionedeiRobot/EsercitazioneairpMio/ros_esercitazione/IIWA/build/iiwa_description' returned '0': CMAKE_PREFIX_PATH=${CMAKE_PREFIX_PATH}:/opt/ros/jazzy DEBUGINFOD_URLS=https://debuginfod.ubuntu.com /usr/bin/cmake --install /home/nicola/OneDrive/Magistrale/AIRP/AIPR/ProgrammazionedeiRobot/EsercitazioneairpMio/ros_esercitazione/IIWA/build/iiwa_description
[0.756s] Level 1:colcon.colcon_core.environment:checking '/home/nicola/OneDrive/Magistrale/AIRP/AIPR/ProgrammazionedeiRobot/EsercitazioneairpMio/ros_esercitazione/IIWA/install/iiwa_description' for CMake module files
[0.758s] Level 1:colcon.colcon_core.environment:checking '/home/nicola/OneDrive/Magistrale/AIRP/AIPR/ProgrammazionedeiRobot/EsercitazioneairpMio/ros_esercitazione/IIWA/install/iiwa_description' for CMake config files
[0.759s] Level 1:colcon.colcon_core.shell:create_environment_hook('iiwa_description', 'cmake_prefix_path')
[0.760s] INFO:colcon.colcon_core.shell:Creating environment hook '/home/nicola/OneDrive/Magistrale/AIRP/AIPR/ProgrammazionedeiRobot/EsercitazioneairpMio/ros_esercitazione/IIWA/install/iiwa_description/share/iiwa_description/hook/cmake_prefix_path.ps1'
[0.762s] INFO:colcon.colcon_core.shell:Creating environment descriptor '/home/nicola/OneDrive/Magistrale/AIRP/AIPR/ProgrammazionedeiRobot/EsercitazioneairpMio/ros_esercitazione/IIWA/install/iiwa_description/share/iiwa_description/hook/cmake_prefix_path.dsv'
[0.763s] INFO:colcon.colcon_core.shell:Creating environment hook '/home/nicola/OneDrive/Magistrale/AIRP/AIPR/ProgrammazionedeiRobot/EsercitazioneairpMio/ros_esercitazione/IIWA/install/iiwa_description/share/iiwa_description/hook/cmake_prefix_path.sh'
[0.765s] Level 1:colcon.colcon_core.environment:checking '/home/nicola/OneDrive/Magistrale/AIRP/AIPR/ProgrammazionedeiRobot/EsercitazioneairpMio/ros_esercitazione/IIWA/install/iiwa_description/bin'
[0.765s] Level 1:colcon.colcon_core.environment:checking '/home/nicola/OneDrive/Magistrale/AIRP/AIPR/ProgrammazionedeiRobot/EsercitazioneairpMio/ros_esercitazione/IIWA/install/iiwa_description/lib/pkgconfig/iiwa_description.pc'
[0.767s] Level 1:colcon.colcon_core.environment:checking '/home/nicola/OneDrive/Magistrale/AIRP/AIPR/ProgrammazionedeiRobot/EsercitazioneairpMio/ros_esercitazione/IIWA/install/iiwa_description/lib/python3.12/site-packages'
[0.767s] Level 1:colcon.colcon_core.environment:checking '/home/nicola/OneDrive/Magistrale/AIRP/AIPR/ProgrammazionedeiRobot/EsercitazioneairpMio/ros_esercitazione/IIWA/install/iiwa_description/bin'
[0.768s] INFO:colcon.colcon_core.shell:Creating package script '/home/nicola/OneDrive/Magistrale/AIRP/AIPR/ProgrammazionedeiRobot/EsercitazioneairpMio/ros_esercitazione/IIWA/install/iiwa_description/share/iiwa_description/package.ps1'
[0.775s] INFO:colcon.colcon_core.shell:Creating package descriptor '/home/nicola/OneDrive/Magistrale/AIRP/AIPR/ProgrammazionedeiRobot/EsercitazioneairpMio/ros_esercitazione/IIWA/install/iiwa_description/share/iiwa_description/package.dsv'
[0.780s] INFO:colcon.colcon_core.shell:Creating package script '/home/nicola/OneDrive/Magistrale/AIRP/AIPR/ProgrammazionedeiRobot/EsercitazioneairpMio/ros_esercitazione/IIWA/install/iiwa_description/share/iiwa_description/package.sh'
[0.782s] INFO:colcon.colcon_core.shell:Creating package script '/home/nicola/OneDrive/Magistrale/AIRP/AIPR/ProgrammazionedeiRobot/EsercitazioneairpMio/ros_esercitazione/IIWA/install/iiwa_description/share/iiwa_description/package.bash'
[0.785s] INFO:colcon.colcon_core.shell:Creating package script '/home/nicola/OneDrive/Magistrale/AIRP/AIPR/ProgrammazionedeiRobot/EsercitazioneairpMio/ros_esercitazione/IIWA/install/iiwa_description/share/iiwa_description/package.zsh'
[0.787s] Level 1:colcon.colcon_core.environment:create_file_with_runtime_dependencies(/home/nicola/OneDrive/Magistrale/AIRP/AIPR/ProgrammazionedeiRobot/EsercitazioneairpMio/ros_esercitazione/IIWA/install/iiwa_description/share/colcon-core/packages/iiwa_description)
[0.788s] Level 1:colcon.colcon_core.environment:create_environment_scripts_only(iiwa_description)
[0.789s] Level 1:colcon.colcon_core.environment:checking '/home/nicola/OneDrive/Magistrale/AIRP/AIPR/ProgrammazionedeiRobot/EsercitazioneairpMio/ros_esercitazione/IIWA/install/iiwa_description' for CMake module files
[0.791s] Level 1:colcon.colcon_core.environment:checking '/home/nicola/OneDrive/Magistrale/AIRP/AIPR/ProgrammazionedeiRobot/EsercitazioneairpMio/ros_esercitazione/IIWA/install/iiwa_description' for CMake config files
[0.792s] Level 1:colcon.colcon_core.shell:create_environment_hook('iiwa_description', 'cmake_prefix_path')
[0.793s] INFO:colcon.colcon_core.shell:Creating environment hook '/home/nicola/OneDrive/Magistrale/AIRP/AIPR/ProgrammazionedeiRobot/EsercitazioneairpMio/ros_esercitazione/IIWA/install/iiwa_description/share/iiwa_description/hook/cmake_prefix_path.ps1'
[0.794s] INFO:colcon.colcon_core.shell:Creating environment descriptor '/home/nicola/OneDrive/Magistrale/AIRP/AIPR/ProgrammazionedeiRobot/EsercitazioneairpMio/ros_esercitazione/IIWA/install/iiwa_description/share/iiwa_description/hook/cmake_prefix_path.dsv'
[0.795s] INFO:colcon.colcon_core.shell:Creating environment hook '/home/nicola/OneDrive/Magistrale/AIRP/AIPR/ProgrammazionedeiRobot/EsercitazioneairpMio/ros_esercitazione/IIWA/install/iiwa_description/share/iiwa_description/hook/cmake_prefix_path.sh'
[0.796s] Level 1:colcon.colcon_core.environment:checking '/home/nicola/OneDrive/Magistrale/AIRP/AIPR/ProgrammazionedeiRobot/EsercitazioneairpMio/ros_esercitazione/IIWA/install/iiwa_description/bin'
[0.796s] Level 1:colcon.colcon_core.environment:checking '/home/nicola/OneDrive/Magistrale/AIRP/AIPR/ProgrammazionedeiRobot/EsercitazioneairpMio/ros_esercitazione/IIWA/install/iiwa_description/lib/pkgconfig/iiwa_description.pc'
[0.797s] Level 1:colcon.colcon_core.environment:checking '/home/nicola/OneDrive/Magistrale/AIRP/AIPR/ProgrammazionedeiRobot/EsercitazioneairpMio/ros_esercitazione/IIWA/install/iiwa_description/lib/python3.12/site-packages'
[0.798s] Level 1:colcon.colcon_core.environment:checking '/home/nicola/OneDrive/Magistrale/AIRP/AIPR/ProgrammazionedeiRobot/EsercitazioneairpMio/ros_esercitazione/IIWA/install/iiwa_description/bin'
[0.798s] INFO:colcon.colcon_core.shell:Creating package script '/home/nicola/OneDrive/Magistrale/AIRP/AIPR/ProgrammazionedeiRobot/EsercitazioneairpMio/ros_esercitazione/IIWA/install/iiwa_description/share/iiwa_description/package.ps1'
[0.800s] INFO:colcon.colcon_core.shell:Creating package descriptor '/home/nicola/OneDrive/Magistrale/AIRP/AIPR/ProgrammazionedeiRobot/EsercitazioneairpMio/ros_esercitazione/IIWA/install/iiwa_description/share/iiwa_description/package.dsv'
[0.801s] INFO:colcon.colcon_core.shell:Creating package script '/home/nicola/OneDrive/Magistrale/AIRP/AIPR/ProgrammazionedeiRobot/EsercitazioneairpMio/ros_esercitazione/IIWA/install/iiwa_description/share/iiwa_description/package.sh'
[0.802s] INFO:colcon.colcon_core.shell:Creating package script '/home/nicola/OneDrive/Magistrale/AIRP/AIPR/ProgrammazionedeiRobot/EsercitazioneairpMio/ros_esercitazione/IIWA/install/iiwa_description/share/iiwa_description/package.bash'
[0.803s] INFO:colcon.colcon_core.shell:Creating package script '/home/nicola/OneDrive/Magistrale/AIRP/AIPR/ProgrammazionedeiRobot/EsercitazioneairpMio/ros_esercitazione/IIWA/install/iiwa_description/share/iiwa_description/package.zsh'
[0.807s] Level 1:colcon.colcon_core.environment:create_file_with_runtime_dependencies(/home/nicola/OneDrive/Magistrale/AIRP/AIPR/ProgrammazionedeiRobot/EsercitazioneairpMio/ros_esercitazione/IIWA/install/iiwa_description/share/colcon-core/packages/iiwa_description)
[0.811s] INFO:colcon.colcon_ros.task.ament_cmake.build:Building ROS package in '/home/nicola/OneDrive/Magistrale/AIRP/AIPR/ProgrammazionedeiRobot/EsercitazioneairpMio/ros_esercitazione/IIWA/src/iiwa_config_moveit_config' with build type 'ament_cmake'
[0.811s] INFO:colcon.colcon_cmake.task.cmake.build:Building CMake package in '/home/nicola/OneDrive/Magistrale/AIRP/AIPR/ProgrammazionedeiRobot/EsercitazioneairpMio/ros_esercitazione/IIWA/src/iiwa_config_moveit_config'
[0.812s] INFO:colcon.colcon_core.shell:Skip shell extension 'powershell' for command environment: Not usable outside of PowerShell
[0.812s] DEBUG:colcon.colcon_core.shell:Skip shell extension 'dsv' for command environment
[0.832s] DEBUG:colcon.colcon_core.event_handler.log_command:Invoked command in '/home/nicola/OneDrive/Magistrale/AIRP/AIPR/ProgrammazionedeiRobot/EsercitazioneairpMio/ros_esercitazione/IIWA/build/build_scene_package' returned '0': CMAKE_PREFIX_PATH=${CMAKE_PREFIX_PATH}:/opt/ros/jazzy DEBUGINFOD_URLS=https://debuginfod.ubuntu.com /usr/bin/cmake --build /home/nicola/OneDrive/Magistrale/AIRP/AIPR/ProgrammazionedeiRobot/EsercitazioneairpMio/ros_esercitazione/IIWA/build/build_scene_package -- -j8 -l8
[0.833s] DEBUG:colcon.colcon_core.event_handler.log_command:Invoking command in '/home/nicola/OneDrive/Magistrale/AIRP/AIPR/ProgrammazionedeiRobot/EsercitazioneairpMio/ros_esercitazione/IIWA/build/build_scene_package': CMAKE_PREFIX_PATH=${CMAKE_PREFIX_PATH}:/opt/ros/jazzy DEBUGINFOD_URLS=https://debuginfod.ubuntu.com /usr/bin/cmake --install /home/nicola/OneDrive/Magistrale/AIRP/AIPR/ProgrammazionedeiRobot/EsercitazioneairpMio/ros_esercitazione/IIWA/build/build_scene_package
[0.850s] DEBUG:colcon.colcon_core.event_handler.log_command:Invoking command in '/home/nicola/OneDrive/Magistrale/AIRP/AIPR/ProgrammazionedeiRobot/EsercitazioneairpMio/ros_esercitazione/IIWA/build/iiwa_config_moveit_config': AMENT_PREFIX_PATH=/home/nicola/OneDrive/Magistrale/AIRP/AIPR/ProgrammazionedeiRobot/EsercitazioneairpMio/ros_esercitazione/IIWA/install/iiwa_description:${AMENT_PREFIX_PATH} CMAKE_PREFIX_PATH=/home/nicola/OneDrive/Magistrale/AIRP/AIPR/ProgrammazionedeiRobot/EsercitazioneairpMio/ros_esercitazione/IIWA/install/iiwa_description:/home/nicola/Desktop/Esercitazione_airp/IIWA/install/nodes:/home/nicola/Desktop/Esercitazione_airp/IIWA/install/interfaces:/home/nicola/Desktop/Esercitazione_airp/IIWA/install/iiwa_config_moveit_config:/home/nicola/Desktop/Esercitazione_airp/IIWA/install/iiwa_config:/home/nicola/Desktop/Esercitazione_airp/IIWA/install/iiwa_description:/home/nicola/Desktop/Esercitazione_airp/IIWA/install/build_scene_package:/opt/ros/jazzy/opt/sdformat_vendor:/opt/ros/jazzy/opt/gz_math_vendor:/opt/ros/jazzy/opt/gz_utils_vendor:/opt/ros/jazzy/opt/gz_tools_vendor:/opt/ros/jazzy/opt/gz_cmake_vendor:/opt/ros/jazzy DEBUGINFOD_URLS=https://debuginfod.ubuntu.com /usr/bin/cmake --build /home/nicola/OneDrive/Magistrale/AIRP/AIPR/ProgrammazionedeiRobot/EsercitazioneairpMio/ros_esercitazione/IIWA/build/iiwa_config_moveit_config -- -j8 -l8
[0.886s] Level 1:colcon.colcon_core.environment:create_environment_scripts_only(build_scene_package)
[0.887s] Level 1:colcon.colcon_core.environment:checking '/home/nicola/OneDrive/Magistrale/AIRP/AIPR/ProgrammazionedeiRobot/EsercitazioneairpMio/ros_esercitazione/IIWA/install/build_scene_package' for CMake module files
[0.893s] Level 1:colcon.colcon_core.environment:checking '/home/nicola/OneDrive/Magistrale/AIRP/AIPR/ProgrammazionedeiRobot/EsercitazioneairpMio/ros_esercitazione/IIWA/install/build_scene_package' for CMake config files
[0.897s] Level 1:colcon.colcon_core.shell:create_environment_hook('build_scene_package', 'cmake_prefix_path')
[0.897s] INFO:colcon.colcon_core.shell:Creating environment hook '/home/nicola/OneDrive/Magistrale/AIRP/AIPR/ProgrammazionedeiRobot/EsercitazioneairpMio/ros_esercitazione/IIWA/install/build_scene_package/share/build_scene_package/hook/cmake_prefix_path.ps1'
[0.903s] INFO:colcon.colcon_core.shell:Creating environment descriptor '/home/nicola/OneDrive/Magistrale/AIRP/AIPR/ProgrammazionedeiRobot/EsercitazioneairpMio/ros_esercitazione/IIWA/install/build_scene_package/share/build_scene_package/hook/cmake_prefix_path.dsv'
[0.905s] DEBUG:colcon.colcon_core.event_handler.log_command:Invoked command in '/home/nicola/OneDrive/Magistrale/AIRP/AIPR/ProgrammazionedeiRobot/EsercitazioneairpMio/ros_esercitazione/IIWA/build/build_scene_package' returned '0': CMAKE_PREFIX_PATH=${CMAKE_PREFIX_PATH}:/opt/ros/jazzy DEBUGINFOD_URLS=https://debuginfod.ubuntu.com /usr/bin/cmake --install /home/nicola/OneDrive/Magistrale/AIRP/AIPR/ProgrammazionedeiRobot/EsercitazioneairpMio/ros_esercitazione/IIWA/build/build_scene_package
[0.906s] INFO:colcon.colcon_core.shell:Creating environment hook '/home/nicola/OneDrive/Magistrale/AIRP/AIPR/ProgrammazionedeiRobot/EsercitazioneairpMio/ros_esercitazione/IIWA/install/build_scene_package/share/build_scene_package/hook/cmake_prefix_path.sh'
[0.908s] Level 1:colcon.colcon_core.environment:checking '/home/nicola/OneDrive/Magistrale/AIRP/AIPR/ProgrammazionedeiRobot/EsercitazioneairpMio/ros_esercitazione/IIWA/install/build_scene_package/lib'
[0.908s] Level 1:colcon.colcon_core.environment:checking '/home/nicola/OneDrive/Magistrale/AIRP/AIPR/ProgrammazionedeiRobot/EsercitazioneairpMio/ros_esercitazione/IIWA/install/build_scene_package/bin'
[0.908s] Level 1:colcon.colcon_core.environment:checking '/home/nicola/OneDrive/Magistrale/AIRP/AIPR/ProgrammazionedeiRobot/EsercitazioneairpMio/ros_esercitazione/IIWA/install/build_scene_package/lib/pkgconfig/build_scene_package.pc'
[0.909s] Level 1:colcon.colcon_core.environment:checking '/home/nicola/OneDrive/Magistrale/AIRP/AIPR/ProgrammazionedeiRobot/EsercitazioneairpMio/ros_esercitazione/IIWA/install/build_scene_package/lib/python3.12/site-packages'
[0.910s] Level 1:colcon.colcon_core.environment:checking '/home/nicola/OneDrive/Magistrale/AIRP/AIPR/ProgrammazionedeiRobot/EsercitazioneairpMio/ros_esercitazione/IIWA/install/build_scene_package/bin'
[0.911s] INFO:colcon.colcon_core.shell:Creating package script '/home/nicola/OneDrive/Magistrale/AIRP/AIPR/ProgrammazionedeiRobot/EsercitazioneairpMio/ros_esercitazione/IIWA/install/build_scene_package/share/build_scene_package/package.ps1'
[0.914s] INFO:colcon.colcon_core.shell:Creating package descriptor '/home/nicola/OneDrive/Magistrale/AIRP/AIPR/ProgrammazionedeiRobot/EsercitazioneairpMio/ros_esercitazione/IIWA/install/build_scene_package/share/build_scene_package/package.dsv'
[0.915s] INFO:colcon.colcon_core.shell:Creating package script '/home/nicola/OneDrive/Magistrale/AIRP/AIPR/ProgrammazionedeiRobot/EsercitazioneairpMio/ros_esercitazione/IIWA/install/build_scene_package/share/build_scene_package/package.sh'
[0.916s] INFO:colcon.colcon_core.shell:Creating package script '/home/nicola/OneDrive/Magistrale/AIRP/AIPR/ProgrammazionedeiRobot/EsercitazioneairpMio/ros_esercitazione/IIWA/install/build_scene_package/share/build_scene_package/package.bash'
[0.917s] INFO:colcon.colcon_core.shell:Creating package script '/home/nicola/OneDrive/Magistrale/AIRP/AIPR/ProgrammazionedeiRobot/EsercitazioneairpMio/ros_esercitazione/IIWA/install/build_scene_package/share/build_scene_package/package.zsh'
[0.919s] Level 1:colcon.colcon_core.environment:create_file_with_runtime_dependencies(/home/nicola/OneDrive/Magistrale/AIRP/AIPR/ProgrammazionedeiRobot/EsercitazioneairpMio/ros_esercitazione/IIWA/install/build_scene_package/share/colcon-core/packages/build_scene_package)
[0.921s] Level 1:colcon.colcon_core.environment:create_environment_scripts_only(build_scene_package)
[0.922s] Level 1:colcon.colcon_core.environment:checking '/home/nicola/OneDrive/Magistrale/AIRP/AIPR/ProgrammazionedeiRobot/EsercitazioneairpMio/ros_esercitazione/IIWA/install/build_scene_package' for CMake module files
[0.924s] Level 1:colcon.colcon_core.environment:checking '/home/nicola/OneDrive/Magistrale/AIRP/AIPR/ProgrammazionedeiRobot/EsercitazioneairpMio/ros_esercitazione/IIWA/install/build_scene_package' for CMake config files
[0.925s] Level 1:colcon.colcon_core.shell:create_environment_hook('build_scene_package', 'cmake_prefix_path')
[0.926s] INFO:colcon.colcon_core.shell:Creating environment hook '/home/nicola/OneDrive/Magistrale/AIRP/AIPR/ProgrammazionedeiRobot/EsercitazioneairpMio/ros_esercitazione/IIWA/install/build_scene_package/share/build_scene_package/hook/cmake_prefix_path.ps1'
[0.927s] INFO:colcon.colcon_core.shell:Creating environment descriptor '/home/nicola/OneDrive/Magistrale/AIRP/AIPR/ProgrammazionedeiRobot/EsercitazioneairpMio/ros_esercitazione/IIWA/install/build_scene_package/share/build_scene_package/hook/cmake_prefix_path.dsv'
[0.928s] INFO:colcon.colcon_core.shell:Creating environment hook '/home/nicola/OneDrive/Magistrale/AIRP/AIPR/ProgrammazionedeiRobot/EsercitazioneairpMio/ros_esercitazione/IIWA/install/build_scene_package/share/build_scene_package/hook/cmake_prefix_path.sh'
[0.929s] Level 1:colcon.colcon_core.environment:checking '/home/nicola/OneDrive/Magistrale/AIRP/AIPR/ProgrammazionedeiRobot/EsercitazioneairpMio/ros_esercitazione/IIWA/install/build_scene_package/lib'
[0.930s] Level 1:colcon.colcon_core.environment:checking '/home/nicola/OneDrive/Magistrale/AIRP/AIPR/ProgrammazionedeiRobot/EsercitazioneairpMio/ros_esercitazione/IIWA/install/build_scene_package/bin'
[0.930s] Level 1:colcon.colcon_core.environment:checking '/home/nicola/OneDrive/Magistrale/AIRP/AIPR/ProgrammazionedeiRobot/EsercitazioneairpMio/ros_esercitazione/IIWA/install/build_scene_package/lib/pkgconfig/build_scene_package.pc'
[0.931s] Level 1:colcon.colcon_core.environment:checking '/home/nicola/OneDrive/Magistrale/AIRP/AIPR/ProgrammazionedeiRobot/EsercitazioneairpMio/ros_esercitazione/IIWA/install/build_scene_package/lib/python3.12/site-packages'
[0.931s] Level 1:colcon.colcon_core.environment:checking '/home/nicola/OneDrive/Magistrale/AIRP/AIPR/ProgrammazionedeiRobot/EsercitazioneairpMio/ros_esercitazione/IIWA/install/build_scene_package/bin'
[0.932s] INFO:colcon.colcon_core.shell:Creating package script '/home/nicola/OneDrive/Magistrale/AIRP/AIPR/ProgrammazionedeiRobot/EsercitazioneairpMio/ros_esercitazione/IIWA/install/build_scene_package/share/build_scene_package/package.ps1'
[0.934s] INFO:colcon.colcon_core.shell:Creating package descriptor '/home/nicola/OneDrive/Magistrale/AIRP/AIPR/ProgrammazionedeiRobot/EsercitazioneairpMio/ros_esercitazione/IIWA/install/build_scene_package/share/build_scene_package/package.dsv'
[0.935s] INFO:colcon.colcon_core.shell:Creating package script '/home/nicola/OneDrive/Magistrale/AIRP/AIPR/ProgrammazionedeiRobot/EsercitazioneairpMio/ros_esercitazione/IIWA/install/build_scene_package/share/build_scene_package/package.sh'
[0.936s] INFO:colcon.colcon_core.shell:Creating package script '/home/nicola/OneDrive/Magistrale/AIRP/AIPR/ProgrammazionedeiRobot/EsercitazioneairpMio/ros_esercitazione/IIWA/install/build_scene_package/share/build_scene_package/package.bash'
[0.938s] INFO:colcon.colcon_core.shell:Creating package script '/home/nicola/OneDrive/Magistrale/AIRP/AIPR/ProgrammazionedeiRobot/EsercitazioneairpMio/ros_esercitazione/IIWA/install/build_scene_package/share/build_scene_package/package.zsh'
[0.940s] Level 1:colcon.colcon_core.environment:create_file_with_runtime_dependencies(/home/nicola/OneDrive/Magistrale/AIRP/AIPR/ProgrammazionedeiRobot/EsercitazioneairpMio/ros_esercitazione/IIWA/install/build_scene_package/share/colcon-core/packages/build_scene_package)
[0.963s] DEBUG:colcon.colcon_core.event_handler.log_command:Invoked command in '/home/nicola/OneDrive/Magistrale/AIRP/AIPR/ProgrammazionedeiRobot/EsercitazioneairpMio/ros_esercitazione/IIWA/build/iiwa_config_moveit_config' returned '0': AMENT_PREFIX_PATH=/home/nicola/OneDrive/Magistrale/AIRP/AIPR/ProgrammazionedeiRobot/EsercitazioneairpMio/ros_esercitazione/IIWA/install/iiwa_description:${AMENT_PREFIX_PATH} CMAKE_PREFIX_PATH=/home/nicola/OneDrive/Magistrale/AIRP/AIPR/ProgrammazionedeiRobot/EsercitazioneairpMio/ros_esercitazione/IIWA/install/iiwa_description:/home/nicola/Desktop/Esercitazione_airp/IIWA/install/nodes:/home/nicola/Desktop/Esercitazione_airp/IIWA/install/interfaces:/home/nicola/Desktop/Esercitazione_airp/IIWA/install/iiwa_config_moveit_config:/home/nicola/Desktop/Esercitazione_airp/IIWA/install/iiwa_config:/home/nicola/Desktop/Esercitazione_airp/IIWA/install/iiwa_description:/home/nicola/Desktop/Esercitazione_airp/IIWA/install/build_scene_package:/opt/ros/jazzy/opt/sdformat_vendor:/opt/ros/jazzy/opt/gz_math_vendor:/opt/ros/jazzy/opt/gz_utils_vendor:/opt/ros/jazzy/opt/gz_tools_vendor:/opt/ros/jazzy/opt/gz_cmake_vendor:/opt/ros/jazzy DEBUGINFOD_URLS=https://debuginfod.ubuntu.com /usr/bin/cmake --build /home/nicola/OneDrive/Magistrale/AIRP/AIPR/ProgrammazionedeiRobot/EsercitazioneairpMio/ros_esercitazione/IIWA/build/iiwa_config_moveit_config -- -j8 -l8
[0.966s] DEBUG:colcon.colcon_core.event_handler.log_command:Invoking command in '/home/nicola/OneDrive/Magistrale/AIRP/AIPR/ProgrammazionedeiRobot/EsercitazioneairpMio/ros_esercitazione/IIWA/build/iiwa_config_moveit_config': AMENT_PREFIX_PATH=/home/nicola/OneDrive/Magistrale/AIRP/AIPR/ProgrammazionedeiRobot/EsercitazioneairpMio/ros_esercitazione/IIWA/install/iiwa_description:${AMENT_PREFIX_PATH} CMAKE_PREFIX_PATH=/home/nicola/OneDrive/Magistrale/AIRP/AIPR/ProgrammazionedeiRobot/EsercitazioneairpMio/ros_esercitazione/IIWA/install/iiwa_description:/home/nicola/Desktop/Esercitazione_airp/IIWA/install/nodes:/home/nicola/Desktop/Esercitazione_airp/IIWA/install/interfaces:/home/nicola/Desktop/Esercitazione_airp/IIWA/install/iiwa_config_moveit_config:/home/nicola/Desktop/Esercitazione_airp/IIWA/install/iiwa_config:/home/nicola/Desktop/Esercitazione_airp/IIWA/install/iiwa_description:/home/nicola/Desktop/Esercitazione_airp/IIWA/install/build_scene_package:/opt/ros/jazzy/opt/sdformat_vendor:/opt/ros/jazzy/opt/gz_math_vendor:/opt/ros/jazzy/opt/gz_utils_vendor:/opt/ros/jazzy/opt/gz_tools_vendor:/opt/ros/jazzy/opt/gz_cmake_vendor:/opt/ros/jazzy DEBUGINFOD_URLS=https://debuginfod.ubuntu.com /usr/bin/cmake --install /home/nicola/OneDrive/Magistrale/AIRP/AIPR/ProgrammazionedeiRobot/EsercitazioneairpMio/ros_esercitazione/IIWA/build/iiwa_config_moveit_config
[0.998s] Level 1:colcon.colcon_core.environment:create_environment_scripts_only(iiwa_config_moveit_config)
[0.998s] Level 1:colcon.colcon_core.environment:checking '/home/nicola/OneDrive/Magistrale/AIRP/AIPR/ProgrammazionedeiRobot/EsercitazioneairpMio/ros_esercitazione/IIWA/install/iiwa_config_moveit_config' for CMake module files
[1.001s] Level 1:colcon.colcon_core.environment:checking '/home/nicola/OneDrive/Magistrale/AIRP/AIPR/ProgrammazionedeiRobot/EsercitazioneairpMio/ros_esercitazione/IIWA/install/iiwa_config_moveit_config' for CMake config files
[1.013s] DEBUG:colcon.colcon_core.event_handler.log_command:Invoked command in '/home/nicola/OneDrive/Magistrale/AIRP/AIPR/ProgrammazionedeiRobot/EsercitazioneairpMio/ros_esercitazione/IIWA/build/iiwa_config_moveit_config' returned '0': AMENT_PREFIX_PATH=/home/nicola/OneDrive/Magistrale/AIRP/AIPR/ProgrammazionedeiRobot/EsercitazioneairpMio/ros_esercitazione/IIWA/install/iiwa_description:${AMENT_PREFIX_PATH} CMAKE_PREFIX_PATH=/home/nicola/OneDrive/Magistrale/AIRP/AIPR/ProgrammazionedeiRobot/EsercitazioneairpMio/ros_esercitazione/IIWA/install/iiwa_description:/home/nicola/Desktop/Esercitazione_airp/IIWA/install/nodes:/home/nicola/Desktop/Esercitazione_airp/IIWA/install/interfaces:/home/nicola/Desktop/Esercitazione_airp/IIWA/install/iiwa_config_moveit_config:/home/nicola/Desktop/Esercitazione_airp/IIWA/install/iiwa_config:/home/nicola/Desktop/Esercitazione_airp/IIWA/install/iiwa_description:/home/nicola/Desktop/Esercitazione_airp/IIWA/install/build_scene_package:/opt/ros/jazzy/opt/sdformat_vendor:/opt/ros/jazzy/opt/gz_math_vendor:/opt/ros/jazzy/opt/gz_utils_vendor:/opt/ros/jazzy/opt/gz_tools_vendor:/opt/ros/jazzy/opt/gz_cmake_vendor:/opt/ros/jazzy DEBUGINFOD_URLS=https://debuginfod.ubuntu.com /usr/bin/cmake --install /home/nicola/OneDrive/Magistrale/AIRP/AIPR/ProgrammazionedeiRobot/EsercitazioneairpMio/ros_esercitazione/IIWA/build/iiwa_config_moveit_config
[1.014s] Level 1:colcon.colcon_core.shell:create_environment_hook('iiwa_config_moveit_config', 'cmake_prefix_path')
[1.014s] INFO:colcon.colcon_core.shell:Creating environment hook '/home/nicola/OneDrive/Magistrale/AIRP/AIPR/ProgrammazionedeiRobot/EsercitazioneairpMio/ros_esercitazione/IIWA/install/iiwa_config_moveit_config/share/iiwa_config_moveit_config/hook/cmake_prefix_path.ps1'
[1.016s] INFO:colcon.colcon_core.shell:Creating environment descriptor '/home/nicola/OneDrive/Magistrale/AIRP/AIPR/ProgrammazionedeiRobot/EsercitazioneairpMio/ros_esercitazione/IIWA/install/iiwa_config_moveit_config/share/iiwa_config_moveit_config/hook/cmake_prefix_path.dsv'
[1.017s] INFO:colcon.colcon_core.shell:Creating environment hook '/home/nicola/OneDrive/Magistrale/AIRP/AIPR/ProgrammazionedeiRobot/EsercitazioneairpMio/ros_esercitazione/IIWA/install/iiwa_config_moveit_config/share/iiwa_config_moveit_config/hook/cmake_prefix_path.sh'
[1.019s] Level 1:colcon.colcon_core.environment:checking '/home/nicola/OneDrive/Magistrale/AIRP/AIPR/ProgrammazionedeiRobot/EsercitazioneairpMio/ros_esercitazione/IIWA/install/iiwa_config_moveit_config/bin'
[1.019s] Level 1:colcon.colcon_core.environment:checking '/home/nicola/OneDrive/Magistrale/AIRP/AIPR/ProgrammazionedeiRobot/EsercitazioneairpMio/ros_esercitazione/IIWA/install/iiwa_config_moveit_config/lib/pkgconfig/iiwa_config_moveit_config.pc'
[1.020s] Level 1:colcon.colcon_core.environment:checking '/home/nicola/OneDrive/Magistrale/AIRP/AIPR/ProgrammazionedeiRobot/EsercitazioneairpMio/ros_esercitazione/IIWA/install/iiwa_config_moveit_config/lib/python3.12/site-packages'
[1.020s] Level 1:colcon.colcon_core.environment:checking '/home/nicola/OneDrive/Magistrale/AIRP/AIPR/ProgrammazionedeiRobot/EsercitazioneairpMio/ros_esercitazione/IIWA/install/iiwa_config_moveit_config/bin'
[1.021s] INFO:colcon.colcon_core.shell:Creating package script '/home/nicola/OneDrive/Magistrale/AIRP/AIPR/ProgrammazionedeiRobot/EsercitazioneairpMio/ros_esercitazione/IIWA/install/iiwa_config_moveit_config/share/iiwa_config_moveit_config/package.ps1'
[1.022s] INFO:colcon.colcon_core.shell:Creating package descriptor '/home/nicola/OneDrive/Magistrale/AIRP/AIPR/ProgrammazionedeiRobot/EsercitazioneairpMio/ros_esercitazione/IIWA/install/iiwa_config_moveit_config/share/iiwa_config_moveit_config/package.dsv'
[1.023s] INFO:colcon.colcon_core.shell:Creating package script '/home/nicola/OneDrive/Magistrale/AIRP/AIPR/ProgrammazionedeiRobot/EsercitazioneairpMio/ros_esercitazione/IIWA/install/iiwa_config_moveit_config/share/iiwa_config_moveit_config/package.sh'
[1.025s] INFO:colcon.colcon_core.shell:Creating package script '/home/nicola/OneDrive/Magistrale/AIRP/AIPR/ProgrammazionedeiRobot/EsercitazioneairpMio/ros_esercitazione/IIWA/install/iiwa_config_moveit_config/share/iiwa_config_moveit_config/package.bash'
[1.026s] INFO:colcon.colcon_core.shell:Creating package script '/home/nicola/OneDrive/Magistrale/AIRP/AIPR/ProgrammazionedeiRobot/EsercitazioneairpMio/ros_esercitazione/IIWA/install/iiwa_config_moveit_config/share/iiwa_config_moveit_config/package.zsh'
[1.027s] Level 1:colcon.colcon_core.environment:create_file_with_runtime_dependencies(/home/nicola/OneDrive/Magistrale/AIRP/AIPR/ProgrammazionedeiRobot/EsercitazioneairpMio/ros_esercitazione/IIWA/install/iiwa_config_moveit_config/share/colcon-core/packages/iiwa_config_moveit_config)
[1.028s] Level 1:colcon.colcon_core.environment:create_environment_scripts_only(iiwa_config_moveit_config)
[1.028s] Level 1:colcon.colcon_core.environment:checking '/home/nicola/OneDrive/Magistrale/AIRP/AIPR/ProgrammazionedeiRobot/EsercitazioneairpMio/ros_esercitazione/IIWA/install/iiwa_config_moveit_config' for CMake module files
[1.030s] Level 1:colcon.colcon_core.environment:checking '/home/nicola/OneDrive/Magistrale/AIRP/AIPR/ProgrammazionedeiRobot/EsercitazioneairpMio/ros_esercitazione/IIWA/install/iiwa_config_moveit_config' for CMake config files
[1.031s] Level 1:colcon.colcon_core.shell:create_environment_hook('iiwa_config_moveit_config', 'cmake_prefix_path')
[1.032s] INFO:colcon.colcon_core.shell:Creating environment hook '/home/nicola/OneDrive/Magistrale/AIRP/AIPR/ProgrammazionedeiRobot/EsercitazioneairpMio/ros_esercitazione/IIWA/install/iiwa_config_moveit_config/share/iiwa_config_moveit_config/hook/cmake_prefix_path.ps1'
[1.033s] INFO:colcon.colcon_core.shell:Creating environment descriptor '/home/nicola/OneDrive/Magistrale/AIRP/AIPR/ProgrammazionedeiRobot/EsercitazioneairpMio/ros_esercitazione/IIWA/install/iiwa_config_moveit_config/share/iiwa_config_moveit_config/hook/cmake_prefix_path.dsv'
[1.034s] INFO:colcon.colcon_core.shell:Creating environment hook '/home/nicola/OneDrive/Magistrale/AIRP/AIPR/ProgrammazionedeiRobot/EsercitazioneairpMio/ros_esercitazione/IIWA/install/iiwa_config_moveit_config/share/iiwa_config_moveit_config/hook/cmake_prefix_path.sh'
[1.036s] Level 1:colcon.colcon_core.environment:checking '/home/nicola/OneDrive/Magistrale/AIRP/AIPR/ProgrammazionedeiRobot/EsercitazioneairpMio/ros_esercitazione/IIWA/install/iiwa_config_moveit_config/bin'
[1.037s] Level 1:colcon.colcon_core.environment:checking '/home/nicola/OneDrive/Magistrale/AIRP/AIPR/ProgrammazionedeiRobot/EsercitazioneairpMio/ros_esercitazione/IIWA/install/iiwa_config_moveit_config/lib/pkgconfig/iiwa_config_moveit_config.pc'
[1.037s] Level 1:colcon.colcon_core.environment:checking '/home/nicola/OneDrive/Magistrale/AIRP/AIPR/ProgrammazionedeiRobot/EsercitazioneairpMio/ros_esercitazione/IIWA/install/iiwa_config_moveit_config/lib/python3.12/site-packages'
[1.038s] Level 1:colcon.colcon_core.environment:checking '/home/nicola/OneDrive/Magistrale/AIRP/AIPR/ProgrammazionedeiRobot/EsercitazioneairpMio/ros_esercitazione/IIWA/install/iiwa_config_moveit_config/bin'
[1.038s] INFO:colcon.colcon_core.shell:Creating package script '/home/nicola/OneDrive/Magistrale/AIRP/AIPR/ProgrammazionedeiRobot/EsercitazioneairpMio/ros_esercitazione/IIWA/install/iiwa_config_moveit_config/share/iiwa_config_moveit_config/package.ps1'
[1.040s] INFO:colcon.colcon_core.shell:Creating package descriptor '/home/nicola/OneDrive/Magistrale/AIRP/AIPR/ProgrammazionedeiRobot/EsercitazioneairpMio/ros_esercitazione/IIWA/install/iiwa_config_moveit_config/share/iiwa_config_moveit_config/package.dsv'
[1.041s] INFO:colcon.colcon_core.shell:Creating package script '/home/nicola/OneDrive/Magistrale/AIRP/AIPR/ProgrammazionedeiRobot/EsercitazioneairpMio/ros_esercitazione/IIWA/install/iiwa_config_moveit_config/share/iiwa_config_moveit_config/package.sh'
[1.043s] INFO:colcon.colcon_core.shell:Creating package script '/home/nicola/OneDrive/Magistrale/AIRP/AIPR/ProgrammazionedeiRobot/EsercitazioneairpMio/ros_esercitazione/IIWA/install/iiwa_config_moveit_config/share/iiwa_config_moveit_config/package.bash'
[1.045s] INFO:colcon.colcon_core.shell:Creating package script '/home/nicola/OneDrive/Magistrale/AIRP/AIPR/ProgrammazionedeiRobot/EsercitazioneairpMio/ros_esercitazione/IIWA/install/iiwa_config_moveit_config/share/iiwa_config_moveit_config/package.zsh'
[1.046s] Level 1:colcon.colcon_core.environment:create_file_with_runtime_dependencies(/home/nicola/OneDrive/Magistrale/AIRP/AIPR/ProgrammazionedeiRobot/EsercitazioneairpMio/ros_esercitazione/IIWA/install/iiwa_config_moveit_config/share/colcon-core/packages/iiwa_config_moveit_config)
[1.643s] DEBUG:colcon.colcon_core.event_handler.log_command:Invoked command in '/home/nicola/OneDrive/Magistrale/AIRP/AIPR/ProgrammazionedeiRobot/EsercitazioneairpMio/ros_esercitazione/IIWA/build/interfaces' returned '0': CMAKE_PREFIX_PATH=${CMAKE_PREFIX_PATH}:/opt/ros/jazzy DEBUGINFOD_URLS=https://debuginfod.ubuntu.com /usr/bin/cmake --build /home/nicola/OneDrive/Magistrale/AIRP/AIPR/ProgrammazionedeiRobot/EsercitazioneairpMio/ros_esercitazione/IIWA/build/interfaces -- -j8 -l8
[1.646s] DEBUG:colcon.colcon_core.event_handler.log_command:Invoking command in '/home/nicola/OneDrive/Magistrale/AIRP/AIPR/ProgrammazionedeiRobot/EsercitazioneairpMio/ros_esercitazione/IIWA/build/interfaces': CMAKE_PREFIX_PATH=${CMAKE_PREFIX_PATH}:/opt/ros/jazzy DEBUGINFOD_URLS=https://debuginfod.ubuntu.com /usr/bin/cmake --install /home/nicola/OneDrive/Magistrale/AIRP/AIPR/ProgrammazionedeiRobot/EsercitazioneairpMio/ros_esercitazione/IIWA/build/interfaces
[1.773s] Level 1:colcon.colcon_core.environment:create_environment_scripts_only(interfaces)
[1.774s] Level 1:colcon.colcon_core.environment:checking '/home/nicola/OneDrive/Magistrale/AIRP/AIPR/ProgrammazionedeiRobot/EsercitazioneairpMio/ros_esercitazione/IIWA/install/interfaces' for CMake module files
[1.775s] DEBUG:colcon.colcon_core.event_handler.log_command:Invoked command in '/home/nicola/OneDrive/Magistrale/AIRP/AIPR/ProgrammazionedeiRobot/EsercitazioneairpMio/ros_esercitazione/IIWA/build/interfaces' returned '0': CMAKE_PREFIX_PATH=${CMAKE_PREFIX_PATH}:/opt/ros/jazzy DEBUGINFOD_URLS=https://debuginfod.ubuntu.com /usr/bin/cmake --install /home/nicola/OneDrive/Magistrale/AIRP/AIPR/ProgrammazionedeiRobot/EsercitazioneairpMio/ros_esercitazione/IIWA/build/interfaces
[1.776s] Level 1:colcon.colcon_core.environment:checking '/home/nicola/OneDrive/Magistrale/AIRP/AIPR/ProgrammazionedeiRobot/EsercitazioneairpMio/ros_esercitazione/IIWA/install/interfaces' for CMake config files
[1.776s] Level 1:colcon.colcon_core.shell:create_environment_hook('interfaces', 'cmake_prefix_path')
[1.777s] INFO:colcon.colcon_core.shell:Creating environment hook '/home/nicola/OneDrive/Magistrale/AIRP/AIPR/ProgrammazionedeiRobot/EsercitazioneairpMio/ros_esercitazione/IIWA/install/interfaces/share/interfaces/hook/cmake_prefix_path.ps1'
[1.778s] INFO:colcon.colcon_core.shell:Creating environment descriptor '/home/nicola/OneDrive/Magistrale/AIRP/AIPR/ProgrammazionedeiRobot/EsercitazioneairpMio/ros_esercitazione/IIWA/install/interfaces/share/interfaces/hook/cmake_prefix_path.dsv'
[1.778s] INFO:colcon.colcon_core.shell:Creating environment hook '/home/nicola/OneDrive/Magistrale/AIRP/AIPR/ProgrammazionedeiRobot/EsercitazioneairpMio/ros_esercitazione/IIWA/install/interfaces/share/interfaces/hook/cmake_prefix_path.sh'
[1.780s] Level 1:colcon.colcon_core.environment:checking '/home/nicola/OneDrive/Magistrale/AIRP/AIPR/ProgrammazionedeiRobot/EsercitazioneairpMio/ros_esercitazione/IIWA/install/interfaces/lib'
[1.780s] Level 1:colcon.colcon_core.shell:create_environment_hook('interfaces', 'ld_library_path_lib')
[1.780s] INFO:colcon.colcon_core.shell:Creating environment hook '/home/nicola/OneDrive/Magistrale/AIRP/AIPR/ProgrammazionedeiRobot/EsercitazioneairpMio/ros_esercitazione/IIWA/install/interfaces/share/interfaces/hook/ld_library_path_lib.ps1'
[1.781s] INFO:colcon.colcon_core.shell:Creating environment descriptor '/home/nicola/OneDrive/Magistrale/AIRP/AIPR/ProgrammazionedeiRobot/EsercitazioneairpMio/ros_esercitazione/IIWA/install/interfaces/share/interfaces/hook/ld_library_path_lib.dsv'
[1.781s] INFO:colcon.colcon_core.shell:Creating environment hook '/home/nicola/OneDrive/Magistrale/AIRP/AIPR/ProgrammazionedeiRobot/EsercitazioneairpMio/ros_esercitazione/IIWA/install/interfaces/share/interfaces/hook/ld_library_path_lib.sh'
[1.782s] Level 1:colcon.colcon_core.environment:checking '/home/nicola/OneDrive/Magistrale/AIRP/AIPR/ProgrammazionedeiRobot/EsercitazioneairpMio/ros_esercitazione/IIWA/install/interfaces/bin'
[1.782s] Level 1:colcon.colcon_core.environment:checking '/home/nicola/OneDrive/Magistrale/AIRP/AIPR/ProgrammazionedeiRobot/EsercitazioneairpMio/ros_esercitazione/IIWA/install/interfaces/lib/pkgconfig/interfaces.pc'
[1.783s] Level 1:colcon.colcon_core.environment:checking '/home/nicola/OneDrive/Magistrale/AIRP/AIPR/ProgrammazionedeiRobot/EsercitazioneairpMio/ros_esercitazione/IIWA/install/interfaces/lib/python3.12/site-packages'
[1.783s] Level 1:colcon.colcon_core.shell:create_environment_hook('interfaces', 'pythonpath')
[1.784s] INFO:colcon.colcon_core.shell:Creating environment hook '/home/nicola/OneDrive/Magistrale/AIRP/AIPR/ProgrammazionedeiRobot/EsercitazioneairpMio/ros_esercitazione/IIWA/install/interfaces/share/interfaces/hook/pythonpath.ps1'
[1.785s] INFO:colcon.colcon_core.shell:Creating environment descriptor '/home/nicola/OneDrive/Magistrale/AIRP/AIPR/ProgrammazionedeiRobot/EsercitazioneairpMio/ros_esercitazione/IIWA/install/interfaces/share/interfaces/hook/pythonpath.dsv'
[1.786s] INFO:colcon.colcon_core.shell:Creating environment hook '/home/nicola/OneDrive/Magistrale/AIRP/AIPR/ProgrammazionedeiRobot/EsercitazioneairpMio/ros_esercitazione/IIWA/install/interfaces/share/interfaces/hook/pythonpath.sh'
[1.787s] Level 1:colcon.colcon_core.environment:checking '/home/nicola/OneDrive/Magistrale/AIRP/AIPR/ProgrammazionedeiRobot/EsercitazioneairpMio/ros_esercitazione/IIWA/install/interfaces/bin'
[1.788s] INFO:colcon.colcon_core.shell:Creating package script '/home/nicola/OneDrive/Magistrale/AIRP/AIPR/ProgrammazionedeiRobot/EsercitazioneairpMio/ros_esercitazione/IIWA/install/interfaces/share/interfaces/package.ps1'
[1.790s] INFO:colcon.colcon_core.shell:Creating package descriptor '/home/nicola/OneDrive/Magistrale/AIRP/AIPR/ProgrammazionedeiRobot/EsercitazioneairpMio/ros_esercitazione/IIWA/install/interfaces/share/interfaces/package.dsv'
[1.791s] INFO:colcon.colcon_core.shell:Creating package script '/home/nicola/OneDrive/Magistrale/AIRP/AIPR/ProgrammazionedeiRobot/EsercitazioneairpMio/ros_esercitazione/IIWA/install/interfaces/share/interfaces/package.sh'
[1.792s] INFO:colcon.colcon_core.shell:Creating package script '/home/nicola/OneDrive/Magistrale/AIRP/AIPR/ProgrammazionedeiRobot/EsercitazioneairpMio/ros_esercitazione/IIWA/install/interfaces/share/interfaces/package.bash'
[1.793s] INFO:colcon.colcon_core.shell:Creating package script '/home/nicola/OneDrive/Magistrale/AIRP/AIPR/ProgrammazionedeiRobot/EsercitazioneairpMio/ros_esercitazione/IIWA/install/interfaces/share/interfaces/package.zsh'
[1.794s] Level 1:colcon.colcon_core.environment:create_file_with_runtime_dependencies(/home/nicola/OneDrive/Magistrale/AIRP/AIPR/ProgrammazionedeiRobot/EsercitazioneairpMio/ros_esercitazione/IIWA/install/interfaces/share/colcon-core/packages/interfaces)
[1.795s] Level 1:colcon.colcon_core.environment:create_environment_scripts_only(interfaces)
[1.796s] Level 1:colcon.colcon_core.environment:checking '/home/nicola/OneDrive/Magistrale/AIRP/AIPR/ProgrammazionedeiRobot/EsercitazioneairpMio/ros_esercitazione/IIWA/install/interfaces' for CMake module files
[1.798s] Level 1:colcon.colcon_core.environment:checking '/home/nicola/OneDrive/Magistrale/AIRP/AIPR/ProgrammazionedeiRobot/EsercitazioneairpMio/ros_esercitazione/IIWA/install/interfaces' for CMake config files
[1.799s] Level 1:colcon.colcon_core.shell:create_environment_hook('interfaces', 'cmake_prefix_path')
[1.800s] INFO:colcon.colcon_core.shell:Creating environment hook '/home/nicola/OneDrive/Magistrale/AIRP/AIPR/ProgrammazionedeiRobot/EsercitazioneairpMio/ros_esercitazione/IIWA/install/interfaces/share/interfaces/hook/cmake_prefix_path.ps1'
[1.801s] INFO:colcon.colcon_core.shell:Creating environment descriptor '/home/nicola/OneDrive/Magistrale/AIRP/AIPR/ProgrammazionedeiRobot/EsercitazioneairpMio/ros_esercitazione/IIWA/install/interfaces/share/interfaces/hook/cmake_prefix_path.dsv'
[1.802s] INFO:colcon.colcon_core.shell:Creating environment hook '/home/nicola/OneDrive/Magistrale/AIRP/AIPR/ProgrammazionedeiRobot/EsercitazioneairpMio/ros_esercitazione/IIWA/install/interfaces/share/interfaces/hook/cmake_prefix_path.sh'
[1.803s] Level 1:colcon.colcon_core.environment:checking '/home/nicola/OneDrive/Magistrale/AIRP/AIPR/ProgrammazionedeiRobot/EsercitazioneairpMio/ros_esercitazione/IIWA/install/interfaces/lib'
[1.804s] Level 1:colcon.colcon_core.shell:create_environment_hook('interfaces', 'ld_library_path_lib')
[1.804s] INFO:colcon.colcon_core.shell:Creating environment hook '/home/nicola/OneDrive/Magistrale/AIRP/AIPR/ProgrammazionedeiRobot/EsercitazioneairpMio/ros_esercitazione/IIWA/install/interfaces/share/interfaces/hook/ld_library_path_lib.ps1'
[1.805s] INFO:colcon.colcon_core.shell:Creating environment descriptor '/home/nicola/OneDrive/Magistrale/AIRP/AIPR/ProgrammazionedeiRobot/EsercitazioneairpMio/ros_esercitazione/IIWA/install/interfaces/share/interfaces/hook/ld_library_path_lib.dsv'
[1.806s] INFO:colcon.colcon_core.shell:Creating environment hook '/home/nicola/OneDrive/Magistrale/AIRP/AIPR/ProgrammazionedeiRobot/EsercitazioneairpMio/ros_esercitazione/IIWA/install/interfaces/share/interfaces/hook/ld_library_path_lib.sh'
[1.807s] Level 1:colcon.colcon_core.environment:checking '/home/nicola/OneDrive/Magistrale/AIRP/AIPR/ProgrammazionedeiRobot/EsercitazioneairpMio/ros_esercitazione/IIWA/install/interfaces/bin'
[1.807s] Level 1:colcon.colcon_core.environment:checking '/home/nicola/OneDrive/Magistrale/AIRP/AIPR/ProgrammazionedeiRobot/EsercitazioneairpMio/ros_esercitazione/IIWA/install/interfaces/lib/pkgconfig/interfaces.pc'
[1.808s] Level 1:colcon.colcon_core.environment:checking '/home/nicola/OneDrive/Magistrale/AIRP/AIPR/ProgrammazionedeiRobot/EsercitazioneairpMio/ros_esercitazione/IIWA/install/interfaces/lib/python3.12/site-packages'
[1.808s] Level 1:colcon.colcon_core.shell:create_environment_hook('interfaces', 'pythonpath')
[1.808s] INFO:colcon.colcon_core.shell:Creating environment hook '/home/nicola/OneDrive/Magistrale/AIRP/AIPR/ProgrammazionedeiRobot/EsercitazioneairpMio/ros_esercitazione/IIWA/install/interfaces/share/interfaces/hook/pythonpath.ps1'
[1.809s] INFO:colcon.colcon_core.shell:Creating environment descriptor '/home/nicola/OneDrive/Magistrale/AIRP/AIPR/ProgrammazionedeiRobot/EsercitazioneairpMio/ros_esercitazione/IIWA/install/interfaces/share/interfaces/hook/pythonpath.dsv'
[1.810s] INFO:colcon.colcon_core.shell:Creating environment hook '/home/nicola/OneDrive/Magistrale/AIRP/AIPR/ProgrammazionedeiRobot/EsercitazioneairpMio/ros_esercitazione/IIWA/install/interfaces/share/interfaces/hook/pythonpath.sh'
[1.812s] Level 1:colcon.colcon_core.environment:checking '/home/nicola/OneDrive/Magistrale/AIRP/AIPR/ProgrammazionedeiRobot/EsercitazioneairpMio/ros_esercitazione/IIWA/install/interfaces/bin'
[1.812s] INFO:colcon.colcon_core.shell:Creating package script '/home/nicola/OneDrive/Magistrale/AIRP/AIPR/ProgrammazionedeiRobot/EsercitazioneairpMio/ros_esercitazione/IIWA/install/interfaces/share/interfaces/package.ps1'
[1.814s] INFO:colcon.colcon_core.shell:Creating package descriptor '/home/nicola/OneDrive/Magistrale/AIRP/AIPR/ProgrammazionedeiRobot/EsercitazioneairpMio/ros_esercitazione/IIWA/install/interfaces/share/interfaces/package.dsv'
[1.816s] INFO:colcon.colcon_core.shell:Creating package script '/home/nicola/OneDrive/Magistrale/AIRP/AIPR/ProgrammazionedeiRobot/EsercitazioneairpMio/ros_esercitazione/IIWA/install/interfaces/share/interfaces/package.sh'
[1.817s] INFO:colcon.colcon_core.shell:Creating package script '/home/nicola/OneDrive/Magistrale/AIRP/AIPR/ProgrammazionedeiRobot/EsercitazioneairpMio/ros_esercitazione/IIWA/install/interfaces/share/interfaces/package.bash'
[1.818s] INFO:colcon.colcon_core.shell:Creating package script '/home/nicola/OneDrive/Magistrale/AIRP/AIPR/ProgrammazionedeiRobot/EsercitazioneairpMio/ros_esercitazione/IIWA/install/interfaces/share/interfaces/package.zsh'
[1.819s] Level 1:colcon.colcon_core.environment:create_file_with_runtime_dependencies(/home/nicola/OneDrive/Magistrale/AIRP/AIPR/ProgrammazionedeiRobot/EsercitazioneairpMio/ros_esercitazione/IIWA/install/interfaces/share/colcon-core/packages/interfaces)
[1.820s] INFO:colcon.colcon_ros.task.ament_cmake.build:Building ROS package in '/home/nicola/OneDrive/Magistrale/AIRP/AIPR/ProgrammazionedeiRobot/EsercitazioneairpMio/ros_esercitazione/IIWA/src/nodes' with build type 'ament_cmake'
[1.820s] INFO:colcon.colcon_cmake.task.cmake.build:Building CMake package in '/home/nicola/OneDrive/Magistrale/AIRP/AIPR/ProgrammazionedeiRobot/EsercitazioneairpMio/ros_esercitazione/IIWA/src/nodes'
[1.820s] INFO:colcon.colcon_core.shell:Skip shell extension 'powershell' for command environment: Not usable outside of PowerShell
[1.821s] DEBUG:colcon.colcon_core.shell:Skip shell extension 'dsv' for command environment
[1.842s] DEBUG:colcon.colcon_core.event_handler.log_command:Invoking command in '/home/nicola/OneDrive/Magistrale/AIRP/AIPR/ProgrammazionedeiRobot/EsercitazioneairpMio/ros_esercitazione/IIWA/build/nodes': AMENT_PREFIX_PATH=/home/nicola/OneDrive/Magistrale/AIRP/AIPR/ProgrammazionedeiRobot/EsercitazioneairpMio/ros_esercitazione/IIWA/install/interfaces:${AMENT_PREFIX_PATH} CMAKE_PREFIX_PATH=/home/nicola/OneDrive/Magistrale/AIRP/AIPR/ProgrammazionedeiRobot/EsercitazioneairpMio/ros_esercitazione/IIWA/install/interfaces:/home/nicola/Desktop/Esercitazione_airp/IIWA/install/nodes:/home/nicola/Desktop/Esercitazione_airp/IIWA/install/interfaces:/home/nicola/Desktop/Esercitazione_airp/IIWA/install/iiwa_config_moveit_config:/home/nicola/Desktop/Esercitazione_airp/IIWA/install/iiwa_config:/home/nicola/Desktop/Esercitazione_airp/IIWA/install/iiwa_description:/home/nicola/Desktop/Esercitazione_airp/IIWA/install/build_scene_package:/opt/ros/jazzy/opt/sdformat_vendor:/opt/ros/jazzy/opt/gz_math_vendor:/opt/ros/jazzy/opt/gz_utils_vendor:/opt/ros/jazzy/opt/gz_tools_vendor:/opt/ros/jazzy/opt/gz_cmake_vendor:/opt/ros/jazzy DEBUGINFOD_URLS=https://debuginfod.ubuntu.com LD_LIBRARY_PATH=/home/nicola/OneDrive/Magistrale/AIRP/AIPR/ProgrammazionedeiRobot/EsercitazioneairpMio/ros_esercitazione/IIWA/install/interfaces/lib:${LD_LIBRARY_PATH} PYTHONPATH=/home/nicola/OneDrive/Magistrale/AIRP/AIPR/ProgrammazionedeiRobot/EsercitazioneairpMio/ros_esercitazione/IIWA/install/interfaces/lib/python3.12/site-packages:${PYTHONPATH} /usr/bin/cmake --build /home/nicola/OneDrive/Magistrale/AIRP/AIPR/ProgrammazionedeiRobot/EsercitazioneairpMio/ros_esercitazione/IIWA/build/nodes -- -j8 -l8
[2.035s] DEBUG:colcon.colcon_core.event_handler.log_command:Invoked command in '/home/nicola/OneDrive/Magistrale/AIRP/AIPR/ProgrammazionedeiRobot/EsercitazioneairpMio/ros_esercitazione/IIWA/build/nodes' returned '0': AMENT_PREFIX_PATH=/home/nicola/OneDrive/Magistrale/AIRP/AIPR/ProgrammazionedeiRobot/EsercitazioneairpMio/ros_esercitazione/IIWA/install/interfaces:${AMENT_PREFIX_PATH} CMAKE_PREFIX_PATH=/home/nicola/OneDrive/Magistrale/AIRP/AIPR/ProgrammazionedeiRobot/EsercitazioneairpMio/ros_esercitazione/IIWA/install/interfaces:/home/nicola/Desktop/Esercitazione_airp/IIWA/install/nodes:/home/nicola/Desktop/Esercitazione_airp/IIWA/install/interfaces:/home/nicola/Desktop/Esercitazione_airp/IIWA/install/iiwa_config_moveit_config:/home/nicola/Desktop/Esercitazione_airp/IIWA/install/iiwa_config:/home/nicola/Desktop/Esercitazione_airp/IIWA/install/iiwa_description:/home/nicola/Desktop/Esercitazione_airp/IIWA/install/build_scene_package:/opt/ros/jazzy/opt/sdformat_vendor:/opt/ros/jazzy/opt/gz_math_vendor:/opt/ros/jazzy/opt/gz_utils_vendor:/opt/ros/jazzy/opt/gz_tools_vendor:/opt/ros/jazzy/opt/gz_cmake_vendor:/opt/ros/jazzy DEBUGINFOD_URLS=https://debuginfod.ubuntu.com LD_LIBRARY_PATH=/home/nicola/OneDrive/Magistrale/AIRP/AIPR/ProgrammazionedeiRobot/EsercitazioneairpMio/ros_esercitazione/IIWA/install/interfaces/lib:${LD_LIBRARY_PATH} PYTHONPATH=/home/nicola/OneDrive/Magistrale/AIRP/AIPR/ProgrammazionedeiRobot/EsercitazioneairpMio/ros_esercitazione/IIWA/install/interfaces/lib/python3.12/site-packages:${PYTHONPATH} /usr/bin/cmake --build /home/nicola/OneDrive/Magistrale/AIRP/AIPR/ProgrammazionedeiRobot/EsercitazioneairpMio/ros_esercitazione/IIWA/build/nodes -- -j8 -l8
[2.037s] DEBUG:colcon.colcon_core.event_handler.log_command:Invoking command in '/home/nicola/OneDrive/Magistrale/AIRP/AIPR/ProgrammazionedeiRobot/EsercitazioneairpMio/ros_esercitazione/IIWA/build/nodes': AMENT_PREFIX_PATH=/home/nicola/OneDrive/Magistrale/AIRP/AIPR/ProgrammazionedeiRobot/EsercitazioneairpMio/ros_esercitazione/IIWA/install/interfaces:${AMENT_PREFIX_PATH} CMAKE_PREFIX_PATH=/home/nicola/OneDrive/Magistrale/AIRP/AIPR/ProgrammazionedeiRobot/EsercitazioneairpMio/ros_esercitazione/IIWA/install/interfaces:/home/nicola/Desktop/Esercitazione_airp/IIWA/install/nodes:/home/nicola/Desktop/Esercitazione_airp/IIWA/install/interfaces:/home/nicola/Desktop/Esercitazione_airp/IIWA/install/iiwa_config_moveit_config:/home/nicola/Desktop/Esercitazione_airp/IIWA/install/iiwa_config:/home/nicola/Desktop/Esercitazione_airp/IIWA/install/iiwa_description:/home/nicola/Desktop/Esercitazione_airp/IIWA/install/build_scene_package:/opt/ros/jazzy/opt/sdformat_vendor:/opt/ros/jazzy/opt/gz_math_vendor:/opt/ros/jazzy/opt/gz_utils_vendor:/opt/ros/jazzy/opt/gz_tools_vendor:/opt/ros/jazzy/opt/gz_cmake_vendor:/opt/ros/jazzy DEBUGINFOD_URLS=https://debuginfod.ubuntu.com LD_LIBRARY_PATH=/home/nicola/OneDrive/Magistrale/AIRP/AIPR/ProgrammazionedeiRobot/EsercitazioneairpMio/ros_esercitazione/IIWA/install/interfaces/lib:${LD_LIBRARY_PATH} PYTHONPATH=/home/nicola/OneDrive/Magistrale/AIRP/AIPR/ProgrammazionedeiRobot/EsercitazioneairpMio/ros_esercitazione/IIWA/install/interfaces/lib/python3.12/site-packages:${PYTHONPATH} /usr/bin/cmake --install /home/nicola/OneDrive/Magistrale/AIRP/AIPR/ProgrammazionedeiRobot/EsercitazioneairpMio/ros_esercitazione/IIWA/build/nodes
[2.088s] Level 1:colcon.colcon_core.environment:create_environment_scripts_only(nodes)
[2.089s] Level 1:colcon.colcon_core.environment:checking '/home/nicola/OneDrive/Magistrale/AIRP/AIPR/ProgrammazionedeiRobot/EsercitazioneairpMio/ros_esercitazione/IIWA/install/nodes' for CMake module files
[2.090s] DEBUG:colcon.colcon_core.event_handler.log_command:Invoked command in '/home/nicola/OneDrive/Magistrale/AIRP/AIPR/ProgrammazionedeiRobot/EsercitazioneairpMio/ros_esercitazione/IIWA/build/nodes' returned '0': AMENT_PREFIX_PATH=/home/nicola/OneDrive/Magistrale/AIRP/AIPR/ProgrammazionedeiRobot/EsercitazioneairpMio/ros_esercitazione/IIWA/install/interfaces:${AMENT_PREFIX_PATH} CMAKE_PREFIX_PATH=/home/nicola/OneDrive/Magistrale/AIRP/AIPR/ProgrammazionedeiRobot/EsercitazioneairpMio/ros_esercitazione/IIWA/install/interfaces:/home/nicola/Desktop/Esercitazione_airp/IIWA/install/nodes:/home/nicola/Desktop/Esercitazione_airp/IIWA/install/interfaces:/home/nicola/Desktop/Esercitazione_airp/IIWA/install/iiwa_config_moveit_config:/home/nicola/Desktop/Esercitazione_airp/IIWA/install/iiwa_config:/home/nicola/Desktop/Esercitazione_airp/IIWA/install/iiwa_description:/home/nicola/Desktop/Esercitazione_airp/IIWA/install/build_scene_package:/opt/ros/jazzy/opt/sdformat_vendor:/opt/ros/jazzy/opt/gz_math_vendor:/opt/ros/jazzy/opt/gz_utils_vendor:/opt/ros/jazzy/opt/gz_tools_vendor:/opt/ros/jazzy/opt/gz_cmake_vendor:/opt/ros/jazzy DEBUGINFOD_URLS=https://debuginfod.ubuntu.com LD_LIBRARY_PATH=/home/nicola/OneDrive/Magistrale/AIRP/AIPR/ProgrammazionedeiRobot/EsercitazioneairpMio/ros_esercitazione/IIWA/install/interfaces/lib:${LD_LIBRARY_PATH} PYTHONPATH=/home/nicola/OneDrive/Magistrale/AIRP/AIPR/ProgrammazionedeiRobot/EsercitazioneairpMio/ros_esercitazione/IIWA/install/interfaces/lib/python3.12/site-packages:${PYTHONPATH} /usr/bin/cmake --install /home/nicola/OneDrive/Magistrale/AIRP/AIPR/ProgrammazionedeiRobot/EsercitazioneairpMio/ros_esercitazione/IIWA/build/nodes
[2.091s] Level 1:colcon.colcon_core.environment:checking '/home/nicola/OneDrive/Magistrale/AIRP/AIPR/ProgrammazionedeiRobot/EsercitazioneairpMio/ros_esercitazione/IIWA/install/nodes' for CMake config files
[2.091s] Level 1:colcon.colcon_core.shell:create_environment_hook('nodes', 'cmake_prefix_path')
[2.092s] INFO:colcon.colcon_core.shell:Creating environment hook '/home/nicola/OneDrive/Magistrale/AIRP/AIPR/ProgrammazionedeiRobot/EsercitazioneairpMio/ros_esercitazione/IIWA/install/nodes/share/nodes/hook/cmake_prefix_path.ps1'
[2.093s] INFO:colcon.colcon_core.shell:Creating environment descriptor '/home/nicola/OneDrive/Magistrale/AIRP/AIPR/ProgrammazionedeiRobot/EsercitazioneairpMio/ros_esercitazione/IIWA/install/nodes/share/nodes/hook/cmake_prefix_path.dsv'
[2.093s] INFO:colcon.colcon_core.shell:Creating environment hook '/home/nicola/OneDrive/Magistrale/AIRP/AIPR/ProgrammazionedeiRobot/EsercitazioneairpMio/ros_esercitazione/IIWA/install/nodes/share/nodes/hook/cmake_prefix_path.sh'
[2.094s] Level 1:colcon.colcon_core.environment:checking '/home/nicola/OneDrive/Magistrale/AIRP/AIPR/ProgrammazionedeiRobot/EsercitazioneairpMio/ros_esercitazione/IIWA/install/nodes/lib'
[2.095s] Level 1:colcon.colcon_core.environment:checking '/home/nicola/OneDrive/Magistrale/AIRP/AIPR/ProgrammazionedeiRobot/EsercitazioneairpMio/ros_esercitazione/IIWA/install/nodes/bin'
[2.095s] Level 1:colcon.colcon_core.environment:checking '/home/nicola/OneDrive/Magistrale/AIRP/AIPR/ProgrammazionedeiRobot/EsercitazioneairpMio/ros_esercitazione/IIWA/install/nodes/lib/pkgconfig/nodes.pc'
[2.095s] Level 1:colcon.colcon_core.environment:checking '/home/nicola/OneDrive/Magistrale/AIRP/AIPR/ProgrammazionedeiRobot/EsercitazioneairpMio/ros_esercitazione/IIWA/install/nodes/lib/python3.12/site-packages'
[2.096s] Level 1:colcon.colcon_core.environment:checking '/home/nicola/OneDrive/Magistrale/AIRP/AIPR/ProgrammazionedeiRobot/EsercitazioneairpMio/ros_esercitazione/IIWA/install/nodes/bin'
[2.096s] INFO:colcon.colcon_core.shell:Creating package script '/home/nicola/OneDrive/Magistrale/AIRP/AIPR/ProgrammazionedeiRobot/EsercitazioneairpMio/ros_esercitazione/IIWA/install/nodes/share/nodes/package.ps1'
[2.097s] INFO:colcon.colcon_core.shell:Creating package descriptor '/home/nicola/OneDrive/Magistrale/AIRP/AIPR/ProgrammazionedeiRobot/EsercitazioneairpMio/ros_esercitazione/IIWA/install/nodes/share/nodes/package.dsv'
[2.098s] INFO:colcon.colcon_core.shell:Creating package script '/home/nicola/OneDrive/Magistrale/AIRP/AIPR/ProgrammazionedeiRobot/EsercitazioneairpMio/ros_esercitazione/IIWA/install/nodes/share/nodes/package.sh'
[2.098s] INFO:colcon.colcon_core.shell:Creating package script '/home/nicola/OneDrive/Magistrale/AIRP/AIPR/ProgrammazionedeiRobot/EsercitazioneairpMio/ros_esercitazione/IIWA/install/nodes/share/nodes/package.bash'
[2.099s] INFO:colcon.colcon_core.shell:Creating package script '/home/nicola/OneDrive/Magistrale/AIRP/AIPR/ProgrammazionedeiRobot/EsercitazioneairpMio/ros_esercitazione/IIWA/install/nodes/share/nodes/package.zsh'
[2.100s] Level 1:colcon.colcon_core.environment:create_file_with_runtime_dependencies(/home/nicola/OneDrive/Magistrale/AIRP/AIPR/ProgrammazionedeiRobot/EsercitazioneairpMio/ros_esercitazione/IIWA/install/nodes/share/colcon-core/packages/nodes)
[2.101s] Level 1:colcon.colcon_core.environment:create_environment_scripts_only(nodes)
[2.101s] Level 1:colcon.colcon_core.environment:checking '/home/nicola/OneDrive/Magistrale/AIRP/AIPR/ProgrammazionedeiRobot/EsercitazioneairpMio/ros_esercitazione/IIWA/install/nodes' for CMake module files
[2.102s] Level 1:colcon.colcon_core.environment:checking '/home/nicola/OneDrive/Magistrale/AIRP/AIPR/ProgrammazionedeiRobot/EsercitazioneairpMio/ros_esercitazione/IIWA/install/nodes' for CMake config files
[2.103s] Level 1:colcon.colcon_core.shell:create_environment_hook('nodes', 'cmake_prefix_path')
[2.103s] INFO:colcon.colcon_core.shell:Creating environment hook '/home/nicola/OneDrive/Magistrale/AIRP/AIPR/ProgrammazionedeiRobot/EsercitazioneairpMio/ros_esercitazione/IIWA/install/nodes/share/nodes/hook/cmake_prefix_path.ps1'
[2.104s] INFO:colcon.colcon_core.shell:Creating environment descriptor '/home/nicola/OneDrive/Magistrale/AIRP/AIPR/ProgrammazionedeiRobot/EsercitazioneairpMio/ros_esercitazione/IIWA/install/nodes/share/nodes/hook/cmake_prefix_path.dsv'
[2.104s] INFO:colcon.colcon_core.shell:Creating environment hook '/home/nicola/OneDrive/Magistrale/AIRP/AIPR/ProgrammazionedeiRobot/EsercitazioneairpMio/ros_esercitazione/IIWA/install/nodes/share/nodes/hook/cmake_prefix_path.sh'
[2.106s] Level 1:colcon.colcon_core.environment:checking '/home/nicola/OneDrive/Magistrale/AIRP/AIPR/ProgrammazionedeiRobot/EsercitazioneairpMio/ros_esercitazione/IIWA/install/nodes/lib'
[2.106s] Level 1:colcon.colcon_core.environment:checking '/home/nicola/OneDrive/Magistrale/AIRP/AIPR/ProgrammazionedeiRobot/EsercitazioneairpMio/ros_esercitazione/IIWA/install/nodes/bin'
[2.106s] Level 1:colcon.colcon_core.environment:checking '/home/nicola/OneDrive/Magistrale/AIRP/AIPR/ProgrammazionedeiRobot/EsercitazioneairpMio/ros_esercitazione/IIWA/install/nodes/lib/pkgconfig/nodes.pc'
[2.106s] Level 1:colcon.colcon_core.environment:checking '/home/nicola/OneDrive/Magistrale/AIRP/AIPR/ProgrammazionedeiRobot/EsercitazioneairpMio/ros_esercitazione/IIWA/install/nodes/lib/python3.12/site-packages'
[2.107s] Level 1:colcon.colcon_core.environment:checking '/home/nicola/OneDrive/Magistrale/AIRP/AIPR/ProgrammazionedeiRobot/EsercitazioneairpMio/ros_esercitazione/IIWA/install/nodes/bin'
[2.107s] INFO:colcon.colcon_core.shell:Creating package script '/home/nicola/OneDrive/Magistrale/AIRP/AIPR/ProgrammazionedeiRobot/EsercitazioneairpMio/ros_esercitazione/IIWA/install/nodes/share/nodes/package.ps1'
[2.108s] INFO:colcon.colcon_core.shell:Creating package descriptor '/home/nicola/OneDrive/Magistrale/AIRP/AIPR/ProgrammazionedeiRobot/EsercitazioneairpMio/ros_esercitazione/IIWA/install/nodes/share/nodes/package.dsv'
[2.109s] INFO:colcon.colcon_core.shell:Creating package script '/home/nicola/OneDrive/Magistrale/AIRP/AIPR/ProgrammazionedeiRobot/EsercitazioneairpMio/ros_esercitazione/IIWA/install/nodes/share/nodes/package.sh'
[2.110s] INFO:colcon.colcon_core.shell:Creating package script '/home/nicola/OneDrive/Magistrale/AIRP/AIPR/ProgrammazionedeiRobot/EsercitazioneairpMio/ros_esercitazione/IIWA/install/nodes/share/nodes/package.bash'
[2.110s] INFO:colcon.colcon_core.shell:Creating package script '/home/nicola/OneDrive/Magistrale/AIRP/AIPR/ProgrammazionedeiRobot/EsercitazioneairpMio/ros_esercitazione/IIWA/install/nodes/share/nodes/package.zsh'
[2.111s] Level 1:colcon.colcon_core.environment:create_file_with_runtime_dependencies(/home/nicola/OneDrive/Magistrale/AIRP/AIPR/ProgrammazionedeiRobot/EsercitazioneairpMio/ros_esercitazione/IIWA/install/nodes/share/colcon-core/packages/nodes)
[2.112s] DEBUG:colcon.colcon_parallel_executor.executor.parallel:closing loop
[2.113s] DEBUG:colcon.colcon_parallel_executor.executor.parallel:loop closed
[2.113s] DEBUG:colcon.colcon_parallel_executor.executor.parallel:run_until_complete finished with '0'
[2.114s] DEBUG:colcon.colcon_core.event_reactor:joining thread
[2.123s] INFO:colcon.colcon_core.plugin_system:Skipping extension 'colcon_notification.desktop_notification.terminal_notifier': Not used on non-Darwin systems
[2.124s] INFO:colcon.colcon_core.plugin_system:Skipping extension 'colcon_notification.desktop_notification.win32': Not used on non-Windows systems
[2.124s] INFO:colcon.colcon_notification.desktop_notification:Sending desktop notification using 'notify2'
[2.145s] DEBUG:colcon.colcon_core.event_reactor:joined thread
[2.145s] INFO:colcon.colcon_core.shell:Creating prefix script '/home/nicola/OneDrive/Magistrale/AIRP/AIPR/ProgrammazionedeiRobot/EsercitazioneairpMio/ros_esercitazione/IIWA/install/local_setup.ps1'
[2.147s] INFO:colcon.colcon_core.shell:Creating prefix util module '/home/nicola/OneDrive/Magistrale/AIRP/AIPR/ProgrammazionedeiRobot/EsercitazioneairpMio/ros_esercitazione/IIWA/install/_local_setup_util_ps1.py'
[2.149s] INFO:colcon.colcon_core.shell:Creating prefix chain script '/home/nicola/OneDrive/Magistrale/AIRP/AIPR/ProgrammazionedeiRobot/EsercitazioneairpMio/ros_esercitazione/IIWA/install/setup.ps1'
[2.151s] INFO:colcon.colcon_core.shell:Creating prefix script '/home/nicola/OneDrive/Magistrale/AIRP/AIPR/ProgrammazionedeiRobot/EsercitazioneairpMio/ros_esercitazione/IIWA/install/local_setup.sh'
[2.152s] INFO:colcon.colcon_core.shell:Creating prefix util module '/home/nicola/OneDrive/Magistrale/AIRP/AIPR/ProgrammazionedeiRobot/EsercitazioneairpMio/ros_esercitazione/IIWA/install/_local_setup_util_sh.py'
[2.153s] INFO:colcon.colcon_core.shell:Creating prefix chain script '/home/nicola/OneDrive/Magistrale/AIRP/AIPR/ProgrammazionedeiRobot/EsercitazioneairpMio/ros_esercitazione/IIWA/install/setup.sh'
[2.155s] INFO:colcon.colcon_core.shell:Creating prefix script '/home/nicola/OneDrive/Magistrale/AIRP/AIPR/ProgrammazionedeiRobot/EsercitazioneairpMio/ros_esercitazione/IIWA/install/local_setup.bash'
[2.156s] INFO:colcon.colcon_core.shell:Creating prefix chain script '/home/nicola/OneDrive/Magistrale/AIRP/AIPR/ProgrammazionedeiRobot/EsercitazioneairpMio/ros_esercitazione/IIWA/install/setup.bash'
[2.158s] INFO:colcon.colcon_core.shell:Creating prefix script '/home/nicola/OneDrive/Magistrale/AIRP/AIPR/ProgrammazionedeiRobot/EsercitazioneairpMio/ros_esercitazione/IIWA/install/local_setup.zsh'
[2.159s] INFO:colcon.colcon_core.shell:Creating prefix chain script '/home/nicola/OneDrive/Magistrale/AIRP/AIPR/ProgrammazionedeiRobot/EsercitazioneairpMio/ros_esercitazione/IIWA/install/setup.zsh'
