[0.011s] Invoking command in '/home/nicola/Desktop/Progetto_Sapore/build/nodes': CMAKE_PREFIX_PATH=/home/nicola/Desktop/Progetto_Sapore/install/interfaces:/home/nicola/Desktop/Progetto_Sapore/install/nodes:/home/nicola/Desktop/Progetto_Sapore/install/iiwa_config_moveit_config:/home/nicola/Desktop/Progetto_Sapore/install/iiwa_description:/home/nicola/Desktop/Progetto_Sapore/install/build_scene_package:/opt/ros/jazzy/opt/sdformat_vendor:/opt/ros/jazzy/opt/gz_math_vendor:/opt/ros/jazzy/opt/gz_utils_vendor:/opt/ros/jazzy/opt/gz_tools_vendor:/opt/ros/jazzy/opt/gz_cmake_vendor:/opt/ros/jazzy DEBUGINFOD_URLS=https://debuginfod.ubuntu.com /usr/bin/cmake --build /home/nicola/Desktop/Progetto_Sapore/build/nodes -- -j12 -l12
[0.085s] [ 33%] Built target Raggiungibilita
[0.091s] [ 66%] Built target test_reach
[0.104s] [ 83%] [32mBuilding CXX object CMakeFiles/Reach.dir/src/test_reach.cpp.o[0m
[3.592s] In file included from [01m[K/home/nicola/Desktop/Progetto_Sapore/src/nodes/src/test_reach.cpp:9[m[K:
[3.592s] [01m[K/opt/ros/jazzy/include/moveit_ros_planning/moveit/planning_scene_monitor/planning_scene_monitor.h:50:77:[m[K [01;36m[Knote: [m[K‘[01m[K#pragma message: .h header is obsolete. Please use the .hpp header instead.[m[K’
[3.592s]    50 | er is obsolete. Please use the .hpp header instead."[01;36m[K)[m[K
[3.592s]       |                                                     [01;36m[K^[m[K
[3.592s] 
[5.641s] In file included from [01m[K/home/nicola/Desktop/Progetto_Sapore/src/nodes/src/test_reach.cpp:10[m[K:
[5.641s] [01m[K/opt/ros/jazzy/include/moveit_core/moveit/planning_scene/planning_scene.h:50:77:[m[K [01;36m[Knote: [m[K‘[01m[K#pragma message: .h header is obsolete. Please use the .hpp header instead.[m[K’
[5.641s]    50 | er is obsolete. Please use the .hpp header instead."[01;36m[K)[m[K
[5.641s]       |                                                     [01;36m[K^[m[K
[5.641s] 
[5.642s] In file included from [01m[K/home/nicola/Desktop/Progetto_Sapore/src/nodes/src/test_reach.cpp:11[m[K:
[5.642s] [01m[K/opt/ros/jazzy/include/moveit_ros_planning/moveit/robot_model_loader/robot_model_loader.h:50:77:[m[K [01;36m[Knote: [m[K‘[01m[K#pragma message: .h header is obsolete. Please use the .hpp header instead.[m[K’
[5.642s]    50 | er is obsolete. Please use the .hpp header instead."[01;36m[K)[m[K
[5.642s]       |                                                     [01;36m[K^[m[K
[5.642s] 
[5.642s] In file included from [01m[K/home/nicola/Desktop/Progetto_Sapore/src/nodes/src/test_reach.cpp:12[m[K:
[5.643s] [01m[K/opt/ros/jazzy/include/moveit_core/moveit/robot_state/robot_state.h:51:77:[m[K [01;36m[Knote: [m[K‘[01m[K#pragma message: .h header is obsolete. Please use the .hpp header instead.[m[K’
[5.643s]    51 | er is obsolete. Please use the .hpp header instead."[01;36m[K)[m[K
[5.643s]       |                                                     [01;36m[K^[m[K
[5.643s] 
[5.643s] In file included from [01m[K/home/nicola/Desktop/Progetto_Sapore/src/nodes/src/test_reach.cpp:13[m[K:
[5.643s] [01m[K/opt/ros/jazzy/include/moveit_core/moveit/collision_detection/collision_common.h:50:77:[m[K [01;36m[Knote: [m[K‘[01m[K#pragma message: .h header is obsolete. Please use the .hpp header instead.[m[K’
[5.644s]    50 | er is obsolete. Please use the .hpp header instead."[01;36m[K)[m[K
[5.644s]       |                                                     [01;36m[K^[m[K
[5.644s] 
[10.168s] [100%] [32m[1mLinking CXX executable Reach[0m
[10.649s] [100%] Built target Reach
[10.662s] Invoked command in '/home/nicola/Desktop/Progetto_Sapore/build/nodes' returned '0': CMAKE_PREFIX_PATH=/home/nicola/Desktop/Progetto_Sapore/install/interfaces:/home/nicola/Desktop/Progetto_Sapore/install/nodes:/home/nicola/Desktop/Progetto_Sapore/install/iiwa_config_moveit_config:/home/nicola/Desktop/Progetto_Sapore/install/iiwa_description:/home/nicola/Desktop/Progetto_Sapore/install/build_scene_package:/opt/ros/jazzy/opt/sdformat_vendor:/opt/ros/jazzy/opt/gz_math_vendor:/opt/ros/jazzy/opt/gz_utils_vendor:/opt/ros/jazzy/opt/gz_tools_vendor:/opt/ros/jazzy/opt/gz_cmake_vendor:/opt/ros/jazzy DEBUGINFOD_URLS=https://debuginfod.ubuntu.com /usr/bin/cmake --build /home/nicola/Desktop/Progetto_Sapore/build/nodes -- -j12 -l12
[10.663s] Invoking command in '/home/nicola/Desktop/Progetto_Sapore/build/nodes': CMAKE_PREFIX_PATH=/home/nicola/Desktop/Progetto_Sapore/install/interfaces:/home/nicola/Desktop/Progetto_Sapore/install/nodes:/home/nicola/Desktop/Progetto_Sapore/install/iiwa_config_moveit_config:/home/nicola/Desktop/Progetto_Sapore/install/iiwa_description:/home/nicola/Desktop/Progetto_Sapore/install/build_scene_package:/opt/ros/jazzy/opt/sdformat_vendor:/opt/ros/jazzy/opt/gz_math_vendor:/opt/ros/jazzy/opt/gz_utils_vendor:/opt/ros/jazzy/opt/gz_tools_vendor:/opt/ros/jazzy/opt/gz_cmake_vendor:/opt/ros/jazzy DEBUGINFOD_URLS=https://debuginfod.ubuntu.com /usr/bin/cmake --install /home/nicola/Desktop/Progetto_Sapore/build/nodes
[10.672s] -- Install configuration: ""
[10.672s] -- Up-to-date: /home/nicola/Desktop/Progetto_Sapore/install/nodes/lib/nodes/test_reach
[10.672s] -- Up-to-date: /home/nicola/Desktop/Progetto_Sapore/install/nodes/lib/nodes/test_reach
[10.673s] -- Installing: /home/nicola/Desktop/Progetto_Sapore/install/nodes/lib/nodes/Reach
[10.676s] -- Set non-toolchain portion of runtime path of "/home/nicola/Desktop/Progetto_Sapore/install/nodes/lib/nodes/Reach" to ""
[10.676s] -- Up-to-date: /home/nicola/Desktop/Progetto_Sapore/install/nodes/lib/nodes/Raggiungibilita
[10.676s] -- Up-to-date: /home/nicola/Desktop/Progetto_Sapore/install/nodes/share/nodes/launch
[10.676s] -- Up-to-date: /home/nicola/Desktop/Progetto_Sapore/install/nodes/share/nodes/launch/launch.py
[10.676s] -- Up-to-date: /home/nicola/Desktop/Progetto_Sapore/install/nodes/share/ament_index/resource_index/package_run_dependencies/nodes
[10.677s] -- Up-to-date: /home/nicola/Desktop/Progetto_Sapore/install/nodes/share/ament_index/resource_index/parent_prefix_path/nodes
[10.677s] -- Up-to-date: /home/nicola/Desktop/Progetto_Sapore/install/nodes/share/nodes/environment/ament_prefix_path.sh
[10.677s] -- Up-to-date: /home/nicola/Desktop/Progetto_Sapore/install/nodes/share/nodes/environment/ament_prefix_path.dsv
[10.677s] -- Up-to-date: /home/nicola/Desktop/Progetto_Sapore/install/nodes/share/nodes/environment/path.sh
[10.677s] -- Up-to-date: /home/nicola/Desktop/Progetto_Sapore/install/nodes/share/nodes/environment/path.dsv
[10.677s] -- Up-to-date: /home/nicola/Desktop/Progetto_Sapore/install/nodes/share/nodes/local_setup.bash
[10.677s] -- Up-to-date: /home/nicola/Desktop/Progetto_Sapore/install/nodes/share/nodes/local_setup.sh
[10.677s] -- Up-to-date: /home/nicola/Desktop/Progetto_Sapore/install/nodes/share/nodes/local_setup.zsh
[10.677s] -- Up-to-date: /home/nicola/Desktop/Progetto_Sapore/install/nodes/share/nodes/local_setup.dsv
[10.677s] -- Installing: /home/nicola/Desktop/Progetto_Sapore/install/nodes/share/nodes/package.dsv
[10.677s] -- Up-to-date: /home/nicola/Desktop/Progetto_Sapore/install/nodes/share/ament_index/resource_index/packages/nodes
[10.677s] -- Up-to-date: /home/nicola/Desktop/Progetto_Sapore/install/nodes/share/nodes/cmake/nodesConfig.cmake
[10.678s] -- Up-to-date: /home/nicola/Desktop/Progetto_Sapore/install/nodes/share/nodes/cmake/nodesConfig-version.cmake
[10.678s] -- Up-to-date: /home/nicola/Desktop/Progetto_Sapore/install/nodes/share/nodes/package.xml
[10.680s] Invoked command in '/home/nicola/Desktop/Progetto_Sapore/build/nodes' returned '0': CMAKE_PREFIX_PATH=/home/nicola/Desktop/Progetto_Sapore/install/interfaces:/home/nicola/Desktop/Progetto_Sapore/install/nodes:/home/nicola/Desktop/Progetto_Sapore/install/iiwa_config_moveit_config:/home/nicola/Desktop/Progetto_Sapore/install/iiwa_description:/home/nicola/Desktop/Progetto_Sapore/install/build_scene_package:/opt/ros/jazzy/opt/sdformat_vendor:/opt/ros/jazzy/opt/gz_math_vendor:/opt/ros/jazzy/opt/gz_utils_vendor:/opt/ros/jazzy/opt/gz_tools_vendor:/opt/ros/jazzy/opt/gz_cmake_vendor:/opt/ros/jazzy DEBUGINFOD_URLS=https://debuginfod.ubuntu.com /usr/bin/cmake --install /home/nicola/Desktop/Progetto_Sapore/build/nodes
