[0.022s] Invoking command in '/home/nicola/Desktop/Progetto_Sapore/build/interfaces': CMAKE_PREFIX_PATH=${CMAKE_PREFIX_PATH}:/opt/ros/jazzy DEBUGINFOD_URLS=https://debuginfod.ubuntu.com /usr/bin/cmake --build /home/nicola/Desktop/Progetto_Sapore/build/interfaces -- -j8 -l8
[0.131s] [  2%] Built target interfaces__rosidl_generator_type_description
[0.187s] [  2%] Built target ament_cmake_python_copy_interfaces
[0.234s] [  5%] Built target interfaces__cpp
[0.261s] [ 20%] Built target interfaces__rosidl_generator_c
[0.391s] [ 29%] Built target interfaces__rosidl_typesupport_fastrtps_c
[0.417s] [ 38%] Built target interfaces__rosidl_typesupport_cpp
[0.427s] [ 47%] Built target interfaces__rosidl_typesupport_introspection_c
[0.427s] [ 55%] Built target interfaces__rosidl_typesupport_c
[0.427s] [ 64%] Built target interfaces__rosidl_typesupport_introspection_cpp
[0.433s] [ 73%] Built target interfaces__rosidl_typesupport_fastrtps_cpp
[0.490s] [ 73%] Built target interfaces
[0.590s] [ 76%] Built target interfaces__py
[0.666s] [ 82%] Built target interfaces__rosidl_generator_py
[0.773s] [ 94%] Built target interfaces_s__rosidl_typesupport_introspection_c
[0.774s] [ 88%] Built target interfaces_s__rosidl_typesupport_fastrtps_c
[0.784s] [100%] Built target interfaces_s__rosidl_typesupport_c
[0.927s] running egg_info
[0.956s] writing interfaces.egg-info/PKG-INFO
[0.956s] writing dependency_links to interfaces.egg-info/dependency_links.txt
[0.956s] writing top-level names to interfaces.egg-info/top_level.txt
[1.027s] reading manifest file 'interfaces.egg-info/SOURCES.txt'
[1.028s] writing manifest file 'interfaces.egg-info/SOURCES.txt'
[1.069s] [100%] Built target ament_cmake_python_build_interfaces_egg
[1.085s] Invoked command in '/home/nicola/Desktop/Progetto_Sapore/build/interfaces' returned '0': CMAKE_PREFIX_PATH=${CMAKE_PREFIX_PATH}:/opt/ros/jazzy DEBUGINFOD_URLS=https://debuginfod.ubuntu.com /usr/bin/cmake --build /home/nicola/Desktop/Progetto_Sapore/build/interfaces -- -j8 -l8
[1.088s] Invoking command in '/home/nicola/Desktop/Progetto_Sapore/build/interfaces': CMAKE_PREFIX_PATH=${CMAKE_PREFIX_PATH}:/opt/ros/jazzy DEBUGINFOD_URLS=https://debuginfod.ubuntu.com /usr/bin/cmake --install /home/nicola/Desktop/Progetto_Sapore/build/interfaces
[1.099s] -- Install configuration: ""
[1.100s] -- Up-to-date: /home/nicola/Desktop/Progetto_Sapore/install/interfaces/share/ament_index/resource_index/rosidl_interfaces/interfaces
[1.100s] -- Up-to-date: /home/nicola/Desktop/Progetto_Sapore/install/interfaces/share/interfaces/action/Jtraj.json
[1.100s] -- Up-to-date: /home/nicola/Desktop/Progetto_Sapore/install/interfaces/include/interfaces/interfaces
[1.101s] -- Up-to-date: /home/nicola/Desktop/Progetto_Sapore/install/interfaces/include/interfaces/interfaces/msg
[1.101s] -- Up-to-date: /home/nicola/Desktop/Progetto_Sapore/install/interfaces/include/interfaces/interfaces/msg/rosidl_generator_c__visibility_control.h
[1.102s] -- Up-to-date: /home/nicola/Desktop/Progetto_Sapore/install/interfaces/include/interfaces/interfaces/action
[1.102s] -- Up-to-date: /home/nicola/Desktop/Progetto_Sapore/install/interfaces/include/interfaces/interfaces/action/detail
[1.103s] -- Up-to-date: /home/nicola/Desktop/Progetto_Sapore/install/interfaces/include/interfaces/interfaces/action/detail/jtraj__description.c
[1.103s] -- Up-to-date: /home/nicola/Desktop/Progetto_Sapore/install/interfaces/include/interfaces/interfaces/action/detail/jtraj__functions.c
[1.103s] -- Up-to-date: /home/nicola/Desktop/Progetto_Sapore/install/interfaces/include/interfaces/interfaces/action/detail/jtraj__struct.h
[1.104s] -- Up-to-date: /home/nicola/Desktop/Progetto_Sapore/install/interfaces/include/interfaces/interfaces/action/detail/jtraj__type_support.h
[1.104s] -- Up-to-date: /home/nicola/Desktop/Progetto_Sapore/install/interfaces/include/interfaces/interfaces/action/detail/jtraj__functions.h
[1.104s] -- Up-to-date: /home/nicola/Desktop/Progetto_Sapore/install/interfaces/include/interfaces/interfaces/action/detail/jtraj__type_support.c
[1.104s] -- Up-to-date: /home/nicola/Desktop/Progetto_Sapore/install/interfaces/include/interfaces/interfaces/action/jtraj.h
[1.105s] -- Up-to-date: /home/nicola/Desktop/Progetto_Sapore/install/interfaces/share/interfaces/environment/library_path.sh
[1.105s] -- Up-to-date: /home/nicola/Desktop/Progetto_Sapore/install/interfaces/share/interfaces/environment/library_path.dsv
[1.105s] -- Up-to-date: /home/nicola/Desktop/Progetto_Sapore/install/interfaces/lib/libinterfaces__rosidl_generator_c.so
[1.105s] -- Up-to-date: /home/nicola/Desktop/Progetto_Sapore/install/interfaces/include/interfaces/interfaces
[1.105s] -- Up-to-date: /home/nicola/Desktop/Progetto_Sapore/install/interfaces/include/interfaces/interfaces/msg
[1.105s] -- Up-to-date: /home/nicola/Desktop/Progetto_Sapore/install/interfaces/include/interfaces/interfaces/msg/rosidl_typesupport_fastrtps_c__visibility_control.h
[1.105s] -- Up-to-date: /home/nicola/Desktop/Progetto_Sapore/install/interfaces/include/interfaces/interfaces/action
[1.106s] -- Up-to-date: /home/nicola/Desktop/Progetto_Sapore/install/interfaces/include/interfaces/interfaces/action/detail
[1.106s] -- Up-to-date: /home/nicola/Desktop/Progetto_Sapore/install/interfaces/include/interfaces/interfaces/action/detail/jtraj__rosidl_typesupport_fastrtps_c.h
[1.106s] -- Up-to-date: /home/nicola/Desktop/Progetto_Sapore/install/interfaces/lib/libinterfaces__rosidl_typesupport_fastrtps_c.so
[1.106s] -- Up-to-date: /home/nicola/Desktop/Progetto_Sapore/install/interfaces/include/interfaces/interfaces
[1.107s] -- Up-to-date: /home/nicola/Desktop/Progetto_Sapore/install/interfaces/include/interfaces/interfaces/msg
[1.107s] -- Up-to-date: /home/nicola/Desktop/Progetto_Sapore/install/interfaces/include/interfaces/interfaces/msg/rosidl_typesupport_introspection_c__visibility_control.h
[1.107s] -- Up-to-date: /home/nicola/Desktop/Progetto_Sapore/install/interfaces/include/interfaces/interfaces/action
[1.107s] -- Up-to-date: /home/nicola/Desktop/Progetto_Sapore/install/interfaces/include/interfaces/interfaces/action/detail
[1.108s] -- Up-to-date: /home/nicola/Desktop/Progetto_Sapore/install/interfaces/include/interfaces/interfaces/action/detail/jtraj__rosidl_typesupport_introspection_c.h
[1.108s] -- Up-to-date: /home/nicola/Desktop/Progetto_Sapore/install/interfaces/include/interfaces/interfaces/action/detail/jtraj__type_support.c
[1.108s] -- Up-to-date: /home/nicola/Desktop/Progetto_Sapore/install/interfaces/lib/libinterfaces__rosidl_typesupport_introspection_c.so
[1.108s] -- Up-to-date: /home/nicola/Desktop/Progetto_Sapore/install/interfaces/lib/libinterfaces__rosidl_typesupport_c.so
[1.108s] -- Up-to-date: /home/nicola/Desktop/Progetto_Sapore/install/interfaces/include/interfaces/interfaces
[1.108s] -- Up-to-date: /home/nicola/Desktop/Progetto_Sapore/install/interfaces/include/interfaces/interfaces/msg
[1.109s] -- Up-to-date: /home/nicola/Desktop/Progetto_Sapore/install/interfaces/include/interfaces/interfaces/msg/rosidl_generator_cpp__visibility_control.hpp
[1.109s] -- Up-to-date: /home/nicola/Desktop/Progetto_Sapore/install/interfaces/include/interfaces/interfaces/action
[1.109s] -- Up-to-date: /home/nicola/Desktop/Progetto_Sapore/install/interfaces/include/interfaces/interfaces/action/jtraj.hpp
[1.109s] -- Up-to-date: /home/nicola/Desktop/Progetto_Sapore/install/interfaces/include/interfaces/interfaces/action/detail
[1.109s] -- Up-to-date: /home/nicola/Desktop/Progetto_Sapore/install/interfaces/include/interfaces/interfaces/action/detail/jtraj__type_support.hpp
[1.109s] -- Up-to-date: /home/nicola/Desktop/Progetto_Sapore/install/interfaces/include/interfaces/interfaces/action/detail/jtraj__builder.hpp
[1.109s] -- Up-to-date: /home/nicola/Desktop/Progetto_Sapore/install/interfaces/include/interfaces/interfaces/action/detail/jtraj__traits.hpp
[1.110s] -- Up-to-date: /home/nicola/Desktop/Progetto_Sapore/install/interfaces/include/interfaces/interfaces/action/detail/jtraj__struct.hpp
[1.110s] -- Up-to-date: /home/nicola/Desktop/Progetto_Sapore/install/interfaces/include/interfaces/interfaces
[1.110s] -- Up-to-date: /home/nicola/Desktop/Progetto_Sapore/install/interfaces/include/interfaces/interfaces/msg
[1.110s] -- Up-to-date: /home/nicola/Desktop/Progetto_Sapore/install/interfaces/include/interfaces/interfaces/msg/rosidl_typesupport_fastrtps_cpp__visibility_control.h
[1.110s] -- Up-to-date: /home/nicola/Desktop/Progetto_Sapore/install/interfaces/include/interfaces/interfaces/action
[1.110s] -- Up-to-date: /home/nicola/Desktop/Progetto_Sapore/install/interfaces/include/interfaces/interfaces/action/detail
[1.110s] -- Up-to-date: /home/nicola/Desktop/Progetto_Sapore/install/interfaces/include/interfaces/interfaces/action/detail/jtraj__rosidl_typesupport_fastrtps_cpp.hpp
[1.111s] -- Up-to-date: /home/nicola/Desktop/Progetto_Sapore/install/interfaces/include/interfaces/interfaces/action/detail/dds_fastrtps
[1.111s] -- Up-to-date: /home/nicola/Desktop/Progetto_Sapore/install/interfaces/lib/libinterfaces__rosidl_typesupport_fastrtps_cpp.so
[1.111s] -- Up-to-date: /home/nicola/Desktop/Progetto_Sapore/install/interfaces/include/interfaces/interfaces
[1.113s] -- Up-to-date: /home/nicola/Desktop/Progetto_Sapore/install/interfaces/include/interfaces/interfaces/action
[1.118s] -- Up-to-date: /home/nicola/Desktop/Progetto_Sapore/install/interfaces/include/interfaces/interfaces/action/detail
[1.120s] -- Up-to-date: /home/nicola/Desktop/Progetto_Sapore/install/interfaces/include/interfaces/interfaces/action/detail/jtraj__rosidl_typesupport_introspection_cpp.hpp
[1.123s] -- Up-to-date: /home/nicola/Desktop/Progetto_Sapore/install/interfaces/include/interfaces/interfaces/action/detail/jtraj__type_support.cpp
[1.123s] -- Up-to-date: /home/nicola/Desktop/Progetto_Sapore/install/interfaces/lib/libinterfaces__rosidl_typesupport_introspection_cpp.so
[1.123s] -- Up-to-date: /home/nicola/Desktop/Progetto_Sapore/install/interfaces/lib/libinterfaces__rosidl_typesupport_cpp.so
[1.123s] -- Up-to-date: /home/nicola/Desktop/Progetto_Sapore/install/interfaces/share/interfaces/environment/pythonpath.sh
[1.124s] -- Up-to-date: /home/nicola/Desktop/Progetto_Sapore/install/interfaces/share/interfaces/environment/pythonpath.dsv
[1.124s] -- Up-to-date: /home/nicola/Desktop/Progetto_Sapore/install/interfaces/lib/python3.12/site-packages/interfaces-0.0.0-py3.12.egg-info
[1.124s] -- Installing: /home/nicola/Desktop/Progetto_Sapore/install/interfaces/lib/python3.12/site-packages/interfaces-0.0.0-py3.12.egg-info/dependency_links.txt
[1.124s] -- Installing: /home/nicola/Desktop/Progetto_Sapore/install/interfaces/lib/python3.12/site-packages/interfaces-0.0.0-py3.12.egg-info/SOURCES.txt
[1.124s] -- Installing: /home/nicola/Desktop/Progetto_Sapore/install/interfaces/lib/python3.12/site-packages/interfaces-0.0.0-py3.12.egg-info/top_level.txt
[1.124s] -- Installing: /home/nicola/Desktop/Progetto_Sapore/install/interfaces/lib/python3.12/site-packages/interfaces-0.0.0-py3.12.egg-info/PKG-INFO
[1.124s] -- Up-to-date: /home/nicola/Desktop/Progetto_Sapore/install/interfaces/lib/python3.12/site-packages/interfaces
[1.124s] -- Up-to-date: /home/nicola/Desktop/Progetto_Sapore/install/interfaces/lib/python3.12/site-packages/interfaces/_interfaces_s.ep.rosidl_typesupport_c.c
[1.125s] -- Up-to-date: /home/nicola/Desktop/Progetto_Sapore/install/interfaces/lib/python3.12/site-packages/interfaces/__init__.py
[1.125s] -- Up-to-date: /home/nicola/Desktop/Progetto_Sapore/install/interfaces/lib/python3.12/site-packages/interfaces/interfaces_s__rosidl_typesupport_c.so
[1.125s] -- Up-to-date: /home/nicola/Desktop/Progetto_Sapore/install/interfaces/lib/python3.12/site-packages/interfaces/interfaces_s__rosidl_typesupport_fastrtps_c.so
[1.125s] -- Up-to-date: /home/nicola/Desktop/Progetto_Sapore/install/interfaces/lib/python3.12/site-packages/interfaces/action
[1.125s] -- Up-to-date: /home/nicola/Desktop/Progetto_Sapore/install/interfaces/lib/python3.12/site-packages/interfaces/action/__init__.py
[1.125s] -- Up-to-date: /home/nicola/Desktop/Progetto_Sapore/install/interfaces/lib/python3.12/site-packages/interfaces/action/_jtraj_s.c
[1.125s] -- Up-to-date: /home/nicola/Desktop/Progetto_Sapore/install/interfaces/lib/python3.12/site-packages/interfaces/action/_jtraj.py
[1.126s] -- Up-to-date: /home/nicola/Desktop/Progetto_Sapore/install/interfaces/lib/python3.12/site-packages/interfaces/_interfaces_s.ep.rosidl_typesupport_fastrtps_c.c
[1.126s] -- Up-to-date: /home/nicola/Desktop/Progetto_Sapore/install/interfaces/lib/python3.12/site-packages/interfaces/interfaces_s__rosidl_typesupport_introspection_c.so
[1.126s] -- Up-to-date: /home/nicola/Desktop/Progetto_Sapore/install/interfaces/lib/python3.12/site-packages/interfaces/_interfaces_s.ep.rosidl_typesupport_introspection_c.c
[1.174s] Listing '/home/nicola/Desktop/Progetto_Sapore/install/interfaces/lib/python3.12/site-packages/interfaces'...
[1.174s] Listing '/home/nicola/Desktop/Progetto_Sapore/install/interfaces/lib/python3.12/site-packages/interfaces/action'...
[1.183s] -- Up-to-date: /home/nicola/Desktop/Progetto_Sapore/install/interfaces/lib/python3.12/site-packages/interfaces/interfaces_s__rosidl_typesupport_fastrtps_c.so
[1.183s] -- Up-to-date: /home/nicola/Desktop/Progetto_Sapore/install/interfaces/lib/python3.12/site-packages/interfaces/interfaces_s__rosidl_typesupport_introspection_c.so
[1.183s] -- Up-to-date: /home/nicola/Desktop/Progetto_Sapore/install/interfaces/lib/python3.12/site-packages/interfaces/interfaces_s__rosidl_typesupport_c.so
[1.184s] -- Up-to-date: /home/nicola/Desktop/Progetto_Sapore/install/interfaces/lib/libinterfaces__rosidl_generator_py.so
[1.184s] -- Up-to-date: /home/nicola/Desktop/Progetto_Sapore/install/interfaces/share/interfaces/action/Jtraj.idl
[1.184s] -- Up-to-date: /home/nicola/Desktop/Progetto_Sapore/install/interfaces/share/interfaces/action/Jtraj.action
[1.185s] -- Up-to-date: /home/nicola/Desktop/Progetto_Sapore/install/interfaces/share/ament_index/resource_index/package_run_dependencies/interfaces
[1.185s] -- Up-to-date: /home/nicola/Desktop/Progetto_Sapore/install/interfaces/share/ament_index/resource_index/parent_prefix_path/interfaces
[1.185s] -- Up-to-date: /home/nicola/Desktop/Progetto_Sapore/install/interfaces/share/interfaces/environment/ament_prefix_path.sh
[1.185s] -- Up-to-date: /home/nicola/Desktop/Progetto_Sapore/install/interfaces/share/interfaces/environment/ament_prefix_path.dsv
[1.185s] -- Up-to-date: /home/nicola/Desktop/Progetto_Sapore/install/interfaces/share/interfaces/environment/path.sh
[1.186s] -- Up-to-date: /home/nicola/Desktop/Progetto_Sapore/install/interfaces/share/interfaces/environment/path.dsv
[1.186s] -- Up-to-date: /home/nicola/Desktop/Progetto_Sapore/install/interfaces/share/interfaces/local_setup.bash
[1.186s] -- Up-to-date: /home/nicola/Desktop/Progetto_Sapore/install/interfaces/share/interfaces/local_setup.sh
[1.186s] -- Up-to-date: /home/nicola/Desktop/Progetto_Sapore/install/interfaces/share/interfaces/local_setup.zsh
[1.186s] -- Up-to-date: /home/nicola/Desktop/Progetto_Sapore/install/interfaces/share/interfaces/local_setup.dsv
[1.186s] -- Installing: /home/nicola/Desktop/Progetto_Sapore/install/interfaces/share/interfaces/package.dsv
[1.187s] -- Up-to-date: /home/nicola/Desktop/Progetto_Sapore/install/interfaces/share/ament_index/resource_index/packages/interfaces
[1.187s] -- Up-to-date: /home/nicola/Desktop/Progetto_Sapore/install/interfaces/share/interfaces/cmake/export_interfaces__rosidl_generator_cExport.cmake
[1.187s] -- Up-to-date: /home/nicola/Desktop/Progetto_Sapore/install/interfaces/share/interfaces/cmake/export_interfaces__rosidl_generator_cExport-noconfig.cmake
[1.187s] -- Up-to-date: /home/nicola/Desktop/Progetto_Sapore/install/interfaces/share/interfaces/cmake/export_interfaces__rosidl_typesupport_fastrtps_cExport.cmake
[1.187s] -- Up-to-date: /home/nicola/Desktop/Progetto_Sapore/install/interfaces/share/interfaces/cmake/export_interfaces__rosidl_typesupport_fastrtps_cExport-noconfig.cmake
[1.187s] -- Up-to-date: /home/nicola/Desktop/Progetto_Sapore/install/interfaces/share/interfaces/cmake/interfaces__rosidl_typesupport_introspection_cExport.cmake
[1.187s] -- Up-to-date: /home/nicola/Desktop/Progetto_Sapore/install/interfaces/share/interfaces/cmake/interfaces__rosidl_typesupport_introspection_cExport-noconfig.cmake
[1.188s] -- Up-to-date: /home/nicola/Desktop/Progetto_Sapore/install/interfaces/share/interfaces/cmake/interfaces__rosidl_typesupport_cExport.cmake
[1.188s] -- Up-to-date: /home/nicola/Desktop/Progetto_Sapore/install/interfaces/share/interfaces/cmake/interfaces__rosidl_typesupport_cExport-noconfig.cmake
[1.188s] -- Up-to-date: /home/nicola/Desktop/Progetto_Sapore/install/interfaces/share/interfaces/cmake/export_interfaces__rosidl_generator_cppExport.cmake
[1.188s] -- Up-to-date: /home/nicola/Desktop/Progetto_Sapore/install/interfaces/share/interfaces/cmake/export_interfaces__rosidl_typesupport_fastrtps_cppExport.cmake
[1.188s] -- Up-to-date: /home/nicola/Desktop/Progetto_Sapore/install/interfaces/share/interfaces/cmake/export_interfaces__rosidl_typesupport_fastrtps_cppExport-noconfig.cmake
[1.188s] -- Up-to-date: /home/nicola/Desktop/Progetto_Sapore/install/interfaces/share/interfaces/cmake/interfaces__rosidl_typesupport_introspection_cppExport.cmake
[1.189s] -- Up-to-date: /home/nicola/Desktop/Progetto_Sapore/install/interfaces/share/interfaces/cmake/interfaces__rosidl_typesupport_introspection_cppExport-noconfig.cmake
[1.189s] -- Up-to-date: /home/nicola/Desktop/Progetto_Sapore/install/interfaces/share/interfaces/cmake/interfaces__rosidl_typesupport_cppExport.cmake
[1.189s] -- Up-to-date: /home/nicola/Desktop/Progetto_Sapore/install/interfaces/share/interfaces/cmake/interfaces__rosidl_typesupport_cppExport-noconfig.cmake
[1.189s] -- Up-to-date: /home/nicola/Desktop/Progetto_Sapore/install/interfaces/share/interfaces/cmake/export_interfaces__rosidl_generator_pyExport.cmake
[1.189s] -- Up-to-date: /home/nicola/Desktop/Progetto_Sapore/install/interfaces/share/interfaces/cmake/export_interfaces__rosidl_generator_pyExport-noconfig.cmake
[1.190s] -- Up-to-date: /home/nicola/Desktop/Progetto_Sapore/install/interfaces/share/interfaces/cmake/rosidl_cmake-extras.cmake
[1.190s] -- Up-to-date: /home/nicola/Desktop/Progetto_Sapore/install/interfaces/share/interfaces/cmake/ament_cmake_export_dependencies-extras.cmake
[1.191s] -- Up-to-date: /home/nicola/Desktop/Progetto_Sapore/install/interfaces/share/interfaces/cmake/ament_cmake_export_include_directories-extras.cmake
[1.191s] -- Up-to-date: /home/nicola/Desktop/Progetto_Sapore/install/interfaces/share/interfaces/cmake/ament_cmake_export_libraries-extras.cmake
[1.192s] -- Up-to-date: /home/nicola/Desktop/Progetto_Sapore/install/interfaces/share/interfaces/cmake/ament_cmake_export_targets-extras.cmake
[1.192s] -- Up-to-date: /home/nicola/Desktop/Progetto_Sapore/install/interfaces/share/interfaces/cmake/rosidl_cmake_export_typesupport_targets-extras.cmake
[1.192s] -- Up-to-date: /home/nicola/Desktop/Progetto_Sapore/install/interfaces/share/interfaces/cmake/rosidl_cmake_export_typesupport_libraries-extras.cmake
[1.192s] -- Up-to-date: /home/nicola/Desktop/Progetto_Sapore/install/interfaces/share/interfaces/cmake/interfacesConfig.cmake
[1.193s] -- Up-to-date: /home/nicola/Desktop/Progetto_Sapore/install/interfaces/share/interfaces/cmake/interfacesConfig-version.cmake
[1.193s] -- Up-to-date: /home/nicola/Desktop/Progetto_Sapore/install/interfaces/share/interfaces/package.xml
[1.193s] Invoked command in '/home/nicola/Desktop/Progetto_Sapore/build/interfaces' returned '0': CMAKE_PREFIX_PATH=${CMAKE_PREFIX_PATH}:/opt/ros/jazzy DEBUGINFOD_URLS=https://debuginfod.ubuntu.com /usr/bin/cmake --install /home/nicola/Desktop/Progetto_Sapore/build/interfaces
