[0.305s] DEBUG:colcon:Command line arguments: ['/usr/bin/colcon', 'build', '--packages-select', 'nodes']
[0.306s] DEBUG:colcon:Parsed command line arguments: Namespace(log_base=None, log_level=None, verb_name='build', build_base='build', install_base='install', merge_install=False, symlink_install=False, test_result_base=None, continue_on_error=False, executor='parallel', parallel_workers=8, event_handlers=None, ignore_user_meta=False, metas=['./colcon.meta'], base_paths=['.'], packages_ignore=None, packages_ignore_regex=None, paths=None, packages_up_to=None, packages_up_to_regex=None, packages_above=None, packages_above_and_dependencies=None, packages_above_depth=None, packages_select_by_dep=None, packages_skip_by_dep=None, packages_skip_up_to=None, packages_select_build_failed=False, packages_skip_build_finished=False, packages_select_test_failures=False, packages_skip_test_passed=False, packages_select=['nodes'], packages_skip=None, packages_select_regex=None, packages_skip_regex=None, packages_start=None, packages_end=None, allow_overriding=[], cmake_args=None, cmake_target=None, cmake_target_skip_unavailable=False, cmake_clean_cache=False, cmake_clean_first=False, cmake_force_configure=False, ament_cmake_args=None, catkin_cmake_args=None, catkin_skip_building_tests=False, mixin_files=None, mixin=None, verb_parser=<colcon_mixin.mixin.mixin_argument.MixinArgumentDecorator object at 0x7adf4c13d640>, verb_extension=<colcon_core.verb.build.BuildVerb object at 0x7adf4c13d310>, main=<bound method BuildVerb.main of <colcon_core.verb.build.BuildVerb object at 0x7adf4c13d310>>, mixin_verb=('build',))
[0.405s] Level 1:colcon.colcon_core.package_discovery:discover_packages(colcon_meta) check parameters
[0.406s] Level 1:colcon.colcon_core.package_discovery:discover_packages(recursive) check parameters
[0.406s] Level 1:colcon.colcon_core.package_discovery:discover_packages(ignore) check parameters
[0.406s] Level 1:colcon.colcon_core.package_discovery:discover_packages(path) check parameters
[0.406s] Level 1:colcon.colcon_core.package_discovery:discover_packages(colcon_meta) discover
[0.406s] Level 1:colcon.colcon_core.package_discovery:discover_packages(recursive) discover
[0.406s] INFO:colcon.colcon_core.package_discovery:Crawling recursively for packages in '/home/nicola/OneDrive/Magistrale/AIRP/AIPR/ProgrammazionedeiRobot/EsercitazioneairpMio/ros_esercitazione/IIWA'
[0.406s] Level 1:colcon.colcon_core.package_identification:_identify(.) by extensions ['ignore', 'ignore_ament_install']
[0.407s] Level 1:colcon.colcon_core.package_identification:_identify(.) by extension 'ignore'
[0.407s] Level 1:colcon.colcon_core.package_identification:_identify(.) by extension 'ignore_ament_install'
[0.407s] Level 1:colcon.colcon_core.package_identification:_identify(.) by extensions ['colcon_pkg']
[0.407s] Level 1:colcon.colcon_core.package_identification:_identify(.) by extension 'colcon_pkg'
[0.407s] Level 1:colcon.colcon_core.package_identification:_identify(.) by extensions ['colcon_meta']
[0.407s] Level 1:colcon.colcon_core.package_identification:_identify(.) by extension 'colcon_meta'
[0.407s] Level 1:colcon.colcon_core.package_identification:_identify(.) by extensions ['ros']
[0.407s] Level 1:colcon.colcon_core.package_identification:_identify(.) by extension 'ros'
[0.479s] Level 1:colcon.colcon_core.package_identification:_identify(.) by extensions ['cmake', 'python']
[0.480s] Level 1:colcon.colcon_core.package_identification:_identify(.) by extension 'cmake'
[0.480s] Level 1:colcon.colcon_core.package_identification:_identify(.) by extension 'python'
[0.480s] Level 1:colcon.colcon_core.package_identification:_identify(.) by extensions ['python_setup_py']
[0.480s] Level 1:colcon.colcon_core.package_identification:_identify(.) by extension 'python_setup_py'
[0.480s] Level 1:colcon.colcon_core.package_identification:_identify(build) by extensions ['ignore', 'ignore_ament_install']
[0.480s] Level 1:colcon.colcon_core.package_identification:_identify(build) by extension 'ignore'
[0.480s] Level 1:colcon.colcon_core.package_identification:_identify(build) ignored
[0.481s] Level 1:colcon.colcon_core.package_identification:_identify(install) by extensions ['ignore', 'ignore_ament_install']
[0.481s] Level 1:colcon.colcon_core.package_identification:_identify(install) by extension 'ignore'
[0.481s] Level 1:colcon.colcon_core.package_identification:_identify(install) ignored
[0.482s] Level 1:colcon.colcon_core.package_identification:_identify(log) by extensions ['ignore', 'ignore_ament_install']
[0.482s] Level 1:colcon.colcon_core.package_identification:_identify(log) by extension 'ignore'
[0.482s] Level 1:colcon.colcon_core.package_identification:_identify(log) ignored
[0.482s] Level 1:colcon.colcon_core.package_identification:_identify(src) by extensions ['ignore', 'ignore_ament_install']
[0.482s] Level 1:colcon.colcon_core.package_identification:_identify(src) by extension 'ignore'
[0.483s] Level 1:colcon.colcon_core.package_identification:_identify(src) by extension 'ignore_ament_install'
[0.483s] Level 1:colcon.colcon_core.package_identification:_identify(src) by extensions ['colcon_pkg']
[0.483s] Level 1:colcon.colcon_core.package_identification:_identify(src) by extension 'colcon_pkg'
[0.483s] Level 1:colcon.colcon_core.package_identification:_identify(src) by extensions ['colcon_meta']
[0.483s] Level 1:colcon.colcon_core.package_identification:_identify(src) by extension 'colcon_meta'
[0.483s] Level 1:colcon.colcon_core.package_identification:_identify(src) by extensions ['ros']
[0.483s] Level 1:colcon.colcon_core.package_identification:_identify(src) by extension 'ros'
[0.484s] Level 1:colcon.colcon_core.package_identification:_identify(src) by extensions ['cmake', 'python']
[0.484s] Level 1:colcon.colcon_core.package_identification:_identify(src) by extension 'cmake'
[0.484s] Level 1:colcon.colcon_core.package_identification:_identify(src) by extension 'python'
[0.484s] Level 1:colcon.colcon_core.package_identification:_identify(src) by extensions ['python_setup_py']
[0.484s] Level 1:colcon.colcon_core.package_identification:_identify(src) by extension 'python_setup_py'
[0.484s] Level 1:colcon.colcon_core.package_identification:_identify(src/build_scene_package) by extensions ['ignore', 'ignore_ament_install']
[0.485s] Level 1:colcon.colcon_core.package_identification:_identify(src/build_scene_package) by extension 'ignore'
[0.485s] Level 1:colcon.colcon_core.package_identification:_identify(src/build_scene_package) by extension 'ignore_ament_install'
[0.485s] Level 1:colcon.colcon_core.package_identification:_identify(src/build_scene_package) by extensions ['colcon_pkg']
[0.485s] Level 1:colcon.colcon_core.package_identification:_identify(src/build_scene_package) by extension 'colcon_pkg'
[0.485s] Level 1:colcon.colcon_core.package_identification:_identify(src/build_scene_package) by extensions ['colcon_meta']
[0.485s] Level 1:colcon.colcon_core.package_identification:_identify(src/build_scene_package) by extension 'colcon_meta'
[0.485s] Level 1:colcon.colcon_core.package_identification:_identify(src/build_scene_package) by extensions ['ros']
[0.485s] Level 1:colcon.colcon_core.package_identification:_identify(src/build_scene_package) by extension 'ros'
[0.492s] DEBUG:colcon.colcon_core.package_identification:Package 'src/build_scene_package' with type 'ros.ament_cmake' and name 'build_scene_package'
[0.493s] Level 1:colcon.colcon_core.package_identification:_identify(src/iiwa_config_moveit_config) by extensions ['ignore', 'ignore_ament_install']
[0.493s] Level 1:colcon.colcon_core.package_identification:_identify(src/iiwa_config_moveit_config) by extension 'ignore'
[0.493s] Level 1:colcon.colcon_core.package_identification:_identify(src/iiwa_config_moveit_config) by extension 'ignore_ament_install'
[0.494s] Level 1:colcon.colcon_core.package_identification:_identify(src/iiwa_config_moveit_config) by extensions ['colcon_pkg']
[0.494s] Level 1:colcon.colcon_core.package_identification:_identify(src/iiwa_config_moveit_config) by extension 'colcon_pkg'
[0.494s] Level 1:colcon.colcon_core.package_identification:_identify(src/iiwa_config_moveit_config) by extensions ['colcon_meta']
[0.494s] Level 1:colcon.colcon_core.package_identification:_identify(src/iiwa_config_moveit_config) by extension 'colcon_meta'
[0.494s] Level 1:colcon.colcon_core.package_identification:_identify(src/iiwa_config_moveit_config) by extensions ['ros']
[0.494s] Level 1:colcon.colcon_core.package_identification:_identify(src/iiwa_config_moveit_config) by extension 'ros'
[0.496s] DEBUG:colcon.colcon_core.package_identification:Package 'src/iiwa_config_moveit_config' with type 'ros.ament_cmake' and name 'iiwa_config_moveit_config'
[0.496s] Level 1:colcon.colcon_core.package_identification:_identify(src/iiwa_description) by extensions ['ignore', 'ignore_ament_install']
[0.497s] Level 1:colcon.colcon_core.package_identification:_identify(src/iiwa_description) by extension 'ignore'
[0.497s] Level 1:colcon.colcon_core.package_identification:_identify(src/iiwa_description) by extension 'ignore_ament_install'
[0.497s] Level 1:colcon.colcon_core.package_identification:_identify(src/iiwa_description) by extensions ['colcon_pkg']
[0.497s] Level 1:colcon.colcon_core.package_identification:_identify(src/iiwa_description) by extension 'colcon_pkg'
[0.497s] Level 1:colcon.colcon_core.package_identification:_identify(src/iiwa_description) by extensions ['colcon_meta']
[0.497s] Level 1:colcon.colcon_core.package_identification:_identify(src/iiwa_description) by extension 'colcon_meta'
[0.497s] Level 1:colcon.colcon_core.package_identification:_identify(src/iiwa_description) by extensions ['ros']
[0.498s] Level 1:colcon.colcon_core.package_identification:_identify(src/iiwa_description) by extension 'ros'
[0.499s] DEBUG:colcon.colcon_core.package_identification:Package 'src/iiwa_description' with type 'ros.ament_cmake' and name 'iiwa_description'
[0.499s] Level 1:colcon.colcon_core.package_identification:_identify(src/interfaces) by extensions ['ignore', 'ignore_ament_install']
[0.500s] Level 1:colcon.colcon_core.package_identification:_identify(src/interfaces) by extension 'ignore'
[0.500s] Level 1:colcon.colcon_core.package_identification:_identify(src/interfaces) by extension 'ignore_ament_install'
[0.500s] Level 1:colcon.colcon_core.package_identification:_identify(src/interfaces) by extensions ['colcon_pkg']
[0.500s] Level 1:colcon.colcon_core.package_identification:_identify(src/interfaces) by extension 'colcon_pkg'
[0.500s] Level 1:colcon.colcon_core.package_identification:_identify(src/interfaces) by extensions ['colcon_meta']
[0.500s] Level 1:colcon.colcon_core.package_identification:_identify(src/interfaces) by extension 'colcon_meta'
[0.501s] Level 1:colcon.colcon_core.package_identification:_identify(src/interfaces) by extensions ['ros']
[0.501s] Level 1:colcon.colcon_core.package_identification:_identify(src/interfaces) by extension 'ros'
[0.502s] DEBUG:colcon.colcon_core.package_identification:Package 'src/interfaces' with type 'ros.ament_cmake' and name 'interfaces'
[0.502s] Level 1:colcon.colcon_core.package_identification:_identify(src/nodes) by extensions ['ignore', 'ignore_ament_install']
[0.503s] Level 1:colcon.colcon_core.package_identification:_identify(src/nodes) by extension 'ignore'
[0.503s] Level 1:colcon.colcon_core.package_identification:_identify(src/nodes) by extension 'ignore_ament_install'
[0.503s] Level 1:colcon.colcon_core.package_identification:_identify(src/nodes) by extensions ['colcon_pkg']
[0.503s] Level 1:colcon.colcon_core.package_identification:_identify(src/nodes) by extension 'colcon_pkg'
[0.503s] Level 1:colcon.colcon_core.package_identification:_identify(src/nodes) by extensions ['colcon_meta']
[0.503s] Level 1:colcon.colcon_core.package_identification:_identify(src/nodes) by extension 'colcon_meta'
[0.503s] Level 1:colcon.colcon_core.package_identification:_identify(src/nodes) by extensions ['ros']
[0.504s] Level 1:colcon.colcon_core.package_identification:_identify(src/nodes) by extension 'ros'
[0.506s] DEBUG:colcon.colcon_core.package_identification:Package 'src/nodes' with type 'ros.ament_cmake' and name 'nodes'
[0.506s] Level 1:colcon.colcon_core.package_discovery:discover_packages(recursive) using defaults
[0.506s] Level 1:colcon.colcon_core.package_discovery:discover_packages(ignore) discover
[0.506s] Level 1:colcon.colcon_core.package_discovery:discover_packages(ignore) using defaults
[0.506s] Level 1:colcon.colcon_core.package_discovery:discover_packages(path) discover
[0.506s] Level 1:colcon.colcon_core.package_discovery:discover_packages(path) using defaults
[0.553s] INFO:colcon.colcon_core.package_selection:Skipping not selected package 'build_scene_package' in 'src/build_scene_package'
[0.554s] INFO:colcon.colcon_core.package_selection:Skipping not selected package 'iiwa_description' in 'src/iiwa_description'
[0.554s] INFO:colcon.colcon_core.package_selection:Skipping not selected package 'interfaces' in 'src/interfaces'
[0.554s] INFO:colcon.colcon_core.package_selection:Skipping not selected package 'iiwa_config_moveit_config' in 'src/iiwa_config_moveit_config'
[0.555s] Level 1:colcon.colcon_core.package_discovery:discover_packages(prefix_path) check parameters
[0.555s] Level 1:colcon.colcon_core.package_discovery:discover_packages(prefix_path) discover
[0.560s] DEBUG:colcon.colcon_installed_package_information.package_discovery:Found 5 installed packages in /home/nicola/OneDrive/Magistrale/AIRP/AIPR/ProgrammazionedeiRobot/EsercitazioneairpMio/ros_esercitazione/IIWA/install
[0.561s] DEBUG:colcon.colcon_installed_package_information.package_discovery:Found 5 installed packages in /home/nicola/Desktop/Esercitazione_airp/IIWA/install
[0.567s] DEBUG:colcon.colcon_installed_package_information.package_discovery:Found 388 installed packages in /opt/ros/jazzy
[0.570s] Level 1:colcon.colcon_core.package_discovery:discover_packages(prefix_path) using defaults
[0.714s] Level 5:colcon.colcon_core.verb:set package 'nodes' build argument 'cmake_args' from command line to 'None'
[0.714s] Level 5:colcon.colcon_core.verb:set package 'nodes' build argument 'cmake_target' from command line to 'None'
[0.714s] Level 5:colcon.colcon_core.verb:set package 'nodes' build argument 'cmake_target_skip_unavailable' from command line to 'False'
[0.715s] Level 5:colcon.colcon_core.verb:set package 'nodes' build argument 'cmake_clean_cache' from command line to 'False'
[0.715s] Level 5:colcon.colcon_core.verb:set package 'nodes' build argument 'cmake_clean_first' from command line to 'False'
[0.715s] Level 5:colcon.colcon_core.verb:set package 'nodes' build argument 'cmake_force_configure' from command line to 'False'
[0.715s] Level 5:colcon.colcon_core.verb:set package 'nodes' build argument 'ament_cmake_args' from command line to 'None'
[0.715s] Level 5:colcon.colcon_core.verb:set package 'nodes' build argument 'catkin_cmake_args' from command line to 'None'
[0.715s] Level 5:colcon.colcon_core.verb:set package 'nodes' build argument 'catkin_skip_building_tests' from command line to 'False'
[0.715s] DEBUG:colcon.colcon_core.verb:Building package 'nodes' with the following arguments: {'ament_cmake_args': None, 'build_base': '/home/nicola/OneDrive/Magistrale/AIRP/AIPR/ProgrammazionedeiRobot/EsercitazioneairpMio/ros_esercitazione/IIWA/build/nodes', 'catkin_cmake_args': None, 'catkin_skip_building_tests': False, 'cmake_args': None, 'cmake_clean_cache': False, 'cmake_clean_first': False, 'cmake_force_configure': False, 'cmake_target': None, 'cmake_target_skip_unavailable': False, 'install_base': '/home/nicola/OneDrive/Magistrale/AIRP/AIPR/ProgrammazionedeiRobot/EsercitazioneairpMio/ros_esercitazione/IIWA/install/nodes', 'merge_install': False, 'path': '/home/nicola/OneDrive/Magistrale/AIRP/AIPR/ProgrammazionedeiRobot/EsercitazioneairpMio/ros_esercitazione/IIWA/src/nodes', 'symlink_install': False, 'test_result_base': None}
[0.715s] INFO:colcon.colcon_core.executor:Executing jobs using 'parallel' executor
[0.718s] DEBUG:colcon.colcon_parallel_executor.executor.parallel:run_until_complete
[0.718s] INFO:colcon.colcon_ros.task.ament_cmake.build:Building ROS package in '/home/nicola/OneDrive/Magistrale/AIRP/AIPR/ProgrammazionedeiRobot/EsercitazioneairpMio/ros_esercitazione/IIWA/src/nodes' with build type 'ament_cmake'
[0.719s] INFO:colcon.colcon_cmake.task.cmake.build:Building CMake package in '/home/nicola/OneDrive/Magistrale/AIRP/AIPR/ProgrammazionedeiRobot/EsercitazioneairpMio/ros_esercitazione/IIWA/src/nodes'
[0.723s] INFO:colcon.colcon_core.plugin_system:Skipping extension 'colcon_core.shell.bat': Not used on non-Windows systems
[0.724s] INFO:colcon.colcon_core.shell:Skip shell extension 'powershell' for command environment: Not usable outside of PowerShell
[0.724s] DEBUG:colcon.colcon_core.shell:Skip shell extension 'dsv' for command environment
[0.757s] DEBUG:colcon.colcon_core.event_handler.log_command:Invoking command in '/home/nicola/OneDrive/Magistrale/AIRP/AIPR/ProgrammazionedeiRobot/EsercitazioneairpMio/ros_esercitazione/IIWA/build/nodes': CMAKE_PREFIX_PATH=/home/nicola/OneDrive/Magistrale/AIRP/AIPR/ProgrammazionedeiRobot/EsercitazioneairpMio/ros_esercitazione/IIWA/install/interfaces:/home/nicola/Desktop/Esercitazione_airp/IIWA/install/nodes:/home/nicola/Desktop/Esercitazione_airp/IIWA/install/interfaces:/home/nicola/Desktop/Esercitazione_airp/IIWA/install/iiwa_config_moveit_config:/home/nicola/Desktop/Esercitazione_airp/IIWA/install/iiwa_description:/home/nicola/Desktop/Esercitazione_airp/IIWA/install/build_scene_package:/home/nicola/OneDrive/Magistrale/AIRP/AIPR/ProgrammazionedeiRobot/EsercitazioneairpMio/ros_esercitazione/IIWA/install/nodes:/home/nicola/OneDrive/Magistrale/AIRP/AIPR/ProgrammazionedeiRobot/EsercitazioneairpMio/ros_esercitazione/IIWA/install/iiwa_config_moveit_config:/home/nicola/OneDrive/Magistrale/AIRP/AIPR/ProgrammazionedeiRobot/EsercitazioneairpMio/ros_esercitazione/IIWA/install/iiwa_description:/home/nicola/OneDrive/Magistrale/AIRP/AIPR/ProgrammazionedeiRobot/EsercitazioneairpMio/ros_esercitazione/IIWA/install/build_scene_package:/opt/ros/jazzy/opt/sdformat_vendor:/opt/ros/jazzy/opt/gz_math_vendor:/opt/ros/jazzy/opt/gz_utils_vendor:/opt/ros/jazzy/opt/gz_tools_vendor:/opt/ros/jazzy/opt/gz_cmake_vendor:/opt/ros/jazzy DEBUGINFOD_URLS=https://debuginfod.ubuntu.com LD_LIBRARY_PATH=/home/nicola/OneDrive/Magistrale/AIRP/AIPR/ProgrammazionedeiRobot/EsercitazioneairpMio/ros_esercitazione/IIWA/install/interfaces/lib:/home/nicola/Desktop/Esercitazione_airp/IIWA/install/interfaces/lib:/opt/ros/jazzy/opt/sdformat_vendor/lib:/opt/ros/jazzy/opt/rviz_ogre_vendor/lib:/opt/ros/jazzy/lib/x86_64-linux-gnu:/opt/ros/jazzy/opt/gz_math_vendor/lib:/opt/ros/jazzy/opt/gz_utils_vendor/lib:/opt/ros/jazzy/opt/gz_tools_vendor/lib:/opt/ros/jazzy/opt/gz_cmake_vendor/lib:/opt/ros/jazzy/lib PYTHONPATH=/home/nicola/OneDrive/Magistrale/AIRP/AIPR/ProgrammazionedeiRobot/EsercitazioneairpMio/ros_esercitazione/IIWA/install/interfaces/lib/python3.12/site-packages:/home/nicola/Desktop/Esercitazione_airp/IIWA/install/interfaces/lib/python3.12/site-packages:/opt/ros/jazzy/lib/python3.12/site-packages /usr/bin/cmake --build /home/nicola/OneDrive/Magistrale/AIRP/AIPR/ProgrammazionedeiRobot/EsercitazioneairpMio/ros_esercitazione/IIWA/build/nodes -- -j8 -l8
[25.190s] Level 1:colcon.colcon_core.environment:create_environment_scripts_only(nodes)
[25.191s] DEBUG:colcon.colcon_core.event_handler.log_command:Invoked command in '/home/nicola/OneDrive/Magistrale/AIRP/AIPR/ProgrammazionedeiRobot/EsercitazioneairpMio/ros_esercitazione/IIWA/build/nodes' returned '2': CMAKE_PREFIX_PATH=/home/nicola/OneDrive/Magistrale/AIRP/AIPR/ProgrammazionedeiRobot/EsercitazioneairpMio/ros_esercitazione/IIWA/install/interfaces:/home/nicola/Desktop/Esercitazione_airp/IIWA/install/nodes:/home/nicola/Desktop/Esercitazione_airp/IIWA/install/interfaces:/home/nicola/Desktop/Esercitazione_airp/IIWA/install/iiwa_config_moveit_config:/home/nicola/Desktop/Esercitazione_airp/IIWA/install/iiwa_description:/home/nicola/Desktop/Esercitazione_airp/IIWA/install/build_scene_package:/home/nicola/OneDrive/Magistrale/AIRP/AIPR/ProgrammazionedeiRobot/EsercitazioneairpMio/ros_esercitazione/IIWA/install/nodes:/home/nicola/OneDrive/Magistrale/AIRP/AIPR/ProgrammazionedeiRobot/EsercitazioneairpMio/ros_esercitazione/IIWA/install/iiwa_config_moveit_config:/home/nicola/OneDrive/Magistrale/AIRP/AIPR/ProgrammazionedeiRobot/EsercitazioneairpMio/ros_esercitazione/IIWA/install/iiwa_description:/home/nicola/OneDrive/Magistrale/AIRP/AIPR/ProgrammazionedeiRobot/EsercitazioneairpMio/ros_esercitazione/IIWA/install/build_scene_package:/opt/ros/jazzy/opt/sdformat_vendor:/opt/ros/jazzy/opt/gz_math_vendor:/opt/ros/jazzy/opt/gz_utils_vendor:/opt/ros/jazzy/opt/gz_tools_vendor:/opt/ros/jazzy/opt/gz_cmake_vendor:/opt/ros/jazzy DEBUGINFOD_URLS=https://debuginfod.ubuntu.com LD_LIBRARY_PATH=/home/nicola/OneDrive/Magistrale/AIRP/AIPR/ProgrammazionedeiRobot/EsercitazioneairpMio/ros_esercitazione/IIWA/install/interfaces/lib:/home/nicola/Desktop/Esercitazione_airp/IIWA/install/interfaces/lib:/opt/ros/jazzy/opt/sdformat_vendor/lib:/opt/ros/jazzy/opt/rviz_ogre_vendor/lib:/opt/ros/jazzy/lib/x86_64-linux-gnu:/opt/ros/jazzy/opt/gz_math_vendor/lib:/opt/ros/jazzy/opt/gz_utils_vendor/lib:/opt/ros/jazzy/opt/gz_tools_vendor/lib:/opt/ros/jazzy/opt/gz_cmake_vendor/lib:/opt/ros/jazzy/lib PYTHONPATH=/home/nicola/OneDrive/Magistrale/AIRP/AIPR/ProgrammazionedeiRobot/EsercitazioneairpMio/ros_esercitazione/IIWA/install/interfaces/lib/python3.12/site-packages:/home/nicola/Desktop/Esercitazione_airp/IIWA/install/interfaces/lib/python3.12/site-packages:/opt/ros/jazzy/lib/python3.12/site-packages /usr/bin/cmake --build /home/nicola/OneDrive/Magistrale/AIRP/AIPR/ProgrammazionedeiRobot/EsercitazioneairpMio/ros_esercitazione/IIWA/build/nodes -- -j8 -l8
[25.198s] Level 1:colcon.colcon_core.environment:checking '/home/nicola/OneDrive/Magistrale/AIRP/AIPR/ProgrammazionedeiRobot/EsercitazioneairpMio/ros_esercitazione/IIWA/install/nodes' for CMake module files
[25.200s] Level 1:colcon.colcon_core.environment:checking '/home/nicola/OneDrive/Magistrale/AIRP/AIPR/ProgrammazionedeiRobot/EsercitazioneairpMio/ros_esercitazione/IIWA/install/nodes' for CMake config files
[25.201s] Level 1:colcon.colcon_core.shell:create_environment_hook('nodes', 'cmake_prefix_path')
[25.201s] INFO:colcon.colcon_core.shell:Creating environment hook '/home/nicola/OneDrive/Magistrale/AIRP/AIPR/ProgrammazionedeiRobot/EsercitazioneairpMio/ros_esercitazione/IIWA/install/nodes/share/nodes/hook/cmake_prefix_path.ps1'
[25.203s] INFO:colcon.colcon_core.shell:Creating environment descriptor '/home/nicola/OneDrive/Magistrale/AIRP/AIPR/ProgrammazionedeiRobot/EsercitazioneairpMio/ros_esercitazione/IIWA/install/nodes/share/nodes/hook/cmake_prefix_path.dsv'
[25.205s] INFO:colcon.colcon_core.shell:Creating environment hook '/home/nicola/OneDrive/Magistrale/AIRP/AIPR/ProgrammazionedeiRobot/EsercitazioneairpMio/ros_esercitazione/IIWA/install/nodes/share/nodes/hook/cmake_prefix_path.sh'
[25.207s] Level 1:colcon.colcon_core.environment:checking '/home/nicola/OneDrive/Magistrale/AIRP/AIPR/ProgrammazionedeiRobot/EsercitazioneairpMio/ros_esercitazione/IIWA/install/nodes/lib'
[25.207s] Level 1:colcon.colcon_core.environment:checking '/home/nicola/OneDrive/Magistrale/AIRP/AIPR/ProgrammazionedeiRobot/EsercitazioneairpMio/ros_esercitazione/IIWA/install/nodes/bin'
[25.208s] Level 1:colcon.colcon_core.environment:checking '/home/nicola/OneDrive/Magistrale/AIRP/AIPR/ProgrammazionedeiRobot/EsercitazioneairpMio/ros_esercitazione/IIWA/install/nodes/lib/pkgconfig/nodes.pc'
[25.208s] Level 1:colcon.colcon_core.environment:checking '/home/nicola/OneDrive/Magistrale/AIRP/AIPR/ProgrammazionedeiRobot/EsercitazioneairpMio/ros_esercitazione/IIWA/install/nodes/lib/python3.12/site-packages'
[25.209s] Level 1:colcon.colcon_core.environment:checking '/home/nicola/OneDrive/Magistrale/AIRP/AIPR/ProgrammazionedeiRobot/EsercitazioneairpMio/ros_esercitazione/IIWA/install/nodes/bin'
[25.209s] INFO:colcon.colcon_core.shell:Creating package script '/home/nicola/OneDrive/Magistrale/AIRP/AIPR/ProgrammazionedeiRobot/EsercitazioneairpMio/ros_esercitazione/IIWA/install/nodes/share/nodes/package.ps1'
[25.211s] INFO:colcon.colcon_core.shell:Creating package descriptor '/home/nicola/OneDrive/Magistrale/AIRP/AIPR/ProgrammazionedeiRobot/EsercitazioneairpMio/ros_esercitazione/IIWA/install/nodes/share/nodes/package.dsv'
[25.212s] INFO:colcon.colcon_core.shell:Creating package script '/home/nicola/OneDrive/Magistrale/AIRP/AIPR/ProgrammazionedeiRobot/EsercitazioneairpMio/ros_esercitazione/IIWA/install/nodes/share/nodes/package.sh'
[25.213s] INFO:colcon.colcon_core.shell:Creating package script '/home/nicola/OneDrive/Magistrale/AIRP/AIPR/ProgrammazionedeiRobot/EsercitazioneairpMio/ros_esercitazione/IIWA/install/nodes/share/nodes/package.bash'
[25.215s] INFO:colcon.colcon_core.shell:Creating package script '/home/nicola/OneDrive/Magistrale/AIRP/AIPR/ProgrammazionedeiRobot/EsercitazioneairpMio/ros_esercitazione/IIWA/install/nodes/share/nodes/package.zsh'
[25.216s] Level 1:colcon.colcon_core.environment:create_file_with_runtime_dependencies(/home/nicola/OneDrive/Magistrale/AIRP/AIPR/ProgrammazionedeiRobot/EsercitazioneairpMio/ros_esercitazione/IIWA/install/nodes/share/colcon-core/packages/nodes)
[25.227s] DEBUG:colcon.colcon_parallel_executor.executor.parallel:closing loop
[25.228s] DEBUG:colcon.colcon_parallel_executor.executor.parallel:loop closed
[25.228s] DEBUG:colcon.colcon_parallel_executor.executor.parallel:run_until_complete finished with '2'
[25.228s] DEBUG:colcon.colcon_core.event_reactor:joining thread
[25.249s] INFO:colcon.colcon_core.plugin_system:Skipping extension 'colcon_notification.desktop_notification.terminal_notifier': Not used on non-Darwin systems
[25.249s] INFO:colcon.colcon_core.plugin_system:Skipping extension 'colcon_notification.desktop_notification.win32': Not used on non-Windows systems
[25.249s] INFO:colcon.colcon_notification.desktop_notification:Sending desktop notification using 'notify2'
[25.292s] DEBUG:colcon.colcon_core.event_reactor:joined thread
[25.293s] INFO:colcon.colcon_core.shell:Creating prefix script '/home/nicola/OneDrive/Magistrale/AIRP/AIPR/ProgrammazionedeiRobot/EsercitazioneairpMio/ros_esercitazione/IIWA/install/local_setup.ps1'
[25.294s] INFO:colcon.colcon_core.shell:Creating prefix util module '/home/nicola/OneDrive/Magistrale/AIRP/AIPR/ProgrammazionedeiRobot/EsercitazioneairpMio/ros_esercitazione/IIWA/install/_local_setup_util_ps1.py'
[25.297s] INFO:colcon.colcon_core.shell:Creating prefix chain script '/home/nicola/OneDrive/Magistrale/AIRP/AIPR/ProgrammazionedeiRobot/EsercitazioneairpMio/ros_esercitazione/IIWA/install/setup.ps1'
[25.300s] INFO:colcon.colcon_core.shell:Creating prefix script '/home/nicola/OneDrive/Magistrale/AIRP/AIPR/ProgrammazionedeiRobot/EsercitazioneairpMio/ros_esercitazione/IIWA/install/local_setup.sh'
[25.301s] INFO:colcon.colcon_core.shell:Creating prefix util module '/home/nicola/OneDrive/Magistrale/AIRP/AIPR/ProgrammazionedeiRobot/EsercitazioneairpMio/ros_esercitazione/IIWA/install/_local_setup_util_sh.py'
[25.303s] INFO:colcon.colcon_core.shell:Creating prefix chain script '/home/nicola/OneDrive/Magistrale/AIRP/AIPR/ProgrammazionedeiRobot/EsercitazioneairpMio/ros_esercitazione/IIWA/install/setup.sh'
[25.307s] INFO:colcon.colcon_core.shell:Creating prefix script '/home/nicola/OneDrive/Magistrale/AIRP/AIPR/ProgrammazionedeiRobot/EsercitazioneairpMio/ros_esercitazione/IIWA/install/local_setup.bash'
[25.308s] INFO:colcon.colcon_core.shell:Creating prefix chain script '/home/nicola/OneDrive/Magistrale/AIRP/AIPR/ProgrammazionedeiRobot/EsercitazioneairpMio/ros_esercitazione/IIWA/install/setup.bash'
[25.312s] INFO:colcon.colcon_core.shell:Creating prefix script '/home/nicola/OneDrive/Magistrale/AIRP/AIPR/ProgrammazionedeiRobot/EsercitazioneairpMio/ros_esercitazione/IIWA/install/local_setup.zsh'
[25.313s] INFO:colcon.colcon_core.shell:Creating prefix chain script '/home/nicola/OneDrive/Magistrale/AIRP/AIPR/ProgrammazionedeiRobot/EsercitazioneairpMio/ros_esercitazione/IIWA/install/setup.zsh'
