[0.152s] Invoking command in '/home/nicola/Desktop/Progetto_Sapore/build/interfaces': CMAKE_PREFIX_PATH=${CMAKE_PREFIX_PATH}:/opt/ros/jazzy DEBUGINFOD_URLS=https://debuginfod.ubuntu.com /usr/bin/cmake --build /home/nicola/Desktop/Progetto_Sapore/build/interfaces -- -j8 -l8
[0.271s] [  2%] Built target interfaces__rosidl_generator_type_description
[0.271s] [  2%] Built target ament_cmake_python_copy_interfaces
[0.271s] [  5%] Built target interfaces__cpp
[0.271s] [ 20%] Built target interfaces__rosidl_generator_c
[0.271s] [ 29%] Built target interfaces__rosidl_typesupport_fastrtps_cpp
[0.271s] [ 44%] Built target interfaces__rosidl_typesupport_cpp
[0.272s] [ 47%] Built target interfaces__rosidl_typesupport_introspection_c
[0.272s] [ 55%] Built target interfaces__rosidl_typesupport_c
[0.272s] [ 70%] Built target interfaces__rosidl_typesupport_fastrtps_c
[0.272s] [ 73%] Built target interfaces__rosidl_typesupport_introspection_cpp
[0.272s] [ 73%] Built target interfaces
[0.273s] [ 76%] Built target interfaces__py
[0.296s] [ 82%] Built target interfaces__rosidl_generator_py
[0.320s] [100%] Built target interfaces_s__rosidl_typesupport_c
[0.321s] [100%] Built target interfaces_s__rosidl_typesupport_fastrtps_c
[0.321s] [100%] Built target interfaces_s__rosidl_typesupport_introspection_c
[0.418s] running egg_info
[0.441s] writing interfaces.egg-info/PKG-INFO
[0.466s] writing dependency_links to interfaces.egg-info/dependency_links.txt
[0.484s] writing top-level names to interfaces.egg-info/top_level.txt
[0.561s] reading manifest file 'interfaces.egg-info/SOURCES.txt'
[0.561s] writing manifest file 'interfaces.egg-info/SOURCES.txt'
[0.597s] [100%] Built target ament_cmake_python_build_interfaces_egg
[0.847s] Invoked command in '/home/nicola/Desktop/Progetto_Sapore/build/interfaces' returned '0': CMAKE_PREFIX_PATH=${CMAKE_PREFIX_PATH}:/opt/ros/jazzy DEBUGINFOD_URLS=https://debuginfod.ubuntu.com /usr/bin/cmake --build /home/nicola/Desktop/Progetto_Sapore/build/interfaces -- -j8 -l8
[0.848s] Invoking command in '/home/nicola/Desktop/Progetto_Sapore/build/interfaces': CMAKE_PREFIX_PATH=${CMAKE_PREFIX_PATH}:/opt/ros/jazzy DEBUGINFOD_URLS=https://debuginfod.ubuntu.com /usr/bin/cmake --install /home/nicola/Desktop/Progetto_Sapore/build/interfaces
[0.855s] -- Install configuration: ""
[0.855s] -- Up-to-date: /home/nicola/Desktop/Progetto_Sapore/install/interfaces/share/ament_index/resource_index/rosidl_interfaces/interfaces
[0.855s] -- Up-to-date: /home/nicola/Desktop/Progetto_Sapore/install/interfaces/share/interfaces/action/Jtraj.json
[0.856s] -- Up-to-date: /home/nicola/Desktop/Progetto_Sapore/install/interfaces/include/interfaces/interfaces
[0.857s] -- Up-to-date: /home/nicola/Desktop/Progetto_Sapore/install/interfaces/include/interfaces/interfaces/msg
[0.857s] -- Up-to-date: /home/nicola/Desktop/Progetto_Sapore/install/interfaces/include/interfaces/interfaces/msg/rosidl_generator_c__visibility_control.h
[0.857s] -- Up-to-date: /home/nicola/Desktop/Progetto_Sapore/install/interfaces/include/interfaces/interfaces/action
[0.857s] -- Up-to-date: /home/nicola/Desktop/Progetto_Sapore/install/interfaces/include/interfaces/interfaces/action/detail
[0.857s] -- Up-to-date: /home/nicola/Desktop/Progetto_Sapore/install/interfaces/include/interfaces/interfaces/action/detail/jtraj__description.c
[0.857s] -- Up-to-date: /home/nicola/Desktop/Progetto_Sapore/install/interfaces/include/interfaces/interfaces/action/detail/jtraj__functions.c
[0.857s] -- Up-to-date: /home/nicola/Desktop/Progetto_Sapore/install/interfaces/include/interfaces/interfaces/action/detail/jtraj__struct.h
[0.860s] -- Up-to-date: /home/nicola/Desktop/Progetto_Sapore/install/interfaces/include/interfaces/interfaces/action/detail/jtraj__type_support.h
[0.861s] -- Up-to-date: /home/nicola/Desktop/Progetto_Sapore/install/interfaces/include/interfaces/interfaces/action/detail/jtraj__functions.h
[0.861s] -- Up-to-date: /home/nicola/Desktop/Progetto_Sapore/install/interfaces/include/interfaces/interfaces/action/detail/jtraj__type_support.c
[0.861s] -- Up-to-date: /home/nicola/Desktop/Progetto_Sapore/install/interfaces/include/interfaces/interfaces/action/jtraj.h
[0.861s] -- Up-to-date: /home/nicola/Desktop/Progetto_Sapore/install/interfaces/share/interfaces/environment/library_path.sh
[0.862s] -- Up-to-date: /home/nicola/Desktop/Progetto_Sapore/install/interfaces/share/interfaces/environment/library_path.dsv
[0.862s] -- Up-to-date: /home/nicola/Desktop/Progetto_Sapore/install/interfaces/lib/libinterfaces__rosidl_generator_c.so
[0.862s] -- Up-to-date: /home/nicola/Desktop/Progetto_Sapore/install/interfaces/include/interfaces/interfaces
[0.862s] -- Up-to-date: /home/nicola/Desktop/Progetto_Sapore/install/interfaces/include/interfaces/interfaces/msg
[0.862s] -- Up-to-date: /home/nicola/Desktop/Progetto_Sapore/install/interfaces/include/interfaces/interfaces/msg/rosidl_typesupport_fastrtps_c__visibility_control.h
[0.862s] -- Up-to-date: /home/nicola/Desktop/Progetto_Sapore/install/interfaces/include/interfaces/interfaces/action
[0.863s] -- Up-to-date: /home/nicola/Desktop/Progetto_Sapore/install/interfaces/include/interfaces/interfaces/action/detail
[0.863s] -- Up-to-date: /home/nicola/Desktop/Progetto_Sapore/install/interfaces/include/interfaces/interfaces/action/detail/jtraj__rosidl_typesupport_fastrtps_c.h
[0.863s] -- Up-to-date: /home/nicola/Desktop/Progetto_Sapore/install/interfaces/lib/libinterfaces__rosidl_typesupport_fastrtps_c.so
[0.863s] -- Up-to-date: /home/nicola/Desktop/Progetto_Sapore/install/interfaces/include/interfaces/interfaces
[0.863s] -- Up-to-date: /home/nicola/Desktop/Progetto_Sapore/install/interfaces/include/interfaces/interfaces/msg
[0.863s] -- Up-to-date: /home/nicola/Desktop/Progetto_Sapore/install/interfaces/include/interfaces/interfaces/msg/rosidl_typesupport_introspection_c__visibility_control.h
[0.863s] -- Up-to-date: /home/nicola/Desktop/Progetto_Sapore/install/interfaces/include/interfaces/interfaces/action
[0.863s] -- Up-to-date: /home/nicola/Desktop/Progetto_Sapore/install/interfaces/include/interfaces/interfaces/action/detail
[0.863s] -- Up-to-date: /home/nicola/Desktop/Progetto_Sapore/install/interfaces/include/interfaces/interfaces/action/detail/jtraj__rosidl_typesupport_introspection_c.h
[0.863s] -- Up-to-date: /home/nicola/Desktop/Progetto_Sapore/install/interfaces/include/interfaces/interfaces/action/detail/jtraj__type_support.c
[0.863s] -- Up-to-date: /home/nicola/Desktop/Progetto_Sapore/install/interfaces/lib/libinterfaces__rosidl_typesupport_introspection_c.so
[0.863s] -- Up-to-date: /home/nicola/Desktop/Progetto_Sapore/install/interfaces/lib/libinterfaces__rosidl_typesupport_c.so
[0.863s] -- Up-to-date: /home/nicola/Desktop/Progetto_Sapore/install/interfaces/include/interfaces/interfaces
[0.864s] -- Up-to-date: /home/nicola/Desktop/Progetto_Sapore/install/interfaces/include/interfaces/interfaces/msg
[0.864s] -- Up-to-date: /home/nicola/Desktop/Progetto_Sapore/install/interfaces/include/interfaces/interfaces/msg/rosidl_generator_cpp__visibility_control.hpp
[0.864s] -- Up-to-date: /home/nicola/Desktop/Progetto_Sapore/install/interfaces/include/interfaces/interfaces/action
[0.864s] -- Up-to-date: /home/nicola/Desktop/Progetto_Sapore/install/interfaces/include/interfaces/interfaces/action/jtraj.hpp
[0.864s] -- Up-to-date: /home/nicola/Desktop/Progetto_Sapore/install/interfaces/include/interfaces/interfaces/action/detail
[0.864s] -- Up-to-date: /home/nicola/Desktop/Progetto_Sapore/install/interfaces/include/interfaces/interfaces/action/detail/jtraj__type_support.hpp
[0.864s] -- Up-to-date: /home/nicola/Desktop/Progetto_Sapore/install/interfaces/include/interfaces/interfaces/action/detail/jtraj__builder.hpp
[0.866s] -- Up-to-date: /home/nicola/Desktop/Progetto_Sapore/install/interfaces/include/interfaces/interfaces/action/detail/jtraj__traits.hpp
[0.866s] -- Up-to-date: /home/nicola/Desktop/Progetto_Sapore/install/interfaces/include/interfaces/interfaces/action/detail/jtraj__struct.hpp
[0.866s] -- Up-to-date: /home/nicola/Desktop/Progetto_Sapore/install/interfaces/include/interfaces/interfaces
[0.866s] -- Up-to-date: /home/nicola/Desktop/Progetto_Sapore/install/interfaces/include/interfaces/interfaces/msg
[0.866s] -- Up-to-date: /home/nicola/Desktop/Progetto_Sapore/install/interfaces/include/interfaces/interfaces/msg/rosidl_typesupport_fastrtps_cpp__visibility_control.h
[0.866s] -- Up-to-date: /home/nicola/Desktop/Progetto_Sapore/install/interfaces/include/interfaces/interfaces/action
[0.866s] -- Up-to-date: /home/nicola/Desktop/Progetto_Sapore/install/interfaces/include/interfaces/interfaces/action/detail
[0.866s] -- Up-to-date: /home/nicola/Desktop/Progetto_Sapore/install/interfaces/include/interfaces/interfaces/action/detail/jtraj__rosidl_typesupport_fastrtps_cpp.hpp
[0.866s] -- Up-to-date: /home/nicola/Desktop/Progetto_Sapore/install/interfaces/include/interfaces/interfaces/action/detail/dds_fastrtps
[0.866s] -- Up-to-date: /home/nicola/Desktop/Progetto_Sapore/install/interfaces/lib/libinterfaces__rosidl_typesupport_fastrtps_cpp.so
[0.866s] -- Up-to-date: /home/nicola/Desktop/Progetto_Sapore/install/interfaces/include/interfaces/interfaces
[0.867s] -- Up-to-date: /home/nicola/Desktop/Progetto_Sapore/install/interfaces/include/interfaces/interfaces/action
[0.867s] -- Up-to-date: /home/nicola/Desktop/Progetto_Sapore/install/interfaces/include/interfaces/interfaces/action/detail
[0.867s] -- Up-to-date: /home/nicola/Desktop/Progetto_Sapore/install/interfaces/include/interfaces/interfaces/action/detail/jtraj__rosidl_typesupport_introspection_cpp.hpp
[0.867s] -- Up-to-date: /home/nicola/Desktop/Progetto_Sapore/install/interfaces/include/interfaces/interfaces/action/detail/jtraj__type_support.cpp
[0.867s] -- Up-to-date: /home/nicola/Desktop/Progetto_Sapore/install/interfaces/lib/libinterfaces__rosidl_typesupport_introspection_cpp.so
[0.867s] -- Up-to-date: /home/nicola/Desktop/Progetto_Sapore/install/interfaces/lib/libinterfaces__rosidl_typesupport_cpp.so
[0.867s] -- Up-to-date: /home/nicola/Desktop/Progetto_Sapore/install/interfaces/share/interfaces/environment/pythonpath.sh
[0.867s] -- Up-to-date: /home/nicola/Desktop/Progetto_Sapore/install/interfaces/share/interfaces/environment/pythonpath.dsv
[0.867s] -- Up-to-date: /home/nicola/Desktop/Progetto_Sapore/install/interfaces/lib/python3.12/site-packages/interfaces-0.0.0-py3.12.egg-info
[0.867s] -- Installing: /home/nicola/Desktop/Progetto_Sapore/install/interfaces/lib/python3.12/site-packages/interfaces-0.0.0-py3.12.egg-info/dependency_links.txt
[0.867s] -- Installing: /home/nicola/Desktop/Progetto_Sapore/install/interfaces/lib/python3.12/site-packages/interfaces-0.0.0-py3.12.egg-info/SOURCES.txt
[0.867s] -- Installing: /home/nicola/Desktop/Progetto_Sapore/install/interfaces/lib/python3.12/site-packages/interfaces-0.0.0-py3.12.egg-info/top_level.txt
[0.868s] -- Installing: /home/nicola/Desktop/Progetto_Sapore/install/interfaces/lib/python3.12/site-packages/interfaces-0.0.0-py3.12.egg-info/PKG-INFO
[0.868s] -- Up-to-date: /home/nicola/Desktop/Progetto_Sapore/install/interfaces/lib/python3.12/site-packages/interfaces
[0.868s] -- Up-to-date: /home/nicola/Desktop/Progetto_Sapore/install/interfaces/lib/python3.12/site-packages/interfaces/_interfaces_s.ep.rosidl_typesupport_c.c
[0.868s] -- Up-to-date: /home/nicola/Desktop/Progetto_Sapore/install/interfaces/lib/python3.12/site-packages/interfaces/__init__.py
[0.868s] -- Up-to-date: /home/nicola/Desktop/Progetto_Sapore/install/interfaces/lib/python3.12/site-packages/interfaces/interfaces_s__rosidl_typesupport_c.so
[0.868s] -- Up-to-date: /home/nicola/Desktop/Progetto_Sapore/install/interfaces/lib/python3.12/site-packages/interfaces/interfaces_s__rosidl_typesupport_fastrtps_c.so
[0.868s] -- Up-to-date: /home/nicola/Desktop/Progetto_Sapore/install/interfaces/lib/python3.12/site-packages/interfaces/action
[0.868s] -- Up-to-date: /home/nicola/Desktop/Progetto_Sapore/install/interfaces/lib/python3.12/site-packages/interfaces/action/__init__.py
[0.868s] -- Up-to-date: /home/nicola/Desktop/Progetto_Sapore/install/interfaces/lib/python3.12/site-packages/interfaces/action/_jtraj_s.c
[0.868s] -- Up-to-date: /home/nicola/Desktop/Progetto_Sapore/install/interfaces/lib/python3.12/site-packages/interfaces/action/_jtraj.py
[0.868s] -- Up-to-date: /home/nicola/Desktop/Progetto_Sapore/install/interfaces/lib/python3.12/site-packages/interfaces/_interfaces_s.ep.rosidl_typesupport_fastrtps_c.c
[0.868s] -- Up-to-date: /home/nicola/Desktop/Progetto_Sapore/install/interfaces/lib/python3.12/site-packages/interfaces/interfaces_s__rosidl_typesupport_introspection_c.so
[0.869s] -- Up-to-date: /home/nicola/Desktop/Progetto_Sapore/install/interfaces/lib/python3.12/site-packages/interfaces/_interfaces_s.ep.rosidl_typesupport_introspection_c.c
[0.896s] Listing '/home/nicola/Desktop/Progetto_Sapore/install/interfaces/lib/python3.12/site-packages/interfaces'...
[0.896s] Listing '/home/nicola/Desktop/Progetto_Sapore/install/interfaces/lib/python3.12/site-packages/interfaces/action'...
[0.901s] -- Up-to-date: /home/nicola/Desktop/Progetto_Sapore/install/interfaces/lib/python3.12/site-packages/interfaces/interfaces_s__rosidl_typesupport_fastrtps_c.so
[0.901s] -- Up-to-date: /home/nicola/Desktop/Progetto_Sapore/install/interfaces/lib/python3.12/site-packages/interfaces/interfaces_s__rosidl_typesupport_introspection_c.so
[0.902s] -- Up-to-date: /home/nicola/Desktop/Progetto_Sapore/install/interfaces/lib/python3.12/site-packages/interfaces/interfaces_s__rosidl_typesupport_c.so
[0.902s] -- Up-to-date: /home/nicola/Desktop/Progetto_Sapore/install/interfaces/lib/libinterfaces__rosidl_generator_py.so
[0.902s] -- Up-to-date: /home/nicola/Desktop/Progetto_Sapore/install/interfaces/share/interfaces/action/Jtraj.idl
[0.902s] -- Up-to-date: /home/nicola/Desktop/Progetto_Sapore/install/interfaces/share/interfaces/action/Jtraj.action
[0.902s] -- Up-to-date: /home/nicola/Desktop/Progetto_Sapore/install/interfaces/share/ament_index/resource_index/package_run_dependencies/interfaces
[0.902s] -- Up-to-date: /home/nicola/Desktop/Progetto_Sapore/install/interfaces/share/ament_index/resource_index/parent_prefix_path/interfaces
[0.902s] -- Up-to-date: /home/nicola/Desktop/Progetto_Sapore/install/interfaces/share/interfaces/environment/ament_prefix_path.sh
[0.902s] -- Up-to-date: /home/nicola/Desktop/Progetto_Sapore/install/interfaces/share/interfaces/environment/ament_prefix_path.dsv
[0.902s] -- Up-to-date: /home/nicola/Desktop/Progetto_Sapore/install/interfaces/share/interfaces/environment/path.sh
[0.902s] -- Up-to-date: /home/nicola/Desktop/Progetto_Sapore/install/interfaces/share/interfaces/environment/path.dsv
[0.903s] -- Up-to-date: /home/nicola/Desktop/Progetto_Sapore/install/interfaces/share/interfaces/local_setup.bash
[0.903s] -- Up-to-date: /home/nicola/Desktop/Progetto_Sapore/install/interfaces/share/interfaces/local_setup.sh
[0.903s] -- Up-to-date: /home/nicola/Desktop/Progetto_Sapore/install/interfaces/share/interfaces/local_setup.zsh
[0.903s] -- Up-to-date: /home/nicola/Desktop/Progetto_Sapore/install/interfaces/share/interfaces/local_setup.dsv
[0.903s] -- Installing: /home/nicola/Desktop/Progetto_Sapore/install/interfaces/share/interfaces/package.dsv
[0.903s] -- Up-to-date: /home/nicola/Desktop/Progetto_Sapore/install/interfaces/share/ament_index/resource_index/packages/interfaces
[0.903s] -- Up-to-date: /home/nicola/Desktop/Progetto_Sapore/install/interfaces/share/interfaces/cmake/export_interfaces__rosidl_generator_cExport.cmake
[0.903s] -- Up-to-date: /home/nicola/Desktop/Progetto_Sapore/install/interfaces/share/interfaces/cmake/export_interfaces__rosidl_generator_cExport-noconfig.cmake
[0.903s] -- Up-to-date: /home/nicola/Desktop/Progetto_Sapore/install/interfaces/share/interfaces/cmake/export_interfaces__rosidl_typesupport_fastrtps_cExport.cmake
[0.903s] -- Up-to-date: /home/nicola/Desktop/Progetto_Sapore/install/interfaces/share/interfaces/cmake/export_interfaces__rosidl_typesupport_fastrtps_cExport-noconfig.cmake
[0.903s] -- Up-to-date: /home/nicola/Desktop/Progetto_Sapore/install/interfaces/share/interfaces/cmake/interfaces__rosidl_typesupport_introspection_cExport.cmake
[0.904s] -- Up-to-date: /home/nicola/Desktop/Progetto_Sapore/install/interfaces/share/interfaces/cmake/interfaces__rosidl_typesupport_introspection_cExport-noconfig.cmake
[0.904s] -- Up-to-date: /home/nicola/Desktop/Progetto_Sapore/install/interfaces/share/interfaces/cmake/interfaces__rosidl_typesupport_cExport.cmake
[0.904s] -- Up-to-date: /home/nicola/Desktop/Progetto_Sapore/install/interfaces/share/interfaces/cmake/interfaces__rosidl_typesupport_cExport-noconfig.cmake
[0.904s] -- Up-to-date: /home/nicola/Desktop/Progetto_Sapore/install/interfaces/share/interfaces/cmake/export_interfaces__rosidl_generator_cppExport.cmake
[0.904s] -- Up-to-date: /home/nicola/Desktop/Progetto_Sapore/install/interfaces/share/interfaces/cmake/export_interfaces__rosidl_typesupport_fastrtps_cppExport.cmake
[0.904s] -- Up-to-date: /home/nicola/Desktop/Progetto_Sapore/install/interfaces/share/interfaces/cmake/export_interfaces__rosidl_typesupport_fastrtps_cppExport-noconfig.cmake
[0.904s] -- Up-to-date: /home/nicola/Desktop/Progetto_Sapore/install/interfaces/share/interfaces/cmake/interfaces__rosidl_typesupport_introspection_cppExport.cmake
[0.904s] -- Up-to-date: /home/nicola/Desktop/Progetto_Sapore/install/interfaces/share/interfaces/cmake/interfaces__rosidl_typesupport_introspection_cppExport-noconfig.cmake
[0.904s] -- Up-to-date: /home/nicola/Desktop/Progetto_Sapore/install/interfaces/share/interfaces/cmake/interfaces__rosidl_typesupport_cppExport.cmake
[0.905s] -- Up-to-date: /home/nicola/Desktop/Progetto_Sapore/install/interfaces/share/interfaces/cmake/interfaces__rosidl_typesupport_cppExport-noconfig.cmake
[0.905s] -- Up-to-date: /home/nicola/Desktop/Progetto_Sapore/install/interfaces/share/interfaces/cmake/export_interfaces__rosidl_generator_pyExport.cmake
[0.905s] -- Up-to-date: /home/nicola/Desktop/Progetto_Sapore/install/interfaces/share/interfaces/cmake/export_interfaces__rosidl_generator_pyExport-noconfig.cmake
[0.905s] -- Up-to-date: /home/nicola/Desktop/Progetto_Sapore/install/interfaces/share/interfaces/cmake/rosidl_cmake-extras.cmake
[0.905s] -- Up-to-date: /home/nicola/Desktop/Progetto_Sapore/install/interfaces/share/interfaces/cmake/ament_cmake_export_dependencies-extras.cmake
[0.905s] -- Up-to-date: /home/nicola/Desktop/Progetto_Sapore/install/interfaces/share/interfaces/cmake/ament_cmake_export_include_directories-extras.cmake
[0.905s] -- Up-to-date: /home/nicola/Desktop/Progetto_Sapore/install/interfaces/share/interfaces/cmake/ament_cmake_export_libraries-extras.cmake
[0.906s] -- Up-to-date: /home/nicola/Desktop/Progetto_Sapore/install/interfaces/share/interfaces/cmake/ament_cmake_export_targets-extras.cmake
[0.906s] -- Up-to-date: /home/nicola/Desktop/Progetto_Sapore/install/interfaces/share/interfaces/cmake/rosidl_cmake_export_typesupport_targets-extras.cmake
[0.906s] -- Up-to-date: /home/nicola/Desktop/Progetto_Sapore/install/interfaces/share/interfaces/cmake/rosidl_cmake_export_typesupport_libraries-extras.cmake
[0.906s] -- Up-to-date: /home/nicola/Desktop/Progetto_Sapore/install/interfaces/share/interfaces/cmake/interfacesConfig.cmake
[0.906s] -- Up-to-date: /home/nicola/Desktop/Progetto_Sapore/install/interfaces/share/interfaces/cmake/interfacesConfig-version.cmake
[0.906s] -- Up-to-date: /home/nicola/Desktop/Progetto_Sapore/install/interfaces/share/interfaces/package.xml
[1.010s] Invoked command in '/home/nicola/Desktop/Progetto_Sapore/build/interfaces' returned '0': CMAKE_PREFIX_PATH=${CMAKE_PREFIX_PATH}:/opt/ros/jazzy DEBUGINFOD_URLS=https://debuginfod.ubuntu.com /usr/bin/cmake --install /home/nicola/Desktop/Progetto_Sapore/build/interfaces
