[0.127s] DEBUG:colcon:Command line arguments: ['/usr/bin/colcon', 'build']
[0.128s] DEBUG:colcon:Parsed command line arguments: Namespace(log_base=None, log_level=None, verb_name='build', build_base='build', install_base='install', merge_install=False, symlink_install=False, test_result_base=None, continue_on_error=False, executor='parallel', parallel_workers=8, event_handlers=None, ignore_user_meta=False, metas=['./colcon.meta'], base_paths=['.'], packages_ignore=None, packages_ignore_regex=None, paths=None, packages_up_to=None, packages_up_to_regex=None, packages_above=None, packages_above_and_dependencies=None, packages_above_depth=None, packages_select_by_dep=None, packages_skip_by_dep=None, packages_skip_up_to=None, packages_select_build_failed=False, packages_skip_build_finished=False, packages_select_test_failures=False, packages_skip_test_passed=False, packages_select=None, packages_skip=None, packages_select_regex=None, packages_skip_regex=None, packages_start=None, packages_end=None, allow_overriding=[], cmake_args=None, cmake_target=None, cmake_target_skip_unavailable=False, cmake_clean_cache=False, cmake_clean_first=False, cmake_force_configure=False, ament_cmake_args=None, catkin_cmake_args=None, catkin_skip_building_tests=False, mixin_files=None, mixin=None, verb_parser=<colcon_mixin.mixin.mixin_argument.MixinArgumentDecorator object at 0x797678a89550>, verb_extension=<colcon_core.verb.build.BuildVerb object at 0x797678a89280>, main=<bound method BuildVerb.main of <colcon_core.verb.build.BuildVerb object at 0x797678a89280>>, mixin_verb=('build',))
[0.165s] Level 1:colcon.colcon_core.package_discovery:discover_packages(colcon_meta) check parameters
[0.165s] Level 1:colcon.colcon_core.package_discovery:discover_packages(recursive) check parameters
[0.165s] Level 1:colcon.colcon_core.package_discovery:discover_packages(ignore) check parameters
[0.165s] Level 1:colcon.colcon_core.package_discovery:discover_packages(path) check parameters
[0.165s] Level 1:colcon.colcon_core.package_discovery:discover_packages(colcon_meta) discover
[0.165s] Level 1:colcon.colcon_core.package_discovery:discover_packages(recursive) discover
[0.165s] INFO:colcon.colcon_core.package_discovery:Crawling recursively for packages in '/home/nicola/Desktop/Progetto_Sapore'
[0.165s] Level 1:colcon.colcon_core.package_identification:_identify(.) by extensions ['ignore', 'ignore_ament_install']
[0.165s] Level 1:colcon.colcon_core.package_identification:_identify(.) by extension 'ignore'
[0.165s] Level 1:colcon.colcon_core.package_identification:_identify(.) by extension 'ignore_ament_install'
[0.165s] Level 1:colcon.colcon_core.package_identification:_identify(.) by extensions ['colcon_pkg']
[0.165s] Level 1:colcon.colcon_core.package_identification:_identify(.) by extension 'colcon_pkg'
[0.165s] Level 1:colcon.colcon_core.package_identification:_identify(.) by extensions ['colcon_meta']
[0.165s] Level 1:colcon.colcon_core.package_identification:_identify(.) by extension 'colcon_meta'
[0.165s] Level 1:colcon.colcon_core.package_identification:_identify(.) by extensions ['ros']
[0.165s] Level 1:colcon.colcon_core.package_identification:_identify(.) by extension 'ros'
[0.190s] Level 1:colcon.colcon_core.package_identification:_identify(.) by extensions ['cmake', 'python']
[0.190s] Level 1:colcon.colcon_core.package_identification:_identify(.) by extension 'cmake'
[0.190s] Level 1:colcon.colcon_core.package_identification:_identify(.) by extension 'python'
[0.190s] Level 1:colcon.colcon_core.package_identification:_identify(.) by extensions ['python_setup_py']
[0.190s] Level 1:colcon.colcon_core.package_identification:_identify(.) by extension 'python_setup_py'
[0.191s] Level 1:colcon.colcon_core.package_identification:_identify(build) by extensions ['ignore', 'ignore_ament_install']
[0.191s] Level 1:colcon.colcon_core.package_identification:_identify(build) by extension 'ignore'
[0.191s] Level 1:colcon.colcon_core.package_identification:_identify(build) ignored
[0.191s] Level 1:colcon.colcon_core.package_identification:_identify(install) by extensions ['ignore', 'ignore_ament_install']
[0.191s] Level 1:colcon.colcon_core.package_identification:_identify(install) by extension 'ignore'
[0.191s] Level 1:colcon.colcon_core.package_identification:_identify(install) ignored
[0.191s] Level 1:colcon.colcon_core.package_identification:_identify(log) by extensions ['ignore', 'ignore_ament_install']
[0.191s] Level 1:colcon.colcon_core.package_identification:_identify(log) by extension 'ignore'
[0.191s] Level 1:colcon.colcon_core.package_identification:_identify(log) ignored
[0.191s] Level 1:colcon.colcon_core.package_identification:_identify(src) by extensions ['ignore', 'ignore_ament_install']
[0.191s] Level 1:colcon.colcon_core.package_identification:_identify(src) by extension 'ignore'
[0.191s] Level 1:colcon.colcon_core.package_identification:_identify(src) by extension 'ignore_ament_install'
[0.191s] Level 1:colcon.colcon_core.package_identification:_identify(src) by extensions ['colcon_pkg']
[0.192s] Level 1:colcon.colcon_core.package_identification:_identify(src) by extension 'colcon_pkg'
[0.192s] Level 1:colcon.colcon_core.package_identification:_identify(src) by extensions ['colcon_meta']
[0.192s] Level 1:colcon.colcon_core.package_identification:_identify(src) by extension 'colcon_meta'
[0.192s] Level 1:colcon.colcon_core.package_identification:_identify(src) by extensions ['ros']
[0.192s] Level 1:colcon.colcon_core.package_identification:_identify(src) by extension 'ros'
[0.192s] Level 1:colcon.colcon_core.package_identification:_identify(src) by extensions ['cmake', 'python']
[0.192s] Level 1:colcon.colcon_core.package_identification:_identify(src) by extension 'cmake'
[0.192s] Level 1:colcon.colcon_core.package_identification:_identify(src) by extension 'python'
[0.192s] Level 1:colcon.colcon_core.package_identification:_identify(src) by extensions ['python_setup_py']
[0.192s] Level 1:colcon.colcon_core.package_identification:_identify(src) by extension 'python_setup_py'
[0.192s] Level 1:colcon.colcon_core.package_identification:_identify(src/build_scene_package) by extensions ['ignore', 'ignore_ament_install']
[0.192s] Level 1:colcon.colcon_core.package_identification:_identify(src/build_scene_package) by extension 'ignore'
[0.192s] Level 1:colcon.colcon_core.package_identification:_identify(src/build_scene_package) by extension 'ignore_ament_install'
[0.192s] Level 1:colcon.colcon_core.package_identification:_identify(src/build_scene_package) by extensions ['colcon_pkg']
[0.192s] Level 1:colcon.colcon_core.package_identification:_identify(src/build_scene_package) by extension 'colcon_pkg'
[0.192s] Level 1:colcon.colcon_core.package_identification:_identify(src/build_scene_package) by extensions ['colcon_meta']
[0.192s] Level 1:colcon.colcon_core.package_identification:_identify(src/build_scene_package) by extension 'colcon_meta'
[0.192s] Level 1:colcon.colcon_core.package_identification:_identify(src/build_scene_package) by extensions ['ros']
[0.192s] Level 1:colcon.colcon_core.package_identification:_identify(src/build_scene_package) by extension 'ros'
[0.195s] DEBUG:colcon.colcon_core.package_identification:Package 'src/build_scene_package' with type 'ros.ament_cmake' and name 'build_scene_package'
[0.195s] Level 1:colcon.colcon_core.package_identification:_identify(src/iiwa_config_moveit_config) by extensions ['ignore', 'ignore_ament_install']
[0.195s] Level 1:colcon.colcon_core.package_identification:_identify(src/iiwa_config_moveit_config) by extension 'ignore'
[0.195s] Level 1:colcon.colcon_core.package_identification:_identify(src/iiwa_config_moveit_config) by extension 'ignore_ament_install'
[0.195s] Level 1:colcon.colcon_core.package_identification:_identify(src/iiwa_config_moveit_config) by extensions ['colcon_pkg']
[0.195s] Level 1:colcon.colcon_core.package_identification:_identify(src/iiwa_config_moveit_config) by extension 'colcon_pkg'
[0.195s] Level 1:colcon.colcon_core.package_identification:_identify(src/iiwa_config_moveit_config) by extensions ['colcon_meta']
[0.195s] Level 1:colcon.colcon_core.package_identification:_identify(src/iiwa_config_moveit_config) by extension 'colcon_meta'
[0.195s] Level 1:colcon.colcon_core.package_identification:_identify(src/iiwa_config_moveit_config) by extensions ['ros']
[0.195s] Level 1:colcon.colcon_core.package_identification:_identify(src/iiwa_config_moveit_config) by extension 'ros'
[0.196s] DEBUG:colcon.colcon_core.package_identification:Package 'src/iiwa_config_moveit_config' with type 'ros.ament_cmake' and name 'iiwa_config_moveit_config'
[0.196s] Level 1:colcon.colcon_core.package_identification:_identify(src/iiwa_description) by extensions ['ignore', 'ignore_ament_install']
[0.196s] Level 1:colcon.colcon_core.package_identification:_identify(src/iiwa_description) by extension 'ignore'
[0.196s] Level 1:colcon.colcon_core.package_identification:_identify(src/iiwa_description) by extension 'ignore_ament_install'
[0.196s] Level 1:colcon.colcon_core.package_identification:_identify(src/iiwa_description) by extensions ['colcon_pkg']
[0.196s] Level 1:colcon.colcon_core.package_identification:_identify(src/iiwa_description) by extension 'colcon_pkg'
[0.196s] Level 1:colcon.colcon_core.package_identification:_identify(src/iiwa_description) by extensions ['colcon_meta']
[0.196s] Level 1:colcon.colcon_core.package_identification:_identify(src/iiwa_description) by extension 'colcon_meta'
[0.196s] Level 1:colcon.colcon_core.package_identification:_identify(src/iiwa_description) by extensions ['ros']
[0.196s] Level 1:colcon.colcon_core.package_identification:_identify(src/iiwa_description) by extension 'ros'
[0.197s] DEBUG:colcon.colcon_core.package_identification:Package 'src/iiwa_description' with type 'ros.ament_cmake' and name 'iiwa_description'
[0.197s] Level 1:colcon.colcon_core.package_identification:_identify(src/interfaces) by extensions ['ignore', 'ignore_ament_install']
[0.197s] Level 1:colcon.colcon_core.package_identification:_identify(src/interfaces) by extension 'ignore'
[0.197s] Level 1:colcon.colcon_core.package_identification:_identify(src/interfaces) by extension 'ignore_ament_install'
[0.197s] Level 1:colcon.colcon_core.package_identification:_identify(src/interfaces) by extensions ['colcon_pkg']
[0.197s] Level 1:colcon.colcon_core.package_identification:_identify(src/interfaces) by extension 'colcon_pkg'
[0.197s] Level 1:colcon.colcon_core.package_identification:_identify(src/interfaces) by extensions ['colcon_meta']
[0.197s] Level 1:colcon.colcon_core.package_identification:_identify(src/interfaces) by extension 'colcon_meta'
[0.197s] Level 1:colcon.colcon_core.package_identification:_identify(src/interfaces) by extensions ['ros']
[0.197s] Level 1:colcon.colcon_core.package_identification:_identify(src/interfaces) by extension 'ros'
[0.198s] DEBUG:colcon.colcon_core.package_identification:Package 'src/interfaces' with type 'ros.ament_cmake' and name 'interfaces'
[0.198s] Level 1:colcon.colcon_core.package_identification:_identify(src/nodes) by extensions ['ignore', 'ignore_ament_install']
[0.198s] Level 1:colcon.colcon_core.package_identification:_identify(src/nodes) by extension 'ignore'
[0.198s] Level 1:colcon.colcon_core.package_identification:_identify(src/nodes) by extension 'ignore_ament_install'
[0.198s] Level 1:colcon.colcon_core.package_identification:_identify(src/nodes) by extensions ['colcon_pkg']
[0.198s] Level 1:colcon.colcon_core.package_identification:_identify(src/nodes) by extension 'colcon_pkg'
[0.198s] Level 1:colcon.colcon_core.package_identification:_identify(src/nodes) by extensions ['colcon_meta']
[0.198s] Level 1:colcon.colcon_core.package_identification:_identify(src/nodes) by extension 'colcon_meta'
[0.198s] Level 1:colcon.colcon_core.package_identification:_identify(src/nodes) by extensions ['ros']
[0.198s] Level 1:colcon.colcon_core.package_identification:_identify(src/nodes) by extension 'ros'
[0.199s] DEBUG:colcon.colcon_core.package_identification:Package 'src/nodes' with type 'ros.ament_cmake' and name 'nodes'
[0.199s] Level 1:colcon.colcon_core.package_discovery:discover_packages(recursive) using defaults
[0.199s] Level 1:colcon.colcon_core.package_discovery:discover_packages(ignore) discover
[0.199s] Level 1:colcon.colcon_core.package_discovery:discover_packages(ignore) using defaults
[0.199s] Level 1:colcon.colcon_core.package_discovery:discover_packages(path) discover
[0.199s] Level 1:colcon.colcon_core.package_discovery:discover_packages(path) using defaults
[0.218s] Level 1:colcon.colcon_core.package_discovery:discover_packages(prefix_path) check parameters
[0.218s] Level 1:colcon.colcon_core.package_discovery:discover_packages(prefix_path) discover
[0.221s] DEBUG:colcon.colcon_installed_package_information.package_discovery:Found 5 installed packages in /home/nicola/Desktop/Progetto_Sapore/install
[0.223s] DEBUG:colcon.colcon_installed_package_information.package_discovery:Found 388 installed packages in /opt/ros/jazzy
[0.225s] Level 1:colcon.colcon_core.package_discovery:discover_packages(prefix_path) using defaults
[0.276s] Level 5:colcon.colcon_core.verb:set package 'build_scene_package' build argument 'cmake_args' from command line to 'None'
[0.276s] Level 5:colcon.colcon_core.verb:set package 'build_scene_package' build argument 'cmake_target' from command line to 'None'
[0.277s] Level 5:colcon.colcon_core.verb:set package 'build_scene_package' build argument 'cmake_target_skip_unavailable' from command line to 'False'
[0.277s] Level 5:colcon.colcon_core.verb:set package 'build_scene_package' build argument 'cmake_clean_cache' from command line to 'False'
[0.277s] Level 5:colcon.colcon_core.verb:set package 'build_scene_package' build argument 'cmake_clean_first' from command line to 'False'
[0.277s] Level 5:colcon.colcon_core.verb:set package 'build_scene_package' build argument 'cmake_force_configure' from command line to 'False'
[0.277s] Level 5:colcon.colcon_core.verb:set package 'build_scene_package' build argument 'ament_cmake_args' from command line to 'None'
[0.277s] Level 5:colcon.colcon_core.verb:set package 'build_scene_package' build argument 'catkin_cmake_args' from command line to 'None'
[0.277s] Level 5:colcon.colcon_core.verb:set package 'build_scene_package' build argument 'catkin_skip_building_tests' from command line to 'False'
[0.277s] DEBUG:colcon.colcon_core.verb:Building package 'build_scene_package' with the following arguments: {'ament_cmake_args': None, 'build_base': '/home/nicola/Desktop/Progetto_Sapore/build/build_scene_package', 'catkin_cmake_args': None, 'catkin_skip_building_tests': False, 'cmake_args': None, 'cmake_clean_cache': False, 'cmake_clean_first': False, 'cmake_force_configure': False, 'cmake_target': None, 'cmake_target_skip_unavailable': False, 'install_base': '/home/nicola/Desktop/Progetto_Sapore/install/build_scene_package', 'merge_install': False, 'path': '/home/nicola/Desktop/Progetto_Sapore/src/build_scene_package', 'symlink_install': False, 'test_result_base': None}
[0.277s] Level 5:colcon.colcon_core.verb:set package 'iiwa_description' build argument 'cmake_args' from command line to 'None'
[0.277s] Level 5:colcon.colcon_core.verb:set package 'iiwa_description' build argument 'cmake_target' from command line to 'None'
[0.277s] Level 5:colcon.colcon_core.verb:set package 'iiwa_description' build argument 'cmake_target_skip_unavailable' from command line to 'False'
[0.277s] Level 5:colcon.colcon_core.verb:set package 'iiwa_description' build argument 'cmake_clean_cache' from command line to 'False'
[0.277s] Level 5:colcon.colcon_core.verb:set package 'iiwa_description' build argument 'cmake_clean_first' from command line to 'False'
[0.277s] Level 5:colcon.colcon_core.verb:set package 'iiwa_description' build argument 'cmake_force_configure' from command line to 'False'
[0.277s] Level 5:colcon.colcon_core.verb:set package 'iiwa_description' build argument 'ament_cmake_args' from command line to 'None'
[0.277s] Level 5:colcon.colcon_core.verb:set package 'iiwa_description' build argument 'catkin_cmake_args' from command line to 'None'
[0.277s] Level 5:colcon.colcon_core.verb:set package 'iiwa_description' build argument 'catkin_skip_building_tests' from command line to 'False'
[0.277s] DEBUG:colcon.colcon_core.verb:Building package 'iiwa_description' with the following arguments: {'ament_cmake_args': None, 'build_base': '/home/nicola/Desktop/Progetto_Sapore/build/iiwa_description', 'catkin_cmake_args': None, 'catkin_skip_building_tests': False, 'cmake_args': None, 'cmake_clean_cache': False, 'cmake_clean_first': False, 'cmake_force_configure': False, 'cmake_target': None, 'cmake_target_skip_unavailable': False, 'install_base': '/home/nicola/Desktop/Progetto_Sapore/install/iiwa_description', 'merge_install': False, 'path': '/home/nicola/Desktop/Progetto_Sapore/src/iiwa_description', 'symlink_install': False, 'test_result_base': None}
[0.277s] Level 5:colcon.colcon_core.verb:set package 'interfaces' build argument 'cmake_args' from command line to 'None'
[0.277s] Level 5:colcon.colcon_core.verb:set package 'interfaces' build argument 'cmake_target' from command line to 'None'
[0.277s] Level 5:colcon.colcon_core.verb:set package 'interfaces' build argument 'cmake_target_skip_unavailable' from command line to 'False'
[0.278s] Level 5:colcon.colcon_core.verb:set package 'interfaces' build argument 'cmake_clean_cache' from command line to 'False'
[0.278s] Level 5:colcon.colcon_core.verb:set package 'interfaces' build argument 'cmake_clean_first' from command line to 'False'
[0.278s] Level 5:colcon.colcon_core.verb:set package 'interfaces' build argument 'cmake_force_configure' from command line to 'False'
[0.278s] Level 5:colcon.colcon_core.verb:set package 'interfaces' build argument 'ament_cmake_args' from command line to 'None'
[0.278s] Level 5:colcon.colcon_core.verb:set package 'interfaces' build argument 'catkin_cmake_args' from command line to 'None'
[0.278s] Level 5:colcon.colcon_core.verb:set package 'interfaces' build argument 'catkin_skip_building_tests' from command line to 'False'
[0.278s] DEBUG:colcon.colcon_core.verb:Building package 'interfaces' with the following arguments: {'ament_cmake_args': None, 'build_base': '/home/nicola/Desktop/Progetto_Sapore/build/interfaces', 'catkin_cmake_args': None, 'catkin_skip_building_tests': False, 'cmake_args': None, 'cmake_clean_cache': False, 'cmake_clean_first': False, 'cmake_force_configure': False, 'cmake_target': None, 'cmake_target_skip_unavailable': False, 'install_base': '/home/nicola/Desktop/Progetto_Sapore/install/interfaces', 'merge_install': False, 'path': '/home/nicola/Desktop/Progetto_Sapore/src/interfaces', 'symlink_install': False, 'test_result_base': None}
[0.278s] Level 5:colcon.colcon_core.verb:set package 'iiwa_config_moveit_config' build argument 'cmake_args' from command line to 'None'
[0.278s] Level 5:colcon.colcon_core.verb:set package 'iiwa_config_moveit_config' build argument 'cmake_target' from command line to 'None'
[0.278s] Level 5:colcon.colcon_core.verb:set package 'iiwa_config_moveit_config' build argument 'cmake_target_skip_unavailable' from command line to 'False'
[0.278s] Level 5:colcon.colcon_core.verb:set package 'iiwa_config_moveit_config' build argument 'cmake_clean_cache' from command line to 'False'
[0.278s] Level 5:colcon.colcon_core.verb:set package 'iiwa_config_moveit_config' build argument 'cmake_clean_first' from command line to 'False'
[0.278s] Level 5:colcon.colcon_core.verb:set package 'iiwa_config_moveit_config' build argument 'cmake_force_configure' from command line to 'False'
[0.278s] Level 5:colcon.colcon_core.verb:set package 'iiwa_config_moveit_config' build argument 'ament_cmake_args' from command line to 'None'
[0.278s] Level 5:colcon.colcon_core.verb:set package 'iiwa_config_moveit_config' build argument 'catkin_cmake_args' from command line to 'None'
[0.278s] Level 5:colcon.colcon_core.verb:set package 'iiwa_config_moveit_config' build argument 'catkin_skip_building_tests' from command line to 'False'
[0.278s] DEBUG:colcon.colcon_core.verb:Building package 'iiwa_config_moveit_config' with the following arguments: {'ament_cmake_args': None, 'build_base': '/home/nicola/Desktop/Progetto_Sapore/build/iiwa_config_moveit_config', 'catkin_cmake_args': None, 'catkin_skip_building_tests': False, 'cmake_args': None, 'cmake_clean_cache': False, 'cmake_clean_first': False, 'cmake_force_configure': False, 'cmake_target': None, 'cmake_target_skip_unavailable': False, 'install_base': '/home/nicola/Desktop/Progetto_Sapore/install/iiwa_config_moveit_config', 'merge_install': False, 'path': '/home/nicola/Desktop/Progetto_Sapore/src/iiwa_config_moveit_config', 'symlink_install': False, 'test_result_base': None}
[0.278s] Level 5:colcon.colcon_core.verb:set package 'nodes' build argument 'cmake_args' from command line to 'None'
[0.278s] Level 5:colcon.colcon_core.verb:set package 'nodes' build argument 'cmake_target' from command line to 'None'
[0.278s] Level 5:colcon.colcon_core.verb:set package 'nodes' build argument 'cmake_target_skip_unavailable' from command line to 'False'
[0.278s] Level 5:colcon.colcon_core.verb:set package 'nodes' build argument 'cmake_clean_cache' from command line to 'False'
[0.278s] Level 5:colcon.colcon_core.verb:set package 'nodes' build argument 'cmake_clean_first' from command line to 'False'
[0.278s] Level 5:colcon.colcon_core.verb:set package 'nodes' build argument 'cmake_force_configure' from command line to 'False'
[0.278s] Level 5:colcon.colcon_core.verb:set package 'nodes' build argument 'ament_cmake_args' from command line to 'None'
[0.278s] Level 5:colcon.colcon_core.verb:set package 'nodes' build argument 'catkin_cmake_args' from command line to 'None'
[0.278s] Level 5:colcon.colcon_core.verb:set package 'nodes' build argument 'catkin_skip_building_tests' from command line to 'False'
[0.278s] DEBUG:colcon.colcon_core.verb:Building package 'nodes' with the following arguments: {'ament_cmake_args': None, 'build_base': '/home/nicola/Desktop/Progetto_Sapore/build/nodes', 'catkin_cmake_args': None, 'catkin_skip_building_tests': False, 'cmake_args': None, 'cmake_clean_cache': False, 'cmake_clean_first': False, 'cmake_force_configure': False, 'cmake_target': None, 'cmake_target_skip_unavailable': False, 'install_base': '/home/nicola/Desktop/Progetto_Sapore/install/nodes', 'merge_install': False, 'path': '/home/nicola/Desktop/Progetto_Sapore/src/nodes', 'symlink_install': False, 'test_result_base': None}
[0.279s] INFO:colcon.colcon_core.executor:Executing jobs using 'parallel' executor
[0.279s] DEBUG:colcon.colcon_parallel_executor.executor.parallel:run_until_complete
[0.279s] INFO:colcon.colcon_ros.task.ament_cmake.build:Building ROS package in '/home/nicola/Desktop/Progetto_Sapore/src/iiwa_description' with build type 'ament_cmake'
[0.280s] INFO:colcon.colcon_cmake.task.cmake.build:Building CMake package in '/home/nicola/Desktop/Progetto_Sapore/src/iiwa_description'
[0.283s] INFO:colcon.colcon_core.plugin_system:Skipping extension 'colcon_core.shell.bat': Not used on non-Windows systems
[0.283s] INFO:colcon.colcon_core.shell:Skip shell extension 'powershell' for command environment: Not usable outside of PowerShell
[0.283s] DEBUG:colcon.colcon_core.shell:Skip shell extension 'dsv' for command environment
[0.287s] INFO:colcon.colcon_ros.task.ament_cmake.build:Building ROS package in '/home/nicola/Desktop/Progetto_Sapore/src/interfaces' with build type 'ament_cmake'
[0.287s] INFO:colcon.colcon_cmake.task.cmake.build:Building CMake package in '/home/nicola/Desktop/Progetto_Sapore/src/interfaces'
[0.287s] INFO:colcon.colcon_core.shell:Skip shell extension 'powershell' for command environment: Not usable outside of PowerShell
[0.287s] DEBUG:colcon.colcon_core.shell:Skip shell extension 'dsv' for command environment
[0.291s] INFO:colcon.colcon_ros.task.ament_cmake.build:Building ROS package in '/home/nicola/Desktop/Progetto_Sapore/src/build_scene_package' with build type 'ament_cmake'
[0.292s] INFO:colcon.colcon_cmake.task.cmake.build:Building CMake package in '/home/nicola/Desktop/Progetto_Sapore/src/build_scene_package'
[0.292s] INFO:colcon.colcon_core.shell:Skip shell extension 'powershell' for command environment: Not usable outside of PowerShell
[0.292s] DEBUG:colcon.colcon_core.shell:Skip shell extension 'dsv' for command environment
[0.301s] DEBUG:colcon.colcon_core.event_handler.log_command:Invoking command in '/home/nicola/Desktop/Progetto_Sapore/build/iiwa_description': CMAKE_PREFIX_PATH=${CMAKE_PREFIX_PATH}:/opt/ros/jazzy DEBUGINFOD_URLS=https://debuginfod.ubuntu.com /usr/bin/cmake --build /home/nicola/Desktop/Progetto_Sapore/build/iiwa_description -- -j8 -l8
[0.303s] DEBUG:colcon.colcon_core.event_handler.log_command:Invoking command in '/home/nicola/Desktop/Progetto_Sapore/build/interfaces': CMAKE_PREFIX_PATH=${CMAKE_PREFIX_PATH}:/opt/ros/jazzy DEBUGINFOD_URLS=https://debuginfod.ubuntu.com /usr/bin/cmake --build /home/nicola/Desktop/Progetto_Sapore/build/interfaces -- -j8 -l8
[0.308s] DEBUG:colcon.colcon_core.event_handler.log_command:Invoking command in '/home/nicola/Desktop/Progetto_Sapore/build/build_scene_package': CMAKE_PREFIX_PATH=${CMAKE_PREFIX_PATH}:/opt/ros/jazzy DEBUGINFOD_URLS=https://debuginfod.ubuntu.com /usr/bin/cmake --build /home/nicola/Desktop/Progetto_Sapore/build/build_scene_package -- -j8 -l8
[0.342s] DEBUG:colcon.colcon_core.event_handler.log_command:Invoked command in '/home/nicola/Desktop/Progetto_Sapore/build/iiwa_description' returned '0': CMAKE_PREFIX_PATH=${CMAKE_PREFIX_PATH}:/opt/ros/jazzy DEBUGINFOD_URLS=https://debuginfod.ubuntu.com /usr/bin/cmake --build /home/nicola/Desktop/Progetto_Sapore/build/iiwa_description -- -j8 -l8
[0.353s] DEBUG:colcon.colcon_core.event_handler.log_command:Invoking command in '/home/nicola/Desktop/Progetto_Sapore/build/iiwa_description': CMAKE_PREFIX_PATH=${CMAKE_PREFIX_PATH}:/opt/ros/jazzy DEBUGINFOD_URLS=https://debuginfod.ubuntu.com /usr/bin/cmake --install /home/nicola/Desktop/Progetto_Sapore/build/iiwa_description
[0.371s] Level 1:colcon.colcon_core.environment:create_environment_scripts_only(iiwa_description)
[0.378s] Level 1:colcon.colcon_core.environment:checking '/home/nicola/Desktop/Progetto_Sapore/install/iiwa_description' for CMake module files
[0.379s] Level 1:colcon.colcon_core.environment:checking '/home/nicola/Desktop/Progetto_Sapore/install/iiwa_description' for CMake config files
[0.379s] Level 1:colcon.colcon_core.shell:create_environment_hook('iiwa_description', 'cmake_prefix_path')
[0.380s] INFO:colcon.colcon_core.shell:Creating environment hook '/home/nicola/Desktop/Progetto_Sapore/install/iiwa_description/share/iiwa_description/hook/cmake_prefix_path.ps1'
[0.389s] DEBUG:colcon.colcon_core.event_handler.log_command:Invoked command in '/home/nicola/Desktop/Progetto_Sapore/build/iiwa_description' returned '0': CMAKE_PREFIX_PATH=${CMAKE_PREFIX_PATH}:/opt/ros/jazzy DEBUGINFOD_URLS=https://debuginfod.ubuntu.com /usr/bin/cmake --install /home/nicola/Desktop/Progetto_Sapore/build/iiwa_description
[0.390s] INFO:colcon.colcon_core.shell:Creating environment descriptor '/home/nicola/Desktop/Progetto_Sapore/install/iiwa_description/share/iiwa_description/hook/cmake_prefix_path.dsv'
[0.391s] INFO:colcon.colcon_core.shell:Creating environment hook '/home/nicola/Desktop/Progetto_Sapore/install/iiwa_description/share/iiwa_description/hook/cmake_prefix_path.sh'
[0.392s] Level 1:colcon.colcon_core.environment:checking '/home/nicola/Desktop/Progetto_Sapore/install/iiwa_description/bin'
[0.392s] Level 1:colcon.colcon_core.environment:checking '/home/nicola/Desktop/Progetto_Sapore/install/iiwa_description/lib/pkgconfig/iiwa_description.pc'
[0.393s] Level 1:colcon.colcon_core.environment:checking '/home/nicola/Desktop/Progetto_Sapore/install/iiwa_description/lib/python3.12/site-packages'
[0.393s] Level 1:colcon.colcon_core.environment:checking '/home/nicola/Desktop/Progetto_Sapore/install/iiwa_description/bin'
[0.393s] INFO:colcon.colcon_core.shell:Creating package script '/home/nicola/Desktop/Progetto_Sapore/install/iiwa_description/share/iiwa_description/package.ps1'
[0.395s] INFO:colcon.colcon_core.shell:Creating package descriptor '/home/nicola/Desktop/Progetto_Sapore/install/iiwa_description/share/iiwa_description/package.dsv'
[0.399s] INFO:colcon.colcon_core.shell:Creating package script '/home/nicola/Desktop/Progetto_Sapore/install/iiwa_description/share/iiwa_description/package.sh'
[0.400s] INFO:colcon.colcon_core.shell:Creating package script '/home/nicola/Desktop/Progetto_Sapore/install/iiwa_description/share/iiwa_description/package.bash'
[0.403s] INFO:colcon.colcon_core.shell:Creating package script '/home/nicola/Desktop/Progetto_Sapore/install/iiwa_description/share/iiwa_description/package.zsh'
[0.404s] Level 1:colcon.colcon_core.environment:create_file_with_runtime_dependencies(/home/nicola/Desktop/Progetto_Sapore/install/iiwa_description/share/colcon-core/packages/iiwa_description)
[0.406s] Level 1:colcon.colcon_core.environment:create_environment_scripts_only(iiwa_description)
[0.407s] Level 1:colcon.colcon_core.environment:checking '/home/nicola/Desktop/Progetto_Sapore/install/iiwa_description' for CMake module files
[0.408s] Level 1:colcon.colcon_core.environment:checking '/home/nicola/Desktop/Progetto_Sapore/install/iiwa_description' for CMake config files
[0.409s] Level 1:colcon.colcon_core.shell:create_environment_hook('iiwa_description', 'cmake_prefix_path')
[0.409s] INFO:colcon.colcon_core.shell:Creating environment hook '/home/nicola/Desktop/Progetto_Sapore/install/iiwa_description/share/iiwa_description/hook/cmake_prefix_path.ps1'
[0.410s] INFO:colcon.colcon_core.shell:Creating environment descriptor '/home/nicola/Desktop/Progetto_Sapore/install/iiwa_description/share/iiwa_description/hook/cmake_prefix_path.dsv'
[0.410s] INFO:colcon.colcon_core.shell:Creating environment hook '/home/nicola/Desktop/Progetto_Sapore/install/iiwa_description/share/iiwa_description/hook/cmake_prefix_path.sh'
[0.411s] Level 1:colcon.colcon_core.environment:checking '/home/nicola/Desktop/Progetto_Sapore/install/iiwa_description/bin'
[0.411s] Level 1:colcon.colcon_core.environment:checking '/home/nicola/Desktop/Progetto_Sapore/install/iiwa_description/lib/pkgconfig/iiwa_description.pc'
[0.411s] Level 1:colcon.colcon_core.environment:checking '/home/nicola/Desktop/Progetto_Sapore/install/iiwa_description/lib/python3.12/site-packages'
[0.412s] Level 1:colcon.colcon_core.environment:checking '/home/nicola/Desktop/Progetto_Sapore/install/iiwa_description/bin'
[0.412s] INFO:colcon.colcon_core.shell:Creating package script '/home/nicola/Desktop/Progetto_Sapore/install/iiwa_description/share/iiwa_description/package.ps1'
[0.414s] INFO:colcon.colcon_core.shell:Creating package descriptor '/home/nicola/Desktop/Progetto_Sapore/install/iiwa_description/share/iiwa_description/package.dsv'
[0.414s] INFO:colcon.colcon_core.shell:Creating package script '/home/nicola/Desktop/Progetto_Sapore/install/iiwa_description/share/iiwa_description/package.sh'
[0.415s] INFO:colcon.colcon_core.shell:Creating package script '/home/nicola/Desktop/Progetto_Sapore/install/iiwa_description/share/iiwa_description/package.bash'
[0.415s] INFO:colcon.colcon_core.shell:Creating package script '/home/nicola/Desktop/Progetto_Sapore/install/iiwa_description/share/iiwa_description/package.zsh'
[0.416s] Level 1:colcon.colcon_core.environment:create_file_with_runtime_dependencies(/home/nicola/Desktop/Progetto_Sapore/install/iiwa_description/share/colcon-core/packages/iiwa_description)
[0.421s] INFO:colcon.colcon_ros.task.ament_cmake.build:Building ROS package in '/home/nicola/Desktop/Progetto_Sapore/src/iiwa_config_moveit_config' with build type 'ament_cmake'
[0.421s] INFO:colcon.colcon_cmake.task.cmake.build:Building CMake package in '/home/nicola/Desktop/Progetto_Sapore/src/iiwa_config_moveit_config'
[0.421s] INFO:colcon.colcon_core.shell:Skip shell extension 'powershell' for command environment: Not usable outside of PowerShell
[0.424s] DEBUG:colcon.colcon_core.shell:Skip shell extension 'dsv' for command environment
[0.442s] DEBUG:colcon.colcon_core.event_handler.log_command:Invoked command in '/home/nicola/Desktop/Progetto_Sapore/build/build_scene_package' returned '0': CMAKE_PREFIX_PATH=${CMAKE_PREFIX_PATH}:/opt/ros/jazzy DEBUGINFOD_URLS=https://debuginfod.ubuntu.com /usr/bin/cmake --build /home/nicola/Desktop/Progetto_Sapore/build/build_scene_package -- -j8 -l8
[0.446s] DEBUG:colcon.colcon_core.event_handler.log_command:Invoking command in '/home/nicola/Desktop/Progetto_Sapore/build/build_scene_package': CMAKE_PREFIX_PATH=${CMAKE_PREFIX_PATH}:/opt/ros/jazzy DEBUGINFOD_URLS=https://debuginfod.ubuntu.com /usr/bin/cmake --install /home/nicola/Desktop/Progetto_Sapore/build/build_scene_package
[0.453s] DEBUG:colcon.colcon_core.event_handler.log_command:Invoking command in '/home/nicola/Desktop/Progetto_Sapore/build/iiwa_config_moveit_config': CMAKE_PREFIX_PATH=/home/nicola/Desktop/Progetto_Sapore/install/iiwa_description:/home/nicola/Desktop/Progetto_Sapore/install/nodes:/home/nicola/Desktop/Progetto_Sapore/install/interfaces:/home/nicola/Desktop/Progetto_Sapore/install/iiwa_config_moveit_config:/home/nicola/Desktop/Progetto_Sapore/install/build_scene_package:/opt/ros/jazzy/opt/sdformat_vendor:/opt/ros/jazzy/opt/gz_math_vendor:/opt/ros/jazzy/opt/gz_utils_vendor:/opt/ros/jazzy/opt/gz_tools_vendor:/opt/ros/jazzy/opt/gz_cmake_vendor:/opt/ros/jazzy DEBUGINFOD_URLS=https://debuginfod.ubuntu.com /usr/bin/cmake --build /home/nicola/Desktop/Progetto_Sapore/build/iiwa_config_moveit_config -- -j8 -l8
[0.476s] Level 1:colcon.colcon_core.environment:create_environment_scripts_only(build_scene_package)
[0.476s] DEBUG:colcon.colcon_core.event_handler.log_command:Invoked command in '/home/nicola/Desktop/Progetto_Sapore/build/build_scene_package' returned '0': CMAKE_PREFIX_PATH=${CMAKE_PREFIX_PATH}:/opt/ros/jazzy DEBUGINFOD_URLS=https://debuginfod.ubuntu.com /usr/bin/cmake --install /home/nicola/Desktop/Progetto_Sapore/build/build_scene_package
[0.477s] Level 1:colcon.colcon_core.environment:checking '/home/nicola/Desktop/Progetto_Sapore/install/build_scene_package' for CMake module files
[0.478s] Level 1:colcon.colcon_core.environment:checking '/home/nicola/Desktop/Progetto_Sapore/install/build_scene_package' for CMake config files
[0.479s] Level 1:colcon.colcon_core.shell:create_environment_hook('build_scene_package', 'cmake_prefix_path')
[0.479s] INFO:colcon.colcon_core.shell:Creating environment hook '/home/nicola/Desktop/Progetto_Sapore/install/build_scene_package/share/build_scene_package/hook/cmake_prefix_path.ps1'
[0.480s] INFO:colcon.colcon_core.shell:Creating environment descriptor '/home/nicola/Desktop/Progetto_Sapore/install/build_scene_package/share/build_scene_package/hook/cmake_prefix_path.dsv'
[0.480s] INFO:colcon.colcon_core.shell:Creating environment hook '/home/nicola/Desktop/Progetto_Sapore/install/build_scene_package/share/build_scene_package/hook/cmake_prefix_path.sh'
[0.481s] Level 1:colcon.colcon_core.environment:checking '/home/nicola/Desktop/Progetto_Sapore/install/build_scene_package/lib'
[0.482s] Level 1:colcon.colcon_core.environment:checking '/home/nicola/Desktop/Progetto_Sapore/install/build_scene_package/bin'
[0.482s] Level 1:colcon.colcon_core.environment:checking '/home/nicola/Desktop/Progetto_Sapore/install/build_scene_package/lib/pkgconfig/build_scene_package.pc'
[0.482s] Level 1:colcon.colcon_core.environment:checking '/home/nicola/Desktop/Progetto_Sapore/install/build_scene_package/lib/python3.12/site-packages'
[0.482s] Level 1:colcon.colcon_core.environment:checking '/home/nicola/Desktop/Progetto_Sapore/install/build_scene_package/bin'
[0.487s] INFO:colcon.colcon_core.shell:Creating package script '/home/nicola/Desktop/Progetto_Sapore/install/build_scene_package/share/build_scene_package/package.ps1'
[0.488s] INFO:colcon.colcon_core.shell:Creating package descriptor '/home/nicola/Desktop/Progetto_Sapore/install/build_scene_package/share/build_scene_package/package.dsv'
[0.489s] INFO:colcon.colcon_core.shell:Creating package script '/home/nicola/Desktop/Progetto_Sapore/install/build_scene_package/share/build_scene_package/package.sh'
[0.490s] INFO:colcon.colcon_core.shell:Creating package script '/home/nicola/Desktop/Progetto_Sapore/install/build_scene_package/share/build_scene_package/package.bash'
[0.490s] INFO:colcon.colcon_core.shell:Creating package script '/home/nicola/Desktop/Progetto_Sapore/install/build_scene_package/share/build_scene_package/package.zsh'
[0.490s] Level 1:colcon.colcon_core.environment:create_file_with_runtime_dependencies(/home/nicola/Desktop/Progetto_Sapore/install/build_scene_package/share/colcon-core/packages/build_scene_package)
[0.491s] Level 1:colcon.colcon_core.environment:create_environment_scripts_only(build_scene_package)
[0.491s] Level 1:colcon.colcon_core.environment:checking '/home/nicola/Desktop/Progetto_Sapore/install/build_scene_package' for CMake module files
[0.492s] Level 1:colcon.colcon_core.environment:checking '/home/nicola/Desktop/Progetto_Sapore/install/build_scene_package' for CMake config files
[0.493s] Level 1:colcon.colcon_core.shell:create_environment_hook('build_scene_package', 'cmake_prefix_path')
[0.493s] INFO:colcon.colcon_core.shell:Creating environment hook '/home/nicola/Desktop/Progetto_Sapore/install/build_scene_package/share/build_scene_package/hook/cmake_prefix_path.ps1'
[0.494s] INFO:colcon.colcon_core.shell:Creating environment descriptor '/home/nicola/Desktop/Progetto_Sapore/install/build_scene_package/share/build_scene_package/hook/cmake_prefix_path.dsv'
[0.494s] INFO:colcon.colcon_core.shell:Creating environment hook '/home/nicola/Desktop/Progetto_Sapore/install/build_scene_package/share/build_scene_package/hook/cmake_prefix_path.sh'
[0.495s] Level 1:colcon.colcon_core.environment:checking '/home/nicola/Desktop/Progetto_Sapore/install/build_scene_package/lib'
[0.495s] Level 1:colcon.colcon_core.environment:checking '/home/nicola/Desktop/Progetto_Sapore/install/build_scene_package/bin'
[0.495s] Level 1:colcon.colcon_core.environment:checking '/home/nicola/Desktop/Progetto_Sapore/install/build_scene_package/lib/pkgconfig/build_scene_package.pc'
[0.495s] Level 1:colcon.colcon_core.environment:checking '/home/nicola/Desktop/Progetto_Sapore/install/build_scene_package/lib/python3.12/site-packages'
[0.496s] Level 1:colcon.colcon_core.environment:checking '/home/nicola/Desktop/Progetto_Sapore/install/build_scene_package/bin'
[0.496s] INFO:colcon.colcon_core.shell:Creating package script '/home/nicola/Desktop/Progetto_Sapore/install/build_scene_package/share/build_scene_package/package.ps1'
[0.497s] INFO:colcon.colcon_core.shell:Creating package descriptor '/home/nicola/Desktop/Progetto_Sapore/install/build_scene_package/share/build_scene_package/package.dsv'
[0.498s] INFO:colcon.colcon_core.shell:Creating package script '/home/nicola/Desktop/Progetto_Sapore/install/build_scene_package/share/build_scene_package/package.sh'
[0.498s] INFO:colcon.colcon_core.shell:Creating package script '/home/nicola/Desktop/Progetto_Sapore/install/build_scene_package/share/build_scene_package/package.bash'
[0.499s] INFO:colcon.colcon_core.shell:Creating package script '/home/nicola/Desktop/Progetto_Sapore/install/build_scene_package/share/build_scene_package/package.zsh'
[0.499s] Level 1:colcon.colcon_core.environment:create_file_with_runtime_dependencies(/home/nicola/Desktop/Progetto_Sapore/install/build_scene_package/share/colcon-core/packages/build_scene_package)
[0.514s] DEBUG:colcon.colcon_core.event_handler.log_command:Invoked command in '/home/nicola/Desktop/Progetto_Sapore/build/iiwa_config_moveit_config' returned '0': CMAKE_PREFIX_PATH=/home/nicola/Desktop/Progetto_Sapore/install/iiwa_description:/home/nicola/Desktop/Progetto_Sapore/install/nodes:/home/nicola/Desktop/Progetto_Sapore/install/interfaces:/home/nicola/Desktop/Progetto_Sapore/install/iiwa_config_moveit_config:/home/nicola/Desktop/Progetto_Sapore/install/build_scene_package:/opt/ros/jazzy/opt/sdformat_vendor:/opt/ros/jazzy/opt/gz_math_vendor:/opt/ros/jazzy/opt/gz_utils_vendor:/opt/ros/jazzy/opt/gz_tools_vendor:/opt/ros/jazzy/opt/gz_cmake_vendor:/opt/ros/jazzy DEBUGINFOD_URLS=https://debuginfod.ubuntu.com /usr/bin/cmake --build /home/nicola/Desktop/Progetto_Sapore/build/iiwa_config_moveit_config -- -j8 -l8
[0.516s] DEBUG:colcon.colcon_core.event_handler.log_command:Invoking command in '/home/nicola/Desktop/Progetto_Sapore/build/iiwa_config_moveit_config': CMAKE_PREFIX_PATH=/home/nicola/Desktop/Progetto_Sapore/install/iiwa_description:/home/nicola/Desktop/Progetto_Sapore/install/nodes:/home/nicola/Desktop/Progetto_Sapore/install/interfaces:/home/nicola/Desktop/Progetto_Sapore/install/iiwa_config_moveit_config:/home/nicola/Desktop/Progetto_Sapore/install/build_scene_package:/opt/ros/jazzy/opt/sdformat_vendor:/opt/ros/jazzy/opt/gz_math_vendor:/opt/ros/jazzy/opt/gz_utils_vendor:/opt/ros/jazzy/opt/gz_tools_vendor:/opt/ros/jazzy/opt/gz_cmake_vendor:/opt/ros/jazzy DEBUGINFOD_URLS=https://debuginfod.ubuntu.com /usr/bin/cmake --install /home/nicola/Desktop/Progetto_Sapore/build/iiwa_config_moveit_config
[0.535s] Level 1:colcon.colcon_core.environment:create_environment_scripts_only(iiwa_config_moveit_config)
[0.536s] Level 1:colcon.colcon_core.environment:checking '/home/nicola/Desktop/Progetto_Sapore/install/iiwa_config_moveit_config' for CMake module files
[0.537s] DEBUG:colcon.colcon_core.event_handler.log_command:Invoked command in '/home/nicola/Desktop/Progetto_Sapore/build/iiwa_config_moveit_config' returned '0': CMAKE_PREFIX_PATH=/home/nicola/Desktop/Progetto_Sapore/install/iiwa_description:/home/nicola/Desktop/Progetto_Sapore/install/nodes:/home/nicola/Desktop/Progetto_Sapore/install/interfaces:/home/nicola/Desktop/Progetto_Sapore/install/iiwa_config_moveit_config:/home/nicola/Desktop/Progetto_Sapore/install/build_scene_package:/opt/ros/jazzy/opt/sdformat_vendor:/opt/ros/jazzy/opt/gz_math_vendor:/opt/ros/jazzy/opt/gz_utils_vendor:/opt/ros/jazzy/opt/gz_tools_vendor:/opt/ros/jazzy/opt/gz_cmake_vendor:/opt/ros/jazzy DEBUGINFOD_URLS=https://debuginfod.ubuntu.com /usr/bin/cmake --install /home/nicola/Desktop/Progetto_Sapore/build/iiwa_config_moveit_config
[0.540s] Level 1:colcon.colcon_core.environment:checking '/home/nicola/Desktop/Progetto_Sapore/install/iiwa_config_moveit_config' for CMake config files
[0.540s] Level 1:colcon.colcon_core.shell:create_environment_hook('iiwa_config_moveit_config', 'cmake_prefix_path')
[0.540s] INFO:colcon.colcon_core.shell:Creating environment hook '/home/nicola/Desktop/Progetto_Sapore/install/iiwa_config_moveit_config/share/iiwa_config_moveit_config/hook/cmake_prefix_path.ps1'
[0.541s] INFO:colcon.colcon_core.shell:Creating environment descriptor '/home/nicola/Desktop/Progetto_Sapore/install/iiwa_config_moveit_config/share/iiwa_config_moveit_config/hook/cmake_prefix_path.dsv'
[0.542s] INFO:colcon.colcon_core.shell:Creating environment hook '/home/nicola/Desktop/Progetto_Sapore/install/iiwa_config_moveit_config/share/iiwa_config_moveit_config/hook/cmake_prefix_path.sh'
[0.542s] Level 1:colcon.colcon_core.environment:checking '/home/nicola/Desktop/Progetto_Sapore/install/iiwa_config_moveit_config/lib'
[0.543s] Level 1:colcon.colcon_core.environment:checking '/home/nicola/Desktop/Progetto_Sapore/install/iiwa_config_moveit_config/bin'
[0.543s] Level 1:colcon.colcon_core.environment:checking '/home/nicola/Desktop/Progetto_Sapore/install/iiwa_config_moveit_config/lib/pkgconfig/iiwa_config_moveit_config.pc'
[0.543s] Level 1:colcon.colcon_core.environment:checking '/home/nicola/Desktop/Progetto_Sapore/install/iiwa_config_moveit_config/lib/python3.12/site-packages'
[0.543s] Level 1:colcon.colcon_core.environment:checking '/home/nicola/Desktop/Progetto_Sapore/install/iiwa_config_moveit_config/bin'
[0.544s] INFO:colcon.colcon_core.shell:Creating package script '/home/nicola/Desktop/Progetto_Sapore/install/iiwa_config_moveit_config/share/iiwa_config_moveit_config/package.ps1'
[0.544s] INFO:colcon.colcon_core.shell:Creating package descriptor '/home/nicola/Desktop/Progetto_Sapore/install/iiwa_config_moveit_config/share/iiwa_config_moveit_config/package.dsv'
[0.545s] INFO:colcon.colcon_core.shell:Creating package script '/home/nicola/Desktop/Progetto_Sapore/install/iiwa_config_moveit_config/share/iiwa_config_moveit_config/package.sh'
[0.545s] INFO:colcon.colcon_core.shell:Creating package script '/home/nicola/Desktop/Progetto_Sapore/install/iiwa_config_moveit_config/share/iiwa_config_moveit_config/package.bash'
[0.546s] INFO:colcon.colcon_core.shell:Creating package script '/home/nicola/Desktop/Progetto_Sapore/install/iiwa_config_moveit_config/share/iiwa_config_moveit_config/package.zsh'
[0.546s] Level 1:colcon.colcon_core.environment:create_file_with_runtime_dependencies(/home/nicola/Desktop/Progetto_Sapore/install/iiwa_config_moveit_config/share/colcon-core/packages/iiwa_config_moveit_config)
[0.547s] Level 1:colcon.colcon_core.environment:create_environment_scripts_only(iiwa_config_moveit_config)
[0.547s] Level 1:colcon.colcon_core.environment:checking '/home/nicola/Desktop/Progetto_Sapore/install/iiwa_config_moveit_config' for CMake module files
[0.548s] Level 1:colcon.colcon_core.environment:checking '/home/nicola/Desktop/Progetto_Sapore/install/iiwa_config_moveit_config' for CMake config files
[0.548s] Level 1:colcon.colcon_core.shell:create_environment_hook('iiwa_config_moveit_config', 'cmake_prefix_path')
[0.548s] INFO:colcon.colcon_core.shell:Creating environment hook '/home/nicola/Desktop/Progetto_Sapore/install/iiwa_config_moveit_config/share/iiwa_config_moveit_config/hook/cmake_prefix_path.ps1'
[0.549s] INFO:colcon.colcon_core.shell:Creating environment descriptor '/home/nicola/Desktop/Progetto_Sapore/install/iiwa_config_moveit_config/share/iiwa_config_moveit_config/hook/cmake_prefix_path.dsv'
[0.549s] INFO:colcon.colcon_core.shell:Creating environment hook '/home/nicola/Desktop/Progetto_Sapore/install/iiwa_config_moveit_config/share/iiwa_config_moveit_config/hook/cmake_prefix_path.sh'
[0.550s] Level 1:colcon.colcon_core.environment:checking '/home/nicola/Desktop/Progetto_Sapore/install/iiwa_config_moveit_config/lib'
[0.550s] Level 1:colcon.colcon_core.environment:checking '/home/nicola/Desktop/Progetto_Sapore/install/iiwa_config_moveit_config/bin'
[0.550s] Level 1:colcon.colcon_core.environment:checking '/home/nicola/Desktop/Progetto_Sapore/install/iiwa_config_moveit_config/lib/pkgconfig/iiwa_config_moveit_config.pc'
[0.551s] Level 1:colcon.colcon_core.environment:checking '/home/nicola/Desktop/Progetto_Sapore/install/iiwa_config_moveit_config/lib/python3.12/site-packages'
[0.551s] Level 1:colcon.colcon_core.environment:checking '/home/nicola/Desktop/Progetto_Sapore/install/iiwa_config_moveit_config/bin'
[0.551s] INFO:colcon.colcon_core.shell:Creating package script '/home/nicola/Desktop/Progetto_Sapore/install/iiwa_config_moveit_config/share/iiwa_config_moveit_config/package.ps1'
[0.552s] INFO:colcon.colcon_core.shell:Creating package descriptor '/home/nicola/Desktop/Progetto_Sapore/install/iiwa_config_moveit_config/share/iiwa_config_moveit_config/package.dsv'
[0.553s] INFO:colcon.colcon_core.shell:Creating package script '/home/nicola/Desktop/Progetto_Sapore/install/iiwa_config_moveit_config/share/iiwa_config_moveit_config/package.sh'
[0.553s] INFO:colcon.colcon_core.shell:Creating package script '/home/nicola/Desktop/Progetto_Sapore/install/iiwa_config_moveit_config/share/iiwa_config_moveit_config/package.bash'
[0.554s] INFO:colcon.colcon_core.shell:Creating package script '/home/nicola/Desktop/Progetto_Sapore/install/iiwa_config_moveit_config/share/iiwa_config_moveit_config/package.zsh'
[0.554s] Level 1:colcon.colcon_core.environment:create_file_with_runtime_dependencies(/home/nicola/Desktop/Progetto_Sapore/install/iiwa_config_moveit_config/share/colcon-core/packages/iiwa_config_moveit_config)
[0.872s] DEBUG:colcon.colcon_core.event_handler.log_command:Invoked command in '/home/nicola/Desktop/Progetto_Sapore/build/interfaces' returned '0': CMAKE_PREFIX_PATH=${CMAKE_PREFIX_PATH}:/opt/ros/jazzy DEBUGINFOD_URLS=https://debuginfod.ubuntu.com /usr/bin/cmake --build /home/nicola/Desktop/Progetto_Sapore/build/interfaces -- -j8 -l8
[0.874s] DEBUG:colcon.colcon_core.event_handler.log_command:Invoking command in '/home/nicola/Desktop/Progetto_Sapore/build/interfaces': CMAKE_PREFIX_PATH=${CMAKE_PREFIX_PATH}:/opt/ros/jazzy DEBUGINFOD_URLS=https://debuginfod.ubuntu.com /usr/bin/cmake --install /home/nicola/Desktop/Progetto_Sapore/build/interfaces
[0.963s] Level 1:colcon.colcon_core.environment:create_environment_scripts_only(interfaces)
[0.963s] Level 1:colcon.colcon_core.environment:checking '/home/nicola/Desktop/Progetto_Sapore/install/interfaces' for CMake module files
[0.964s] DEBUG:colcon.colcon_core.event_handler.log_command:Invoked command in '/home/nicola/Desktop/Progetto_Sapore/build/interfaces' returned '0': CMAKE_PREFIX_PATH=${CMAKE_PREFIX_PATH}:/opt/ros/jazzy DEBUGINFOD_URLS=https://debuginfod.ubuntu.com /usr/bin/cmake --install /home/nicola/Desktop/Progetto_Sapore/build/interfaces
[0.965s] Level 1:colcon.colcon_core.environment:checking '/home/nicola/Desktop/Progetto_Sapore/install/interfaces' for CMake config files
[0.965s] Level 1:colcon.colcon_core.shell:create_environment_hook('interfaces', 'cmake_prefix_path')
[0.966s] INFO:colcon.colcon_core.shell:Creating environment hook '/home/nicola/Desktop/Progetto_Sapore/install/interfaces/share/interfaces/hook/cmake_prefix_path.ps1'
[0.966s] INFO:colcon.colcon_core.shell:Creating environment descriptor '/home/nicola/Desktop/Progetto_Sapore/install/interfaces/share/interfaces/hook/cmake_prefix_path.dsv'
[0.967s] INFO:colcon.colcon_core.shell:Creating environment hook '/home/nicola/Desktop/Progetto_Sapore/install/interfaces/share/interfaces/hook/cmake_prefix_path.sh'
[0.968s] Level 1:colcon.colcon_core.environment:checking '/home/nicola/Desktop/Progetto_Sapore/install/interfaces/lib'
[0.968s] Level 1:colcon.colcon_core.shell:create_environment_hook('interfaces', 'ld_library_path_lib')
[0.968s] INFO:colcon.colcon_core.shell:Creating environment hook '/home/nicola/Desktop/Progetto_Sapore/install/interfaces/share/interfaces/hook/ld_library_path_lib.ps1'
[0.969s] INFO:colcon.colcon_core.shell:Creating environment descriptor '/home/nicola/Desktop/Progetto_Sapore/install/interfaces/share/interfaces/hook/ld_library_path_lib.dsv'
[0.969s] INFO:colcon.colcon_core.shell:Creating environment hook '/home/nicola/Desktop/Progetto_Sapore/install/interfaces/share/interfaces/hook/ld_library_path_lib.sh'
[0.969s] Level 1:colcon.colcon_core.environment:checking '/home/nicola/Desktop/Progetto_Sapore/install/interfaces/bin'
[0.970s] Level 1:colcon.colcon_core.environment:checking '/home/nicola/Desktop/Progetto_Sapore/install/interfaces/lib/pkgconfig/interfaces.pc'
[0.970s] Level 1:colcon.colcon_core.environment:checking '/home/nicola/Desktop/Progetto_Sapore/install/interfaces/lib/python3.12/site-packages'
[0.970s] Level 1:colcon.colcon_core.shell:create_environment_hook('interfaces', 'pythonpath')
[0.970s] INFO:colcon.colcon_core.shell:Creating environment hook '/home/nicola/Desktop/Progetto_Sapore/install/interfaces/share/interfaces/hook/pythonpath.ps1'
[0.971s] INFO:colcon.colcon_core.shell:Creating environment descriptor '/home/nicola/Desktop/Progetto_Sapore/install/interfaces/share/interfaces/hook/pythonpath.dsv'
[0.971s] INFO:colcon.colcon_core.shell:Creating environment hook '/home/nicola/Desktop/Progetto_Sapore/install/interfaces/share/interfaces/hook/pythonpath.sh'
[0.972s] Level 1:colcon.colcon_core.environment:checking '/home/nicola/Desktop/Progetto_Sapore/install/interfaces/bin'
[0.972s] INFO:colcon.colcon_core.shell:Creating package script '/home/nicola/Desktop/Progetto_Sapore/install/interfaces/share/interfaces/package.ps1'
[0.973s] INFO:colcon.colcon_core.shell:Creating package descriptor '/home/nicola/Desktop/Progetto_Sapore/install/interfaces/share/interfaces/package.dsv'
[0.973s] INFO:colcon.colcon_core.shell:Creating package script '/home/nicola/Desktop/Progetto_Sapore/install/interfaces/share/interfaces/package.sh'
[0.973s] INFO:colcon.colcon_core.shell:Creating package script '/home/nicola/Desktop/Progetto_Sapore/install/interfaces/share/interfaces/package.bash'
[0.974s] INFO:colcon.colcon_core.shell:Creating package script '/home/nicola/Desktop/Progetto_Sapore/install/interfaces/share/interfaces/package.zsh'
[0.974s] Level 1:colcon.colcon_core.environment:create_file_with_runtime_dependencies(/home/nicola/Desktop/Progetto_Sapore/install/interfaces/share/colcon-core/packages/interfaces)
[0.974s] Level 1:colcon.colcon_core.environment:create_environment_scripts_only(interfaces)
[0.974s] Level 1:colcon.colcon_core.environment:checking '/home/nicola/Desktop/Progetto_Sapore/install/interfaces' for CMake module files
[0.975s] Level 1:colcon.colcon_core.environment:checking '/home/nicola/Desktop/Progetto_Sapore/install/interfaces' for CMake config files
[0.975s] Level 1:colcon.colcon_core.shell:create_environment_hook('interfaces', 'cmake_prefix_path')
[0.975s] INFO:colcon.colcon_core.shell:Creating environment hook '/home/nicola/Desktop/Progetto_Sapore/install/interfaces/share/interfaces/hook/cmake_prefix_path.ps1'
[0.976s] INFO:colcon.colcon_core.shell:Creating environment descriptor '/home/nicola/Desktop/Progetto_Sapore/install/interfaces/share/interfaces/hook/cmake_prefix_path.dsv'
[0.976s] INFO:colcon.colcon_core.shell:Creating environment hook '/home/nicola/Desktop/Progetto_Sapore/install/interfaces/share/interfaces/hook/cmake_prefix_path.sh'
[0.977s] Level 1:colcon.colcon_core.environment:checking '/home/nicola/Desktop/Progetto_Sapore/install/interfaces/lib'
[0.977s] Level 1:colcon.colcon_core.shell:create_environment_hook('interfaces', 'ld_library_path_lib')
[0.977s] INFO:colcon.colcon_core.shell:Creating environment hook '/home/nicola/Desktop/Progetto_Sapore/install/interfaces/share/interfaces/hook/ld_library_path_lib.ps1'
[0.977s] INFO:colcon.colcon_core.shell:Creating environment descriptor '/home/nicola/Desktop/Progetto_Sapore/install/interfaces/share/interfaces/hook/ld_library_path_lib.dsv'
[0.977s] INFO:colcon.colcon_core.shell:Creating environment hook '/home/nicola/Desktop/Progetto_Sapore/install/interfaces/share/interfaces/hook/ld_library_path_lib.sh'
[0.978s] Level 1:colcon.colcon_core.environment:checking '/home/nicola/Desktop/Progetto_Sapore/install/interfaces/bin'
[0.978s] Level 1:colcon.colcon_core.environment:checking '/home/nicola/Desktop/Progetto_Sapore/install/interfaces/lib/pkgconfig/interfaces.pc'
[0.978s] Level 1:colcon.colcon_core.environment:checking '/home/nicola/Desktop/Progetto_Sapore/install/interfaces/lib/python3.12/site-packages'
[0.978s] Level 1:colcon.colcon_core.shell:create_environment_hook('interfaces', 'pythonpath')
[0.978s] INFO:colcon.colcon_core.shell:Creating environment hook '/home/nicola/Desktop/Progetto_Sapore/install/interfaces/share/interfaces/hook/pythonpath.ps1'
[0.978s] INFO:colcon.colcon_core.shell:Creating environment descriptor '/home/nicola/Desktop/Progetto_Sapore/install/interfaces/share/interfaces/hook/pythonpath.dsv'
[0.979s] INFO:colcon.colcon_core.shell:Creating environment hook '/home/nicola/Desktop/Progetto_Sapore/install/interfaces/share/interfaces/hook/pythonpath.sh'
[0.979s] Level 1:colcon.colcon_core.environment:checking '/home/nicola/Desktop/Progetto_Sapore/install/interfaces/bin'
[0.979s] INFO:colcon.colcon_core.shell:Creating package script '/home/nicola/Desktop/Progetto_Sapore/install/interfaces/share/interfaces/package.ps1'
[0.980s] INFO:colcon.colcon_core.shell:Creating package descriptor '/home/nicola/Desktop/Progetto_Sapore/install/interfaces/share/interfaces/package.dsv'
[0.980s] INFO:colcon.colcon_core.shell:Creating package script '/home/nicola/Desktop/Progetto_Sapore/install/interfaces/share/interfaces/package.sh'
[0.981s] INFO:colcon.colcon_core.shell:Creating package script '/home/nicola/Desktop/Progetto_Sapore/install/interfaces/share/interfaces/package.bash'
[0.981s] INFO:colcon.colcon_core.shell:Creating package script '/home/nicola/Desktop/Progetto_Sapore/install/interfaces/share/interfaces/package.zsh'
[0.981s] Level 1:colcon.colcon_core.environment:create_file_with_runtime_dependencies(/home/nicola/Desktop/Progetto_Sapore/install/interfaces/share/colcon-core/packages/interfaces)
[0.982s] INFO:colcon.colcon_ros.task.ament_cmake.build:Building ROS package in '/home/nicola/Desktop/Progetto_Sapore/src/nodes' with build type 'ament_cmake'
[0.982s] INFO:colcon.colcon_cmake.task.cmake.build:Building CMake package in '/home/nicola/Desktop/Progetto_Sapore/src/nodes'
[0.982s] INFO:colcon.colcon_core.shell:Skip shell extension 'powershell' for command environment: Not usable outside of PowerShell
[0.982s] DEBUG:colcon.colcon_core.shell:Skip shell extension 'dsv' for command environment
[0.996s] DEBUG:colcon.colcon_core.event_handler.log_command:Invoking command in '/home/nicola/Desktop/Progetto_Sapore/build/nodes': CMAKE_PREFIX_PATH=/home/nicola/Desktop/Progetto_Sapore/install/interfaces:/home/nicola/Desktop/Progetto_Sapore/install/nodes:/home/nicola/Desktop/Progetto_Sapore/install/iiwa_config_moveit_config:/home/nicola/Desktop/Progetto_Sapore/install/iiwa_description:/home/nicola/Desktop/Progetto_Sapore/install/build_scene_package:/opt/ros/jazzy/opt/sdformat_vendor:/opt/ros/jazzy/opt/gz_math_vendor:/opt/ros/jazzy/opt/gz_utils_vendor:/opt/ros/jazzy/opt/gz_tools_vendor:/opt/ros/jazzy/opt/gz_cmake_vendor:/opt/ros/jazzy DEBUGINFOD_URLS=https://debuginfod.ubuntu.com /usr/bin/cmake --build /home/nicola/Desktop/Progetto_Sapore/build/nodes -- -j8 -l8
[14.088s] DEBUG:colcon.colcon_core.event_handler.log_command:Invoked command in '/home/nicola/Desktop/Progetto_Sapore/build/nodes' returned '2': CMAKE_PREFIX_PATH=/home/nicola/Desktop/Progetto_Sapore/install/interfaces:/home/nicola/Desktop/Progetto_Sapore/install/nodes:/home/nicola/Desktop/Progetto_Sapore/install/iiwa_config_moveit_config:/home/nicola/Desktop/Progetto_Sapore/install/iiwa_description:/home/nicola/Desktop/Progetto_Sapore/install/build_scene_package:/opt/ros/jazzy/opt/sdformat_vendor:/opt/ros/jazzy/opt/gz_math_vendor:/opt/ros/jazzy/opt/gz_utils_vendor:/opt/ros/jazzy/opt/gz_tools_vendor:/opt/ros/jazzy/opt/gz_cmake_vendor:/opt/ros/jazzy DEBUGINFOD_URLS=https://debuginfod.ubuntu.com /usr/bin/cmake --build /home/nicola/Desktop/Progetto_Sapore/build/nodes -- -j8 -l8
[14.089s] Level 1:colcon.colcon_core.environment:create_environment_scripts_only(nodes)
[14.089s] Level 1:colcon.colcon_core.environment:checking '/home/nicola/Desktop/Progetto_Sapore/install/nodes' for CMake module files
[14.090s] Level 1:colcon.colcon_core.environment:checking '/home/nicola/Desktop/Progetto_Sapore/install/nodes' for CMake config files
[14.090s] Level 1:colcon.colcon_core.shell:create_environment_hook('nodes', 'cmake_prefix_path')
[14.090s] INFO:colcon.colcon_core.shell:Creating environment hook '/home/nicola/Desktop/Progetto_Sapore/install/nodes/share/nodes/hook/cmake_prefix_path.ps1'
[14.091s] INFO:colcon.colcon_core.shell:Creating environment descriptor '/home/nicola/Desktop/Progetto_Sapore/install/nodes/share/nodes/hook/cmake_prefix_path.dsv'
[14.091s] INFO:colcon.colcon_core.shell:Creating environment hook '/home/nicola/Desktop/Progetto_Sapore/install/nodes/share/nodes/hook/cmake_prefix_path.sh'
[14.091s] Level 1:colcon.colcon_core.environment:checking '/home/nicola/Desktop/Progetto_Sapore/install/nodes/lib'
[14.092s] Level 1:colcon.colcon_core.environment:checking '/home/nicola/Desktop/Progetto_Sapore/install/nodes/bin'
[14.092s] Level 1:colcon.colcon_core.environment:checking '/home/nicola/Desktop/Progetto_Sapore/install/nodes/lib/pkgconfig/nodes.pc'
[14.092s] Level 1:colcon.colcon_core.environment:checking '/home/nicola/Desktop/Progetto_Sapore/install/nodes/lib/python3.12/site-packages'
[14.092s] Level 1:colcon.colcon_core.environment:checking '/home/nicola/Desktop/Progetto_Sapore/install/nodes/bin'
[14.092s] INFO:colcon.colcon_core.shell:Creating package script '/home/nicola/Desktop/Progetto_Sapore/install/nodes/share/nodes/package.ps1'
[14.093s] INFO:colcon.colcon_core.shell:Creating package descriptor '/home/nicola/Desktop/Progetto_Sapore/install/nodes/share/nodes/package.dsv'
[14.093s] INFO:colcon.colcon_core.shell:Creating package script '/home/nicola/Desktop/Progetto_Sapore/install/nodes/share/nodes/package.sh'
[14.094s] INFO:colcon.colcon_core.shell:Creating package script '/home/nicola/Desktop/Progetto_Sapore/install/nodes/share/nodes/package.bash'
[14.094s] INFO:colcon.colcon_core.shell:Creating package script '/home/nicola/Desktop/Progetto_Sapore/install/nodes/share/nodes/package.zsh'
[14.095s] Level 1:colcon.colcon_core.environment:create_file_with_runtime_dependencies(/home/nicola/Desktop/Progetto_Sapore/install/nodes/share/colcon-core/packages/nodes)
[14.105s] DEBUG:colcon.colcon_parallel_executor.executor.parallel:closing loop
[14.106s] DEBUG:colcon.colcon_parallel_executor.executor.parallel:loop closed
[14.106s] DEBUG:colcon.colcon_parallel_executor.executor.parallel:run_until_complete finished with '2'
[14.106s] DEBUG:colcon.colcon_core.event_reactor:joining thread
[14.121s] INFO:colcon.colcon_core.plugin_system:Skipping extension 'colcon_notification.desktop_notification.terminal_notifier': Not used on non-Darwin systems
[14.121s] INFO:colcon.colcon_core.plugin_system:Skipping extension 'colcon_notification.desktop_notification.win32': Not used on non-Windows systems
[14.121s] INFO:colcon.colcon_notification.desktop_notification:Sending desktop notification using 'notify2'
[14.149s] DEBUG:colcon.colcon_core.event_reactor:joined thread
[14.149s] INFO:colcon.colcon_core.shell:Creating prefix script '/home/nicola/Desktop/Progetto_Sapore/install/local_setup.ps1'
[14.151s] INFO:colcon.colcon_core.shell:Creating prefix util module '/home/nicola/Desktop/Progetto_Sapore/install/_local_setup_util_ps1.py'
[14.153s] INFO:colcon.colcon_core.shell:Creating prefix chain script '/home/nicola/Desktop/Progetto_Sapore/install/setup.ps1'
[14.156s] INFO:colcon.colcon_core.shell:Creating prefix script '/home/nicola/Desktop/Progetto_Sapore/install/local_setup.sh'
[14.157s] INFO:colcon.colcon_core.shell:Creating prefix util module '/home/nicola/Desktop/Progetto_Sapore/install/_local_setup_util_sh.py'
[14.158s] INFO:colcon.colcon_core.shell:Creating prefix chain script '/home/nicola/Desktop/Progetto_Sapore/install/setup.sh'
[14.160s] INFO:colcon.colcon_core.shell:Creating prefix script '/home/nicola/Desktop/Progetto_Sapore/install/local_setup.bash'
[14.161s] INFO:colcon.colcon_core.shell:Creating prefix chain script '/home/nicola/Desktop/Progetto_Sapore/install/setup.bash'
[14.163s] INFO:colcon.colcon_core.shell:Creating prefix script '/home/nicola/Desktop/Progetto_Sapore/install/local_setup.zsh'
[14.164s] INFO:colcon.colcon_core.shell:Creating prefix chain script '/home/nicola/Desktop/Progetto_Sapore/install/setup.zsh'
