In file included from [01m[K/home/nicola/Desktop/Progetto_Sapore/src/nodes/src/Reachability_interactive.cpp:9[m[K:
[01m[K/opt/ros/jazzy/include/moveit_ros_planning/moveit/planning_scene_monitor/planning_scene_monitor.h:50:77:[m[K [01;36m[Knote: [m[K‘[01m[K#pragma message: .h header is obsolete. Please use the .hpp header instead.[m[K’
   50 | #pragma message(".h header is obsolete. Please use the .hpp header instead."[01;36m[K)[m[K
      |                                                                             [01;36m[K^[m[K
[01m[K/home/nicola/Desktop/Progetto_Sapore/src/nodes/src/Reachability_interactive.cpp:[m[K In member function ‘[01m[Kvoid ReachabilityIKNode::[01;32m[KmarkerCallback[m[K(visualization_msgs::msg::InteractiveMarkerFeedback_<std::allocator<void> >::SharedPtr)[m[K’:
[01m[K/home/nicola/Desktop/Progetto_Sapore/src/nodes/src/Reachability_interactive.cpp:111:23:[m[K [01;31m[Kerror: [m[Kno match for ‘[01m[Koperator=[m[K’ (operand types are ‘[01m[Kgeometry_msgs::msg::PoseStamped[m[K’ {aka ‘[01m[Kgeometry_msgs::msg::PoseStamped_<std::allocator<void> >[m[K’} and ‘[01m[Kstd::__shared_ptr_access<visualization_msgs::msg::InteractiveMarkerFeedback_<std::allocator<void> >, __gnu_cxx::_S_atomic, false, false>::element_type[m[K’ {aka ‘[01m[Kvisualization_msgs::msg::InteractiveMarkerFeedback_<std::allocator<void> >[m[K’})
  111 |         last_pose_ = *[01;31m[Kmsg[m[K;
      |                       [01;31m[K^~~[m[K
In file included from [01m[K/opt/ros/jazzy/include/moveit_msgs/moveit_msgs/msg/detail/visibility_constraint__struct.hpp:24[m[K,
                 from [01m[K/opt/ros/jazzy/include/moveit_msgs/moveit_msgs/msg/detail/constraints__struct.hpp:29[m[K,
                 from [01m[K/opt/ros/jazzy/include/moveit_msgs/moveit_msgs/msg/detail/position_ik_request__struct.hpp:25[m[K,
                 from [01m[K/opt/ros/jazzy/include/moveit_msgs/moveit_msgs/srv/detail/get_position_ik__struct.hpp:23[m[K,
                 from [01m[K/opt/ros/jazzy/include/moveit_msgs/moveit_msgs/srv/get_position_ik.hpp:7[m[K,
                 from [01m[K/home/nicola/Desktop/Progetto_Sapore/src/nodes/src/Reachability_interactive.cpp:4[m[K:
[01m[K/opt/ros/jazzy/include/geometry_msgs/geometry_msgs/msg/detail/pose_stamped__struct.hpp:41:8:[m[K [01;36m[Knote: [m[Kcandidate: ‘[01m[Kgeometry_msgs::msg::PoseStamped_<std::allocator<void> >& geometry_msgs::msg::PoseStamped_<std::allocator<void> >::[01;32m[Koperator=[m[K(const geometry_msgs::msg::PoseStamped_<std::allocator<void> >&)[m[K’
   41 | struct [01;36m[KPoseStamped_[m[K
      |        [01;36m[K^~~~~~~~~~~~[m[K
[01m[K/opt/ros/jazzy/include/geometry_msgs/geometry_msgs/msg/detail/pose_stamped__struct.hpp:41:8:[m[K [01;36m[Knote: [m[K  no known conversion for argument 1 from ‘[01m[Kstd::__shared_ptr_access<visualization_msgs::msg::InteractiveMarkerFeedback_<std::allocator<void> >, __gnu_cxx::_S_atomic, false, false>::element_type[m[K’ {aka ‘[01m[Kvisualization_msgs::msg::InteractiveMarkerFeedback_<std::allocator<void> >[m[K’} to ‘[01m[Kconst geometry_msgs::msg::PoseStamped_<std::allocator<void> >&[m[K’
[01m[K/opt/ros/jazzy/include/geometry_msgs/geometry_msgs/msg/detail/pose_stamped__struct.hpp:41:8:[m[K [01;36m[Knote: [m[Kcandidate: ‘[01m[Kgeometry_msgs::msg::PoseStamped_<std::allocator<void> >& geometry_msgs::msg::PoseStamped_<std::allocator<void> >::[01;32m[Koperator=[m[K(geometry_msgs::msg::PoseStamped_<std::allocator<void> >&&)[m[K’
[01m[K/opt/ros/jazzy/include/geometry_msgs/geometry_msgs/msg/detail/pose_stamped__struct.hpp:41:8:[m[K [01;36m[Knote: [m[K  no known conversion for argument 1 from ‘[01m[Kstd::__shared_ptr_access<visualization_msgs::msg::InteractiveMarkerFeedback_<std::allocator<void> >, __gnu_cxx::_S_atomic, false, false>::element_type[m[K’ {aka ‘[01m[Kvisualization_msgs::msg::InteractiveMarkerFeedback_<std::allocator<void> >[m[K’} to ‘[01m[Kgeometry_msgs::msg::PoseStamped_<std::allocator<void> >&&[m[K’
gmake[2]: *** [CMakeFiles/Reac_marker.dir/build.make:76: CMakeFiles/Reac_marker.dir/src/Reachability_interactive.cpp.o] Error 1
gmake[1]: *** [CMakeFiles/Makefile2:249: CMakeFiles/Reac_marker.dir/all] Error 2
gmake: *** [Makefile:146: all] Error 2
