[0.015s] Invoking command in '/home/nicola/Desktop/Progetto_Sapore/build/nodes': CMAKE_PREFIX_PATH=/home/nicola/Desktop/Progetto_Sapore/install/interfaces:/home/nicola/Desktop/Progetto_Sapore/install/nodes:/home/nicola/Desktop/Progetto_Sapore/install/iiwa_config_moveit_config:/home/nicola/Desktop/Progetto_Sapore/install/iiwa_description:/home/nicola/Desktop/Progetto_Sapore/install/build_scene_package:/opt/ros/jazzy/opt/sdformat_vendor:/opt/ros/jazzy/opt/gz_math_vendor:/opt/ros/jazzy/opt/gz_utils_vendor:/opt/ros/jazzy/opt/gz_tools_vendor:/opt/ros/jazzy/opt/gz_cmake_vendor:/opt/ros/jazzy DEBUGINFOD_URLS=https://debuginfod.ubuntu.com /usr/bin/cmake --build /home/nicola/Desktop/Progetto_Sapore/build/nodes -- -j8 -l8
[0.107s] [ 20%] Built target Raggiungibilita
[0.107s] [ 40%] Built target interactive_reach
[0.114s] [ 60%] Built target test_reach
[0.123s] [ 80%] Built target Reach
[0.155s] [ 90%] [32mBuilding CXX object CMakeFiles/Reac_marker.dir/src/Reachability_interactive.cpp.o[0m
[4.155s] In file included from [01m[K/home/nicola/Desktop/Progetto_Sapore/src/nodes/src/Reachability_interactive.cpp:7[m[K:
[4.156s] [01m[K/opt/ros/jazzy/include/moveit_ros_planning/moveit/planning_scene_monitor/planning_scene_monitor.h:50:77:[m[K [01;36m[Knote: [m[K‘[01m[K#pragma message: .h header is obsolete. Please use the .hpp header instead.[m[K’
[4.156s]    50 | a message(".h header is obsolete. Please use the .hpp header instead."[01;36m[K)[m[K
[4.156s]       |                                                                       [01;36m[K^[m[K
[4.156s] 
[16.849s] [100%] [32m[1mLinking CXX executable Reac_marker[0m
[17.805s] [100%] Built target Reac_marker
[17.818s] Invoked command in '/home/nicola/Desktop/Progetto_Sapore/build/nodes' returned '0': CMAKE_PREFIX_PATH=/home/nicola/Desktop/Progetto_Sapore/install/interfaces:/home/nicola/Desktop/Progetto_Sapore/install/nodes:/home/nicola/Desktop/Progetto_Sapore/install/iiwa_config_moveit_config:/home/nicola/Desktop/Progetto_Sapore/install/iiwa_description:/home/nicola/Desktop/Progetto_Sapore/install/build_scene_package:/opt/ros/jazzy/opt/sdformat_vendor:/opt/ros/jazzy/opt/gz_math_vendor:/opt/ros/jazzy/opt/gz_utils_vendor:/opt/ros/jazzy/opt/gz_tools_vendor:/opt/ros/jazzy/opt/gz_cmake_vendor:/opt/ros/jazzy DEBUGINFOD_URLS=https://debuginfod.ubuntu.com /usr/bin/cmake --build /home/nicola/Desktop/Progetto_Sapore/build/nodes -- -j8 -l8
[17.826s] Invoking command in '/home/nicola/Desktop/Progetto_Sapore/build/nodes': CMAKE_PREFIX_PATH=/home/nicola/Desktop/Progetto_Sapore/install/interfaces:/home/nicola/Desktop/Progetto_Sapore/install/nodes:/home/nicola/Desktop/Progetto_Sapore/install/iiwa_config_moveit_config:/home/nicola/Desktop/Progetto_Sapore/install/iiwa_description:/home/nicola/Desktop/Progetto_Sapore/install/build_scene_package:/opt/ros/jazzy/opt/sdformat_vendor:/opt/ros/jazzy/opt/gz_math_vendor:/opt/ros/jazzy/opt/gz_utils_vendor:/opt/ros/jazzy/opt/gz_tools_vendor:/opt/ros/jazzy/opt/gz_cmake_vendor:/opt/ros/jazzy DEBUGINFOD_URLS=https://debuginfod.ubuntu.com /usr/bin/cmake --install /home/nicola/Desktop/Progetto_Sapore/build/nodes
[17.834s] -- Install configuration: ""
[17.835s] -- Up-to-date: /home/nicola/Desktop/Progetto_Sapore/install/nodes/lib/nodes/test_reach
[17.836s] -- Up-to-date: /home/nicola/Desktop/Progetto_Sapore/install/nodes/lib/nodes/test_reach
[17.837s] -- Up-to-date: /home/nicola/Desktop/Progetto_Sapore/install/nodes/lib/nodes/Reach
[17.837s] -- Up-to-date: /home/nicola/Desktop/Progetto_Sapore/install/nodes/lib/nodes/Raggiungibilita
[17.838s] -- Up-to-date: /home/nicola/Desktop/Progetto_Sapore/install/nodes/lib/nodes/interactive_reach
[17.841s] -- Installing: /home/nicola/Desktop/Progetto_Sapore/install/nodes/lib/nodes/Reac_marker
[17.848s] -- Set non-toolchain portion of runtime path of "/home/nicola/Desktop/Progetto_Sapore/install/nodes/lib/nodes/Reac_marker" to ""
[17.848s] -- Up-to-date: /home/nicola/Desktop/Progetto_Sapore/install/nodes/share/nodes/launch
[17.848s] -- Up-to-date: /home/nicola/Desktop/Progetto_Sapore/install/nodes/share/nodes/launch/launch.py
[17.849s] -- Up-to-date: /home/nicola/Desktop/Progetto_Sapore/install/nodes/share/ament_index/resource_index/package_run_dependencies/nodes
[17.849s] -- Up-to-date: /home/nicola/Desktop/Progetto_Sapore/install/nodes/share/ament_index/resource_index/parent_prefix_path/nodes
[17.849s] -- Up-to-date: /home/nicola/Desktop/Progetto_Sapore/install/nodes/share/nodes/environment/ament_prefix_path.sh
[17.849s] -- Up-to-date: /home/nicola/Desktop/Progetto_Sapore/install/nodes/share/nodes/environment/ament_prefix_path.dsv
[17.849s] -- Up-to-date: /home/nicola/Desktop/Progetto_Sapore/install/nodes/share/nodes/environment/path.sh
[17.849s] -- Up-to-date: /home/nicola/Desktop/Progetto_Sapore/install/nodes/share/nodes/environment/path.dsv
[17.849s] -- Up-to-date: /home/nicola/Desktop/Progetto_Sapore/install/nodes/share/nodes/local_setup.bash
[17.849s] -- Up-to-date: /home/nicola/Desktop/Progetto_Sapore/install/nodes/share/nodes/local_setup.sh
[17.849s] -- Up-to-date: /home/nicola/Desktop/Progetto_Sapore/install/nodes/share/nodes/local_setup.zsh
[17.849s] -- Up-to-date: /home/nicola/Desktop/Progetto_Sapore/install/nodes/share/nodes/local_setup.dsv
[17.850s] -- Installing: /home/nicola/Desktop/Progetto_Sapore/install/nodes/share/nodes/package.dsv
[17.850s] -- Up-to-date: /home/nicola/Desktop/Progetto_Sapore/install/nodes/share/ament_index/resource_index/packages/nodes
[17.850s] -- Up-to-date: /home/nicola/Desktop/Progetto_Sapore/install/nodes/share/nodes/cmake/nodesConfig.cmake
[17.850s] -- Up-to-date: /home/nicola/Desktop/Progetto_Sapore/install/nodes/share/nodes/cmake/nodesConfig-version.cmake
[17.850s] -- Up-to-date: /home/nicola/Desktop/Progetto_Sapore/install/nodes/share/nodes/package.xml
[17.852s] Invoked command in '/home/nicola/Desktop/Progetto_Sapore/build/nodes' returned '0': CMAKE_PREFIX_PATH=/home/nicola/Desktop/Progetto_Sapore/install/interfaces:/home/nicola/Desktop/Progetto_Sapore/install/nodes:/home/nicola/Desktop/Progetto_Sapore/install/iiwa_config_moveit_config:/home/nicola/Desktop/Progetto_Sapore/install/iiwa_description:/home/nicola/Desktop/Progetto_Sapore/install/build_scene_package:/opt/ros/jazzy/opt/sdformat_vendor:/opt/ros/jazzy/opt/gz_math_vendor:/opt/ros/jazzy/opt/gz_utils_vendor:/opt/ros/jazzy/opt/gz_tools_vendor:/opt/ros/jazzy/opt/gz_cmake_vendor:/opt/ros/jazzy DEBUGINFOD_URLS=https://debuginfod.ubuntu.com /usr/bin/cmake --install /home/nicola/Desktop/Progetto_Sapore/build/nodes
