[0.039s] Invoking command in '/home/nicola/Desktop/Progetto_Sapore/build/interfaces': CMAKE_PREFIX_PATH=${CMAKE_PREFIX_PATH}:/opt/ros/jazzy DEBUGINFOD_URLS=https://debuginfod.ubuntu.com /usr/bin/cmake --build /home/nicola/Desktop/Progetto_Sapore/build/interfaces -- -j8 -l8
[0.111s] [  2%] Built target interfaces__rosidl_generator_type_description
[0.162s] [  2%] Built target ament_cmake_python_copy_interfaces
[0.167s] [  5%] Built target interfaces__cpp
[0.200s] [ 20%] Built target interfaces__rosidl_generator_c
[0.267s] [ 29%] Built target interfaces__rosidl_typesupport_fastrtps_cpp
[0.267s] [ 38%] Built target interfaces__rosidl_typesupport_cpp
[0.273s] [ 47%] Built target interfaces__rosidl_typesupport_introspection_cpp
[0.273s] [ 55%] Built target interfaces__rosidl_typesupport_fastrtps_c
[0.274s] [ 64%] Built target interfaces__rosidl_typesupport_introspection_c
[0.274s] [ 73%] Built target interfaces__rosidl_typesupport_c
[0.317s] [ 73%] Built target interfaces
[0.354s] [ 76%] Built target interfaces__py
[0.370s] [ 82%] Built target interfaces__rosidl_generator_py
[0.393s] [ 88%] Built target interfaces_s__rosidl_typesupport_c
[0.393s] [ 94%] Built target interfaces_s__rosidl_typesupport_fastrtps_c
[0.396s] [100%] Built target interfaces_s__rosidl_typesupport_introspection_c
[0.487s] running egg_info
[0.507s] writing interfaces.egg-info/PKG-INFO
[0.508s] writing dependency_links to interfaces.egg-info/dependency_links.txt
[0.508s] writing top-level names to interfaces.egg-info/top_level.txt
[0.577s] reading manifest file 'interfaces.egg-info/SOURCES.txt'
[0.578s] writing manifest file 'interfaces.egg-info/SOURCES.txt'
[0.615s] [100%] Built target ament_cmake_python_build_interfaces_egg
[0.629s] Invoked command in '/home/nicola/Desktop/Progetto_Sapore/build/interfaces' returned '0': CMAKE_PREFIX_PATH=${CMAKE_PREFIX_PATH}:/opt/ros/jazzy DEBUGINFOD_URLS=https://debuginfod.ubuntu.com /usr/bin/cmake --build /home/nicola/Desktop/Progetto_Sapore/build/interfaces -- -j8 -l8
[0.629s] Invoking command in '/home/nicola/Desktop/Progetto_Sapore/build/interfaces': CMAKE_PREFIX_PATH=${CMAKE_PREFIX_PATH}:/opt/ros/jazzy DEBUGINFOD_URLS=https://debuginfod.ubuntu.com /usr/bin/cmake --install /home/nicola/Desktop/Progetto_Sapore/build/interfaces
[0.639s] -- Install configuration: ""
[0.643s] -- Up-to-date: /home/nicola/Desktop/Progetto_Sapore/install/interfaces/share/ament_index/resource_index/rosidl_interfaces/interfaces
[0.643s] -- Up-to-date: /home/nicola/Desktop/Progetto_Sapore/install/interfaces/share/interfaces/action/Jtraj.json
[0.643s] -- Up-to-date: /home/nicola/Desktop/Progetto_Sapore/install/interfaces/include/interfaces/interfaces
[0.643s] -- Up-to-date: /home/nicola/Desktop/Progetto_Sapore/install/interfaces/include/interfaces/interfaces/msg
[0.643s] -- Up-to-date: /home/nicola/Desktop/Progetto_Sapore/install/interfaces/include/interfaces/interfaces/msg/rosidl_generator_c__visibility_control.h
[0.643s] -- Up-to-date: /home/nicola/Desktop/Progetto_Sapore/install/interfaces/include/interfaces/interfaces/action
[0.643s] -- Up-to-date: /home/nicola/Desktop/Progetto_Sapore/install/interfaces/include/interfaces/interfaces/action/detail
[0.644s] -- Up-to-date: /home/nicola/Desktop/Progetto_Sapore/install/interfaces/include/interfaces/interfaces/action/detail/jtraj__description.c
[0.644s] -- Up-to-date: /home/nicola/Desktop/Progetto_Sapore/install/interfaces/include/interfaces/interfaces/action/detail/jtraj__functions.c
[0.644s] -- Up-to-date: /home/nicola/Desktop/Progetto_Sapore/install/interfaces/include/interfaces/interfaces/action/detail/jtraj__struct.h
[0.644s] -- Up-to-date: /home/nicola/Desktop/Progetto_Sapore/install/interfaces/include/interfaces/interfaces/action/detail/jtraj__type_support.h
[0.644s] -- Up-to-date: /home/nicola/Desktop/Progetto_Sapore/install/interfaces/include/interfaces/interfaces/action/detail/jtraj__functions.h
[0.644s] -- Up-to-date: /home/nicola/Desktop/Progetto_Sapore/install/interfaces/include/interfaces/interfaces/action/detail/jtraj__type_support.c
[0.644s] -- Up-to-date: /home/nicola/Desktop/Progetto_Sapore/install/interfaces/include/interfaces/interfaces/action/jtraj.h
[0.644s] -- Up-to-date: /home/nicola/Desktop/Progetto_Sapore/install/interfaces/share/interfaces/environment/library_path.sh
[0.644s] -- Up-to-date: /home/nicola/Desktop/Progetto_Sapore/install/interfaces/share/interfaces/environment/library_path.dsv
[0.644s] -- Up-to-date: /home/nicola/Desktop/Progetto_Sapore/install/interfaces/lib/libinterfaces__rosidl_generator_c.so
[0.644s] -- Up-to-date: /home/nicola/Desktop/Progetto_Sapore/install/interfaces/include/interfaces/interfaces
[0.644s] -- Up-to-date: /home/nicola/Desktop/Progetto_Sapore/install/interfaces/include/interfaces/interfaces/msg
[0.644s] -- Up-to-date: /home/nicola/Desktop/Progetto_Sapore/install/interfaces/include/interfaces/interfaces/msg/rosidl_typesupport_fastrtps_c__visibility_control.h
[0.644s] -- Up-to-date: /home/nicola/Desktop/Progetto_Sapore/install/interfaces/include/interfaces/interfaces/action
[0.644s] -- Up-to-date: /home/nicola/Desktop/Progetto_Sapore/install/interfaces/include/interfaces/interfaces/action/detail
[0.645s] -- Up-to-date: /home/nicola/Desktop/Progetto_Sapore/install/interfaces/include/interfaces/interfaces/action/detail/jtraj__rosidl_typesupport_fastrtps_c.h
[0.646s] -- Up-to-date: /home/nicola/Desktop/Progetto_Sapore/install/interfaces/lib/libinterfaces__rosidl_typesupport_fastrtps_c.so
[0.646s] -- Up-to-date: /home/nicola/Desktop/Progetto_Sapore/install/interfaces/include/interfaces/interfaces
[0.646s] -- Up-to-date: /home/nicola/Desktop/Progetto_Sapore/install/interfaces/include/interfaces/interfaces/msg
[0.646s] -- Up-to-date: /home/nicola/Desktop/Progetto_Sapore/install/interfaces/include/interfaces/interfaces/msg/rosidl_typesupport_introspection_c__visibility_control.h
[0.646s] -- Up-to-date: /home/nicola/Desktop/Progetto_Sapore/install/interfaces/include/interfaces/interfaces/action
[0.646s] -- Up-to-date: /home/nicola/Desktop/Progetto_Sapore/install/interfaces/include/interfaces/interfaces/action/detail
[0.646s] -- Up-to-date: /home/nicola/Desktop/Progetto_Sapore/install/interfaces/include/interfaces/interfaces/action/detail/jtraj__rosidl_typesupport_introspection_c.h
[0.646s] -- Up-to-date: /home/nicola/Desktop/Progetto_Sapore/install/interfaces/include/interfaces/interfaces/action/detail/jtraj__type_support.c
[0.646s] -- Up-to-date: /home/nicola/Desktop/Progetto_Sapore/install/interfaces/lib/libinterfaces__rosidl_typesupport_introspection_c.so
[0.647s] -- Up-to-date: /home/nicola/Desktop/Progetto_Sapore/install/interfaces/lib/libinterfaces__rosidl_typesupport_c.so
[0.647s] -- Up-to-date: /home/nicola/Desktop/Progetto_Sapore/install/interfaces/include/interfaces/interfaces
[0.647s] -- Up-to-date: /home/nicola/Desktop/Progetto_Sapore/install/interfaces/include/interfaces/interfaces/msg
[0.647s] -- Up-to-date: /home/nicola/Desktop/Progetto_Sapore/install/interfaces/include/interfaces/interfaces/msg/rosidl_generator_cpp__visibility_control.hpp
[0.647s] -- Up-to-date: /home/nicola/Desktop/Progetto_Sapore/install/interfaces/include/interfaces/interfaces/action
[0.647s] -- Up-to-date: /home/nicola/Desktop/Progetto_Sapore/install/interfaces/include/interfaces/interfaces/action/jtraj.hpp
[0.647s] -- Up-to-date: /home/nicola/Desktop/Progetto_Sapore/install/interfaces/include/interfaces/interfaces/action/detail
[0.647s] -- Up-to-date: /home/nicola/Desktop/Progetto_Sapore/install/interfaces/include/interfaces/interfaces/action/detail/jtraj__type_support.hpp
[0.647s] -- Up-to-date: /home/nicola/Desktop/Progetto_Sapore/install/interfaces/include/interfaces/interfaces/action/detail/jtraj__builder.hpp
[0.647s] -- Up-to-date: /home/nicola/Desktop/Progetto_Sapore/install/interfaces/include/interfaces/interfaces/action/detail/jtraj__traits.hpp
[0.647s] -- Up-to-date: /home/nicola/Desktop/Progetto_Sapore/install/interfaces/include/interfaces/interfaces/action/detail/jtraj__struct.hpp
[0.647s] -- Up-to-date: /home/nicola/Desktop/Progetto_Sapore/install/interfaces/include/interfaces/interfaces
[0.647s] -- Up-to-date: /home/nicola/Desktop/Progetto_Sapore/install/interfaces/include/interfaces/interfaces/msg
[0.648s] -- Up-to-date: /home/nicola/Desktop/Progetto_Sapore/install/interfaces/include/interfaces/interfaces/msg/rosidl_typesupport_fastrtps_cpp__visibility_control.h
[0.648s] -- Up-to-date: /home/nicola/Desktop/Progetto_Sapore/install/interfaces/include/interfaces/interfaces/action
[0.648s] -- Up-to-date: /home/nicola/Desktop/Progetto_Sapore/install/interfaces/include/interfaces/interfaces/action/detail
[0.648s] -- Up-to-date: /home/nicola/Desktop/Progetto_Sapore/install/interfaces/include/interfaces/interfaces/action/detail/jtraj__rosidl_typesupport_fastrtps_cpp.hpp
[0.648s] -- Up-to-date: /home/nicola/Desktop/Progetto_Sapore/install/interfaces/include/interfaces/interfaces/action/detail/dds_fastrtps
[0.648s] -- Up-to-date: /home/nicola/Desktop/Progetto_Sapore/install/interfaces/lib/libinterfaces__rosidl_typesupport_fastrtps_cpp.so
[0.648s] -- Up-to-date: /home/nicola/Desktop/Progetto_Sapore/install/interfaces/include/interfaces/interfaces
[0.648s] -- Up-to-date: /home/nicola/Desktop/Progetto_Sapore/install/interfaces/include/interfaces/interfaces/action
[0.648s] -- Up-to-date: /home/nicola/Desktop/Progetto_Sapore/install/interfaces/include/interfaces/interfaces/action/detail
[0.648s] -- Up-to-date: /home/nicola/Desktop/Progetto_Sapore/install/interfaces/include/interfaces/interfaces/action/detail/jtraj__rosidl_typesupport_introspection_cpp.hpp
[0.649s] -- Up-to-date: /home/nicola/Desktop/Progetto_Sapore/install/interfaces/include/interfaces/interfaces/action/detail/jtraj__type_support.cpp
[0.649s] -- Up-to-date: /home/nicola/Desktop/Progetto_Sapore/install/interfaces/lib/libinterfaces__rosidl_typesupport_introspection_cpp.so
[0.649s] -- Up-to-date: /home/nicola/Desktop/Progetto_Sapore/install/interfaces/lib/libinterfaces__rosidl_typesupport_cpp.so
[0.649s] -- Up-to-date: /home/nicola/Desktop/Progetto_Sapore/install/interfaces/share/interfaces/environment/pythonpath.sh
[0.649s] -- Up-to-date: /home/nicola/Desktop/Progetto_Sapore/install/interfaces/share/interfaces/environment/pythonpath.dsv
[0.649s] -- Up-to-date: /home/nicola/Desktop/Progetto_Sapore/install/interfaces/lib/python3.12/site-packages/interfaces-0.0.0-py3.12.egg-info
[0.649s] -- Installing: /home/nicola/Desktop/Progetto_Sapore/install/interfaces/lib/python3.12/site-packages/interfaces-0.0.0-py3.12.egg-info/dependency_links.txt
[0.649s] -- Installing: /home/nicola/Desktop/Progetto_Sapore/install/interfaces/lib/python3.12/site-packages/interfaces-0.0.0-py3.12.egg-info/SOURCES.txt
[0.649s] -- Installing: /home/nicola/Desktop/Progetto_Sapore/install/interfaces/lib/python3.12/site-packages/interfaces-0.0.0-py3.12.egg-info/top_level.txt
[0.649s] -- Installing: /home/nicola/Desktop/Progetto_Sapore/install/interfaces/lib/python3.12/site-packages/interfaces-0.0.0-py3.12.egg-info/PKG-INFO
[0.649s] -- Up-to-date: /home/nicola/Desktop/Progetto_Sapore/install/interfaces/lib/python3.12/site-packages/interfaces
[0.649s] -- Up-to-date: /home/nicola/Desktop/Progetto_Sapore/install/interfaces/lib/python3.12/site-packages/interfaces/_interfaces_s.ep.rosidl_typesupport_c.c
[0.650s] -- Up-to-date: /home/nicola/Desktop/Progetto_Sapore/install/interfaces/lib/python3.12/site-packages/interfaces/__init__.py
[0.650s] -- Up-to-date: /home/nicola/Desktop/Progetto_Sapore/install/interfaces/lib/python3.12/site-packages/interfaces/interfaces_s__rosidl_typesupport_c.so
[0.650s] -- Up-to-date: /home/nicola/Desktop/Progetto_Sapore/install/interfaces/lib/python3.12/site-packages/interfaces/interfaces_s__rosidl_typesupport_fastrtps_c.so
[0.650s] -- Up-to-date: /home/nicola/Desktop/Progetto_Sapore/install/interfaces/lib/python3.12/site-packages/interfaces/action
[0.650s] -- Up-to-date: /home/nicola/Desktop/Progetto_Sapore/install/interfaces/lib/python3.12/site-packages/interfaces/action/__init__.py
[0.650s] -- Up-to-date: /home/nicola/Desktop/Progetto_Sapore/install/interfaces/lib/python3.12/site-packages/interfaces/action/_jtraj_s.c
[0.650s] -- Up-to-date: /home/nicola/Desktop/Progetto_Sapore/install/interfaces/lib/python3.12/site-packages/interfaces/action/_jtraj.py
[0.650s] -- Up-to-date: /home/nicola/Desktop/Progetto_Sapore/install/interfaces/lib/python3.12/site-packages/interfaces/_interfaces_s.ep.rosidl_typesupport_fastrtps_c.c
[0.650s] -- Up-to-date: /home/nicola/Desktop/Progetto_Sapore/install/interfaces/lib/python3.12/site-packages/interfaces/interfaces_s__rosidl_typesupport_introspection_c.so
[0.650s] -- Up-to-date: /home/nicola/Desktop/Progetto_Sapore/install/interfaces/lib/python3.12/site-packages/interfaces/_interfaces_s.ep.rosidl_typesupport_introspection_c.c
[0.675s] Listing '/home/nicola/Desktop/Progetto_Sapore/install/interfaces/lib/python3.12/site-packages/interfaces'...
[0.675s] Listing '/home/nicola/Desktop/Progetto_Sapore/install/interfaces/lib/python3.12/site-packages/interfaces/action'...
[0.680s] -- Up-to-date: /home/nicola/Desktop/Progetto_Sapore/install/interfaces/lib/python3.12/site-packages/interfaces/interfaces_s__rosidl_typesupport_fastrtps_c.so
[0.681s] -- Up-to-date: /home/nicola/Desktop/Progetto_Sapore/install/interfaces/lib/python3.12/site-packages/interfaces/interfaces_s__rosidl_typesupport_introspection_c.so
[0.681s] -- Up-to-date: /home/nicola/Desktop/Progetto_Sapore/install/interfaces/lib/python3.12/site-packages/interfaces/interfaces_s__rosidl_typesupport_c.so
[0.681s] -- Up-to-date: /home/nicola/Desktop/Progetto_Sapore/install/interfaces/lib/libinterfaces__rosidl_generator_py.so
[0.681s] -- Up-to-date: /home/nicola/Desktop/Progetto_Sapore/install/interfaces/share/interfaces/action/Jtraj.idl
[0.681s] -- Up-to-date: /home/nicola/Desktop/Progetto_Sapore/install/interfaces/share/interfaces/action/Jtraj.action
[0.681s] -- Up-to-date: /home/nicola/Desktop/Progetto_Sapore/install/interfaces/share/ament_index/resource_index/package_run_dependencies/interfaces
[0.681s] -- Up-to-date: /home/nicola/Desktop/Progetto_Sapore/install/interfaces/share/ament_index/resource_index/parent_prefix_path/interfaces
[0.682s] -- Up-to-date: /home/nicola/Desktop/Progetto_Sapore/install/interfaces/share/interfaces/environment/ament_prefix_path.sh
[0.682s] -- Up-to-date: /home/nicola/Desktop/Progetto_Sapore/install/interfaces/share/interfaces/environment/ament_prefix_path.dsv
[0.682s] -- Up-to-date: /home/nicola/Desktop/Progetto_Sapore/install/interfaces/share/interfaces/environment/path.sh
[0.682s] -- Up-to-date: /home/nicola/Desktop/Progetto_Sapore/install/interfaces/share/interfaces/environment/path.dsv
[0.682s] -- Up-to-date: /home/nicola/Desktop/Progetto_Sapore/install/interfaces/share/interfaces/local_setup.bash
[0.682s] -- Up-to-date: /home/nicola/Desktop/Progetto_Sapore/install/interfaces/share/interfaces/local_setup.sh
[0.682s] -- Up-to-date: /home/nicola/Desktop/Progetto_Sapore/install/interfaces/share/interfaces/local_setup.zsh
[0.683s] -- Up-to-date: /home/nicola/Desktop/Progetto_Sapore/install/interfaces/share/interfaces/local_setup.dsv
[0.683s] -- Installing: /home/nicola/Desktop/Progetto_Sapore/install/interfaces/share/interfaces/package.dsv
[0.683s] -- Up-to-date: /home/nicola/Desktop/Progetto_Sapore/install/interfaces/share/ament_index/resource_index/packages/interfaces
[0.683s] -- Up-to-date: /home/nicola/Desktop/Progetto_Sapore/install/interfaces/share/interfaces/cmake/export_interfaces__rosidl_generator_cExport.cmake
[0.683s] -- Up-to-date: /home/nicola/Desktop/Progetto_Sapore/install/interfaces/share/interfaces/cmake/export_interfaces__rosidl_generator_cExport-noconfig.cmake
[0.683s] -- Up-to-date: /home/nicola/Desktop/Progetto_Sapore/install/interfaces/share/interfaces/cmake/export_interfaces__rosidl_typesupport_fastrtps_cExport.cmake
[0.683s] -- Up-to-date: /home/nicola/Desktop/Progetto_Sapore/install/interfaces/share/interfaces/cmake/export_interfaces__rosidl_typesupport_fastrtps_cExport-noconfig.cmake
[0.683s] -- Up-to-date: /home/nicola/Desktop/Progetto_Sapore/install/interfaces/share/interfaces/cmake/interfaces__rosidl_typesupport_introspection_cExport.cmake
[0.683s] -- Up-to-date: /home/nicola/Desktop/Progetto_Sapore/install/interfaces/share/interfaces/cmake/interfaces__rosidl_typesupport_introspection_cExport-noconfig.cmake
[0.683s] -- Up-to-date: /home/nicola/Desktop/Progetto_Sapore/install/interfaces/share/interfaces/cmake/interfaces__rosidl_typesupport_cExport.cmake
[0.683s] -- Up-to-date: /home/nicola/Desktop/Progetto_Sapore/install/interfaces/share/interfaces/cmake/interfaces__rosidl_typesupport_cExport-noconfig.cmake
[0.684s] -- Up-to-date: /home/nicola/Desktop/Progetto_Sapore/install/interfaces/share/interfaces/cmake/export_interfaces__rosidl_generator_cppExport.cmake
[0.684s] -- Up-to-date: /home/nicola/Desktop/Progetto_Sapore/install/interfaces/share/interfaces/cmake/export_interfaces__rosidl_typesupport_fastrtps_cppExport.cmake
[0.684s] -- Up-to-date: /home/nicola/Desktop/Progetto_Sapore/install/interfaces/share/interfaces/cmake/export_interfaces__rosidl_typesupport_fastrtps_cppExport-noconfig.cmake
[0.684s] -- Up-to-date: /home/nicola/Desktop/Progetto_Sapore/install/interfaces/share/interfaces/cmake/interfaces__rosidl_typesupport_introspection_cppExport.cmake
[0.684s] -- Up-to-date: /home/nicola/Desktop/Progetto_Sapore/install/interfaces/share/interfaces/cmake/interfaces__rosidl_typesupport_introspection_cppExport-noconfig.cmake
[0.684s] -- Up-to-date: /home/nicola/Desktop/Progetto_Sapore/install/interfaces/share/interfaces/cmake/interfaces__rosidl_typesupport_cppExport.cmake
[0.684s] -- Up-to-date: /home/nicola/Desktop/Progetto_Sapore/install/interfaces/share/interfaces/cmake/interfaces__rosidl_typesupport_cppExport-noconfig.cmake
[0.684s] -- Up-to-date: /home/nicola/Desktop/Progetto_Sapore/install/interfaces/share/interfaces/cmake/export_interfaces__rosidl_generator_pyExport.cmake
[0.684s] -- Up-to-date: /home/nicola/Desktop/Progetto_Sapore/install/interfaces/share/interfaces/cmake/export_interfaces__rosidl_generator_pyExport-noconfig.cmake
[0.684s] -- Up-to-date: /home/nicola/Desktop/Progetto_Sapore/install/interfaces/share/interfaces/cmake/rosidl_cmake-extras.cmake
[0.684s] -- Up-to-date: /home/nicola/Desktop/Progetto_Sapore/install/interfaces/share/interfaces/cmake/ament_cmake_export_dependencies-extras.cmake
[0.684s] -- Up-to-date: /home/nicola/Desktop/Progetto_Sapore/install/interfaces/share/interfaces/cmake/ament_cmake_export_include_directories-extras.cmake
[0.684s] -- Up-to-date: /home/nicola/Desktop/Progetto_Sapore/install/interfaces/share/interfaces/cmake/ament_cmake_export_libraries-extras.cmake
[0.685s] -- Up-to-date: /home/nicola/Desktop/Progetto_Sapore/install/interfaces/share/interfaces/cmake/ament_cmake_export_targets-extras.cmake
[0.685s] -- Up-to-date: /home/nicola/Desktop/Progetto_Sapore/install/interfaces/share/interfaces/cmake/rosidl_cmake_export_typesupport_targets-extras.cmake
[0.685s] -- Up-to-date: /home/nicola/Desktop/Progetto_Sapore/install/interfaces/share/interfaces/cmake/rosidl_cmake_export_typesupport_libraries-extras.cmake
[0.685s] -- Up-to-date: /home/nicola/Desktop/Progetto_Sapore/install/interfaces/share/interfaces/cmake/interfacesConfig.cmake
[0.685s] -- Up-to-date: /home/nicola/Desktop/Progetto_Sapore/install/interfaces/share/interfaces/cmake/interfacesConfig-version.cmake
[0.685s] -- Up-to-date: /home/nicola/Desktop/Progetto_Sapore/install/interfaces/share/interfaces/package.xml
[0.687s] Invoked command in '/home/nicola/Desktop/Progetto_Sapore/build/interfaces' returned '0': CMAKE_PREFIX_PATH=${CMAKE_PREFIX_PATH}:/opt/ros/jazzy DEBUGINFOD_URLS=https://debuginfod.ubuntu.com /usr/bin/cmake --install /home/nicola/Desktop/Progetto_Sapore/build/interfaces
