[ 16%] Built target jtraj_node
[ 33%] Built target task
[ 66%] Built target jtraj_right_node
[ 66%] Built target jtraj_left_node
[ 83%] Built target test_reach
[ 91%] [32mBuilding CXX object CMakeFiles/Reach.dir/src/test_reach.cpp.o[0m
In file included from [01m[K/home/nicola/OneDrive/Magistrale/AIRP/AIPR/ProgrammazionedeiRobot/EsercitazioneairpMio/ros_esercitazione/IIWA/src/nodes/src/test_reach.cpp:9[m[K:
[01m[K/opt/ros/jazzy/include/moveit_ros_planning/moveit/planning_scene_monitor/planning_scene_monitor.h:50:77:[m[K [01;36m[Knote: [m[K‘[01m[K#pragma message: .h header is obsolete. Please use the .hpp header instead.[m[K’
   50 | #pragma message(".h header is obsolete. Please use the .hpp header instead."[01;36m[K)[m[K
      |                                                                             [01;36m[K^[m[K
In file included from [01m[K/home/nicola/OneDrive/Magistrale/AIRP/AIPR/ProgrammazionedeiRobot/EsercitazioneairpMio/ros_esercitazione/IIWA/src/nodes/src/test_reach.cpp:10[m[K:
[01m[K/opt/ros/jazzy/include/moveit_core/moveit/planning_scene/planning_scene.h:50:77:[m[K [01;36m[Knote: [m[K‘[01m[K#pragma message: .h header is obsolete. Please use the .hpp header instead.[m[K’
   50 | #pragma message(".h header is obsolete. Please use the .hpp header instead."[01;36m[K)[m[K
      |                                                                             [01;36m[K^[m[K
In file included from [01m[K/home/nicola/OneDrive/Magistrale/AIRP/AIPR/ProgrammazionedeiRobot/EsercitazioneairpMio/ros_esercitazione/IIWA/src/nodes/src/test_reach.cpp:11[m[K:
[01m[K/opt/ros/jazzy/include/moveit_core/moveit/robot_state/robot_state.h:51:77:[m[K [01;36m[Knote: [m[K‘[01m[K#pragma message: .h header is obsolete. Please use the .hpp header instead.[m[K’
   51 | #pragma message(".h header is obsolete. Please use the .hpp header instead."[01;36m[K)[m[K
      |                                                                             [01;36m[K^[m[K
In file included from [01m[K/home/nicola/OneDrive/Magistrale/AIRP/AIPR/ProgrammazionedeiRobot/EsercitazioneairpMio/ros_esercitazione/IIWA/src/nodes/src/test_reach.cpp:12[m[K:
[01m[K/opt/ros/jazzy/include/moveit_core/moveit/collision_detection/collision_common.h:50:77:[m[K [01;36m[Knote: [m[K‘[01m[K#pragma message: .h header is obsolete. Please use the .hpp header instead.[m[K’
   50 | #pragma message(".h header is obsolete. Please use the .hpp header instead."[01;36m[K)[m[K
      |                                                                             [01;36m[K^[m[K
In file included from [01m[K/home/nicola/OneDrive/Magistrale/AIRP/AIPR/ProgrammazionedeiRobot/EsercitazioneairpMio/ros_esercitazione/IIWA/src/nodes/src/test_reach.cpp:13[m[K:
[01m[K/opt/ros/jazzy/include/moveit_core/moveit/robot_model/robot_model.h:51:77:[m[K [01;36m[Knote: [m[K‘[01m[K#pragma message: .h header is obsolete. Please use the .hpp header instead.[m[K’
   51 | #pragma message(".h header is obsolete. Please use the .hpp header instead."[01;36m[K)[m[K
      |                                                                             [01;36m[K^[m[K
[01m[K/home/nicola/OneDrive/Magistrale/AIRP/AIPR/ProgrammazionedeiRobot/EsercitazioneairpMio/ros_esercitazione/IIWA/src/nodes/src/test_reach.cpp:[m[K In member function ‘[01m[Kvoid ReachabilityIKNode::[01;32m[KcheckCollisionsDetailed[m[K(const moveit_msgs::msg::RobotState&)[m[K’:
[01m[K/home/nicola/OneDrive/Magistrale/AIRP/AIPR/ProgrammazionedeiRobot/EsercitazioneairpMio/ros_esercitazione/IIWA/src/nodes/src/test_reach.cpp:93:19:[m[K [01;31m[Kerror: [m[K‘[01m[KrobotStateMsgToRobotState[m[K’ is not a member of ‘[01m[Kmoveit::core[m[K’
   93 |     moveit::core::[01;31m[KrobotStateMsgToRobotState[m[K(robot_state_msg, rs);
      |                   [01;31m[K^~~~~~~~~~~~~~~~~~~~~~~~~[m[K
[01m[K/home/nicola/OneDrive/Magistrale/AIRP/AIPR/ProgrammazionedeiRobot/EsercitazioneairpMio/ros_esercitazione/IIWA/src/nodes/src/test_reach.cpp:[m[K In member function ‘[01m[Kvoid ReachabilityIKNode::[01;32m[KtestReachability[m[K(const std::vector<geometry_msgs::msg::PoseStamped_<std::allocator<void> >, std::allocator<geometry_msgs::msg::PoseStamped_<std::allocator<void> > > >&, const std::string&)[m[K’:
[01m[K/home/nicola/OneDrive/Magistrale/AIRP/AIPR/ProgrammazionedeiRobot/EsercitazioneairpMio/ros_esercitazione/IIWA/src/nodes/src/test_reach.cpp:177:24:[m[K [01;31m[Kerror: [m[Kno matching function for call to ‘[01m[KReachabilityIKNode::checkCollisionsDetailed(moveit_msgs::srv::GetPositionIK_Response_<std::allocator<void> >::_solution_type&, const std::string&)[m[K’
  177 | [01;31m[KcheckCollisionsDetailed(response->solution, group_name)[m[K;
      | [01;31m[K~~~~~~~~~~~~~~~~~~~~~~~^~~~~~~~~~~~~~~~~~~~~~~~~~~~~~~~[m[K
[01m[K/home/nicola/OneDrive/Magistrale/AIRP/AIPR/ProgrammazionedeiRobot/EsercitazioneairpMio/ros_esercitazione/IIWA/src/nodes/src/test_reach.cpp:87:6:[m[K [01;36m[Knote: [m[Kcandidate: ‘[01m[Kvoid ReachabilityIKNode::[01;32m[KcheckCollisionsDetailed[m[K(const moveit_msgs::msg::RobotState&)[m[K’
   87 | void [01;36m[KcheckCollisionsDetailed[m[K(const moveit_msgs::msg::RobotState &robot_state_msg)
      |      [01;36m[K^~~~~~~~~~~~~~~~~~~~~~~[m[K
[01m[K/home/nicola/OneDrive/Magistrale/AIRP/AIPR/ProgrammazionedeiRobot/EsercitazioneairpMio/ros_esercitazione/IIWA/src/nodes/src/test_reach.cpp:87:6:[m[K [01;36m[Knote: [m[K  candidate expects 1 argument, 2 provided
gmake[2]: *** [CMakeFiles/Reach.dir/build.make:76: CMakeFiles/Reach.dir/src/test_reach.cpp.o] Error 1
gmake[1]: *** [CMakeFiles/Makefile2:251: CMakeFiles/Reach.dir/all] Error 2
gmake: *** [Makefile:146: all] Error 2
