[0.011s] Invoking command in '/home/nicola/OneDrive/Magistrale/AIRP/AIPR/ProgrammazionedeiRobot/EsercitazioneairpMio/ros_esercitazione/IIWA/build/nodes': CMAKE_PREFIX_PATH=/home/nicola/OneDrive/Magistrale/AIRP/AIPR/ProgrammazionedeiRobot/EsercitazioneairpMio/ros_esercitazione/IIWA/install/interfaces:/home/nicola/OneDrive/Magistrale/AIRP/AIPR/ProgrammazionedeiRobot/EsercitazioneairpMio/ros_esercitazione/IIWA/install/nodes:/home/nicola/OneDrive/Magistrale/AIRP/AIPR/ProgrammazionedeiRobot/EsercitazioneairpMio/ros_esercitazione/IIWA/install/iiwa_config_moveit_config:/home/nicola/OneDrive/Magistrale/AIRP/AIPR/ProgrammazionedeiRobot/EsercitazioneairpMio/ros_esercitazione/IIWA/install/iiwa_config:/home/nicola/OneDrive/Magistrale/AIRP/AIPR/ProgrammazionedeiRobot/EsercitazioneairpMio/ros_esercitazione/IIWA/install/iiwa_description:/home/nicola/OneDrive/Magistrale/AIRP/AIPR/ProgrammazionedeiRobot/EsercitazioneairpMio/ros_esercitazione/IIWA/install/build_scene_package:/home/nicola/Desktop/Esercitazione_airp/IIWA/install/nodes:/home/nicola/Desktop/Esercitazione_airp/IIWA/install/interfaces:/home/nicola/Desktop/Esercitazione_airp/IIWA/install/iiwa_config_moveit_config:/home/nicola/Desktop/Esercitazione_airp/IIWA/install/iiwa_config:/home/nicola/Desktop/Esercitazione_airp/IIWA/install/iiwa_description:/home/nicola/Desktop/Esercitazione_airp/IIWA/install/build_scene_package:/opt/ros/jazzy/opt/sdformat_vendor:/opt/ros/jazzy/opt/gz_math_vendor:/opt/ros/jazzy/opt/gz_utils_vendor:/opt/ros/jazzy/opt/gz_tools_vendor:/opt/ros/jazzy/opt/gz_cmake_vendor:/opt/ros/jazzy DEBUGINFOD_URLS=https://debuginfod.ubuntu.com /usr/bin/cmake --build /home/nicola/OneDrive/Magistrale/AIRP/AIPR/ProgrammazionedeiRobot/EsercitazioneairpMio/ros_esercitazione/IIWA/build/nodes -- -j8 -l8
[0.074s] [ 16%] Built target jtraj_left_node
[0.076s] [ 33%] Built target task
[0.077s] [ 50%] Built target jtraj_node
[0.084s] [ 66%] Built target jtraj_right_node
[0.093s] [ 83%] Built target test_Reach
[0.109s] [ 91%] [32mBuilding CXX object CMakeFiles/Reach.dir/src/test_reach.cpp.o[0m
[2.880s] In file included from [01m[K/home/nicola/OneDrive/Magistrale/AIRP/AIPR/ProgrammazionedeiRobot/EsercitazioneairpMio/ros_esercitazione/IIWA/src/nodes/src/test_reach.cpp:6[m[K:
[2.880s] [01m[K/opt/ros/jazzy/include/moveit_ros_planning_interface/moveit/move_group_interface/move_group_interface.h:51:77:[m[K [01;36m[Knote: [m[K‘[01m[K#pragma message: .h header is obsolete. Please use the .hpp header instead.[m[K’
[2.880s]    51 | #pragma message(".h header is obsolete. Please use the .hpp header instead."[01;36m[K)[m[K
[2.881s]       |                                                                             [01;36m[K^[m[K
[4.464s] In file included from [01m[K/home/nicola/OneDrive/Magistrale/AIRP/AIPR/ProgrammazionedeiRobot/EsercitazioneairpMio/ros_esercitazione/IIWA/src/nodes/src/test_reach.cpp:7[m[K:
[4.464s] [01m[K/opt/ros/jazzy/include/moveit_ros_planning_interface/moveit/planning_scene_interface/planning_scene_interface.h:50:77:[m[K [01;36m[Knote: [m[K‘[01m[K#pragma message: .h header is obsolete. Please use the .hpp header instead.[m[K’
[4.464s]    50 | #pragma message(".h header is obsolete. Please use the .hpp header instead."[01;36m[K)[m[K
[4.464s]       |                                                                             [01;36m[K^[m[K
[4.475s] In file included from [01m[K/home/nicola/OneDrive/Magistrale/AIRP/AIPR/ProgrammazionedeiRobot/EsercitazioneairpMio/ros_esercitazione/IIWA/src/nodes/src/test_reach.cpp:8[m[K:
[4.475s] [01m[K/opt/ros/jazzy/include/moveit_ros_planning/moveit/planning_scene_monitor/planning_scene_monitor.h:50:77:[m[K [01;36m[Knote: [m[K‘[01m[K#pragma message: .h header is obsolete. Please use the .hpp header instead.[m[K’
[4.475s]    50 | #pragma message(".h header is obsolete. Please use the .hpp header instead."[01;36m[K)[m[K
[4.475s]       |                                                                             [01;36m[K^[m[K
[5.399s] In file included from [01m[K/home/nicola/OneDrive/Magistrale/AIRP/AIPR/ProgrammazionedeiRobot/EsercitazioneairpMio/ros_esercitazione/IIWA/src/nodes/src/test_reach.cpp:9[m[K:
[5.399s] [01m[K/opt/ros/jazzy/include/moveit_core/moveit/planning_scene/planning_scene.h:50:77:[m[K [01;36m[Knote: [m[K‘[01m[K#pragma message: .h header is obsolete. Please use the .hpp header instead.[m[K’
[5.399s]    50 | #pragma message(".h header is obsolete. Please use the .hpp header instead."[01;36m[K)[m[K
[5.399s]       |                                                                             [01;36m[K^[m[K
[5.399s] In file included from [01m[K/home/nicola/OneDrive/Magistrale/AIRP/AIPR/ProgrammazionedeiRobot/EsercitazioneairpMio/ros_esercitazione/IIWA/src/nodes/src/test_reach.cpp:10[m[K:
[5.399s] [01m[K/opt/ros/jazzy/include/moveit_core/moveit/robot_state/robot_state.h:51:77:[m[K [01;36m[Knote: [m[K‘[01m[K#pragma message: .h header is obsolete. Please use the .hpp header instead.[m[K’
[5.399s]    51 | #pragma message(".h header is obsolete. Please use the .hpp header instead."[01;36m[K)[m[K
[5.400s]       |                                                                             [01;36m[K^[m[K
[5.400s] In file included from [01m[K/home/nicola/OneDrive/Magistrale/AIRP/AIPR/ProgrammazionedeiRobot/EsercitazioneairpMio/ros_esercitazione/IIWA/src/nodes/src/test_reach.cpp:11[m[K:
[5.400s] [01m[K/opt/ros/jazzy/include/moveit_ros_planning/moveit/robot_model_loader/robot_model_loader.h:50:77:[m[K [01;36m[Knote: [m[K‘[01m[K#pragma message: .h header is obsolete. Please use the .hpp header instead.[m[K’
[5.400s]    50 | #pragma message(".h header is obsolete. Please use the .hpp header instead."[01;36m[K)[m[K
[5.400s]       |                                                                             [01;36m[K^[m[K
[9.459s] [100%] [32m[1mLinking CXX executable Reach[0m
[9.804s] [100%] Built target Reach
[9.815s] Invoked command in '/home/nicola/OneDrive/Magistrale/AIRP/AIPR/ProgrammazionedeiRobot/EsercitazioneairpMio/ros_esercitazione/IIWA/build/nodes' returned '0': CMAKE_PREFIX_PATH=/home/nicola/OneDrive/Magistrale/AIRP/AIPR/ProgrammazionedeiRobot/EsercitazioneairpMio/ros_esercitazione/IIWA/install/interfaces:/home/nicola/OneDrive/Magistrale/AIRP/AIPR/ProgrammazionedeiRobot/EsercitazioneairpMio/ros_esercitazione/IIWA/install/nodes:/home/nicola/OneDrive/Magistrale/AIRP/AIPR/ProgrammazionedeiRobot/EsercitazioneairpMio/ros_esercitazione/IIWA/install/iiwa_config_moveit_config:/home/nicola/OneDrive/Magistrale/AIRP/AIPR/ProgrammazionedeiRobot/EsercitazioneairpMio/ros_esercitazione/IIWA/install/iiwa_config:/home/nicola/OneDrive/Magistrale/AIRP/AIPR/ProgrammazionedeiRobot/EsercitazioneairpMio/ros_esercitazione/IIWA/install/iiwa_description:/home/nicola/OneDrive/Magistrale/AIRP/AIPR/ProgrammazionedeiRobot/EsercitazioneairpMio/ros_esercitazione/IIWA/install/build_scene_package:/home/nicola/Desktop/Esercitazione_airp/IIWA/install/nodes:/home/nicola/Desktop/Esercitazione_airp/IIWA/install/interfaces:/home/nicola/Desktop/Esercitazione_airp/IIWA/install/iiwa_config_moveit_config:/home/nicola/Desktop/Esercitazione_airp/IIWA/install/iiwa_config:/home/nicola/Desktop/Esercitazione_airp/IIWA/install/iiwa_description:/home/nicola/Desktop/Esercitazione_airp/IIWA/install/build_scene_package:/opt/ros/jazzy/opt/sdformat_vendor:/opt/ros/jazzy/opt/gz_math_vendor:/opt/ros/jazzy/opt/gz_utils_vendor:/opt/ros/jazzy/opt/gz_tools_vendor:/opt/ros/jazzy/opt/gz_cmake_vendor:/opt/ros/jazzy DEBUGINFOD_URLS=https://debuginfod.ubuntu.com /usr/bin/cmake --build /home/nicola/OneDrive/Magistrale/AIRP/AIPR/ProgrammazionedeiRobot/EsercitazioneairpMio/ros_esercitazione/IIWA/build/nodes -- -j8 -l8
[9.816s] Invoking command in '/home/nicola/OneDrive/Magistrale/AIRP/AIPR/ProgrammazionedeiRobot/EsercitazioneairpMio/ros_esercitazione/IIWA/build/nodes': CMAKE_PREFIX_PATH=/home/nicola/OneDrive/Magistrale/AIRP/AIPR/ProgrammazionedeiRobot/EsercitazioneairpMio/ros_esercitazione/IIWA/install/interfaces:/home/nicola/OneDrive/Magistrale/AIRP/AIPR/ProgrammazionedeiRobot/EsercitazioneairpMio/ros_esercitazione/IIWA/install/nodes:/home/nicola/OneDrive/Magistrale/AIRP/AIPR/ProgrammazionedeiRobot/EsercitazioneairpMio/ros_esercitazione/IIWA/install/iiwa_config_moveit_config:/home/nicola/OneDrive/Magistrale/AIRP/AIPR/ProgrammazionedeiRobot/EsercitazioneairpMio/ros_esercitazione/IIWA/install/iiwa_config:/home/nicola/OneDrive/Magistrale/AIRP/AIPR/ProgrammazionedeiRobot/EsercitazioneairpMio/ros_esercitazione/IIWA/install/iiwa_description:/home/nicola/OneDrive/Magistrale/AIRP/AIPR/ProgrammazionedeiRobot/EsercitazioneairpMio/ros_esercitazione/IIWA/install/build_scene_package:/home/nicola/Desktop/Esercitazione_airp/IIWA/install/nodes:/home/nicola/Desktop/Esercitazione_airp/IIWA/install/interfaces:/home/nicola/Desktop/Esercitazione_airp/IIWA/install/iiwa_config_moveit_config:/home/nicola/Desktop/Esercitazione_airp/IIWA/install/iiwa_config:/home/nicola/Desktop/Esercitazione_airp/IIWA/install/iiwa_description:/home/nicola/Desktop/Esercitazione_airp/IIWA/install/build_scene_package:/opt/ros/jazzy/opt/sdformat_vendor:/opt/ros/jazzy/opt/gz_math_vendor:/opt/ros/jazzy/opt/gz_utils_vendor:/opt/ros/jazzy/opt/gz_tools_vendor:/opt/ros/jazzy/opt/gz_cmake_vendor:/opt/ros/jazzy DEBUGINFOD_URLS=https://debuginfod.ubuntu.com /usr/bin/cmake --install /home/nicola/OneDrive/Magistrale/AIRP/AIPR/ProgrammazionedeiRobot/EsercitazioneairpMio/ros_esercitazione/IIWA/build/nodes
[9.823s] -- Install configuration: ""
[9.823s] -- Execute custom install script
[9.823s] -- Up-to-date symlink: /home/nicola/OneDrive/Magistrale/AIRP/AIPR/ProgrammazionedeiRobot/EsercitazioneairpMio/ros_esercitazione/IIWA/install/nodes/lib/nodes/jtraj_node
[9.823s] -- Up-to-date symlink: /home/nicola/OneDrive/Magistrale/AIRP/AIPR/ProgrammazionedeiRobot/EsercitazioneairpMio/ros_esercitazione/IIWA/install/nodes/lib/nodes/jtraj_left_node
[9.823s] -- Up-to-date symlink: /home/nicola/OneDrive/Magistrale/AIRP/AIPR/ProgrammazionedeiRobot/EsercitazioneairpMio/ros_esercitazione/IIWA/install/nodes/lib/nodes/jtraj_right_node
[9.824s] -- Up-to-date symlink: /home/nicola/OneDrive/Magistrale/AIRP/AIPR/ProgrammazionedeiRobot/EsercitazioneairpMio/ros_esercitazione/IIWA/install/nodes/lib/nodes/task
[9.824s] -- Up-to-date symlink: /home/nicola/OneDrive/Magistrale/AIRP/AIPR/ProgrammazionedeiRobot/EsercitazioneairpMio/ros_esercitazione/IIWA/install/nodes/lib/nodes/test_Reach
[9.824s] -- Up-to-date symlink: /home/nicola/OneDrive/Magistrale/AIRP/AIPR/ProgrammazionedeiRobot/EsercitazioneairpMio/ros_esercitazione/IIWA/install/nodes/lib/nodes/Reach
[9.824s] -- Up-to-date symlink: /home/nicola/OneDrive/Magistrale/AIRP/AIPR/ProgrammazionedeiRobot/EsercitazioneairpMio/ros_esercitazione/IIWA/install/nodes/share/nodes/launch/launch.py
[9.824s] -- Up-to-date symlink: /home/nicola/OneDrive/Magistrale/AIRP/AIPR/ProgrammazionedeiRobot/EsercitazioneairpMio/ros_esercitazione/IIWA/install/nodes/share/ament_index/resource_index/package_run_dependencies/nodes
[9.824s] -- Up-to-date symlink: /home/nicola/OneDrive/Magistrale/AIRP/AIPR/ProgrammazionedeiRobot/EsercitazioneairpMio/ros_esercitazione/IIWA/install/nodes/share/ament_index/resource_index/parent_prefix_path/nodes
[9.824s] -- Up-to-date symlink: /home/nicola/OneDrive/Magistrale/AIRP/AIPR/ProgrammazionedeiRobot/EsercitazioneairpMio/ros_esercitazione/IIWA/install/nodes/share/nodes/environment/ament_prefix_path.sh
[9.825s] -- Up-to-date symlink: /home/nicola/OneDrive/Magistrale/AIRP/AIPR/ProgrammazionedeiRobot/EsercitazioneairpMio/ros_esercitazione/IIWA/install/nodes/share/nodes/environment/ament_prefix_path.dsv
[9.825s] -- Up-to-date symlink: /home/nicola/OneDrive/Magistrale/AIRP/AIPR/ProgrammazionedeiRobot/EsercitazioneairpMio/ros_esercitazione/IIWA/install/nodes/share/nodes/environment/path.sh
[9.825s] -- Up-to-date symlink: /home/nicola/OneDrive/Magistrale/AIRP/AIPR/ProgrammazionedeiRobot/EsercitazioneairpMio/ros_esercitazione/IIWA/install/nodes/share/nodes/environment/path.dsv
[9.825s] -- Up-to-date symlink: /home/nicola/OneDrive/Magistrale/AIRP/AIPR/ProgrammazionedeiRobot/EsercitazioneairpMio/ros_esercitazione/IIWA/install/nodes/share/nodes/local_setup.bash
[9.825s] -- Up-to-date symlink: /home/nicola/OneDrive/Magistrale/AIRP/AIPR/ProgrammazionedeiRobot/EsercitazioneairpMio/ros_esercitazione/IIWA/install/nodes/share/nodes/local_setup.sh
[9.825s] -- Up-to-date symlink: /home/nicola/OneDrive/Magistrale/AIRP/AIPR/ProgrammazionedeiRobot/EsercitazioneairpMio/ros_esercitazione/IIWA/install/nodes/share/nodes/local_setup.zsh
[9.825s] -- Up-to-date symlink: /home/nicola/OneDrive/Magistrale/AIRP/AIPR/ProgrammazionedeiRobot/EsercitazioneairpMio/ros_esercitazione/IIWA/install/nodes/share/nodes/local_setup.dsv
[9.825s] -- Symlinking: /home/nicola/OneDrive/Magistrale/AIRP/AIPR/ProgrammazionedeiRobot/EsercitazioneairpMio/ros_esercitazione/IIWA/install/nodes/share/nodes/package.dsv
[9.833s] -- Up-to-date symlink: /home/nicola/OneDrive/Magistrale/AIRP/AIPR/ProgrammazionedeiRobot/EsercitazioneairpMio/ros_esercitazione/IIWA/install/nodes/share/ament_index/resource_index/packages/nodes
[9.833s] -- Up-to-date symlink: /home/nicola/OneDrive/Magistrale/AIRP/AIPR/ProgrammazionedeiRobot/EsercitazioneairpMio/ros_esercitazione/IIWA/install/nodes/share/nodes/cmake/nodesConfig.cmake
[9.833s] -- Up-to-date symlink: /home/nicola/OneDrive/Magistrale/AIRP/AIPR/ProgrammazionedeiRobot/EsercitazioneairpMio/ros_esercitazione/IIWA/install/nodes/share/nodes/cmake/nodesConfig-version.cmake
[9.833s] -- Up-to-date symlink: /home/nicola/OneDrive/Magistrale/AIRP/AIPR/ProgrammazionedeiRobot/EsercitazioneairpMio/ros_esercitazione/IIWA/install/nodes/share/nodes/package.xml
[9.835s] Invoked command in '/home/nicola/OneDrive/Magistrale/AIRP/AIPR/ProgrammazionedeiRobot/EsercitazioneairpMio/ros_esercitazione/IIWA/build/nodes' returned '0': CMAKE_PREFIX_PATH=/home/nicola/OneDrive/Magistrale/AIRP/AIPR/ProgrammazionedeiRobot/EsercitazioneairpMio/ros_esercitazione/IIWA/install/interfaces:/home/nicola/OneDrive/Magistrale/AIRP/AIPR/ProgrammazionedeiRobot/EsercitazioneairpMio/ros_esercitazione/IIWA/install/nodes:/home/nicola/OneDrive/Magistrale/AIRP/AIPR/ProgrammazionedeiRobot/EsercitazioneairpMio/ros_esercitazione/IIWA/install/iiwa_config_moveit_config:/home/nicola/OneDrive/Magistrale/AIRP/AIPR/ProgrammazionedeiRobot/EsercitazioneairpMio/ros_esercitazione/IIWA/install/iiwa_config:/home/nicola/OneDrive/Magistrale/AIRP/AIPR/ProgrammazionedeiRobot/EsercitazioneairpMio/ros_esercitazione/IIWA/install/iiwa_description:/home/nicola/OneDrive/Magistrale/AIRP/AIPR/ProgrammazionedeiRobot/EsercitazioneairpMio/ros_esercitazione/IIWA/install/build_scene_package:/home/nicola/Desktop/Esercitazione_airp/IIWA/install/nodes:/home/nicola/Desktop/Esercitazione_airp/IIWA/install/interfaces:/home/nicola/Desktop/Esercitazione_airp/IIWA/install/iiwa_config_moveit_config:/home/nicola/Desktop/Esercitazione_airp/IIWA/install/iiwa_config:/home/nicola/Desktop/Esercitazione_airp/IIWA/install/iiwa_description:/home/nicola/Desktop/Esercitazione_airp/IIWA/install/build_scene_package:/opt/ros/jazzy/opt/sdformat_vendor:/opt/ros/jazzy/opt/gz_math_vendor:/opt/ros/jazzy/opt/gz_utils_vendor:/opt/ros/jazzy/opt/gz_tools_vendor:/opt/ros/jazzy/opt/gz_cmake_vendor:/opt/ros/jazzy DEBUGINFOD_URLS=https://debuginfod.ubuntu.com /usr/bin/cmake --install /home/nicola/OneDrive/Magistrale/AIRP/AIPR/ProgrammazionedeiRobot/EsercitazioneairpMio/ros_esercitazione/IIWA/build/nodes
