[0.017s] Invoking command in '/home/nicola/Desktop/Progetto_Sapore/build/build_scene_package': CMAKE_PREFIX_PATH=${CMAKE_PREFIX_PATH}:/opt/ros/jazzy DEBUGINFOD_URLS=https://debuginfod.ubuntu.com /usr/bin/cmake --build /home/nicola/Desktop/Progetto_Sapore/build/build_scene_package -- -j8 -l8
[0.099s] [ 50%] Built target build_scene_mesh
[0.099s] [100%] Built target build_scene_simple
[0.117s] Invoked command in '/home/nicola/Desktop/Progetto_Sapore/build/build_scene_package' returned '0': CMAKE_PREFIX_PATH=${CMAKE_PREFIX_PATH}:/opt/ros/jazzy DEBUGINFOD_URLS=https://debuginfod.ubuntu.com /usr/bin/cmake --build /home/nicola/Desktop/Progetto_Sapore/build/build_scene_package -- -j8 -l8
[0.118s] Invoking command in '/home/nicola/Desktop/Progetto_Sapore/build/build_scene_package': CMAKE_PREFIX_PATH=${CMAKE_PREFIX_PATH}:/opt/ros/jazzy DEBUGINFOD_URLS=https://debuginfod.ubuntu.com /usr/bin/cmake --install /home/nicola/Desktop/Progetto_Sapore/build/build_scene_package
[0.134s] -- Install configuration: ""
[0.134s] -- Up-to-date: /home/nicola/Desktop/Progetto_Sapore/install/build_scene_package/lib/build_scene_package/build_scene_simple
[0.134s] -- Up-to-date: /home/nicola/Desktop/Progetto_Sapore/install/build_scene_package/lib/build_scene_package/build_scene_mesh
[0.134s] -- Up-to-date: /home/nicola/Desktop/Progetto_Sapore/install/build_scene_package/share/build_scene_package/obstacle_descritpion
[0.134s] -- Up-to-date: /home/nicola/Desktop/Progetto_Sapore/install/build_scene_package/share/build_scene_package/obstacle_descritpion/environment.yaml
[0.134s] -- Up-to-date: /home/nicola/Desktop/Progetto_Sapore/install/build_scene_package/share/build_scene_package/meshes
[0.134s] -- Up-to-date: /home/nicola/Desktop/Progetto_Sapore/install/build_scene_package/share/build_scene_package/meshes/Congelatore.stl
[0.134s] -- Up-to-date: /home/nicola/Desktop/Progetto_Sapore/install/build_scene_package/share/build_scene_package/meshes/piatto_noCoperchio.stl
[0.134s] -- Up-to-date: /home/nicola/Desktop/Progetto_Sapore/install/build_scene_package/share/build_scene_package/meshes/Rastrelliera.stl
[0.134s] -- Up-to-date: /home/nicola/Desktop/Progetto_Sapore/install/build_scene_package/share/build_scene_package/meshes/Bilancia.stl
[0.134s] -- Up-to-date: /home/nicola/Desktop/Progetto_Sapore/install/build_scene_package/share/build_scene_package/meshes/Monitor.stl
[0.135s] -- Up-to-date: /home/nicola/Desktop/Progetto_Sapore/install/build_scene_package/share/build_scene_package/meshes/Deimpilatore_piatti.stl
[0.137s] -- Up-to-date: /home/nicola/Desktop/Progetto_Sapore/install/build_scene_package/share/build_scene_package/meshes/Trasportatore1.stl
[0.137s] -- Up-to-date: /home/nicola/Desktop/Progetto_Sapore/install/build_scene_package/share/build_scene_package/meshes/CellaSapore.stl
[0.137s] -- Up-to-date: /home/nicola/Desktop/Progetto_Sapore/install/build_scene_package/share/build_scene_package/meshes/Tavolo_inox2.stl
[0.137s] -- Up-to-date: /home/nicola/Desktop/Progetto_Sapore/install/build_scene_package/share/build_scene_package/meshes/S.A.P.O.R.E_rev1..stl
[0.137s] -- Up-to-date: /home/nicola/Desktop/Progetto_Sapore/install/build_scene_package/share/build_scene_package/meshes/Frigorifero.stl
[0.137s] -- Up-to-date: /home/nicola/Desktop/Progetto_Sapore/install/build_scene_package/share/build_scene_package/meshes/QE.stl
[0.137s] -- Up-to-date: /home/nicola/Desktop/Progetto_Sapore/install/build_scene_package/share/build_scene_package/meshes/Pavimento1.stl
[0.137s] -- Up-to-date: /home/nicola/Desktop/Progetto_Sapore/install/build_scene_package/share/build_scene_package/meshes/Contenitori.stl
[0.137s] -- Up-to-date: /home/nicola/Desktop/Progetto_Sapore/install/build_scene_package/share/build_scene_package/meshes/Tavolo_inox.stl
[0.137s] -- Up-to-date: /home/nicola/Desktop/Progetto_Sapore/install/build_scene_package/share/build_scene_package/meshes/iiwa 14 R820 - MF Inside elektrisch.stl
[0.137s] -- Up-to-date: /home/nicola/Desktop/Progetto_Sapore/install/build_scene_package/share/build_scene_package/meshes/Lavabo.stl
[0.137s] -- Up-to-date: /home/nicola/Desktop/Progetto_Sapore/install/build_scene_package/share/build_scene_package/meshes/Crossed Arms Man v2.stl
[0.137s] -- Up-to-date: /home/nicola/Desktop/Progetto_Sapore/install/build_scene_package/share/build_scene_package/meshes/PC Gestionale.stl
[0.137s] -- Up-to-date: /home/nicola/Desktop/Progetto_Sapore/install/build_scene_package/share/build_scene_package/meshes/Piatto.stl
[0.138s] -- Up-to-date: /home/nicola/Desktop/Progetto_Sapore/install/build_scene_package/share/build_scene_package/meshes/CellaSapore2.stl
[0.138s] -- Up-to-date: /home/nicola/Desktop/Progetto_Sapore/install/build_scene_package/share/build_scene_package/meshes/Roboqbo.stl
[0.138s] -- Up-to-date: /home/nicola/Desktop/Progetto_Sapore/install/build_scene_package/share/ament_index/resource_index/package_run_dependencies/build_scene_package
[0.138s] -- Up-to-date: /home/nicola/Desktop/Progetto_Sapore/install/build_scene_package/share/ament_index/resource_index/parent_prefix_path/build_scene_package
[0.139s] -- Up-to-date: /home/nicola/Desktop/Progetto_Sapore/install/build_scene_package/share/build_scene_package/environment/ament_prefix_path.sh
[0.139s] -- Up-to-date: /home/nicola/Desktop/Progetto_Sapore/install/build_scene_package/share/build_scene_package/environment/ament_prefix_path.dsv
[0.139s] -- Up-to-date: /home/nicola/Desktop/Progetto_Sapore/install/build_scene_package/share/build_scene_package/environment/path.sh
[0.139s] -- Up-to-date: /home/nicola/Desktop/Progetto_Sapore/install/build_scene_package/share/build_scene_package/environment/path.dsv
[0.139s] -- Up-to-date: /home/nicola/Desktop/Progetto_Sapore/install/build_scene_package/share/build_scene_package/local_setup.bash
[0.139s] -- Up-to-date: /home/nicola/Desktop/Progetto_Sapore/install/build_scene_package/share/build_scene_package/local_setup.sh
[0.139s] -- Up-to-date: /home/nicola/Desktop/Progetto_Sapore/install/build_scene_package/share/build_scene_package/local_setup.zsh
[0.140s] -- Up-to-date: /home/nicola/Desktop/Progetto_Sapore/install/build_scene_package/share/build_scene_package/local_setup.dsv
[0.140s] -- Installing: /home/nicola/Desktop/Progetto_Sapore/install/build_scene_package/share/build_scene_package/package.dsv
[0.140s] -- Up-to-date: /home/nicola/Desktop/Progetto_Sapore/install/build_scene_package/share/ament_index/resource_index/packages/build_scene_package
[0.141s] -- Up-to-date: /home/nicola/Desktop/Progetto_Sapore/install/build_scene_package/share/build_scene_package/cmake/build_scene_packageConfig.cmake
[0.141s] -- Up-to-date: /home/nicola/Desktop/Progetto_Sapore/install/build_scene_package/share/build_scene_package/cmake/build_scene_packageConfig-version.cmake
[0.142s] -- Up-to-date: /home/nicola/Desktop/Progetto_Sapore/install/build_scene_package/share/build_scene_package/package.xml
[0.143s] Invoked command in '/home/nicola/Desktop/Progetto_Sapore/build/build_scene_package' returned '0': CMAKE_PREFIX_PATH=${CMAKE_PREFIX_PATH}:/opt/ros/jazzy DEBUGINFOD_URLS=https://debuginfod.ubuntu.com /usr/bin/cmake --install /home/nicola/Desktop/Progetto_Sapore/build/build_scene_package
