[0.121s] DEBUG:colcon:Command line arguments: ['/usr/bin/colcon', 'build']
[0.121s] DEBUG:colcon:Parsed command line arguments: Namespace(log_base=None, log_level=None, verb_name='build', build_base='build', install_base='install', merge_install=False, symlink_install=False, test_result_base=None, continue_on_error=False, executor='parallel', parallel_workers=8, event_handlers=None, ignore_user_meta=False, metas=['./colcon.meta'], base_paths=['.'], packages_ignore=None, packages_ignore_regex=None, paths=None, packages_up_to=None, packages_up_to_regex=None, packages_above=None, packages_above_and_dependencies=None, packages_above_depth=None, packages_select_by_dep=None, packages_skip_by_dep=None, packages_skip_up_to=None, packages_select_build_failed=False, packages_skip_build_finished=False, packages_select_test_failures=False, packages_skip_test_passed=False, packages_select=None, packages_skip=None, packages_select_regex=None, packages_skip_regex=None, packages_start=None, packages_end=None, allow_overriding=[], cmake_args=None, cmake_target=None, cmake_target_skip_unavailable=False, cmake_clean_cache=False, cmake_clean_first=False, cmake_force_configure=False, ament_cmake_args=None, catkin_cmake_args=None, catkin_skip_building_tests=False, mixin_files=None, mixin=None, verb_parser=<colcon_mixin.mixin.mixin_argument.MixinArgumentDecorator object at 0x7341c059d610>, verb_extension=<colcon_core.verb.build.BuildVerb object at 0x7341c059d2e0>, main=<bound method BuildVerb.main of <colcon_core.verb.build.BuildVerb object at 0x7341c059d2e0>>, mixin_verb=('build',))
[0.160s] Level 1:colcon.colcon_core.package_discovery:discover_packages(colcon_meta) check parameters
[0.161s] Level 1:colcon.colcon_core.package_discovery:discover_packages(recursive) check parameters
[0.161s] Level 1:colcon.colcon_core.package_discovery:discover_packages(ignore) check parameters
[0.161s] Level 1:colcon.colcon_core.package_discovery:discover_packages(path) check parameters
[0.161s] Level 1:colcon.colcon_core.package_discovery:discover_packages(colcon_meta) discover
[0.161s] Level 1:colcon.colcon_core.package_discovery:discover_packages(recursive) discover
[0.161s] INFO:colcon.colcon_core.package_discovery:Crawling recursively for packages in '/home/nicola/Desktop/Progetto_Sapore'
[0.161s] Level 1:colcon.colcon_core.package_identification:_identify(.) by extensions ['ignore', 'ignore_ament_install']
[0.161s] Level 1:colcon.colcon_core.package_identification:_identify(.) by extension 'ignore'
[0.161s] Level 1:colcon.colcon_core.package_identification:_identify(.) by extension 'ignore_ament_install'
[0.161s] Level 1:colcon.colcon_core.package_identification:_identify(.) by extensions ['colcon_pkg']
[0.161s] Level 1:colcon.colcon_core.package_identification:_identify(.) by extension 'colcon_pkg'
[0.161s] Level 1:colcon.colcon_core.package_identification:_identify(.) by extensions ['colcon_meta']
[0.161s] Level 1:colcon.colcon_core.package_identification:_identify(.) by extension 'colcon_meta'
[0.161s] Level 1:colcon.colcon_core.package_identification:_identify(.) by extensions ['ros']
[0.161s] Level 1:colcon.colcon_core.package_identification:_identify(.) by extension 'ros'
[0.189s] Level 1:colcon.colcon_core.package_identification:_identify(.) by extensions ['cmake', 'python']
[0.189s] Level 1:colcon.colcon_core.package_identification:_identify(.) by extension 'cmake'
[0.189s] Level 1:colcon.colcon_core.package_identification:_identify(.) by extension 'python'
[0.189s] Level 1:colcon.colcon_core.package_identification:_identify(.) by extensions ['python_setup_py']
[0.189s] Level 1:colcon.colcon_core.package_identification:_identify(.) by extension 'python_setup_py'
[0.189s] Level 1:colcon.colcon_core.package_identification:_identify(build) by extensions ['ignore', 'ignore_ament_install']
[0.189s] Level 1:colcon.colcon_core.package_identification:_identify(build) by extension 'ignore'
[0.189s] Level 1:colcon.colcon_core.package_identification:_identify(build) ignored
[0.189s] Level 1:colcon.colcon_core.package_identification:_identify(install) by extensions ['ignore', 'ignore_ament_install']
[0.189s] Level 1:colcon.colcon_core.package_identification:_identify(install) by extension 'ignore'
[0.189s] Level 1:colcon.colcon_core.package_identification:_identify(install) ignored
[0.190s] Level 1:colcon.colcon_core.package_identification:_identify(log) by extensions ['ignore', 'ignore_ament_install']
[0.190s] Level 1:colcon.colcon_core.package_identification:_identify(log) by extension 'ignore'
[0.190s] Level 1:colcon.colcon_core.package_identification:_identify(log) ignored
[0.190s] Level 1:colcon.colcon_core.package_identification:_identify(src) by extensions ['ignore', 'ignore_ament_install']
[0.190s] Level 1:colcon.colcon_core.package_identification:_identify(src) by extension 'ignore'
[0.190s] Level 1:colcon.colcon_core.package_identification:_identify(src) by extension 'ignore_ament_install'
[0.190s] Level 1:colcon.colcon_core.package_identification:_identify(src) by extensions ['colcon_pkg']
[0.190s] Level 1:colcon.colcon_core.package_identification:_identify(src) by extension 'colcon_pkg'
[0.190s] Level 1:colcon.colcon_core.package_identification:_identify(src) by extensions ['colcon_meta']
[0.190s] Level 1:colcon.colcon_core.package_identification:_identify(src) by extension 'colcon_meta'
[0.190s] Level 1:colcon.colcon_core.package_identification:_identify(src) by extensions ['ros']
[0.190s] Level 1:colcon.colcon_core.package_identification:_identify(src) by extension 'ros'
[0.191s] Level 1:colcon.colcon_core.package_identification:_identify(src) by extensions ['cmake', 'python']
[0.191s] Level 1:colcon.colcon_core.package_identification:_identify(src) by extension 'cmake'
[0.191s] Level 1:colcon.colcon_core.package_identification:_identify(src) by extension 'python'
[0.191s] Level 1:colcon.colcon_core.package_identification:_identify(src) by extensions ['python_setup_py']
[0.191s] Level 1:colcon.colcon_core.package_identification:_identify(src) by extension 'python_setup_py'
[0.191s] Level 1:colcon.colcon_core.package_identification:_identify(src/build_scene_package) by extensions ['ignore', 'ignore_ament_install']
[0.191s] Level 1:colcon.colcon_core.package_identification:_identify(src/build_scene_package) by extension 'ignore'
[0.191s] Level 1:colcon.colcon_core.package_identification:_identify(src/build_scene_package) by extension 'ignore_ament_install'
[0.191s] Level 1:colcon.colcon_core.package_identification:_identify(src/build_scene_package) by extensions ['colcon_pkg']
[0.191s] Level 1:colcon.colcon_core.package_identification:_identify(src/build_scene_package) by extension 'colcon_pkg'
[0.191s] Level 1:colcon.colcon_core.package_identification:_identify(src/build_scene_package) by extensions ['colcon_meta']
[0.191s] Level 1:colcon.colcon_core.package_identification:_identify(src/build_scene_package) by extension 'colcon_meta'
[0.191s] Level 1:colcon.colcon_core.package_identification:_identify(src/build_scene_package) by extensions ['ros']
[0.191s] Level 1:colcon.colcon_core.package_identification:_identify(src/build_scene_package) by extension 'ros'
[0.194s] DEBUG:colcon.colcon_core.package_identification:Package 'src/build_scene_package' with type 'ros.ament_cmake' and name 'build_scene_package'
[0.194s] Level 1:colcon.colcon_core.package_identification:_identify(src/iiwa_config_moveit_config) by extensions ['ignore', 'ignore_ament_install']
[0.194s] Level 1:colcon.colcon_core.package_identification:_identify(src/iiwa_config_moveit_config) by extension 'ignore'
[0.194s] Level 1:colcon.colcon_core.package_identification:_identify(src/iiwa_config_moveit_config) by extension 'ignore_ament_install'
[0.194s] Level 1:colcon.colcon_core.package_identification:_identify(src/iiwa_config_moveit_config) by extensions ['colcon_pkg']
[0.194s] Level 1:colcon.colcon_core.package_identification:_identify(src/iiwa_config_moveit_config) by extension 'colcon_pkg'
[0.194s] Level 1:colcon.colcon_core.package_identification:_identify(src/iiwa_config_moveit_config) by extensions ['colcon_meta']
[0.194s] Level 1:colcon.colcon_core.package_identification:_identify(src/iiwa_config_moveit_config) by extension 'colcon_meta'
[0.194s] Level 1:colcon.colcon_core.package_identification:_identify(src/iiwa_config_moveit_config) by extensions ['ros']
[0.194s] Level 1:colcon.colcon_core.package_identification:_identify(src/iiwa_config_moveit_config) by extension 'ros'
[0.195s] DEBUG:colcon.colcon_core.package_identification:Package 'src/iiwa_config_moveit_config' with type 'ros.ament_cmake' and name 'iiwa_config_moveit_config'
[0.195s] Level 1:colcon.colcon_core.package_identification:_identify(src/iiwa_description) by extensions ['ignore', 'ignore_ament_install']
[0.195s] Level 1:colcon.colcon_core.package_identification:_identify(src/iiwa_description) by extension 'ignore'
[0.195s] Level 1:colcon.colcon_core.package_identification:_identify(src/iiwa_description) by extension 'ignore_ament_install'
[0.195s] Level 1:colcon.colcon_core.package_identification:_identify(src/iiwa_description) by extensions ['colcon_pkg']
[0.195s] Level 1:colcon.colcon_core.package_identification:_identify(src/iiwa_description) by extension 'colcon_pkg'
[0.196s] Level 1:colcon.colcon_core.package_identification:_identify(src/iiwa_description) by extensions ['colcon_meta']
[0.196s] Level 1:colcon.colcon_core.package_identification:_identify(src/iiwa_description) by extension 'colcon_meta'
[0.196s] Level 1:colcon.colcon_core.package_identification:_identify(src/iiwa_description) by extensions ['ros']
[0.196s] Level 1:colcon.colcon_core.package_identification:_identify(src/iiwa_description) by extension 'ros'
[0.196s] DEBUG:colcon.colcon_core.package_identification:Package 'src/iiwa_description' with type 'ros.ament_cmake' and name 'iiwa_description'
[0.196s] Level 1:colcon.colcon_core.package_identification:_identify(src/interfaces) by extensions ['ignore', 'ignore_ament_install']
[0.196s] Level 1:colcon.colcon_core.package_identification:_identify(src/interfaces) by extension 'ignore'
[0.197s] Level 1:colcon.colcon_core.package_identification:_identify(src/interfaces) by extension 'ignore_ament_install'
[0.197s] Level 1:colcon.colcon_core.package_identification:_identify(src/interfaces) by extensions ['colcon_pkg']
[0.197s] Level 1:colcon.colcon_core.package_identification:_identify(src/interfaces) by extension 'colcon_pkg'
[0.197s] Level 1:colcon.colcon_core.package_identification:_identify(src/interfaces) by extensions ['colcon_meta']
[0.197s] Level 1:colcon.colcon_core.package_identification:_identify(src/interfaces) by extension 'colcon_meta'
[0.197s] Level 1:colcon.colcon_core.package_identification:_identify(src/interfaces) by extensions ['ros']
[0.197s] Level 1:colcon.colcon_core.package_identification:_identify(src/interfaces) by extension 'ros'
[0.198s] DEBUG:colcon.colcon_core.package_identification:Package 'src/interfaces' with type 'ros.ament_cmake' and name 'interfaces'
[0.198s] Level 1:colcon.colcon_core.package_identification:_identify(src/nodes) by extensions ['ignore', 'ignore_ament_install']
[0.198s] Level 1:colcon.colcon_core.package_identification:_identify(src/nodes) by extension 'ignore'
[0.198s] Level 1:colcon.colcon_core.package_identification:_identify(src/nodes) by extension 'ignore_ament_install'
[0.198s] Level 1:colcon.colcon_core.package_identification:_identify(src/nodes) by extensions ['colcon_pkg']
[0.198s] Level 1:colcon.colcon_core.package_identification:_identify(src/nodes) by extension 'colcon_pkg'
[0.198s] Level 1:colcon.colcon_core.package_identification:_identify(src/nodes) by extensions ['colcon_meta']
[0.198s] Level 1:colcon.colcon_core.package_identification:_identify(src/nodes) by extension 'colcon_meta'
[0.198s] Level 1:colcon.colcon_core.package_identification:_identify(src/nodes) by extensions ['ros']
[0.198s] Level 1:colcon.colcon_core.package_identification:_identify(src/nodes) by extension 'ros'
[0.199s] DEBUG:colcon.colcon_core.package_identification:Package 'src/nodes' with type 'ros.ament_cmake' and name 'nodes'
[0.199s] Level 1:colcon.colcon_core.package_identification:_identify(src/robot_skill) by extensions ['ignore', 'ignore_ament_install']
[0.200s] Level 1:colcon.colcon_core.package_identification:_identify(src/robot_skill) by extension 'ignore'
[0.200s] Level 1:colcon.colcon_core.package_identification:_identify(src/robot_skill) by extension 'ignore_ament_install'
[0.200s] Level 1:colcon.colcon_core.package_identification:_identify(src/robot_skill) by extensions ['colcon_pkg']
[0.200s] Level 1:colcon.colcon_core.package_identification:_identify(src/robot_skill) by extension 'colcon_pkg'
[0.200s] Level 1:colcon.colcon_core.package_identification:_identify(src/robot_skill) by extensions ['colcon_meta']
[0.200s] Level 1:colcon.colcon_core.package_identification:_identify(src/robot_skill) by extension 'colcon_meta'
[0.200s] Level 1:colcon.colcon_core.package_identification:_identify(src/robot_skill) by extensions ['ros']
[0.200s] Level 1:colcon.colcon_core.package_identification:_identify(src/robot_skill) by extension 'ros'
[0.200s] DEBUG:colcon.colcon_core.package_identification:Package 'src/robot_skill' with type 'ros.ament_cmake' and name 'robot_skill'
[0.201s] Level 1:colcon.colcon_core.package_identification:_identify(src/robot_skills) by extensions ['ignore', 'ignore_ament_install']
[0.201s] Level 1:colcon.colcon_core.package_identification:_identify(src/robot_skills) by extension 'ignore'
[0.201s] Level 1:colcon.colcon_core.package_identification:_identify(src/robot_skills) by extension 'ignore_ament_install'
[0.201s] Level 1:colcon.colcon_core.package_identification:_identify(src/robot_skills) by extensions ['colcon_pkg']
[0.201s] Level 1:colcon.colcon_core.package_identification:_identify(src/robot_skills) by extension 'colcon_pkg'
[0.201s] Level 1:colcon.colcon_core.package_identification:_identify(src/robot_skills) by extensions ['colcon_meta']
[0.201s] Level 1:colcon.colcon_core.package_identification:_identify(src/robot_skills) by extension 'colcon_meta'
[0.201s] Level 1:colcon.colcon_core.package_identification:_identify(src/robot_skills) by extensions ['ros']
[0.201s] Level 1:colcon.colcon_core.package_identification:_identify(src/robot_skills) by extension 'ros'
[0.202s] DEBUG:colcon.colcon_core.package_identification:Package 'src/robot_skills' with type 'ros.ament_cmake' and name 'robot_skills'
[0.202s] Level 1:colcon.colcon_core.package_identification:_identify(src/validate_trajectory) by extensions ['ignore', 'ignore_ament_install']
[0.202s] Level 1:colcon.colcon_core.package_identification:_identify(src/validate_trajectory) by extension 'ignore'
[0.202s] Level 1:colcon.colcon_core.package_identification:_identify(src/validate_trajectory) by extension 'ignore_ament_install'
[0.202s] Level 1:colcon.colcon_core.package_identification:_identify(src/validate_trajectory) by extensions ['colcon_pkg']
[0.202s] Level 1:colcon.colcon_core.package_identification:_identify(src/validate_trajectory) by extension 'colcon_pkg'
[0.202s] Level 1:colcon.colcon_core.package_identification:_identify(src/validate_trajectory) by extensions ['colcon_meta']
[0.202s] Level 1:colcon.colcon_core.package_identification:_identify(src/validate_trajectory) by extension 'colcon_meta'
[0.202s] Level 1:colcon.colcon_core.package_identification:_identify(src/validate_trajectory) by extensions ['ros']
[0.203s] Level 1:colcon.colcon_core.package_identification:_identify(src/validate_trajectory) by extension 'ros'
[0.203s] DEBUG:colcon.colcon_core.package_identification:Package 'src/validate_trajectory' with type 'ros.ament_cmake' and name 'validate_trajectory'
[0.203s] Level 1:colcon.colcon_core.package_discovery:discover_packages(recursive) using defaults
[0.203s] Level 1:colcon.colcon_core.package_discovery:discover_packages(ignore) discover
[0.203s] Level 1:colcon.colcon_core.package_discovery:discover_packages(ignore) using defaults
[0.203s] Level 1:colcon.colcon_core.package_discovery:discover_packages(path) discover
[0.203s] Level 1:colcon.colcon_core.package_discovery:discover_packages(path) using defaults
[0.222s] Level 1:colcon.colcon_core.package_discovery:discover_packages(prefix_path) check parameters
[0.222s] Level 1:colcon.colcon_core.package_discovery:discover_packages(prefix_path) discover
[0.224s] DEBUG:colcon.colcon_installed_package_information.package_discovery:Found 8 installed packages in /home/nicola/Desktop/Progetto_Sapore/install
[0.226s] DEBUG:colcon.colcon_installed_package_information.package_discovery:Found 388 installed packages in /opt/ros/jazzy
[0.228s] Level 1:colcon.colcon_core.package_discovery:discover_packages(prefix_path) using defaults
[0.282s] Level 5:colcon.colcon_core.verb:set package 'build_scene_package' build argument 'cmake_args' from command line to 'None'
[0.282s] Level 5:colcon.colcon_core.verb:set package 'build_scene_package' build argument 'cmake_target' from command line to 'None'
[0.282s] Level 5:colcon.colcon_core.verb:set package 'build_scene_package' build argument 'cmake_target_skip_unavailable' from command line to 'False'
[0.282s] Level 5:colcon.colcon_core.verb:set package 'build_scene_package' build argument 'cmake_clean_cache' from command line to 'False'
[0.283s] Level 5:colcon.colcon_core.verb:set package 'build_scene_package' build argument 'cmake_clean_first' from command line to 'False'
[0.283s] Level 5:colcon.colcon_core.verb:set package 'build_scene_package' build argument 'cmake_force_configure' from command line to 'False'
[0.283s] Level 5:colcon.colcon_core.verb:set package 'build_scene_package' build argument 'ament_cmake_args' from command line to 'None'
[0.283s] Level 5:colcon.colcon_core.verb:set package 'build_scene_package' build argument 'catkin_cmake_args' from command line to 'None'
[0.283s] Level 5:colcon.colcon_core.verb:set package 'build_scene_package' build argument 'catkin_skip_building_tests' from command line to 'False'
[0.283s] DEBUG:colcon.colcon_core.verb:Building package 'build_scene_package' with the following arguments: {'ament_cmake_args': None, 'build_base': '/home/nicola/Desktop/Progetto_Sapore/build/build_scene_package', 'catkin_cmake_args': None, 'catkin_skip_building_tests': False, 'cmake_args': None, 'cmake_clean_cache': False, 'cmake_clean_first': False, 'cmake_force_configure': False, 'cmake_target': None, 'cmake_target_skip_unavailable': False, 'install_base': '/home/nicola/Desktop/Progetto_Sapore/install/build_scene_package', 'merge_install': False, 'path': '/home/nicola/Desktop/Progetto_Sapore/src/build_scene_package', 'symlink_install': False, 'test_result_base': None}
[0.283s] Level 5:colcon.colcon_core.verb:set package 'iiwa_description' build argument 'cmake_args' from command line to 'None'
[0.283s] Level 5:colcon.colcon_core.verb:set package 'iiwa_description' build argument 'cmake_target' from command line to 'None'
[0.283s] Level 5:colcon.colcon_core.verb:set package 'iiwa_description' build argument 'cmake_target_skip_unavailable' from command line to 'False'
[0.283s] Level 5:colcon.colcon_core.verb:set package 'iiwa_description' build argument 'cmake_clean_cache' from command line to 'False'
[0.283s] Level 5:colcon.colcon_core.verb:set package 'iiwa_description' build argument 'cmake_clean_first' from command line to 'False'
[0.283s] Level 5:colcon.colcon_core.verb:set package 'iiwa_description' build argument 'cmake_force_configure' from command line to 'False'
[0.283s] Level 5:colcon.colcon_core.verb:set package 'iiwa_description' build argument 'ament_cmake_args' from command line to 'None'
[0.283s] Level 5:colcon.colcon_core.verb:set package 'iiwa_description' build argument 'catkin_cmake_args' from command line to 'None'
[0.283s] Level 5:colcon.colcon_core.verb:set package 'iiwa_description' build argument 'catkin_skip_building_tests' from command line to 'False'
[0.283s] DEBUG:colcon.colcon_core.verb:Building package 'iiwa_description' with the following arguments: {'ament_cmake_args': None, 'build_base': '/home/nicola/Desktop/Progetto_Sapore/build/iiwa_description', 'catkin_cmake_args': None, 'catkin_skip_building_tests': False, 'cmake_args': None, 'cmake_clean_cache': False, 'cmake_clean_first': False, 'cmake_force_configure': False, 'cmake_target': None, 'cmake_target_skip_unavailable': False, 'install_base': '/home/nicola/Desktop/Progetto_Sapore/install/iiwa_description', 'merge_install': False, 'path': '/home/nicola/Desktop/Progetto_Sapore/src/iiwa_description', 'symlink_install': False, 'test_result_base': None}
[0.284s] Level 5:colcon.colcon_core.verb:set package 'interfaces' build argument 'cmake_args' from command line to 'None'
[0.284s] Level 5:colcon.colcon_core.verb:set package 'interfaces' build argument 'cmake_target' from command line to 'None'
[0.284s] Level 5:colcon.colcon_core.verb:set package 'interfaces' build argument 'cmake_target_skip_unavailable' from command line to 'False'
[0.284s] Level 5:colcon.colcon_core.verb:set package 'interfaces' build argument 'cmake_clean_cache' from command line to 'False'
[0.284s] Level 5:colcon.colcon_core.verb:set package 'interfaces' build argument 'cmake_clean_first' from command line to 'False'
[0.284s] Level 5:colcon.colcon_core.verb:set package 'interfaces' build argument 'cmake_force_configure' from command line to 'False'
[0.284s] Level 5:colcon.colcon_core.verb:set package 'interfaces' build argument 'ament_cmake_args' from command line to 'None'
[0.284s] Level 5:colcon.colcon_core.verb:set package 'interfaces' build argument 'catkin_cmake_args' from command line to 'None'
[0.284s] Level 5:colcon.colcon_core.verb:set package 'interfaces' build argument 'catkin_skip_building_tests' from command line to 'False'
[0.284s] DEBUG:colcon.colcon_core.verb:Building package 'interfaces' with the following arguments: {'ament_cmake_args': None, 'build_base': '/home/nicola/Desktop/Progetto_Sapore/build/interfaces', 'catkin_cmake_args': None, 'catkin_skip_building_tests': False, 'cmake_args': None, 'cmake_clean_cache': False, 'cmake_clean_first': False, 'cmake_force_configure': False, 'cmake_target': None, 'cmake_target_skip_unavailable': False, 'install_base': '/home/nicola/Desktop/Progetto_Sapore/install/interfaces', 'merge_install': False, 'path': '/home/nicola/Desktop/Progetto_Sapore/src/interfaces', 'symlink_install': False, 'test_result_base': None}
[0.284s] Level 5:colcon.colcon_core.verb:set package 'robot_skill' build argument 'cmake_args' from command line to 'None'
[0.284s] Level 5:colcon.colcon_core.verb:set package 'robot_skill' build argument 'cmake_target' from command line to 'None'
[0.284s] Level 5:colcon.colcon_core.verb:set package 'robot_skill' build argument 'cmake_target_skip_unavailable' from command line to 'False'
[0.284s] Level 5:colcon.colcon_core.verb:set package 'robot_skill' build argument 'cmake_clean_cache' from command line to 'False'
[0.284s] Level 5:colcon.colcon_core.verb:set package 'robot_skill' build argument 'cmake_clean_first' from command line to 'False'
[0.285s] Level 5:colcon.colcon_core.verb:set package 'robot_skill' build argument 'cmake_force_configure' from command line to 'False'
[0.285s] Level 5:colcon.colcon_core.verb:set package 'robot_skill' build argument 'ament_cmake_args' from command line to 'None'
[0.285s] Level 5:colcon.colcon_core.verb:set package 'robot_skill' build argument 'catkin_cmake_args' from command line to 'None'
[0.285s] Level 5:colcon.colcon_core.verb:set package 'robot_skill' build argument 'catkin_skip_building_tests' from command line to 'False'
[0.285s] DEBUG:colcon.colcon_core.verb:Building package 'robot_skill' with the following arguments: {'ament_cmake_args': None, 'build_base': '/home/nicola/Desktop/Progetto_Sapore/build/robot_skill', 'catkin_cmake_args': None, 'catkin_skip_building_tests': False, 'cmake_args': None, 'cmake_clean_cache': False, 'cmake_clean_first': False, 'cmake_force_configure': False, 'cmake_target': None, 'cmake_target_skip_unavailable': False, 'install_base': '/home/nicola/Desktop/Progetto_Sapore/install/robot_skill', 'merge_install': False, 'path': '/home/nicola/Desktop/Progetto_Sapore/src/robot_skill', 'symlink_install': False, 'test_result_base': None}
[0.285s] Level 5:colcon.colcon_core.verb:set package 'robot_skills' build argument 'cmake_args' from command line to 'None'
[0.285s] Level 5:colcon.colcon_core.verb:set package 'robot_skills' build argument 'cmake_target' from command line to 'None'
[0.285s] Level 5:colcon.colcon_core.verb:set package 'robot_skills' build argument 'cmake_target_skip_unavailable' from command line to 'False'
[0.285s] Level 5:colcon.colcon_core.verb:set package 'robot_skills' build argument 'cmake_clean_cache' from command line to 'False'
[0.285s] Level 5:colcon.colcon_core.verb:set package 'robot_skills' build argument 'cmake_clean_first' from command line to 'False'
[0.285s] Level 5:colcon.colcon_core.verb:set package 'robot_skills' build argument 'cmake_force_configure' from command line to 'False'
[0.285s] Level 5:colcon.colcon_core.verb:set package 'robot_skills' build argument 'ament_cmake_args' from command line to 'None'
[0.285s] Level 5:colcon.colcon_core.verb:set package 'robot_skills' build argument 'catkin_cmake_args' from command line to 'None'
[0.285s] Level 5:colcon.colcon_core.verb:set package 'robot_skills' build argument 'catkin_skip_building_tests' from command line to 'False'
[0.285s] DEBUG:colcon.colcon_core.verb:Building package 'robot_skills' with the following arguments: {'ament_cmake_args': None, 'build_base': '/home/nicola/Desktop/Progetto_Sapore/build/robot_skills', 'catkin_cmake_args': None, 'catkin_skip_building_tests': False, 'cmake_args': None, 'cmake_clean_cache': False, 'cmake_clean_first': False, 'cmake_force_configure': False, 'cmake_target': None, 'cmake_target_skip_unavailable': False, 'install_base': '/home/nicola/Desktop/Progetto_Sapore/install/robot_skills', 'merge_install': False, 'path': '/home/nicola/Desktop/Progetto_Sapore/src/robot_skills', 'symlink_install': False, 'test_result_base': None}
[0.286s] Level 5:colcon.colcon_core.verb:set package 'validate_trajectory' build argument 'cmake_args' from command line to 'None'
[0.286s] Level 5:colcon.colcon_core.verb:set package 'validate_trajectory' build argument 'cmake_target' from command line to 'None'
[0.286s] Level 5:colcon.colcon_core.verb:set package 'validate_trajectory' build argument 'cmake_target_skip_unavailable' from command line to 'False'
[0.286s] Level 5:colcon.colcon_core.verb:set package 'validate_trajectory' build argument 'cmake_clean_cache' from command line to 'False'
[0.286s] Level 5:colcon.colcon_core.verb:set package 'validate_trajectory' build argument 'cmake_clean_first' from command line to 'False'
[0.286s] Level 5:colcon.colcon_core.verb:set package 'validate_trajectory' build argument 'cmake_force_configure' from command line to 'False'
[0.286s] Level 5:colcon.colcon_core.verb:set package 'validate_trajectory' build argument 'ament_cmake_args' from command line to 'None'
[0.286s] Level 5:colcon.colcon_core.verb:set package 'validate_trajectory' build argument 'catkin_cmake_args' from command line to 'None'
[0.286s] Level 5:colcon.colcon_core.verb:set package 'validate_trajectory' build argument 'catkin_skip_building_tests' from command line to 'False'
[0.286s] DEBUG:colcon.colcon_core.verb:Building package 'validate_trajectory' with the following arguments: {'ament_cmake_args': None, 'build_base': '/home/nicola/Desktop/Progetto_Sapore/build/validate_trajectory', 'catkin_cmake_args': None, 'catkin_skip_building_tests': False, 'cmake_args': None, 'cmake_clean_cache': False, 'cmake_clean_first': False, 'cmake_force_configure': False, 'cmake_target': None, 'cmake_target_skip_unavailable': False, 'install_base': '/home/nicola/Desktop/Progetto_Sapore/install/validate_trajectory', 'merge_install': False, 'path': '/home/nicola/Desktop/Progetto_Sapore/src/validate_trajectory', 'symlink_install': False, 'test_result_base': None}
[0.286s] Level 5:colcon.colcon_core.verb:set package 'iiwa_config_moveit_config' build argument 'cmake_args' from command line to 'None'
[0.286s] Level 5:colcon.colcon_core.verb:set package 'iiwa_config_moveit_config' build argument 'cmake_target' from command line to 'None'
[0.286s] Level 5:colcon.colcon_core.verb:set package 'iiwa_config_moveit_config' build argument 'cmake_target_skip_unavailable' from command line to 'False'
[0.286s] Level 5:colcon.colcon_core.verb:set package 'iiwa_config_moveit_config' build argument 'cmake_clean_cache' from command line to 'False'
[0.286s] Level 5:colcon.colcon_core.verb:set package 'iiwa_config_moveit_config' build argument 'cmake_clean_first' from command line to 'False'
[0.286s] Level 5:colcon.colcon_core.verb:set package 'iiwa_config_moveit_config' build argument 'cmake_force_configure' from command line to 'False'
[0.286s] Level 5:colcon.colcon_core.verb:set package 'iiwa_config_moveit_config' build argument 'ament_cmake_args' from command line to 'None'
[0.286s] Level 5:colcon.colcon_core.verb:set package 'iiwa_config_moveit_config' build argument 'catkin_cmake_args' from command line to 'None'
[0.286s] Level 5:colcon.colcon_core.verb:set package 'iiwa_config_moveit_config' build argument 'catkin_skip_building_tests' from command line to 'False'
[0.286s] DEBUG:colcon.colcon_core.verb:Building package 'iiwa_config_moveit_config' with the following arguments: {'ament_cmake_args': None, 'build_base': '/home/nicola/Desktop/Progetto_Sapore/build/iiwa_config_moveit_config', 'catkin_cmake_args': None, 'catkin_skip_building_tests': False, 'cmake_args': None, 'cmake_clean_cache': False, 'cmake_clean_first': False, 'cmake_force_configure': False, 'cmake_target': None, 'cmake_target_skip_unavailable': False, 'install_base': '/home/nicola/Desktop/Progetto_Sapore/install/iiwa_config_moveit_config', 'merge_install': False, 'path': '/home/nicola/Desktop/Progetto_Sapore/src/iiwa_config_moveit_config', 'symlink_install': False, 'test_result_base': None}
[0.287s] Level 5:colcon.colcon_core.verb:set package 'nodes' build argument 'cmake_args' from command line to 'None'
[0.287s] Level 5:colcon.colcon_core.verb:set package 'nodes' build argument 'cmake_target' from command line to 'None'
[0.287s] Level 5:colcon.colcon_core.verb:set package 'nodes' build argument 'cmake_target_skip_unavailable' from command line to 'False'
[0.287s] Level 5:colcon.colcon_core.verb:set package 'nodes' build argument 'cmake_clean_cache' from command line to 'False'
[0.287s] Level 5:colcon.colcon_core.verb:set package 'nodes' build argument 'cmake_clean_first' from command line to 'False'
[0.287s] Level 5:colcon.colcon_core.verb:set package 'nodes' build argument 'cmake_force_configure' from command line to 'False'
[0.287s] Level 5:colcon.colcon_core.verb:set package 'nodes' build argument 'ament_cmake_args' from command line to 'None'
[0.287s] Level 5:colcon.colcon_core.verb:set package 'nodes' build argument 'catkin_cmake_args' from command line to 'None'
[0.287s] Level 5:colcon.colcon_core.verb:set package 'nodes' build argument 'catkin_skip_building_tests' from command line to 'False'
[0.287s] DEBUG:colcon.colcon_core.verb:Building package 'nodes' with the following arguments: {'ament_cmake_args': None, 'build_base': '/home/nicola/Desktop/Progetto_Sapore/build/nodes', 'catkin_cmake_args': None, 'catkin_skip_building_tests': False, 'cmake_args': None, 'cmake_clean_cache': False, 'cmake_clean_first': False, 'cmake_force_configure': False, 'cmake_target': None, 'cmake_target_skip_unavailable': False, 'install_base': '/home/nicola/Desktop/Progetto_Sapore/install/nodes', 'merge_install': False, 'path': '/home/nicola/Desktop/Progetto_Sapore/src/nodes', 'symlink_install': False, 'test_result_base': None}
[0.287s] INFO:colcon.colcon_core.executor:Executing jobs using 'parallel' executor
[0.288s] DEBUG:colcon.colcon_parallel_executor.executor.parallel:run_until_complete
[0.288s] INFO:colcon.colcon_ros.task.ament_cmake.build:Building ROS package in '/home/nicola/Desktop/Progetto_Sapore/src/iiwa_description' with build type 'ament_cmake'
[0.289s] INFO:colcon.colcon_cmake.task.cmake.build:Building CMake package in '/home/nicola/Desktop/Progetto_Sapore/src/iiwa_description'
[0.290s] INFO:colcon.colcon_core.plugin_system:Skipping extension 'colcon_core.shell.bat': Not used on non-Windows systems
[0.290s] INFO:colcon.colcon_core.shell:Skip shell extension 'powershell' for command environment: Not usable outside of PowerShell
[0.291s] DEBUG:colcon.colcon_core.shell:Skip shell extension 'dsv' for command environment
[0.295s] INFO:colcon.colcon_ros.task.ament_cmake.build:Building ROS package in '/home/nicola/Desktop/Progetto_Sapore/src/interfaces' with build type 'ament_cmake'
[0.295s] INFO:colcon.colcon_cmake.task.cmake.build:Building CMake package in '/home/nicola/Desktop/Progetto_Sapore/src/interfaces'
[0.296s] INFO:colcon.colcon_core.shell:Skip shell extension 'powershell' for command environment: Not usable outside of PowerShell
[0.296s] DEBUG:colcon.colcon_core.shell:Skip shell extension 'dsv' for command environment
[0.301s] INFO:colcon.colcon_ros.task.ament_cmake.build:Building ROS package in '/home/nicola/Desktop/Progetto_Sapore/src/build_scene_package' with build type 'ament_cmake'
[0.302s] INFO:colcon.colcon_cmake.task.cmake.build:Building CMake package in '/home/nicola/Desktop/Progetto_Sapore/src/build_scene_package'
[0.302s] INFO:colcon.colcon_core.shell:Skip shell extension 'powershell' for command environment: Not usable outside of PowerShell
[0.302s] DEBUG:colcon.colcon_core.shell:Skip shell extension 'dsv' for command environment
[0.307s] INFO:colcon.colcon_ros.task.ament_cmake.build:Building ROS package in '/home/nicola/Desktop/Progetto_Sapore/src/robot_skill' with build type 'ament_cmake'
[0.307s] INFO:colcon.colcon_cmake.task.cmake.build:Building CMake package in '/home/nicola/Desktop/Progetto_Sapore/src/robot_skill'
[0.307s] INFO:colcon.colcon_core.shell:Skip shell extension 'powershell' for command environment: Not usable outside of PowerShell
[0.308s] DEBUG:colcon.colcon_core.shell:Skip shell extension 'dsv' for command environment
[0.314s] INFO:colcon.colcon_ros.task.ament_cmake.build:Building ROS package in '/home/nicola/Desktop/Progetto_Sapore/src/robot_skills' with build type 'ament_cmake'
[0.314s] INFO:colcon.colcon_cmake.task.cmake.build:Building CMake package in '/home/nicola/Desktop/Progetto_Sapore/src/robot_skills'
[0.314s] INFO:colcon.colcon_core.shell:Skip shell extension 'powershell' for command environment: Not usable outside of PowerShell
[0.314s] DEBUG:colcon.colcon_core.shell:Skip shell extension 'dsv' for command environment
[0.319s] INFO:colcon.colcon_ros.task.ament_cmake.build:Building ROS package in '/home/nicola/Desktop/Progetto_Sapore/src/validate_trajectory' with build type 'ament_cmake'
[0.319s] INFO:colcon.colcon_cmake.task.cmake.build:Building CMake package in '/home/nicola/Desktop/Progetto_Sapore/src/validate_trajectory'
[0.319s] INFO:colcon.colcon_core.shell:Skip shell extension 'powershell' for command environment: Not usable outside of PowerShell
[0.319s] DEBUG:colcon.colcon_core.shell:Skip shell extension 'dsv' for command environment
[0.328s] DEBUG:colcon.colcon_core.event_handler.log_command:Invoking command in '/home/nicola/Desktop/Progetto_Sapore/build/iiwa_description': CMAKE_PREFIX_PATH=${CMAKE_PREFIX_PATH}:/opt/ros/jazzy DEBUGINFOD_URLS=https://debuginfod.ubuntu.com /usr/bin/cmake --build /home/nicola/Desktop/Progetto_Sapore/build/iiwa_description -- -j8 -l8
[0.331s] DEBUG:colcon.colcon_core.event_handler.log_command:Invoking command in '/home/nicola/Desktop/Progetto_Sapore/build/interfaces': CMAKE_PREFIX_PATH=${CMAKE_PREFIX_PATH}:/opt/ros/jazzy DEBUGINFOD_URLS=https://debuginfod.ubuntu.com /usr/bin/cmake --build /home/nicola/Desktop/Progetto_Sapore/build/interfaces -- -j8 -l8
[0.335s] DEBUG:colcon.colcon_core.event_handler.log_command:Invoking command in '/home/nicola/Desktop/Progetto_Sapore/build/build_scene_package': CMAKE_PREFIX_PATH=${CMAKE_PREFIX_PATH}:/opt/ros/jazzy DEBUGINFOD_URLS=https://debuginfod.ubuntu.com /usr/bin/cmake --build /home/nicola/Desktop/Progetto_Sapore/build/build_scene_package -- -j8 -l8
[0.341s] DEBUG:colcon.colcon_core.event_handler.log_command:Invoking command in '/home/nicola/Desktop/Progetto_Sapore/build/robot_skill': CMAKE_PREFIX_PATH=${CMAKE_PREFIX_PATH}:/opt/ros/jazzy DEBUGINFOD_URLS=https://debuginfod.ubuntu.com /usr/bin/cmake --build /home/nicola/Desktop/Progetto_Sapore/build/robot_skill -- -j8 -l8
[0.343s] DEBUG:colcon.colcon_core.event_handler.log_command:Invoking command in '/home/nicola/Desktop/Progetto_Sapore/build/robot_skills': CMAKE_PREFIX_PATH=${CMAKE_PREFIX_PATH}:/opt/ros/jazzy DEBUGINFOD_URLS=https://debuginfod.ubuntu.com /usr/bin/cmake --build /home/nicola/Desktop/Progetto_Sapore/build/robot_skills -- -j8 -l8
[0.359s] DEBUG:colcon.colcon_core.event_handler.log_command:Invoking command in '/home/nicola/Desktop/Progetto_Sapore/build/validate_trajectory': CMAKE_PREFIX_PATH=${CMAKE_PREFIX_PATH}:/opt/ros/jazzy DEBUGINFOD_URLS=https://debuginfod.ubuntu.com /usr/bin/cmake --build /home/nicola/Desktop/Progetto_Sapore/build/validate_trajectory -- -j8 -l8
[0.418s] DEBUG:colcon.colcon_core.event_handler.log_command:Invoked command in '/home/nicola/Desktop/Progetto_Sapore/build/iiwa_description' returned '0': CMAKE_PREFIX_PATH=${CMAKE_PREFIX_PATH}:/opt/ros/jazzy DEBUGINFOD_URLS=https://debuginfod.ubuntu.com /usr/bin/cmake --build /home/nicola/Desktop/Progetto_Sapore/build/iiwa_description -- -j8 -l8
[0.464s] DEBUG:colcon.colcon_core.event_handler.log_command:Invoking command in '/home/nicola/Desktop/Progetto_Sapore/build/iiwa_description': CMAKE_PREFIX_PATH=${CMAKE_PREFIX_PATH}:/opt/ros/jazzy DEBUGINFOD_URLS=https://debuginfod.ubuntu.com /usr/bin/cmake --install /home/nicola/Desktop/Progetto_Sapore/build/iiwa_description
[0.469s] DEBUG:colcon.colcon_core.event_handler.log_command:Invoked command in '/home/nicola/Desktop/Progetto_Sapore/build/robot_skill' returned '0': CMAKE_PREFIX_PATH=${CMAKE_PREFIX_PATH}:/opt/ros/jazzy DEBUGINFOD_URLS=https://debuginfod.ubuntu.com /usr/bin/cmake --build /home/nicola/Desktop/Progetto_Sapore/build/robot_skill -- -j8 -l8
[0.470s] DEBUG:colcon.colcon_core.event_handler.log_command:Invoking command in '/home/nicola/Desktop/Progetto_Sapore/build/robot_skill': CMAKE_PREFIX_PATH=${CMAKE_PREFIX_PATH}:/opt/ros/jazzy DEBUGINFOD_URLS=https://debuginfod.ubuntu.com /usr/bin/cmake --install /home/nicola/Desktop/Progetto_Sapore/build/robot_skill
[0.505s] Level 1:colcon.colcon_core.environment:create_environment_scripts_only(iiwa_description)
[0.512s] Level 1:colcon.colcon_core.environment:checking '/home/nicola/Desktop/Progetto_Sapore/install/iiwa_description' for CMake module files
[0.515s] DEBUG:colcon.colcon_core.event_handler.log_command:Invoked command in '/home/nicola/Desktop/Progetto_Sapore/build/iiwa_description' returned '0': CMAKE_PREFIX_PATH=${CMAKE_PREFIX_PATH}:/opt/ros/jazzy DEBUGINFOD_URLS=https://debuginfod.ubuntu.com /usr/bin/cmake --install /home/nicola/Desktop/Progetto_Sapore/build/iiwa_description
[0.516s] Level 1:colcon.colcon_core.environment:checking '/home/nicola/Desktop/Progetto_Sapore/install/iiwa_description' for CMake config files
[0.517s] Level 1:colcon.colcon_core.shell:create_environment_hook('iiwa_description', 'cmake_prefix_path')
[0.517s] INFO:colcon.colcon_core.shell:Creating environment hook '/home/nicola/Desktop/Progetto_Sapore/install/iiwa_description/share/iiwa_description/hook/cmake_prefix_path.ps1'
[0.518s] INFO:colcon.colcon_core.shell:Creating environment descriptor '/home/nicola/Desktop/Progetto_Sapore/install/iiwa_description/share/iiwa_description/hook/cmake_prefix_path.dsv'
[0.521s] INFO:colcon.colcon_core.shell:Creating environment hook '/home/nicola/Desktop/Progetto_Sapore/install/iiwa_description/share/iiwa_description/hook/cmake_prefix_path.sh'
[0.525s] Level 1:colcon.colcon_core.environment:checking '/home/nicola/Desktop/Progetto_Sapore/install/iiwa_description/bin'
[0.525s] Level 1:colcon.colcon_core.environment:checking '/home/nicola/Desktop/Progetto_Sapore/install/iiwa_description/lib/pkgconfig/iiwa_description.pc'
[0.525s] Level 1:colcon.colcon_core.environment:checking '/home/nicola/Desktop/Progetto_Sapore/install/iiwa_description/lib/python3.12/site-packages'
[0.526s] Level 1:colcon.colcon_core.environment:checking '/home/nicola/Desktop/Progetto_Sapore/install/iiwa_description/bin'
[0.526s] INFO:colcon.colcon_core.shell:Creating package script '/home/nicola/Desktop/Progetto_Sapore/install/iiwa_description/share/iiwa_description/package.ps1'
[0.535s] INFO:colcon.colcon_core.shell:Creating package descriptor '/home/nicola/Desktop/Progetto_Sapore/install/iiwa_description/share/iiwa_description/package.dsv'
[0.537s] INFO:colcon.colcon_core.shell:Creating package script '/home/nicola/Desktop/Progetto_Sapore/install/iiwa_description/share/iiwa_description/package.sh'
[0.540s] INFO:colcon.colcon_core.shell:Creating package script '/home/nicola/Desktop/Progetto_Sapore/install/iiwa_description/share/iiwa_description/package.bash'
[0.547s] INFO:colcon.colcon_core.shell:Creating package script '/home/nicola/Desktop/Progetto_Sapore/install/iiwa_description/share/iiwa_description/package.zsh'
[0.552s] Level 1:colcon.colcon_core.environment:create_file_with_runtime_dependencies(/home/nicola/Desktop/Progetto_Sapore/install/iiwa_description/share/colcon-core/packages/iiwa_description)
[0.556s] Level 1:colcon.colcon_core.environment:create_environment_scripts_only(iiwa_description)
[0.557s] Level 1:colcon.colcon_core.environment:checking '/home/nicola/Desktop/Progetto_Sapore/install/iiwa_description' for CMake module files
[0.558s] Level 1:colcon.colcon_core.environment:checking '/home/nicola/Desktop/Progetto_Sapore/install/iiwa_description' for CMake config files
[0.558s] Level 1:colcon.colcon_core.shell:create_environment_hook('iiwa_description', 'cmake_prefix_path')
[0.559s] INFO:colcon.colcon_core.shell:Creating environment hook '/home/nicola/Desktop/Progetto_Sapore/install/iiwa_description/share/iiwa_description/hook/cmake_prefix_path.ps1'
[0.564s] INFO:colcon.colcon_core.shell:Creating environment descriptor '/home/nicola/Desktop/Progetto_Sapore/install/iiwa_description/share/iiwa_description/hook/cmake_prefix_path.dsv'
[0.565s] INFO:colcon.colcon_core.shell:Creating environment hook '/home/nicola/Desktop/Progetto_Sapore/install/iiwa_description/share/iiwa_description/hook/cmake_prefix_path.sh'
[0.567s] Level 1:colcon.colcon_core.environment:checking '/home/nicola/Desktop/Progetto_Sapore/install/iiwa_description/bin'
[0.567s] Level 1:colcon.colcon_core.environment:checking '/home/nicola/Desktop/Progetto_Sapore/install/iiwa_description/lib/pkgconfig/iiwa_description.pc'
[0.567s] Level 1:colcon.colcon_core.environment:checking '/home/nicola/Desktop/Progetto_Sapore/install/iiwa_description/lib/python3.12/site-packages'
[0.568s] Level 1:colcon.colcon_core.environment:checking '/home/nicola/Desktop/Progetto_Sapore/install/iiwa_description/bin'
[0.568s] INFO:colcon.colcon_core.shell:Creating package script '/home/nicola/Desktop/Progetto_Sapore/install/iiwa_description/share/iiwa_description/package.ps1'
[0.569s] INFO:colcon.colcon_core.shell:Creating package descriptor '/home/nicola/Desktop/Progetto_Sapore/install/iiwa_description/share/iiwa_description/package.dsv'
[0.571s] INFO:colcon.colcon_core.shell:Creating package script '/home/nicola/Desktop/Progetto_Sapore/install/iiwa_description/share/iiwa_description/package.sh'
[0.572s] INFO:colcon.colcon_core.shell:Creating package script '/home/nicola/Desktop/Progetto_Sapore/install/iiwa_description/share/iiwa_description/package.bash'
[0.573s] INFO:colcon.colcon_core.shell:Creating package script '/home/nicola/Desktop/Progetto_Sapore/install/iiwa_description/share/iiwa_description/package.zsh'
[0.573s] Level 1:colcon.colcon_core.environment:create_file_with_runtime_dependencies(/home/nicola/Desktop/Progetto_Sapore/install/iiwa_description/share/colcon-core/packages/iiwa_description)
[0.574s] INFO:colcon.colcon_ros.task.ament_cmake.build:Building ROS package in '/home/nicola/Desktop/Progetto_Sapore/src/iiwa_config_moveit_config' with build type 'ament_cmake'
[0.575s] INFO:colcon.colcon_cmake.task.cmake.build:Building CMake package in '/home/nicola/Desktop/Progetto_Sapore/src/iiwa_config_moveit_config'
[0.575s] INFO:colcon.colcon_core.shell:Skip shell extension 'powershell' for command environment: Not usable outside of PowerShell
[0.575s] DEBUG:colcon.colcon_core.shell:Skip shell extension 'dsv' for command environment
[0.592s] DEBUG:colcon.colcon_core.event_handler.log_command:Invoked command in '/home/nicola/Desktop/Progetto_Sapore/build/build_scene_package' returned '0': CMAKE_PREFIX_PATH=${CMAKE_PREFIX_PATH}:/opt/ros/jazzy DEBUGINFOD_URLS=https://debuginfod.ubuntu.com /usr/bin/cmake --build /home/nicola/Desktop/Progetto_Sapore/build/build_scene_package -- -j8 -l8
[0.593s] DEBUG:colcon.colcon_core.event_handler.log_command:Invoking command in '/home/nicola/Desktop/Progetto_Sapore/build/build_scene_package': CMAKE_PREFIX_PATH=${CMAKE_PREFIX_PATH}:/opt/ros/jazzy DEBUGINFOD_URLS=https://debuginfod.ubuntu.com /usr/bin/cmake --install /home/nicola/Desktop/Progetto_Sapore/build/build_scene_package
[0.595s] Level 1:colcon.colcon_core.environment:create_environment_scripts_only(robot_skill)
[0.595s] Level 1:colcon.colcon_core.environment:checking '/home/nicola/Desktop/Progetto_Sapore/install/robot_skill' for CMake module files
[0.597s] Level 1:colcon.colcon_core.environment:checking '/home/nicola/Desktop/Progetto_Sapore/install/robot_skill' for CMake config files
[0.597s] Level 1:colcon.colcon_core.shell:create_environment_hook('robot_skill', 'cmake_prefix_path')
[0.597s] INFO:colcon.colcon_core.shell:Creating environment hook '/home/nicola/Desktop/Progetto_Sapore/install/robot_skill/share/robot_skill/hook/cmake_prefix_path.ps1'
[0.598s] DEBUG:colcon.colcon_core.event_handler.log_command:Invoked command in '/home/nicola/Desktop/Progetto_Sapore/build/robot_skill' returned '0': CMAKE_PREFIX_PATH=${CMAKE_PREFIX_PATH}:/opt/ros/jazzy DEBUGINFOD_URLS=https://debuginfod.ubuntu.com /usr/bin/cmake --install /home/nicola/Desktop/Progetto_Sapore/build/robot_skill
[0.598s] INFO:colcon.colcon_core.shell:Creating environment descriptor '/home/nicola/Desktop/Progetto_Sapore/install/robot_skill/share/robot_skill/hook/cmake_prefix_path.dsv'
[0.599s] INFO:colcon.colcon_core.shell:Creating environment hook '/home/nicola/Desktop/Progetto_Sapore/install/robot_skill/share/robot_skill/hook/cmake_prefix_path.sh'
[0.600s] Level 1:colcon.colcon_core.environment:checking '/home/nicola/Desktop/Progetto_Sapore/install/robot_skill/bin'
[0.600s] Level 1:colcon.colcon_core.environment:checking '/home/nicola/Desktop/Progetto_Sapore/install/robot_skill/lib/pkgconfig/robot_skill.pc'
[0.600s] Level 1:colcon.colcon_core.environment:checking '/home/nicola/Desktop/Progetto_Sapore/install/robot_skill/lib/python3.12/site-packages'
[0.600s] Level 1:colcon.colcon_core.environment:checking '/home/nicola/Desktop/Progetto_Sapore/install/robot_skill/bin'
[0.601s] INFO:colcon.colcon_core.shell:Creating package script '/home/nicola/Desktop/Progetto_Sapore/install/robot_skill/share/robot_skill/package.ps1'
[0.601s] INFO:colcon.colcon_core.shell:Creating package descriptor '/home/nicola/Desktop/Progetto_Sapore/install/robot_skill/share/robot_skill/package.dsv'
[0.602s] INFO:colcon.colcon_core.shell:Creating package script '/home/nicola/Desktop/Progetto_Sapore/install/robot_skill/share/robot_skill/package.sh'
[0.602s] INFO:colcon.colcon_core.shell:Creating package script '/home/nicola/Desktop/Progetto_Sapore/install/robot_skill/share/robot_skill/package.bash'
[0.603s] INFO:colcon.colcon_core.shell:Creating package script '/home/nicola/Desktop/Progetto_Sapore/install/robot_skill/share/robot_skill/package.zsh'
[0.603s] Level 1:colcon.colcon_core.environment:create_file_with_runtime_dependencies(/home/nicola/Desktop/Progetto_Sapore/install/robot_skill/share/colcon-core/packages/robot_skill)
[0.604s] Level 1:colcon.colcon_core.environment:create_environment_scripts_only(robot_skill)
[0.604s] Level 1:colcon.colcon_core.environment:checking '/home/nicola/Desktop/Progetto_Sapore/install/robot_skill' for CMake module files
[0.605s] Level 1:colcon.colcon_core.environment:checking '/home/nicola/Desktop/Progetto_Sapore/install/robot_skill' for CMake config files
[0.605s] Level 1:colcon.colcon_core.shell:create_environment_hook('robot_skill', 'cmake_prefix_path')
[0.606s] INFO:colcon.colcon_core.shell:Creating environment hook '/home/nicola/Desktop/Progetto_Sapore/install/robot_skill/share/robot_skill/hook/cmake_prefix_path.ps1'
[0.606s] INFO:colcon.colcon_core.shell:Creating environment descriptor '/home/nicola/Desktop/Progetto_Sapore/install/robot_skill/share/robot_skill/hook/cmake_prefix_path.dsv'
[0.607s] INFO:colcon.colcon_core.shell:Creating environment hook '/home/nicola/Desktop/Progetto_Sapore/install/robot_skill/share/robot_skill/hook/cmake_prefix_path.sh'
[0.607s] Level 1:colcon.colcon_core.environment:checking '/home/nicola/Desktop/Progetto_Sapore/install/robot_skill/bin'
[0.608s] Level 1:colcon.colcon_core.environment:checking '/home/nicola/Desktop/Progetto_Sapore/install/robot_skill/lib/pkgconfig/robot_skill.pc'
[0.608s] Level 1:colcon.colcon_core.environment:checking '/home/nicola/Desktop/Progetto_Sapore/install/robot_skill/lib/python3.12/site-packages'
[0.608s] Level 1:colcon.colcon_core.environment:checking '/home/nicola/Desktop/Progetto_Sapore/install/robot_skill/bin'
[0.609s] INFO:colcon.colcon_core.shell:Creating package script '/home/nicola/Desktop/Progetto_Sapore/install/robot_skill/share/robot_skill/package.ps1'
[0.609s] INFO:colcon.colcon_core.shell:Creating package descriptor '/home/nicola/Desktop/Progetto_Sapore/install/robot_skill/share/robot_skill/package.dsv'
[0.610s] INFO:colcon.colcon_core.shell:Creating package script '/home/nicola/Desktop/Progetto_Sapore/install/robot_skill/share/robot_skill/package.sh'
[0.610s] INFO:colcon.colcon_core.shell:Creating package script '/home/nicola/Desktop/Progetto_Sapore/install/robot_skill/share/robot_skill/package.bash'
[0.611s] INFO:colcon.colcon_core.shell:Creating package script '/home/nicola/Desktop/Progetto_Sapore/install/robot_skill/share/robot_skill/package.zsh'
[0.611s] Level 1:colcon.colcon_core.environment:create_file_with_runtime_dependencies(/home/nicola/Desktop/Progetto_Sapore/install/robot_skill/share/colcon-core/packages/robot_skill)
[0.620s] DEBUG:colcon.colcon_core.event_handler.log_command:Invoked command in '/home/nicola/Desktop/Progetto_Sapore/build/robot_skills' returned '0': CMAKE_PREFIX_PATH=${CMAKE_PREFIX_PATH}:/opt/ros/jazzy DEBUGINFOD_URLS=https://debuginfod.ubuntu.com /usr/bin/cmake --build /home/nicola/Desktop/Progetto_Sapore/build/robot_skills -- -j8 -l8
[0.621s] DEBUG:colcon.colcon_core.event_handler.log_command:Invoking command in '/home/nicola/Desktop/Progetto_Sapore/build/robot_skills': CMAKE_PREFIX_PATH=${CMAKE_PREFIX_PATH}:/opt/ros/jazzy DEBUGINFOD_URLS=https://debuginfod.ubuntu.com /usr/bin/cmake --install /home/nicola/Desktop/Progetto_Sapore/build/robot_skills
[0.644s] Level 1:colcon.colcon_core.environment:create_environment_scripts_only(build_scene_package)
[0.646s] Level 1:colcon.colcon_core.environment:checking '/home/nicola/Desktop/Progetto_Sapore/install/build_scene_package' for CMake module files
[0.647s] Level 1:colcon.colcon_core.environment:checking '/home/nicola/Desktop/Progetto_Sapore/install/build_scene_package' for CMake config files
[0.648s] Level 1:colcon.colcon_core.shell:create_environment_hook('build_scene_package', 'cmake_prefix_path')
[0.648s] INFO:colcon.colcon_core.shell:Creating environment hook '/home/nicola/Desktop/Progetto_Sapore/install/build_scene_package/share/build_scene_package/hook/cmake_prefix_path.ps1'
[0.649s] INFO:colcon.colcon_core.shell:Creating environment descriptor '/home/nicola/Desktop/Progetto_Sapore/install/build_scene_package/share/build_scene_package/hook/cmake_prefix_path.dsv'
[0.649s] INFO:colcon.colcon_core.shell:Creating environment hook '/home/nicola/Desktop/Progetto_Sapore/install/build_scene_package/share/build_scene_package/hook/cmake_prefix_path.sh'
[0.651s] Level 1:colcon.colcon_core.environment:checking '/home/nicola/Desktop/Progetto_Sapore/install/build_scene_package/lib'
[0.652s] Level 1:colcon.colcon_core.environment:checking '/home/nicola/Desktop/Progetto_Sapore/install/build_scene_package/bin'
[0.652s] Level 1:colcon.colcon_core.environment:checking '/home/nicola/Desktop/Progetto_Sapore/install/build_scene_package/lib/pkgconfig/build_scene_package.pc'
[0.652s] Level 1:colcon.colcon_core.environment:checking '/home/nicola/Desktop/Progetto_Sapore/install/build_scene_package/lib/python3.12/site-packages'
[0.652s] Level 1:colcon.colcon_core.environment:checking '/home/nicola/Desktop/Progetto_Sapore/install/build_scene_package/bin'
[0.653s] INFO:colcon.colcon_core.shell:Creating package script '/home/nicola/Desktop/Progetto_Sapore/install/build_scene_package/share/build_scene_package/package.ps1'
[0.654s] INFO:colcon.colcon_core.shell:Creating package descriptor '/home/nicola/Desktop/Progetto_Sapore/install/build_scene_package/share/build_scene_package/package.dsv'
[0.655s] INFO:colcon.colcon_core.shell:Creating package script '/home/nicola/Desktop/Progetto_Sapore/install/build_scene_package/share/build_scene_package/package.sh'
[0.657s] DEBUG:colcon.colcon_core.event_handler.log_command:Invoking command in '/home/nicola/Desktop/Progetto_Sapore/build/iiwa_config_moveit_config': CMAKE_PREFIX_PATH=/home/nicola/Desktop/Progetto_Sapore/install/iiwa_description:/home/nicola/Desktop/Progetto_Sapore/install/validate_trajectory:/home/nicola/Desktop/Progetto_Sapore/install/robot_skills:/home/nicola/Desktop/Progetto_Sapore/install/robot_skill:/home/nicola/Desktop/Progetto_Sapore/install/nodes:/home/nicola/Desktop/Progetto_Sapore/install/interfaces:/home/nicola/Desktop/Progetto_Sapore/install/iiwa_config_moveit_config:/home/nicola/Desktop/Progetto_Sapore/install/build_scene_package:/opt/ros/jazzy/opt/sdformat_vendor:/opt/ros/jazzy/opt/gz_math_vendor:/opt/ros/jazzy/opt/gz_utils_vendor:/opt/ros/jazzy/opt/gz_tools_vendor:/opt/ros/jazzy/opt/gz_cmake_vendor:/opt/ros/jazzy DEBUGINFOD_URLS=https://debuginfod.ubuntu.com /usr/bin/cmake --build /home/nicola/Desktop/Progetto_Sapore/build/iiwa_config_moveit_config -- -j8 -l8
[0.660s] INFO:colcon.colcon_core.shell:Creating package script '/home/nicola/Desktop/Progetto_Sapore/install/build_scene_package/share/build_scene_package/package.bash'
[0.661s] INFO:colcon.colcon_core.shell:Creating package script '/home/nicola/Desktop/Progetto_Sapore/install/build_scene_package/share/build_scene_package/package.zsh'
[0.665s] Level 1:colcon.colcon_core.environment:create_file_with_runtime_dependencies(/home/nicola/Desktop/Progetto_Sapore/install/build_scene_package/share/colcon-core/packages/build_scene_package)
[0.666s] Level 1:colcon.colcon_core.environment:create_environment_scripts_only(build_scene_package)
[0.666s] Level 1:colcon.colcon_core.environment:checking '/home/nicola/Desktop/Progetto_Sapore/install/build_scene_package' for CMake module files
[0.669s] DEBUG:colcon.colcon_core.event_handler.log_command:Invoked command in '/home/nicola/Desktop/Progetto_Sapore/build/validate_trajectory' returned '0': CMAKE_PREFIX_PATH=${CMAKE_PREFIX_PATH}:/opt/ros/jazzy DEBUGINFOD_URLS=https://debuginfod.ubuntu.com /usr/bin/cmake --build /home/nicola/Desktop/Progetto_Sapore/build/validate_trajectory -- -j8 -l8
[0.670s] DEBUG:colcon.colcon_core.event_handler.log_command:Invoking command in '/home/nicola/Desktop/Progetto_Sapore/build/validate_trajectory': CMAKE_PREFIX_PATH=${CMAKE_PREFIX_PATH}:/opt/ros/jazzy DEBUGINFOD_URLS=https://debuginfod.ubuntu.com /usr/bin/cmake --install /home/nicola/Desktop/Progetto_Sapore/build/validate_trajectory
[0.670s] Level 1:colcon.colcon_core.environment:checking '/home/nicola/Desktop/Progetto_Sapore/install/build_scene_package' for CMake config files
[0.671s] Level 1:colcon.colcon_core.shell:create_environment_hook('build_scene_package', 'cmake_prefix_path')
[0.671s] INFO:colcon.colcon_core.shell:Creating environment hook '/home/nicola/Desktop/Progetto_Sapore/install/build_scene_package/share/build_scene_package/hook/cmake_prefix_path.ps1'
[0.672s] INFO:colcon.colcon_core.shell:Creating environment descriptor '/home/nicola/Desktop/Progetto_Sapore/install/build_scene_package/share/build_scene_package/hook/cmake_prefix_path.dsv'
[0.672s] INFO:colcon.colcon_core.shell:Creating environment hook '/home/nicola/Desktop/Progetto_Sapore/install/build_scene_package/share/build_scene_package/hook/cmake_prefix_path.sh'
[0.673s] Level 1:colcon.colcon_core.environment:checking '/home/nicola/Desktop/Progetto_Sapore/install/build_scene_package/lib'
[0.673s] Level 1:colcon.colcon_core.environment:checking '/home/nicola/Desktop/Progetto_Sapore/install/build_scene_package/bin'
[0.673s] Level 1:colcon.colcon_core.environment:checking '/home/nicola/Desktop/Progetto_Sapore/install/build_scene_package/lib/pkgconfig/build_scene_package.pc'
[0.673s] Level 1:colcon.colcon_core.environment:checking '/home/nicola/Desktop/Progetto_Sapore/install/build_scene_package/lib/python3.12/site-packages'
[0.674s] Level 1:colcon.colcon_core.environment:checking '/home/nicola/Desktop/Progetto_Sapore/install/build_scene_package/bin'
[0.674s] INFO:colcon.colcon_core.shell:Creating package script '/home/nicola/Desktop/Progetto_Sapore/install/build_scene_package/share/build_scene_package/package.ps1'
[0.674s] DEBUG:colcon.colcon_core.event_handler.log_command:Invoked command in '/home/nicola/Desktop/Progetto_Sapore/build/build_scene_package' returned '0': CMAKE_PREFIX_PATH=${CMAKE_PREFIX_PATH}:/opt/ros/jazzy DEBUGINFOD_URLS=https://debuginfod.ubuntu.com /usr/bin/cmake --install /home/nicola/Desktop/Progetto_Sapore/build/build_scene_package
[0.678s] INFO:colcon.colcon_core.shell:Creating package descriptor '/home/nicola/Desktop/Progetto_Sapore/install/build_scene_package/share/build_scene_package/package.dsv'
[0.679s] INFO:colcon.colcon_core.shell:Creating package script '/home/nicola/Desktop/Progetto_Sapore/install/build_scene_package/share/build_scene_package/package.sh'
[0.680s] INFO:colcon.colcon_core.shell:Creating package script '/home/nicola/Desktop/Progetto_Sapore/install/build_scene_package/share/build_scene_package/package.bash'
[0.680s] INFO:colcon.colcon_core.shell:Creating package script '/home/nicola/Desktop/Progetto_Sapore/install/build_scene_package/share/build_scene_package/package.zsh'
[0.681s] Level 1:colcon.colcon_core.environment:create_file_with_runtime_dependencies(/home/nicola/Desktop/Progetto_Sapore/install/build_scene_package/share/colcon-core/packages/build_scene_package)
[0.682s] Level 1:colcon.colcon_core.environment:create_environment_scripts_only(validate_trajectory)
[0.683s] Level 1:colcon.colcon_core.environment:checking '/home/nicola/Desktop/Progetto_Sapore/install/validate_trajectory' for CMake module files
[0.684s] Level 1:colcon.colcon_core.environment:checking '/home/nicola/Desktop/Progetto_Sapore/install/validate_trajectory' for CMake config files
[0.684s] Level 1:colcon.colcon_core.shell:create_environment_hook('validate_trajectory', 'cmake_prefix_path')
[0.685s] INFO:colcon.colcon_core.shell:Creating environment hook '/home/nicola/Desktop/Progetto_Sapore/install/validate_trajectory/share/validate_trajectory/hook/cmake_prefix_path.ps1'
[0.683s] DEBUG:colcon.colcon_core.event_handler.log_command:Invoked command in '/home/nicola/Desktop/Progetto_Sapore/build/validate_trajectory' returned '0': CMAKE_PREFIX_PATH=${CMAKE_PREFIX_PATH}:/opt/ros/jazzy DEBUGINFOD_URLS=https://debuginfod.ubuntu.com /usr/bin/cmake --install /home/nicola/Desktop/Progetto_Sapore/build/validate_trajectory
[0.686s] INFO:colcon.colcon_core.shell:Creating environment descriptor '/home/nicola/Desktop/Progetto_Sapore/install/validate_trajectory/share/validate_trajectory/hook/cmake_prefix_path.dsv'
[0.686s] INFO:colcon.colcon_core.shell:Creating environment hook '/home/nicola/Desktop/Progetto_Sapore/install/validate_trajectory/share/validate_trajectory/hook/cmake_prefix_path.sh'
[0.687s] Level 1:colcon.colcon_core.environment:checking '/home/nicola/Desktop/Progetto_Sapore/install/validate_trajectory/lib'
[0.687s] Level 1:colcon.colcon_core.environment:checking '/home/nicola/Desktop/Progetto_Sapore/install/validate_trajectory/bin'
[0.687s] Level 1:colcon.colcon_core.environment:checking '/home/nicola/Desktop/Progetto_Sapore/install/validate_trajectory/lib/pkgconfig/validate_trajectory.pc'
[0.688s] Level 1:colcon.colcon_core.environment:checking '/home/nicola/Desktop/Progetto_Sapore/install/validate_trajectory/lib/python3.12/site-packages'
[0.688s] Level 1:colcon.colcon_core.environment:checking '/home/nicola/Desktop/Progetto_Sapore/install/validate_trajectory/bin'
[0.688s] INFO:colcon.colcon_core.shell:Creating package script '/home/nicola/Desktop/Progetto_Sapore/install/validate_trajectory/share/validate_trajectory/package.ps1'
[0.689s] INFO:colcon.colcon_core.shell:Creating package descriptor '/home/nicola/Desktop/Progetto_Sapore/install/validate_trajectory/share/validate_trajectory/package.dsv'
[0.690s] INFO:colcon.colcon_core.shell:Creating package script '/home/nicola/Desktop/Progetto_Sapore/install/validate_trajectory/share/validate_trajectory/package.sh'
[0.690s] INFO:colcon.colcon_core.shell:Creating package script '/home/nicola/Desktop/Progetto_Sapore/install/validate_trajectory/share/validate_trajectory/package.bash'
[0.691s] INFO:colcon.colcon_core.shell:Creating package script '/home/nicola/Desktop/Progetto_Sapore/install/validate_trajectory/share/validate_trajectory/package.zsh'
[0.691s] Level 1:colcon.colcon_core.environment:create_file_with_runtime_dependencies(/home/nicola/Desktop/Progetto_Sapore/install/validate_trajectory/share/colcon-core/packages/validate_trajectory)
[0.692s] Level 1:colcon.colcon_core.environment:create_environment_scripts_only(validate_trajectory)
[0.692s] Level 1:colcon.colcon_core.environment:checking '/home/nicola/Desktop/Progetto_Sapore/install/validate_trajectory' for CMake module files
[0.693s] Level 1:colcon.colcon_core.environment:checking '/home/nicola/Desktop/Progetto_Sapore/install/validate_trajectory' for CMake config files
[0.694s] Level 1:colcon.colcon_core.shell:create_environment_hook('validate_trajectory', 'cmake_prefix_path')
[0.694s] INFO:colcon.colcon_core.shell:Creating environment hook '/home/nicola/Desktop/Progetto_Sapore/install/validate_trajectory/share/validate_trajectory/hook/cmake_prefix_path.ps1'
[0.695s] INFO:colcon.colcon_core.shell:Creating environment descriptor '/home/nicola/Desktop/Progetto_Sapore/install/validate_trajectory/share/validate_trajectory/hook/cmake_prefix_path.dsv'
[0.695s] INFO:colcon.colcon_core.shell:Creating environment hook '/home/nicola/Desktop/Progetto_Sapore/install/validate_trajectory/share/validate_trajectory/hook/cmake_prefix_path.sh'
[0.696s] Level 1:colcon.colcon_core.environment:checking '/home/nicola/Desktop/Progetto_Sapore/install/validate_trajectory/lib'
[0.697s] Level 1:colcon.colcon_core.environment:checking '/home/nicola/Desktop/Progetto_Sapore/install/validate_trajectory/bin'
[0.697s] Level 1:colcon.colcon_core.environment:checking '/home/nicola/Desktop/Progetto_Sapore/install/validate_trajectory/lib/pkgconfig/validate_trajectory.pc'
[0.698s] Level 1:colcon.colcon_core.environment:checking '/home/nicola/Desktop/Progetto_Sapore/install/validate_trajectory/lib/python3.12/site-packages'
[0.698s] Level 1:colcon.colcon_core.environment:checking '/home/nicola/Desktop/Progetto_Sapore/install/validate_trajectory/bin'
[0.699s] INFO:colcon.colcon_core.shell:Creating package script '/home/nicola/Desktop/Progetto_Sapore/install/validate_trajectory/share/validate_trajectory/package.ps1'
[0.702s] INFO:colcon.colcon_core.shell:Creating package descriptor '/home/nicola/Desktop/Progetto_Sapore/install/validate_trajectory/share/validate_trajectory/package.dsv'
[0.705s] INFO:colcon.colcon_core.shell:Creating package script '/home/nicola/Desktop/Progetto_Sapore/install/validate_trajectory/share/validate_trajectory/package.sh'
[0.706s] INFO:colcon.colcon_core.shell:Creating package script '/home/nicola/Desktop/Progetto_Sapore/install/validate_trajectory/share/validate_trajectory/package.bash'
[0.706s] INFO:colcon.colcon_core.shell:Creating package script '/home/nicola/Desktop/Progetto_Sapore/install/validate_trajectory/share/validate_trajectory/package.zsh'
[0.707s] Level 1:colcon.colcon_core.environment:create_file_with_runtime_dependencies(/home/nicola/Desktop/Progetto_Sapore/install/validate_trajectory/share/colcon-core/packages/validate_trajectory)
[0.709s] Level 1:colcon.colcon_core.environment:create_environment_scripts_only(robot_skills)
[0.710s] Level 1:colcon.colcon_core.environment:checking '/home/nicola/Desktop/Progetto_Sapore/install/robot_skills' for CMake module files
[0.712s] Level 1:colcon.colcon_core.environment:checking '/home/nicola/Desktop/Progetto_Sapore/install/robot_skills' for CMake config files
[0.713s] Level 1:colcon.colcon_core.shell:create_environment_hook('robot_skills', 'cmake_prefix_path')
[0.714s] INFO:colcon.colcon_core.shell:Creating environment hook '/home/nicola/Desktop/Progetto_Sapore/install/robot_skills/share/robot_skills/hook/cmake_prefix_path.ps1'
[0.718s] INFO:colcon.colcon_core.shell:Creating environment descriptor '/home/nicola/Desktop/Progetto_Sapore/install/robot_skills/share/robot_skills/hook/cmake_prefix_path.dsv'
[0.718s] INFO:colcon.colcon_core.shell:Creating environment hook '/home/nicola/Desktop/Progetto_Sapore/install/robot_skills/share/robot_skills/hook/cmake_prefix_path.sh'
[0.719s] Level 1:colcon.colcon_core.environment:checking '/home/nicola/Desktop/Progetto_Sapore/install/robot_skills/lib'
[0.719s] Level 1:colcon.colcon_core.environment:checking '/home/nicola/Desktop/Progetto_Sapore/install/robot_skills/bin'
[0.719s] Level 1:colcon.colcon_core.environment:checking '/home/nicola/Desktop/Progetto_Sapore/install/robot_skills/lib/pkgconfig/robot_skills.pc'
[0.720s] Level 1:colcon.colcon_core.environment:checking '/home/nicola/Desktop/Progetto_Sapore/install/robot_skills/lib/python3.12/site-packages'
[0.720s] Level 1:colcon.colcon_core.environment:checking '/home/nicola/Desktop/Progetto_Sapore/install/robot_skills/bin'
[0.720s] INFO:colcon.colcon_core.shell:Creating package script '/home/nicola/Desktop/Progetto_Sapore/install/robot_skills/share/robot_skills/package.ps1'
[0.724s] DEBUG:colcon.colcon_core.event_handler.log_command:Invoked command in '/home/nicola/Desktop/Progetto_Sapore/build/robot_skills' returned '0': CMAKE_PREFIX_PATH=${CMAKE_PREFIX_PATH}:/opt/ros/jazzy DEBUGINFOD_URLS=https://debuginfod.ubuntu.com /usr/bin/cmake --install /home/nicola/Desktop/Progetto_Sapore/build/robot_skills
[0.725s] INFO:colcon.colcon_core.shell:Creating package descriptor '/home/nicola/Desktop/Progetto_Sapore/install/robot_skills/share/robot_skills/package.dsv'
[0.725s] INFO:colcon.colcon_core.shell:Creating package script '/home/nicola/Desktop/Progetto_Sapore/install/robot_skills/share/robot_skills/package.sh'
[0.726s] INFO:colcon.colcon_core.shell:Creating package script '/home/nicola/Desktop/Progetto_Sapore/install/robot_skills/share/robot_skills/package.bash'
[0.726s] INFO:colcon.colcon_core.shell:Creating package script '/home/nicola/Desktop/Progetto_Sapore/install/robot_skills/share/robot_skills/package.zsh'
[0.727s] Level 1:colcon.colcon_core.environment:create_file_with_runtime_dependencies(/home/nicola/Desktop/Progetto_Sapore/install/robot_skills/share/colcon-core/packages/robot_skills)
[0.728s] Level 1:colcon.colcon_core.environment:create_environment_scripts_only(robot_skills)
[0.728s] Level 1:colcon.colcon_core.environment:checking '/home/nicola/Desktop/Progetto_Sapore/install/robot_skills' for CMake module files
[0.729s] Level 1:colcon.colcon_core.environment:checking '/home/nicola/Desktop/Progetto_Sapore/install/robot_skills' for CMake config files
[0.729s] Level 1:colcon.colcon_core.shell:create_environment_hook('robot_skills', 'cmake_prefix_path')
[0.729s] INFO:colcon.colcon_core.shell:Creating environment hook '/home/nicola/Desktop/Progetto_Sapore/install/robot_skills/share/robot_skills/hook/cmake_prefix_path.ps1'
[0.730s] INFO:colcon.colcon_core.shell:Creating environment descriptor '/home/nicola/Desktop/Progetto_Sapore/install/robot_skills/share/robot_skills/hook/cmake_prefix_path.dsv'
[0.730s] INFO:colcon.colcon_core.shell:Creating environment hook '/home/nicola/Desktop/Progetto_Sapore/install/robot_skills/share/robot_skills/hook/cmake_prefix_path.sh'
[0.732s] Level 1:colcon.colcon_core.environment:checking '/home/nicola/Desktop/Progetto_Sapore/install/robot_skills/lib'
[0.739s] Level 1:colcon.colcon_core.environment:checking '/home/nicola/Desktop/Progetto_Sapore/install/robot_skills/bin'
[0.739s] Level 1:colcon.colcon_core.environment:checking '/home/nicola/Desktop/Progetto_Sapore/install/robot_skills/lib/pkgconfig/robot_skills.pc'
[0.740s] Level 1:colcon.colcon_core.environment:checking '/home/nicola/Desktop/Progetto_Sapore/install/robot_skills/lib/python3.12/site-packages'
[0.742s] Level 1:colcon.colcon_core.environment:checking '/home/nicola/Desktop/Progetto_Sapore/install/robot_skills/bin'
[0.743s] INFO:colcon.colcon_core.shell:Creating package script '/home/nicola/Desktop/Progetto_Sapore/install/robot_skills/share/robot_skills/package.ps1'
[0.744s] INFO:colcon.colcon_core.shell:Creating package descriptor '/home/nicola/Desktop/Progetto_Sapore/install/robot_skills/share/robot_skills/package.dsv'
[0.745s] INFO:colcon.colcon_core.shell:Creating package script '/home/nicola/Desktop/Progetto_Sapore/install/robot_skills/share/robot_skills/package.sh'
[0.747s] INFO:colcon.colcon_core.shell:Creating package script '/home/nicola/Desktop/Progetto_Sapore/install/robot_skills/share/robot_skills/package.bash'
[0.747s] INFO:colcon.colcon_core.shell:Creating package script '/home/nicola/Desktop/Progetto_Sapore/install/robot_skills/share/robot_skills/package.zsh'
[0.748s] Level 1:colcon.colcon_core.environment:create_file_with_runtime_dependencies(/home/nicola/Desktop/Progetto_Sapore/install/robot_skills/share/colcon-core/packages/robot_skills)
[0.751s] DEBUG:colcon.colcon_core.event_handler.log_command:Invoked command in '/home/nicola/Desktop/Progetto_Sapore/build/iiwa_config_moveit_config' returned '0': CMAKE_PREFIX_PATH=/home/nicola/Desktop/Progetto_Sapore/install/iiwa_description:/home/nicola/Desktop/Progetto_Sapore/install/validate_trajectory:/home/nicola/Desktop/Progetto_Sapore/install/robot_skills:/home/nicola/Desktop/Progetto_Sapore/install/robot_skill:/home/nicola/Desktop/Progetto_Sapore/install/nodes:/home/nicola/Desktop/Progetto_Sapore/install/interfaces:/home/nicola/Desktop/Progetto_Sapore/install/iiwa_config_moveit_config:/home/nicola/Desktop/Progetto_Sapore/install/build_scene_package:/opt/ros/jazzy/opt/sdformat_vendor:/opt/ros/jazzy/opt/gz_math_vendor:/opt/ros/jazzy/opt/gz_utils_vendor:/opt/ros/jazzy/opt/gz_tools_vendor:/opt/ros/jazzy/opt/gz_cmake_vendor:/opt/ros/jazzy DEBUGINFOD_URLS=https://debuginfod.ubuntu.com /usr/bin/cmake --build /home/nicola/Desktop/Progetto_Sapore/build/iiwa_config_moveit_config -- -j8 -l8
[0.753s] DEBUG:colcon.colcon_core.event_handler.log_command:Invoking command in '/home/nicola/Desktop/Progetto_Sapore/build/iiwa_config_moveit_config': CMAKE_PREFIX_PATH=/home/nicola/Desktop/Progetto_Sapore/install/iiwa_description:/home/nicola/Desktop/Progetto_Sapore/install/validate_trajectory:/home/nicola/Desktop/Progetto_Sapore/install/robot_skills:/home/nicola/Desktop/Progetto_Sapore/install/robot_skill:/home/nicola/Desktop/Progetto_Sapore/install/nodes:/home/nicola/Desktop/Progetto_Sapore/install/interfaces:/home/nicola/Desktop/Progetto_Sapore/install/iiwa_config_moveit_config:/home/nicola/Desktop/Progetto_Sapore/install/build_scene_package:/opt/ros/jazzy/opt/sdformat_vendor:/opt/ros/jazzy/opt/gz_math_vendor:/opt/ros/jazzy/opt/gz_utils_vendor:/opt/ros/jazzy/opt/gz_tools_vendor:/opt/ros/jazzy/opt/gz_cmake_vendor:/opt/ros/jazzy DEBUGINFOD_URLS=https://debuginfod.ubuntu.com /usr/bin/cmake --install /home/nicola/Desktop/Progetto_Sapore/build/iiwa_config_moveit_config
[0.770s] Level 1:colcon.colcon_core.environment:create_environment_scripts_only(iiwa_config_moveit_config)
[0.770s] Level 1:colcon.colcon_core.environment:checking '/home/nicola/Desktop/Progetto_Sapore/install/iiwa_config_moveit_config' for CMake module files
[0.772s] Level 1:colcon.colcon_core.environment:checking '/home/nicola/Desktop/Progetto_Sapore/install/iiwa_config_moveit_config' for CMake config files
[0.774s] DEBUG:colcon.colcon_core.event_handler.log_command:Invoked command in '/home/nicola/Desktop/Progetto_Sapore/build/iiwa_config_moveit_config' returned '0': CMAKE_PREFIX_PATH=/home/nicola/Desktop/Progetto_Sapore/install/iiwa_description:/home/nicola/Desktop/Progetto_Sapore/install/validate_trajectory:/home/nicola/Desktop/Progetto_Sapore/install/robot_skills:/home/nicola/Desktop/Progetto_Sapore/install/robot_skill:/home/nicola/Desktop/Progetto_Sapore/install/nodes:/home/nicola/Desktop/Progetto_Sapore/install/interfaces:/home/nicola/Desktop/Progetto_Sapore/install/iiwa_config_moveit_config:/home/nicola/Desktop/Progetto_Sapore/install/build_scene_package:/opt/ros/jazzy/opt/sdformat_vendor:/opt/ros/jazzy/opt/gz_math_vendor:/opt/ros/jazzy/opt/gz_utils_vendor:/opt/ros/jazzy/opt/gz_tools_vendor:/opt/ros/jazzy/opt/gz_cmake_vendor:/opt/ros/jazzy DEBUGINFOD_URLS=https://debuginfod.ubuntu.com /usr/bin/cmake --install /home/nicola/Desktop/Progetto_Sapore/build/iiwa_config_moveit_config
[0.775s] Level 1:colcon.colcon_core.shell:create_environment_hook('iiwa_config_moveit_config', 'cmake_prefix_path')
[0.775s] INFO:colcon.colcon_core.shell:Creating environment hook '/home/nicola/Desktop/Progetto_Sapore/install/iiwa_config_moveit_config/share/iiwa_config_moveit_config/hook/cmake_prefix_path.ps1'
[0.776s] INFO:colcon.colcon_core.shell:Creating environment descriptor '/home/nicola/Desktop/Progetto_Sapore/install/iiwa_config_moveit_config/share/iiwa_config_moveit_config/hook/cmake_prefix_path.dsv'
[0.777s] INFO:colcon.colcon_core.shell:Creating environment hook '/home/nicola/Desktop/Progetto_Sapore/install/iiwa_config_moveit_config/share/iiwa_config_moveit_config/hook/cmake_prefix_path.sh'
[0.778s] Level 1:colcon.colcon_core.environment:checking '/home/nicola/Desktop/Progetto_Sapore/install/iiwa_config_moveit_config/lib'
[0.778s] Level 1:colcon.colcon_core.environment:checking '/home/nicola/Desktop/Progetto_Sapore/install/iiwa_config_moveit_config/bin'
[0.778s] Level 1:colcon.colcon_core.environment:checking '/home/nicola/Desktop/Progetto_Sapore/install/iiwa_config_moveit_config/lib/pkgconfig/iiwa_config_moveit_config.pc'
[0.778s] Level 1:colcon.colcon_core.environment:checking '/home/nicola/Desktop/Progetto_Sapore/install/iiwa_config_moveit_config/lib/python3.12/site-packages'
[0.779s] Level 1:colcon.colcon_core.environment:checking '/home/nicola/Desktop/Progetto_Sapore/install/iiwa_config_moveit_config/bin'
[0.779s] INFO:colcon.colcon_core.shell:Creating package script '/home/nicola/Desktop/Progetto_Sapore/install/iiwa_config_moveit_config/share/iiwa_config_moveit_config/package.ps1'
[0.780s] INFO:colcon.colcon_core.shell:Creating package descriptor '/home/nicola/Desktop/Progetto_Sapore/install/iiwa_config_moveit_config/share/iiwa_config_moveit_config/package.dsv'
[0.780s] INFO:colcon.colcon_core.shell:Creating package script '/home/nicola/Desktop/Progetto_Sapore/install/iiwa_config_moveit_config/share/iiwa_config_moveit_config/package.sh'
[0.781s] INFO:colcon.colcon_core.shell:Creating package script '/home/nicola/Desktop/Progetto_Sapore/install/iiwa_config_moveit_config/share/iiwa_config_moveit_config/package.bash'
[0.781s] INFO:colcon.colcon_core.shell:Creating package script '/home/nicola/Desktop/Progetto_Sapore/install/iiwa_config_moveit_config/share/iiwa_config_moveit_config/package.zsh'
[0.782s] Level 1:colcon.colcon_core.environment:create_file_with_runtime_dependencies(/home/nicola/Desktop/Progetto_Sapore/install/iiwa_config_moveit_config/share/colcon-core/packages/iiwa_config_moveit_config)
[0.783s] Level 1:colcon.colcon_core.environment:create_environment_scripts_only(iiwa_config_moveit_config)
[0.783s] Level 1:colcon.colcon_core.environment:checking '/home/nicola/Desktop/Progetto_Sapore/install/iiwa_config_moveit_config' for CMake module files
[0.784s] Level 1:colcon.colcon_core.environment:checking '/home/nicola/Desktop/Progetto_Sapore/install/iiwa_config_moveit_config' for CMake config files
[0.784s] Level 1:colcon.colcon_core.shell:create_environment_hook('iiwa_config_moveit_config', 'cmake_prefix_path')
[0.784s] INFO:colcon.colcon_core.shell:Creating environment hook '/home/nicola/Desktop/Progetto_Sapore/install/iiwa_config_moveit_config/share/iiwa_config_moveit_config/hook/cmake_prefix_path.ps1'
[0.785s] INFO:colcon.colcon_core.shell:Creating environment descriptor '/home/nicola/Desktop/Progetto_Sapore/install/iiwa_config_moveit_config/share/iiwa_config_moveit_config/hook/cmake_prefix_path.dsv'
[0.785s] INFO:colcon.colcon_core.shell:Creating environment hook '/home/nicola/Desktop/Progetto_Sapore/install/iiwa_config_moveit_config/share/iiwa_config_moveit_config/hook/cmake_prefix_path.sh'
[0.786s] Level 1:colcon.colcon_core.environment:checking '/home/nicola/Desktop/Progetto_Sapore/install/iiwa_config_moveit_config/lib'
[0.786s] Level 1:colcon.colcon_core.environment:checking '/home/nicola/Desktop/Progetto_Sapore/install/iiwa_config_moveit_config/bin'
[0.786s] Level 1:colcon.colcon_core.environment:checking '/home/nicola/Desktop/Progetto_Sapore/install/iiwa_config_moveit_config/lib/pkgconfig/iiwa_config_moveit_config.pc'
[0.786s] Level 1:colcon.colcon_core.environment:checking '/home/nicola/Desktop/Progetto_Sapore/install/iiwa_config_moveit_config/lib/python3.12/site-packages'
[0.786s] Level 1:colcon.colcon_core.environment:checking '/home/nicola/Desktop/Progetto_Sapore/install/iiwa_config_moveit_config/bin'
[0.787s] INFO:colcon.colcon_core.shell:Creating package script '/home/nicola/Desktop/Progetto_Sapore/install/iiwa_config_moveit_config/share/iiwa_config_moveit_config/package.ps1'
[0.787s] INFO:colcon.colcon_core.shell:Creating package descriptor '/home/nicola/Desktop/Progetto_Sapore/install/iiwa_config_moveit_config/share/iiwa_config_moveit_config/package.dsv'
[0.787s] INFO:colcon.colcon_core.shell:Creating package script '/home/nicola/Desktop/Progetto_Sapore/install/iiwa_config_moveit_config/share/iiwa_config_moveit_config/package.sh'
[0.788s] INFO:colcon.colcon_core.shell:Creating package script '/home/nicola/Desktop/Progetto_Sapore/install/iiwa_config_moveit_config/share/iiwa_config_moveit_config/package.bash'
[0.788s] INFO:colcon.colcon_core.shell:Creating package script '/home/nicola/Desktop/Progetto_Sapore/install/iiwa_config_moveit_config/share/iiwa_config_moveit_config/package.zsh'
[0.788s] Level 1:colcon.colcon_core.environment:create_file_with_runtime_dependencies(/home/nicola/Desktop/Progetto_Sapore/install/iiwa_config_moveit_config/share/colcon-core/packages/iiwa_config_moveit_config)
[1.048s] DEBUG:colcon.colcon_core.event_handler.log_command:Invoked command in '/home/nicola/Desktop/Progetto_Sapore/build/interfaces' returned '0': CMAKE_PREFIX_PATH=${CMAKE_PREFIX_PATH}:/opt/ros/jazzy DEBUGINFOD_URLS=https://debuginfod.ubuntu.com /usr/bin/cmake --build /home/nicola/Desktop/Progetto_Sapore/build/interfaces -- -j8 -l8
[1.049s] DEBUG:colcon.colcon_core.event_handler.log_command:Invoking command in '/home/nicola/Desktop/Progetto_Sapore/build/interfaces': CMAKE_PREFIX_PATH=${CMAKE_PREFIX_PATH}:/opt/ros/jazzy DEBUGINFOD_URLS=https://debuginfod.ubuntu.com /usr/bin/cmake --install /home/nicola/Desktop/Progetto_Sapore/build/interfaces
[1.129s] Level 1:colcon.colcon_core.environment:create_environment_scripts_only(interfaces)
[1.129s] Level 1:colcon.colcon_core.environment:checking '/home/nicola/Desktop/Progetto_Sapore/install/interfaces' for CMake module files
[1.130s] DEBUG:colcon.colcon_core.event_handler.log_command:Invoked command in '/home/nicola/Desktop/Progetto_Sapore/build/interfaces' returned '0': CMAKE_PREFIX_PATH=${CMAKE_PREFIX_PATH}:/opt/ros/jazzy DEBUGINFOD_URLS=https://debuginfod.ubuntu.com /usr/bin/cmake --install /home/nicola/Desktop/Progetto_Sapore/build/interfaces
[1.130s] Level 1:colcon.colcon_core.environment:checking '/home/nicola/Desktop/Progetto_Sapore/install/interfaces' for CMake config files
[1.131s] Level 1:colcon.colcon_core.shell:create_environment_hook('interfaces', 'cmake_prefix_path')
[1.131s] INFO:colcon.colcon_core.shell:Creating environment hook '/home/nicola/Desktop/Progetto_Sapore/install/interfaces/share/interfaces/hook/cmake_prefix_path.ps1'
[1.131s] INFO:colcon.colcon_core.shell:Creating environment descriptor '/home/nicola/Desktop/Progetto_Sapore/install/interfaces/share/interfaces/hook/cmake_prefix_path.dsv'
[1.132s] INFO:colcon.colcon_core.shell:Creating environment hook '/home/nicola/Desktop/Progetto_Sapore/install/interfaces/share/interfaces/hook/cmake_prefix_path.sh'
[1.132s] Level 1:colcon.colcon_core.environment:checking '/home/nicola/Desktop/Progetto_Sapore/install/interfaces/lib'
[1.132s] Level 1:colcon.colcon_core.shell:create_environment_hook('interfaces', 'ld_library_path_lib')
[1.133s] INFO:colcon.colcon_core.shell:Creating environment hook '/home/nicola/Desktop/Progetto_Sapore/install/interfaces/share/interfaces/hook/ld_library_path_lib.ps1'
[1.133s] INFO:colcon.colcon_core.shell:Creating environment descriptor '/home/nicola/Desktop/Progetto_Sapore/install/interfaces/share/interfaces/hook/ld_library_path_lib.dsv'
[1.133s] INFO:colcon.colcon_core.shell:Creating environment hook '/home/nicola/Desktop/Progetto_Sapore/install/interfaces/share/interfaces/hook/ld_library_path_lib.sh'
[1.134s] Level 1:colcon.colcon_core.environment:checking '/home/nicola/Desktop/Progetto_Sapore/install/interfaces/bin'
[1.134s] Level 1:colcon.colcon_core.environment:checking '/home/nicola/Desktop/Progetto_Sapore/install/interfaces/lib/pkgconfig/interfaces.pc'
[1.134s] Level 1:colcon.colcon_core.environment:checking '/home/nicola/Desktop/Progetto_Sapore/install/interfaces/lib/python3.12/site-packages'
[1.134s] Level 1:colcon.colcon_core.shell:create_environment_hook('interfaces', 'pythonpath')
[1.134s] INFO:colcon.colcon_core.shell:Creating environment hook '/home/nicola/Desktop/Progetto_Sapore/install/interfaces/share/interfaces/hook/pythonpath.ps1'
[1.135s] INFO:colcon.colcon_core.shell:Creating environment descriptor '/home/nicola/Desktop/Progetto_Sapore/install/interfaces/share/interfaces/hook/pythonpath.dsv'
[1.135s] INFO:colcon.colcon_core.shell:Creating environment hook '/home/nicola/Desktop/Progetto_Sapore/install/interfaces/share/interfaces/hook/pythonpath.sh'
[1.135s] Level 1:colcon.colcon_core.environment:checking '/home/nicola/Desktop/Progetto_Sapore/install/interfaces/bin'
[1.136s] INFO:colcon.colcon_core.shell:Creating package script '/home/nicola/Desktop/Progetto_Sapore/install/interfaces/share/interfaces/package.ps1'
[1.136s] INFO:colcon.colcon_core.shell:Creating package descriptor '/home/nicola/Desktop/Progetto_Sapore/install/interfaces/share/interfaces/package.dsv'
[1.137s] INFO:colcon.colcon_core.shell:Creating package script '/home/nicola/Desktop/Progetto_Sapore/install/interfaces/share/interfaces/package.sh'
[1.137s] INFO:colcon.colcon_core.shell:Creating package script '/home/nicola/Desktop/Progetto_Sapore/install/interfaces/share/interfaces/package.bash'
[1.137s] INFO:colcon.colcon_core.shell:Creating package script '/home/nicola/Desktop/Progetto_Sapore/install/interfaces/share/interfaces/package.zsh'
[1.138s] Level 1:colcon.colcon_core.environment:create_file_with_runtime_dependencies(/home/nicola/Desktop/Progetto_Sapore/install/interfaces/share/colcon-core/packages/interfaces)
[1.138s] Level 1:colcon.colcon_core.environment:create_environment_scripts_only(interfaces)
[1.138s] Level 1:colcon.colcon_core.environment:checking '/home/nicola/Desktop/Progetto_Sapore/install/interfaces' for CMake module files
[1.139s] Level 1:colcon.colcon_core.environment:checking '/home/nicola/Desktop/Progetto_Sapore/install/interfaces' for CMake config files
[1.139s] Level 1:colcon.colcon_core.shell:create_environment_hook('interfaces', 'cmake_prefix_path')
[1.139s] INFO:colcon.colcon_core.shell:Creating environment hook '/home/nicola/Desktop/Progetto_Sapore/install/interfaces/share/interfaces/hook/cmake_prefix_path.ps1'
[1.140s] INFO:colcon.colcon_core.shell:Creating environment descriptor '/home/nicola/Desktop/Progetto_Sapore/install/interfaces/share/interfaces/hook/cmake_prefix_path.dsv'
[1.140s] INFO:colcon.colcon_core.shell:Creating environment hook '/home/nicola/Desktop/Progetto_Sapore/install/interfaces/share/interfaces/hook/cmake_prefix_path.sh'
[1.140s] Level 1:colcon.colcon_core.environment:checking '/home/nicola/Desktop/Progetto_Sapore/install/interfaces/lib'
[1.140s] Level 1:colcon.colcon_core.shell:create_environment_hook('interfaces', 'ld_library_path_lib')
[1.141s] INFO:colcon.colcon_core.shell:Creating environment hook '/home/nicola/Desktop/Progetto_Sapore/install/interfaces/share/interfaces/hook/ld_library_path_lib.ps1'
[1.141s] INFO:colcon.colcon_core.shell:Creating environment descriptor '/home/nicola/Desktop/Progetto_Sapore/install/interfaces/share/interfaces/hook/ld_library_path_lib.dsv'
[1.141s] INFO:colcon.colcon_core.shell:Creating environment hook '/home/nicola/Desktop/Progetto_Sapore/install/interfaces/share/interfaces/hook/ld_library_path_lib.sh'
[1.141s] Level 1:colcon.colcon_core.environment:checking '/home/nicola/Desktop/Progetto_Sapore/install/interfaces/bin'
[1.142s] Level 1:colcon.colcon_core.environment:checking '/home/nicola/Desktop/Progetto_Sapore/install/interfaces/lib/pkgconfig/interfaces.pc'
[1.142s] Level 1:colcon.colcon_core.environment:checking '/home/nicola/Desktop/Progetto_Sapore/install/interfaces/lib/python3.12/site-packages'
[1.142s] Level 1:colcon.colcon_core.shell:create_environment_hook('interfaces', 'pythonpath')
[1.142s] INFO:colcon.colcon_core.shell:Creating environment hook '/home/nicola/Desktop/Progetto_Sapore/install/interfaces/share/interfaces/hook/pythonpath.ps1'
[1.142s] INFO:colcon.colcon_core.shell:Creating environment descriptor '/home/nicola/Desktop/Progetto_Sapore/install/interfaces/share/interfaces/hook/pythonpath.dsv'
[1.143s] INFO:colcon.colcon_core.shell:Creating environment hook '/home/nicola/Desktop/Progetto_Sapore/install/interfaces/share/interfaces/hook/pythonpath.sh'
[1.143s] Level 1:colcon.colcon_core.environment:checking '/home/nicola/Desktop/Progetto_Sapore/install/interfaces/bin'
[1.143s] INFO:colcon.colcon_core.shell:Creating package script '/home/nicola/Desktop/Progetto_Sapore/install/interfaces/share/interfaces/package.ps1'
[1.144s] INFO:colcon.colcon_core.shell:Creating package descriptor '/home/nicola/Desktop/Progetto_Sapore/install/interfaces/share/interfaces/package.dsv'
[1.144s] INFO:colcon.colcon_core.shell:Creating package script '/home/nicola/Desktop/Progetto_Sapore/install/interfaces/share/interfaces/package.sh'
[1.145s] INFO:colcon.colcon_core.shell:Creating package script '/home/nicola/Desktop/Progetto_Sapore/install/interfaces/share/interfaces/package.bash'
[1.145s] INFO:colcon.colcon_core.shell:Creating package script '/home/nicola/Desktop/Progetto_Sapore/install/interfaces/share/interfaces/package.zsh'
[1.145s] Level 1:colcon.colcon_core.environment:create_file_with_runtime_dependencies(/home/nicola/Desktop/Progetto_Sapore/install/interfaces/share/colcon-core/packages/interfaces)
[1.146s] INFO:colcon.colcon_ros.task.ament_cmake.build:Building ROS package in '/home/nicola/Desktop/Progetto_Sapore/src/nodes' with build type 'ament_cmake'
[1.146s] INFO:colcon.colcon_cmake.task.cmake.build:Building CMake package in '/home/nicola/Desktop/Progetto_Sapore/src/nodes'
[1.146s] INFO:colcon.colcon_core.shell:Skip shell extension 'powershell' for command environment: Not usable outside of PowerShell
[1.146s] DEBUG:colcon.colcon_core.shell:Skip shell extension 'dsv' for command environment
[1.163s] DEBUG:colcon.colcon_core.event_handler.log_command:Invoking command in '/home/nicola/Desktop/Progetto_Sapore/build/nodes': CMAKE_PREFIX_PATH=/home/nicola/Desktop/Progetto_Sapore/install/interfaces:/home/nicola/Desktop/Progetto_Sapore/install/validate_trajectory:/home/nicola/Desktop/Progetto_Sapore/install/robot_skills:/home/nicola/Desktop/Progetto_Sapore/install/robot_skill:/home/nicola/Desktop/Progetto_Sapore/install/nodes:/home/nicola/Desktop/Progetto_Sapore/install/iiwa_config_moveit_config:/home/nicola/Desktop/Progetto_Sapore/install/iiwa_description:/home/nicola/Desktop/Progetto_Sapore/install/build_scene_package:/opt/ros/jazzy/opt/sdformat_vendor:/opt/ros/jazzy/opt/gz_math_vendor:/opt/ros/jazzy/opt/gz_utils_vendor:/opt/ros/jazzy/opt/gz_tools_vendor:/opt/ros/jazzy/opt/gz_cmake_vendor:/opt/ros/jazzy DEBUGINFOD_URLS=https://debuginfod.ubuntu.com /usr/bin/cmake --build /home/nicola/Desktop/Progetto_Sapore/build/nodes -- -j8 -l8
[1.322s] DEBUG:colcon.colcon_core.event_handler.log_command:Invoked command in '/home/nicola/Desktop/Progetto_Sapore/build/nodes' returned '0': CMAKE_PREFIX_PATH=/home/nicola/Desktop/Progetto_Sapore/install/interfaces:/home/nicola/Desktop/Progetto_Sapore/install/validate_trajectory:/home/nicola/Desktop/Progetto_Sapore/install/robot_skills:/home/nicola/Desktop/Progetto_Sapore/install/robot_skill:/home/nicola/Desktop/Progetto_Sapore/install/nodes:/home/nicola/Desktop/Progetto_Sapore/install/iiwa_config_moveit_config:/home/nicola/Desktop/Progetto_Sapore/install/iiwa_description:/home/nicola/Desktop/Progetto_Sapore/install/build_scene_package:/opt/ros/jazzy/opt/sdformat_vendor:/opt/ros/jazzy/opt/gz_math_vendor:/opt/ros/jazzy/opt/gz_utils_vendor:/opt/ros/jazzy/opt/gz_tools_vendor:/opt/ros/jazzy/opt/gz_cmake_vendor:/opt/ros/jazzy DEBUGINFOD_URLS=https://debuginfod.ubuntu.com /usr/bin/cmake --build /home/nicola/Desktop/Progetto_Sapore/build/nodes -- -j8 -l8
[1.324s] DEBUG:colcon.colcon_core.event_handler.log_command:Invoking command in '/home/nicola/Desktop/Progetto_Sapore/build/nodes': CMAKE_PREFIX_PATH=/home/nicola/Desktop/Progetto_Sapore/install/interfaces:/home/nicola/Desktop/Progetto_Sapore/install/validate_trajectory:/home/nicola/Desktop/Progetto_Sapore/install/robot_skills:/home/nicola/Desktop/Progetto_Sapore/install/robot_skill:/home/nicola/Desktop/Progetto_Sapore/install/nodes:/home/nicola/Desktop/Progetto_Sapore/install/iiwa_config_moveit_config:/home/nicola/Desktop/Progetto_Sapore/install/iiwa_description:/home/nicola/Desktop/Progetto_Sapore/install/build_scene_package:/opt/ros/jazzy/opt/sdformat_vendor:/opt/ros/jazzy/opt/gz_math_vendor:/opt/ros/jazzy/opt/gz_utils_vendor:/opt/ros/jazzy/opt/gz_tools_vendor:/opt/ros/jazzy/opt/gz_cmake_vendor:/opt/ros/jazzy DEBUGINFOD_URLS=https://debuginfod.ubuntu.com /usr/bin/cmake --install /home/nicola/Desktop/Progetto_Sapore/build/nodes
[1.343s] Level 1:colcon.colcon_core.environment:create_environment_scripts_only(nodes)
[1.343s] Level 1:colcon.colcon_core.environment:checking '/home/nicola/Desktop/Progetto_Sapore/install/nodes' for CMake module files
[1.344s] Level 1:colcon.colcon_core.environment:checking '/home/nicola/Desktop/Progetto_Sapore/install/nodes' for CMake config files
[1.344s] Level 1:colcon.colcon_core.shell:create_environment_hook('nodes', 'cmake_prefix_path')
[1.345s] INFO:colcon.colcon_core.shell:Creating environment hook '/home/nicola/Desktop/Progetto_Sapore/install/nodes/share/nodes/hook/cmake_prefix_path.ps1'
[1.345s] INFO:colcon.colcon_core.shell:Creating environment descriptor '/home/nicola/Desktop/Progetto_Sapore/install/nodes/share/nodes/hook/cmake_prefix_path.dsv'
[1.346s] DEBUG:colcon.colcon_core.event_handler.log_command:Invoked command in '/home/nicola/Desktop/Progetto_Sapore/build/nodes' returned '0': CMAKE_PREFIX_PATH=/home/nicola/Desktop/Progetto_Sapore/install/interfaces:/home/nicola/Desktop/Progetto_Sapore/install/validate_trajectory:/home/nicola/Desktop/Progetto_Sapore/install/robot_skills:/home/nicola/Desktop/Progetto_Sapore/install/robot_skill:/home/nicola/Desktop/Progetto_Sapore/install/nodes:/home/nicola/Desktop/Progetto_Sapore/install/iiwa_config_moveit_config:/home/nicola/Desktop/Progetto_Sapore/install/iiwa_description:/home/nicola/Desktop/Progetto_Sapore/install/build_scene_package:/opt/ros/jazzy/opt/sdformat_vendor:/opt/ros/jazzy/opt/gz_math_vendor:/opt/ros/jazzy/opt/gz_utils_vendor:/opt/ros/jazzy/opt/gz_tools_vendor:/opt/ros/jazzy/opt/gz_cmake_vendor:/opt/ros/jazzy DEBUGINFOD_URLS=https://debuginfod.ubuntu.com /usr/bin/cmake --install /home/nicola/Desktop/Progetto_Sapore/build/nodes
[1.347s] INFO:colcon.colcon_core.shell:Creating environment hook '/home/nicola/Desktop/Progetto_Sapore/install/nodes/share/nodes/hook/cmake_prefix_path.sh'
[1.347s] Level 1:colcon.colcon_core.environment:checking '/home/nicola/Desktop/Progetto_Sapore/install/nodes/lib'
[1.348s] Level 1:colcon.colcon_core.environment:checking '/home/nicola/Desktop/Progetto_Sapore/install/nodes/bin'
[1.348s] Level 1:colcon.colcon_core.environment:checking '/home/nicola/Desktop/Progetto_Sapore/install/nodes/lib/pkgconfig/nodes.pc'
[1.348s] Level 1:colcon.colcon_core.environment:checking '/home/nicola/Desktop/Progetto_Sapore/install/nodes/lib/python3.12/site-packages'
[1.348s] Level 1:colcon.colcon_core.environment:checking '/home/nicola/Desktop/Progetto_Sapore/install/nodes/bin'
[1.349s] INFO:colcon.colcon_core.shell:Creating package script '/home/nicola/Desktop/Progetto_Sapore/install/nodes/share/nodes/package.ps1'
[1.349s] INFO:colcon.colcon_core.shell:Creating package descriptor '/home/nicola/Desktop/Progetto_Sapore/install/nodes/share/nodes/package.dsv'
[1.350s] INFO:colcon.colcon_core.shell:Creating package script '/home/nicola/Desktop/Progetto_Sapore/install/nodes/share/nodes/package.sh'
[1.350s] INFO:colcon.colcon_core.shell:Creating package script '/home/nicola/Desktop/Progetto_Sapore/install/nodes/share/nodes/package.bash'
[1.351s] INFO:colcon.colcon_core.shell:Creating package script '/home/nicola/Desktop/Progetto_Sapore/install/nodes/share/nodes/package.zsh'
[1.351s] Level 1:colcon.colcon_core.environment:create_file_with_runtime_dependencies(/home/nicola/Desktop/Progetto_Sapore/install/nodes/share/colcon-core/packages/nodes)
[1.352s] Level 1:colcon.colcon_core.environment:create_environment_scripts_only(nodes)
[1.352s] Level 1:colcon.colcon_core.environment:checking '/home/nicola/Desktop/Progetto_Sapore/install/nodes' for CMake module files
[1.353s] Level 1:colcon.colcon_core.environment:checking '/home/nicola/Desktop/Progetto_Sapore/install/nodes' for CMake config files
[1.354s] Level 1:colcon.colcon_core.shell:create_environment_hook('nodes', 'cmake_prefix_path')
[1.354s] INFO:colcon.colcon_core.shell:Creating environment hook '/home/nicola/Desktop/Progetto_Sapore/install/nodes/share/nodes/hook/cmake_prefix_path.ps1'
[1.355s] INFO:colcon.colcon_core.shell:Creating environment descriptor '/home/nicola/Desktop/Progetto_Sapore/install/nodes/share/nodes/hook/cmake_prefix_path.dsv'
[1.355s] INFO:colcon.colcon_core.shell:Creating environment hook '/home/nicola/Desktop/Progetto_Sapore/install/nodes/share/nodes/hook/cmake_prefix_path.sh'
[1.356s] Level 1:colcon.colcon_core.environment:checking '/home/nicola/Desktop/Progetto_Sapore/install/nodes/lib'
[1.356s] Level 1:colcon.colcon_core.environment:checking '/home/nicola/Desktop/Progetto_Sapore/install/nodes/bin'
[1.357s] Level 1:colcon.colcon_core.environment:checking '/home/nicola/Desktop/Progetto_Sapore/install/nodes/lib/pkgconfig/nodes.pc'
[1.357s] Level 1:colcon.colcon_core.environment:checking '/home/nicola/Desktop/Progetto_Sapore/install/nodes/lib/python3.12/site-packages'
[1.357s] Level 1:colcon.colcon_core.environment:checking '/home/nicola/Desktop/Progetto_Sapore/install/nodes/bin'
[1.358s] INFO:colcon.colcon_core.shell:Creating package script '/home/nicola/Desktop/Progetto_Sapore/install/nodes/share/nodes/package.ps1'
[1.359s] INFO:colcon.colcon_core.shell:Creating package descriptor '/home/nicola/Desktop/Progetto_Sapore/install/nodes/share/nodes/package.dsv'
[1.360s] INFO:colcon.colcon_core.shell:Creating package script '/home/nicola/Desktop/Progetto_Sapore/install/nodes/share/nodes/package.sh'
[1.361s] INFO:colcon.colcon_core.shell:Creating package script '/home/nicola/Desktop/Progetto_Sapore/install/nodes/share/nodes/package.bash'
[1.362s] INFO:colcon.colcon_core.shell:Creating package script '/home/nicola/Desktop/Progetto_Sapore/install/nodes/share/nodes/package.zsh'
[1.362s] Level 1:colcon.colcon_core.environment:create_file_with_runtime_dependencies(/home/nicola/Desktop/Progetto_Sapore/install/nodes/share/colcon-core/packages/nodes)
[1.363s] DEBUG:colcon.colcon_parallel_executor.executor.parallel:closing loop
[1.363s] DEBUG:colcon.colcon_parallel_executor.executor.parallel:loop closed
[1.363s] DEBUG:colcon.colcon_parallel_executor.executor.parallel:run_until_complete finished with '0'
[1.363s] DEBUG:colcon.colcon_core.event_reactor:joining thread
[1.377s] INFO:colcon.colcon_core.plugin_system:Skipping extension 'colcon_notification.desktop_notification.terminal_notifier': Not used on non-Darwin systems
[1.378s] INFO:colcon.colcon_core.plugin_system:Skipping extension 'colcon_notification.desktop_notification.win32': Not used on non-Windows systems
[1.378s] INFO:colcon.colcon_notification.desktop_notification:Sending desktop notification using 'notify2'
[1.404s] DEBUG:colcon.colcon_core.event_reactor:joined thread
[1.405s] INFO:colcon.colcon_core.shell:Creating prefix script '/home/nicola/Desktop/Progetto_Sapore/install/local_setup.ps1'
[1.406s] INFO:colcon.colcon_core.shell:Creating prefix util module '/home/nicola/Desktop/Progetto_Sapore/install/_local_setup_util_ps1.py'
[1.408s] INFO:colcon.colcon_core.shell:Creating prefix chain script '/home/nicola/Desktop/Progetto_Sapore/install/setup.ps1'
[1.411s] INFO:colcon.colcon_core.shell:Creating prefix script '/home/nicola/Desktop/Progetto_Sapore/install/local_setup.sh'
[1.411s] INFO:colcon.colcon_core.shell:Creating prefix util module '/home/nicola/Desktop/Progetto_Sapore/install/_local_setup_util_sh.py'
[1.412s] INFO:colcon.colcon_core.shell:Creating prefix chain script '/home/nicola/Desktop/Progetto_Sapore/install/setup.sh'
[1.414s] INFO:colcon.colcon_core.shell:Creating prefix script '/home/nicola/Desktop/Progetto_Sapore/install/local_setup.bash'
[1.415s] INFO:colcon.colcon_core.shell:Creating prefix chain script '/home/nicola/Desktop/Progetto_Sapore/install/setup.bash'
[1.417s] INFO:colcon.colcon_core.shell:Creating prefix script '/home/nicola/Desktop/Progetto_Sapore/install/local_setup.zsh'
[1.418s] INFO:colcon.colcon_core.shell:Creating prefix chain script '/home/nicola/Desktop/Progetto_Sapore/install/setup.zsh'
